<?xml version="1.0" encoding="utf-8"?>
<TestRun id="cecfd322-e6c6-4868-a610-4d5e01789fab" name="11234@ROG16 2026-04-13 11:57:52" runUser="ROG16\CodexSandboxOnline" xmlns="http://microsoft.com/schemas/VisualStudio/TeamTest/2010">
  <Times creation="2026-04-13T11:57:52.8240934+08:00" queuing="2026-04-13T11:57:52.8240939+08:00" start="2026-04-13T11:57:51.8375775+08:00" finish="2026-04-13T11:57:56.4829037+08:00" />
  <TestSettings name="default" id="9512ba6e-238a-4513-9822-f67aa8363d57">
    <Deployment runDeploymentRoot="11234_ROG16_2026-04-13_11_57_52" />
  </TestSettings>
  <Results>
    <UnitTestResult executionId="bf9511ce-9ed0-45d1-8845-b9029923d8fa" testId="199074a1-ae17-fa48-b285-3775e9311da3" testName="Acme.Product.Tests.Operators.PlanarMatchingOperatorTests.ExecuteAsync_WithBlankSearchImage_ShouldFailVerification" computerName="ROG16" duration="00:00:00.0065259" startTime="2026-04-13T11:57:54.0866431+08:00" endTime="2026-04-13T11:57:54.0866433+08:00" testType="13cdc9d9-ddb5-4fa4-a97d-d965ccfc6d4b" outcome="Passed" testListId="8c84fa94-04c1-424b-9868-57a2d4851a1d" relativeResultsDirectory="bf9511ce-9ed0-45d1-8845-b9029923d8fa" />
    <UnitTestResult executionId="4d4d7974-3a45-43c0-9d75-f8403d81cf98" testId="842b735c-db91-df91-b4b9-d2efeb0f2dd5" testName="Acme.Product.Tests.Operators.OperatorContractReconciliationTests.TypeConvert_Should_Reject_Legacy_Value_Key_When_Input_Is_Missing" computerName="ROG16" duration="00:00:00.0032569" startTime="2026-04-13T11:57:52.7623050+08:00" endTime="2026-04-13T11:57:52.7623051+08:00" testType="13cdc9d9-ddb5-4fa4-a97d-d965ccfc6d4b" outcome="Passed" testListId="8c84fa94-04c1-424b-9868-57a2d4851a1d" relativeResultsDirectory="4d4d7974-3a45-43c0-9d75-f8403d81cf98" />
    <UnitTestResult executionId="9e4e1e81-0e1c-446d-932a-6be9368e73d1" testId="24ecb87e-5e7c-4e84-30cb-f455e0bb4416" testName="Acme.Product.Tests.Operators.PlanarMatchingOperatorTests.ExecuteAsync_WithDifferentFeatureLayout_ShouldRejectFalsePositive" computerName="ROG16" duration="00:00:00.0522969" startTime="2026-04-13T11:57:54.0799686+08:00" endTime="2026-04-13T11:57:54.0799691+08:00" testType="13cdc9d9-ddb5-4fa4-a97d-d965ccfc6d4b" outcome="Passed" testListId="8c84fa94-04c1-424b-9868-57a2d4851a1d" relativeResultsDirectory="9e4e1e81-0e1c-446d-932a-6be9368e73d1" />
    <UnitTestResult executionId="12d69534-cfbb-4922-8155-b7feb2c97d3e" testId="3177e814-5290-20be-97de-68101f055b30" testName="Acme.Product.Tests.Operators.OperatorContractReconciliationTests.TriggerModule_Should_Use_Signal_Input_Port_In_External_Mode" computerName="ROG16" duration="00:00:00.0052848" startTime="2026-04-13T11:57:52.7681368+08:00" endTime="2026-04-13T11:57:52.7681373+08:00" testType="13cdc9d9-ddb5-4fa4-a97d-d965ccfc6d4b" outcome="Passed" testListId="8c84fa94-04c1-424b-9868-57a2d4851a1d" relativeResultsDirectory="12d69534-cfbb-4922-8155-b7feb2c97d3e" />
    <UnitTestResult executionId="4468d452-c9d7-4e6b-b1e3-e7ecdb88d476" testId="ecd2ca23-8f1c-2328-d73e-79a232ccd815" testName="Acme.Product.Tests.Operators.PixelToWorldTransformOperatorTests.ExecuteAsync_WithPixelToWorldMode_ShouldTransformPoints" computerName="ROG16" duration="00:00:00.0010837" startTime="2026-04-13T11:57:52.7788864+08:00" endTime="2026-04-13T11:57:52.7788865+08:00" testType="13cdc9d9-ddb5-4fa4-a97d-d965ccfc6d4b" outcome="Passed" testListId="8c84fa94-04c1-424b-9868-57a2d4851a1d" relativeResultsDirectory="4468d452-c9d7-4e6b-b1e3-e7ecdb88d476" />
    <UnitTestResult executionId="94f2e487-00e5-4920-86b9-fac13464ce9d" testId="efebc6d3-8717-4f58-51bb-e623bf641462" testName="Acme.Product.Tests.Operators.PlanarMatchingOperatorTests.ExecuteAsync_WithPerspectiveWarp_ShouldPassGeometryGate" computerName="ROG16" duration="00:00:00.0258530" startTime="2026-04-13T11:57:54.0257335+08:00" endTime="2026-04-13T11:57:54.0257338+08:00" testType="13cdc9d9-ddb5-4fa4-a97d-d965ccfc6d4b" outcome="Passed" testListId="8c84fa94-04c1-424b-9868-57a2d4851a1d" relativeResultsDirectory="94f2e487-00e5-4920-86b9-fac13464ce9d" />
    <UnitTestResult executionId="a6892a31-a116-4a92-b3ae-922b1298b0de" testId="616b671d-4afd-73f9-8a59-f2bf145ec2a9" testName="Acme.Product.Tests.Operators.OperatorMetadataMigrationTests.GetAllMetadata_ShouldExcludeLegacyAliasTypes" computerName="ROG16" duration="00:00:00.3759062" startTime="2026-04-13T11:57:52.7189509+08:00" endTime="2026-04-13T11:57:52.7189510+08:00" testType="13cdc9d9-ddb5-4fa4-a97d-d965ccfc6d4b" outcome="Passed" testListId="8c84fa94-04c1-424b-9868-57a2d4851a1d" relativeResultsDirectory="a6892a31-a116-4a92-b3ae-922b1298b0de" />
    <UnitTestResult executionId="20fa7a76-f9ee-4933-b715-dae83ab5b655" testId="20756320-525f-cf5a-cee6-a2c3c7b8a6e3" testName="Acme.Product.Tests.Operators.PixelToWorldTransformOperatorTests.ExecuteAsync_WithValidCalibration_ShouldReturnSuccess" computerName="ROG16" duration="00:00:00.0018359" startTime="2026-04-13T11:57:52.7773188+08:00" endTime="2026-04-13T11:57:52.7773190+08:00" testType="13cdc9d9-ddb5-4fa4-a97d-d965ccfc6d4b" outcome="Passed" testListId="8c84fa94-04c1-424b-9868-57a2d4851a1d" relativeResultsDirectory="20fa7a76-f9ee-4933-b715-dae83ab5b655" />
    <UnitTestResult executionId="6762e0cd-3592-493b-bbd5-2168af412ca4" testId="ad247c60-acd7-2d2b-b065-b3e2bacf66a2" testName="Acme.Product.Tests.Operators.ImageOutputLifecycleGuardTests.Operators_ShouldNotUseUsingScopedMatAsImageOutputSink" computerName="ROG16" duration="00:00:04.0532628" startTime="2026-04-13T11:57:56.3963879+08:00" endTime="2026-04-13T11:57:56.3963882+08:00" testType="13cdc9d9-ddb5-4fa4-a97d-d965ccfc6d4b" outcome="Passed" testListId="8c84fa94-04c1-424b-9868-57a2d4851a1d" relativeResultsDirectory="6762e0cd-3592-493b-bbd5-2168af412ca4" />
    <UnitTestResult executionId="1bbdcac0-c1a9-4850-a99f-d2ce3b57ec72" testId="62e1e7cc-d0d4-539f-9a27-3808bdaab58d" testName="Acme.Product.Tests.Operators.PlanarMatchingOperatorTests.ValidateParameters_WithInvalidMatchRatio_ShouldBeInvalid" computerName="ROG16" duration="00:00:00.0005255" startTime="2026-04-13T11:57:53.9984071+08:00" endTime="2026-04-13T11:57:53.9984072+08:00" testType="13cdc9d9-ddb5-4fa4-a97d-d965ccfc6d4b" outcome="Passed" testListId="8c84fa94-04c1-424b-9868-57a2d4851a1d" relativeResultsDirectory="1bbdcac0-c1a9-4850-a99f-d2ce3b57ec72" />
    <UnitTestResult executionId="1bf9ca83-43c0-4946-b3ab-347a5a320f66" testId="5afd4148-2d99-756c-fc66-091c1e66d6f5" testName="Acme.Product.Tests.Operators.PlanarMatchingOperatorTests.ExecuteAsync_WithDifferentDetectors_ShouldWork" computerName="ROG16" duration="00:00:00.2675379" startTime="2026-04-13T11:57:54.3822190+08:00" endTime="2026-04-13T11:57:54.3822203+08:00" testType="13cdc9d9-ddb5-4fa4-a97d-d965ccfc6d4b" outcome="Passed" testListId="8c84fa94-04c1-424b-9868-57a2d4851a1d" relativeResultsDirectory="1bf9ca83-43c0-4946-b3ab-347a5a320f66" />
    <UnitTestResult executionId="c7379f7d-5324-43c7-b1c0-ac63acf6f855" testId="8c0f22dd-ebd0-f3e2-65ad-27b87151c3ff" testName="Acme.Product.Tests.Operators.Phase42MeasurementAndSignalOperatorTests.MorphologicalOperation_ShouldSupportTopHatAndBlackHat" computerName="ROG16" duration="00:00:00.0062344" startTime="2026-04-13T11:57:52.8666154+08:00" endTime="2026-04-13T11:57:52.8666156+08:00" testType="13cdc9d9-ddb5-4fa4-a97d-d965ccfc6d4b" outcome="Passed" testListId="8c84fa94-04c1-424b-9868-57a2d4851a1d" relativeResultsDirectory="c7379f7d-5324-43c7-b1c0-ac63acf6f855" />
    <UnitTestResult executionId="c2315459-7d2c-4d9b-9ad7-42b49c5c7433" testId="81e38fef-5228-2249-f93a-7c8336237db3" testName="Acme.Product.Tests.Operators.OperatorContractReconciliationTests.TemplateMatch_Should_Support_Multiple_Matches_And_Center_Position" computerName="ROG16" duration="00:00:00.0233718" startTime="2026-04-13T11:57:52.7624519+08:00" endTime="2026-04-13T11:57:52.7624519+08:00" testType="13cdc9d9-ddb5-4fa4-a97d-d965ccfc6d4b" outcome="Passed" testListId="8c84fa94-04c1-424b-9868-57a2d4851a1d" relativeResultsDirectory="c2315459-7d2c-4d9b-9ad7-42b49c5c7433" />
    <UnitTestResult executionId="bcf93208-f00f-4e9c-b456-680eaf0e7070" testId="1220aea1-55d8-abae-d120-f44a0e8f29f9" testName="Acme.Product.Tests.Operators.Phase42RegionProcessingOperatorTests.RegionClosing_ShouldFillSmallHole" computerName="ROG16" duration="00:00:00.0327048" startTime="2026-04-13T11:57:52.7704551+08:00" endTime="2026-04-13T11:57:52.7704552+08:00" testType="13cdc9d9-ddb5-4fa4-a97d-d965ccfc6d4b" outcome="Passed" testListId="8c84fa94-04c1-424b-9868-57a2d4851a1d" relativeResultsDirectory="bcf93208-f00f-4e9c-b456-680eaf0e7070" />
    <UnitTestResult executionId="d81a923d-b11f-45eb-8148-71a2551e6276" testId="175e6a6f-0360-f21a-9c13-06667f6d298b" testName="Acme.Product.Tests.Operators.PlanarMatchingOperatorTests.ValidateParameters_WithInvalidMinMatchCount_ShouldBeInvalid" computerName="ROG16" duration="00:00:00.0002108" startTime="2026-04-13T11:57:54.1058554+08:00" endTime="2026-04-13T11:57:54.1058555+08:00" testType="13cdc9d9-ddb5-4fa4-a97d-d965ccfc6d4b" outcome="Passed" testListId="8c84fa94-04c1-424b-9868-57a2d4851a1d" relativeResultsDirectory="d81a923d-b11f-45eb-8148-71a2551e6276" />
    <UnitTestResult executionId="b26007f1-c2f2-4024-b844-8825fd85951c" testId="73e80b7c-2722-1cef-8f00-1dc4ecf1982e" testName="Acme.Product.Tests.Operators.PixelToWorldTransformOperatorTests.ValidateParameters_WithValidUnitScale_ShouldBeValid" computerName="ROG16" duration="00:00:00.0002978" startTime="2026-04-13T11:57:52.7777238+08:00" endTime="2026-04-13T11:57:52.7777242+08:00" testType="13cdc9d9-ddb5-4fa4-a97d-d965ccfc6d4b" outcome="Passed" testListId="8c84fa94-04c1-424b-9868-57a2d4851a1d" relativeResultsDirectory="b26007f1-c2f2-4024-b844-8825fd85951c" />
    <UnitTestResult executionId="8ee613c8-ead1-46ac-9b96-46a12b8a8bc3" testId="6b082177-3994-c4a5-aaf0-2247925470f7" testName="Acme.Product.Tests.Operators.OperatorContractReconciliationTests.GradientShapeMatch_Should_Limit_Cache_Size_To_Eight" computerName="ROG16" duration="00:00:00.0761158" startTime="2026-04-13T11:57:52.8444219+08:00" endTime="2026-04-13T11:57:52.8444222+08:00" testType="13cdc9d9-ddb5-4fa4-a97d-d965ccfc6d4b" outcome="Passed" testListId="8c84fa94-04c1-424b-9868-57a2d4851a1d" relativeResultsDirectory="8ee613c8-ead1-46ac-9b96-46a12b8a8bc3" />
    <UnitTestResult executionId="7625df6c-68a3-4aa2-87bc-501a2afdcbc7" testId="7e237863-6a02-d6e8-fef1-952610f7c252" testName="Acme.Product.Tests.Operators.OperatorContractReconciliationTests.ColorDetection_Should_Emit_ColorInfo" computerName="ROG16" duration="00:00:00.3815972" startTime="2026-04-13T11:57:52.7618826+08:00" endTime="2026-04-13T11:57:52.7618827+08:00" testType="13cdc9d9-ddb5-4fa4-a97d-d965ccfc6d4b" outcome="Passed" testListId="8c84fa94-04c1-424b-9868-57a2d4851a1d" relativeResultsDirectory="7625df6c-68a3-4aa2-87bc-501a2afdcbc7" />
    <UnitTestResult executionId="f5d8b446-e384-4b0b-b1d7-8e1850501118" testId="809f6112-8d31-7a0d-12d1-2dcecdbd7f29" testName="Acme.Product.Tests.Operators.PixelToWorldTransformOperatorTests.ExecuteAsync_WithWorldToPixelMode_ShouldTransformPoints" computerName="ROG16" duration="00:00:00.0883394" startTime="2026-04-13T11:57:52.7741164+08:00" endTime="2026-04-13T11:57:52.7741165+08:00" testType="13cdc9d9-ddb5-4fa4-a97d-d965ccfc6d4b" outcome="Passed" testListId="8c84fa94-04c1-424b-9868-57a2d4851a1d" relativeResultsDirectory="f5d8b446-e384-4b0b-b1d7-8e1850501118" />
    <UnitTestResult executionId="c6fc2e0d-6b26-4718-a472-edf7e9ee3479" testId="8be6c2c0-cf7e-d08a-87d7-2d9d69ddf0bb" testName="Acme.Product.Tests.Operators.OperatorContractReconciliationTests.CircleMeasurement_Should_Emit_Center_And_Circle" computerName="ROG16" duration="00:00:00.0109114" startTime="2026-04-13T11:57:52.7624963+08:00" endTime="2026-04-13T11:57:52.7624963+08:00" testType="13cdc9d9-ddb5-4fa4-a97d-d965ccfc6d4b" outcome="Passed" testListId="8c84fa94-04c1-424b-9868-57a2d4851a1d" relativeResultsDirectory="c6fc2e0d-6b26-4718-a472-edf7e9ee3479" />
    <UnitTestResult executionId="c79c427b-ec85-44bc-87da-6f0a290cde46" testId="6c5ab3fc-503a-4807-3073-9fa8c98aedd9" testName="Acme.Product.Tests.Operators.Phase42RegionProcessingOperatorTests.RegionSkeleton_ShouldProduceThinnerRegion" computerName="ROG16" duration="00:00:00.0089780" startTime="2026-04-13T11:57:52.8126309+08:00" endTime="2026-04-13T11:57:52.8126311+08:00" testType="13cdc9d9-ddb5-4fa4-a97d-d965ccfc6d4b" outcome="Passed" testListId="8c84fa94-04c1-424b-9868-57a2d4851a1d" relativeResultsDirectory="c79c427b-ec85-44bc-87da-6f0a290cde46" />
    <UnitTestResult executionId="9f3975b7-730a-4a31-a195-71468407bb9e" testId="64a87c09-85a4-299b-f477-aac13361f012" testName="Acme.Product.Tests.Operators.OperatorContractReconciliationTests.Metadata_ShouldExpose_Reconciled_Params_And_Ports" computerName="ROG16" duration="00:00:00.0118824" startTime="2026-04-13T11:57:52.9460973+08:00" endTime="2026-04-13T11:57:52.9460980+08:00" testType="13cdc9d9-ddb5-4fa4-a97d-d965ccfc6d4b" outcome="Passed" testListId="8c84fa94-04c1-424b-9868-57a2d4851a1d" relativeResultsDirectory="9f3975b7-730a-4a31-a195-71468407bb9e" />
    <UnitTestResult executionId="24f7d0d8-6c2a-43b5-8108-80d0021cd412" testId="d44ab99f-5384-34bd-2493-8a4d2841210e" testName="Acme.Product.Tests.Operators.OperatorContractReconciliationTests.ArrayIndexer_BackwardCompatibility_Should_Accept_Items_Key" computerName="ROG16" duration="00:00:00.0007573" startTime="2026-04-13T11:57:52.9554221+08:00" endTime="2026-04-13T11:57:52.9554222+08:00" testType="13cdc9d9-ddb5-4fa4-a97d-d965ccfc6d4b" outcome="Passed" testListId="8c84fa94-04c1-424b-9868-57a2d4851a1d" relativeResultsDirectory="24f7d0d8-6c2a-43b5-8108-80d0021cd412" />
    <UnitTestResult executionId="24cec401-77f2-406d-83f1-25e1d662abe5" testId="752ef8f8-ef68-d1b1-49ac-ccba4ea3b050" testName="Acme.Product.Tests.Operators.PlanarMatchingOperatorTests.OperatorType_ShouldBePlanarMatching" computerName="ROG16" duration="00:00:00.0001046" startTime="2026-04-13T11:57:54.1059940+08:00" endTime="2026-04-13T11:57:54.1059940+08:00" testType="13cdc9d9-ddb5-4fa4-a97d-d965ccfc6d4b" outcome="Passed" testListId="8c84fa94-04c1-424b-9868-57a2d4851a1d" relativeResultsDirectory="24cec401-77f2-406d-83f1-25e1d662abe5" />
    <UnitTestResult executionId="f40f65a3-b70c-41b1-a3cf-116fa2450e11" testId="09a975fb-46f6-7841-5534-93dda50cc65a" testName="Acme.Product.Tests.Operators.PlanarMatchingOperatorTests.ExecuteAsync_WithSameImageAsTemplate_ShouldMatch" computerName="ROG16" duration="00:00:00.0182210" startTime="2026-04-13T11:57:54.1049684+08:00" endTime="2026-04-13T11:57:54.1049687+08:00" testType="13cdc9d9-ddb5-4fa4-a97d-d965ccfc6d4b" outcome="Passed" testListId="8c84fa94-04c1-424b-9868-57a2d4851a1d" relativeResultsDirectory="f40f65a3-b70c-41b1-a3cf-116fa2450e11" />
    <UnitTestResult executionId="9273e794-0bff-4327-98d4-e01dc107af4f" testId="9b3efc09-cfa9-42ab-b40d-3026195a1dee" testName="Acme.Product.Tests.Operators.Phase42RegionProcessingOperatorTests.RegionDilation_WithEvenSizedKernel_ShouldMatchOpenCv" computerName="ROG16" duration="00:00:00.0153783" startTime="2026-04-13T11:57:52.7854536+08:00" endTime="2026-04-13T11:57:52.7854542+08:00" testType="13cdc9d9-ddb5-4fa4-a97d-d965ccfc6d4b" outcome="Passed" testListId="8c84fa94-04c1-424b-9868-57a2d4851a1d" relativeResultsDirectory="9273e794-0bff-4327-98d4-e01dc107af4f" />
    <UnitTestResult executionId="5ff9649c-6980-455e-b22a-ec4db48dfe8e" testId="00bf1875-e738-8de8-0f13-cffaee79d992" testName="Acme.Product.Tests.Operators.PlanarMatchingOperatorTests.ValidateParameters_WithValidMatchRatio_ShouldBeValid" computerName="ROG16" duration="00:00:00.0005174" startTime="2026-04-13T11:57:54.1056188+08:00" endTime="2026-04-13T11:57:54.1056189+08:00" testType="13cdc9d9-ddb5-4fa4-a97d-d965ccfc6d4b" outcome="Passed" testListId="8c84fa94-04c1-424b-9868-57a2d4851a1d" relativeResultsDirectory="5ff9649c-6980-455e-b22a-ec4db48dfe8e" />
    <UnitTestResult executionId="182c119f-77d1-4d92-87bb-a424d2ff686a" testId="f8b5590e-6a8f-56bb-e9c7-f6566da653c5" testName="Acme.Product.Tests.Operators.OperatorContractReconciliationTests.ShapeMatching_Should_Find_Scaled_Template" computerName="ROG16" duration="00:00:00.0212004" startTime="2026-04-13T11:57:52.9217117+08:00" endTime="2026-04-13T11:57:52.9217120+08:00" testType="13cdc9d9-ddb5-4fa4-a97d-d965ccfc6d4b" outcome="Passed" testListId="8c84fa94-04c1-424b-9868-57a2d4851a1d" relativeResultsDirectory="182c119f-77d1-4d92-87bb-a424d2ff686a" />
    <UnitTestResult executionId="9b0de35c-472c-4340-8a76-38b918013cfe" testId="fccd505d-4277-b4bf-8607-01936fe9f35c" testName="Acme.Product.Tests.Operators.PixelToWorldTransformOperatorTests.ValidateParameters_WithInvalidUnitScale_ShouldBeInvalid" computerName="ROG16" duration="00:00:00.0005895" startTime="2026-04-13T11:57:52.7748003+08:00" endTime="2026-04-13T11:57:52.7748004+08:00" testType="13cdc9d9-ddb5-4fa4-a97d-d965ccfc6d4b" outcome="Passed" testListId="8c84fa94-04c1-424b-9868-57a2d4851a1d" relativeResultsDirectory="9b0de35c-472c-4340-8a76-38b918013cfe" />
    <UnitTestResult executionId="76db9cdd-b7db-419f-80e0-ca79b5e280dc" testId="b2d96869-c50a-5dee-3f1e-35ad14ad7841" testName="Acme.Product.Tests.Operators.Phase42RegionProcessingOperatorTests.RegionBooleanOperators_ShouldProduceConsistentAreas" computerName="ROG16" duration="00:00:00.3940151" startTime="2026-04-13T11:57:52.7623736+08:00" endTime="2026-04-13T11:57:52.7623736+08:00" testType="13cdc9d9-ddb5-4fa4-a97d-d965ccfc6d4b" outcome="Passed" testListId="8c84fa94-04c1-424b-9868-57a2d4851a1d" relativeResultsDirectory="76db9cdd-b7db-419f-80e0-ca79b5e280dc" />
    <UnitTestResult executionId="fe6e218e-e629-4048-b22c-86c60f494192" testId="871ff87e-1a0e-6d3e-7586-e39658ea249a" testName="Acme.Product.Tests.Operators.Phase42MeasurementAndSignalOperatorTests.ContourExtrema_ShouldReportMinAndMaxPoints" computerName="ROG16" duration="00:00:00.5171910" startTime="2026-04-13T11:57:52.8602336+08:00" endTime="2026-04-13T11:57:52.8602340+08:00" testType="13cdc9d9-ddb5-4fa4-a97d-d965ccfc6d4b" outcome="Passed" testListId="8c84fa94-04c1-424b-9868-57a2d4851a1d" relativeResultsDirectory="fe6e218e-e629-4048-b22c-86c60f494192" />
    <UnitTestResult executionId="9162d374-2087-4edd-a7f2-2f53fbbbf987" testId="81745f12-e9b3-912c-c63d-467fb4f0c43b" testName="Acme.Product.Tests.Operators.PlanarMatchingOperatorTests.ExecuteAsync_WithoutTemplate_ShouldReturnFailure" computerName="ROG16" duration="00:00:00.0011224" startTime="2026-04-13T11:57:53.9977343+08:00" endTime="2026-04-13T11:57:53.9977344+08:00" testType="13cdc9d9-ddb5-4fa4-a97d-d965ccfc6d4b" outcome="Passed" testListId="8c84fa94-04c1-424b-9868-57a2d4851a1d" relativeResultsDirectory="9162d374-2087-4edd-a7f2-2f53fbbbf987" />
    <UnitTestResult executionId="e9f9cc8a-dc27-4857-8378-871df4402a19" testId="a82ebe9e-1bd9-7397-6cc7-b6da8f12b971" testName="Acme.Product.Tests.Operators.Phase42MeasurementAndSignalOperatorTests.FftFilterAndInverseFft_ShouldPreserveSignalLength" computerName="ROG16" duration="00:00:00.0180261" startTime="2026-04-13T11:57:52.9004099+08:00" endTime="2026-04-13T11:57:52.9004101+08:00" testType="13cdc9d9-ddb5-4fa4-a97d-d965ccfc6d4b" outcome="Passed" testListId="8c84fa94-04c1-424b-9868-57a2d4851a1d" relativeResultsDirectory="e9f9cc8a-dc27-4857-8378-871df4402a19" />
    <UnitTestResult executionId="249c7d95-e5e3-480d-80dc-8df0e31edec3" testId="8d2fb42a-4384-90ee-45c5-259b8227dbad" testName="Acme.Product.Tests.Operators.Phase42MeasurementAndSignalOperatorTests.PhaseClosure_ShouldReturnUnwrappedPhaseOutputs" computerName="ROG16" duration="00:00:00.0154840" startTime="2026-04-13T11:57:52.8822805+08:00" endTime="2026-04-13T11:57:52.8822810+08:00" testType="13cdc9d9-ddb5-4fa4-a97d-d965ccfc6d4b" outcome="Passed" testListId="8c84fa94-04c1-424b-9868-57a2d4851a1d" relativeResultsDirectory="249c7d95-e5e3-480d-80dc-8df0e31edec3" />
    <UnitTestResult executionId="5eb1eccf-6d87-4f85-9c2e-442556353cc9" testId="a87aff92-e972-8260-1bef-165d50dba23c" testName="Acme.Product.Tests.Operators.OperatorMetadataMigrationTests.MetadataCatalog_ShouldPreferChineseDisplayNameAndCategory" computerName="ROG16" duration="00:00:00.0102816" startTime="2026-04-13T11:57:52.7623459+08:00" endTime="2026-04-13T11:57:52.7623459+08:00" testType="13cdc9d9-ddb5-4fa4-a97d-d965ccfc6d4b" outcome="Passed" testListId="8c84fa94-04c1-424b-9868-57a2d4851a1d" relativeResultsDirectory="5eb1eccf-6d87-4f85-9c2e-442556353cc9" />
    <UnitTestResult executionId="1225babf-c97f-475b-beab-33998222b4b0" testId="b64b21ac-8667-890a-a129-77d365d37aad" testName="Acme.Product.Tests.Operators.OperatorContractReconciliationTests.ArrayIndexer_Should_Use_List_Input_And_Item_Output" computerName="ROG16" duration="00:00:00.0063045" startTime="2026-04-13T11:57:52.8711501+08:00" endTime="2026-04-13T11:57:52.8711503+08:00" testType="13cdc9d9-ddb5-4fa4-a97d-d965ccfc6d4b" outcome="Passed" testListId="8c84fa94-04c1-424b-9868-57a2d4851a1d" relativeResultsDirectory="1225babf-c97f-475b-beab-33998222b4b0" />
    <UnitTestResult executionId="ad141a72-0026-4cc5-897d-210601cdc384" testId="727e605d-44f2-192d-6d78-e552f0d10a68" testName="Acme.Product.Tests.Operators.OperatorContractReconciliationTests.Aggregator_Should_Expose_Stable_Keys_For_All_Modes" computerName="ROG16" duration="00:00:00.0114390" startTime="2026-04-13T11:57:52.9339357+08:00" endTime="2026-04-13T11:57:52.9339363+08:00" testType="13cdc9d9-ddb5-4fa4-a97d-d965ccfc6d4b" outcome="Passed" testListId="8c84fa94-04c1-424b-9868-57a2d4851a1d" relativeResultsDirectory="ad141a72-0026-4cc5-897d-210601cdc384" />
    <UnitTestResult executionId="01b1f568-d716-439f-8181-14e217c1fd96" testId="4a496e68-9672-b8e2-438c-496c4c5d331a" testName="Acme.Product.Tests.Operators.OperatorContractReconciliationTests.WidthMeasurement_Should_Use_SubpixelCaliper_When_ImageContainsEdges" computerName="ROG16" duration="00:00:00.0278258" startTime="2026-04-13T11:57:52.8991559+08:00" endTime="2026-04-13T11:57:52.8991561+08:00" testType="13cdc9d9-ddb5-4fa4-a97d-d965ccfc6d4b" outcome="Passed" testListId="8c84fa94-04c1-424b-9868-57a2d4851a1d" relativeResultsDirectory="01b1f568-d716-439f-8181-14e217c1fd96" />
    <UnitTestResult executionId="d1c4d969-7eb4-4bfb-b14f-c894301a88dc" testId="45c2793c-8392-826f-03f8-75d3a0a88c42" testName="Acme.Product.Tests.Operators.Phase42MeasurementAndSignalOperatorTests.ArcCaliper_ShouldDetectArcEdges" computerName="ROG16" duration="00:00:00.0057811" startTime="2026-04-13T11:57:52.9063639+08:00" endTime="2026-04-13T11:57:52.9063645+08:00" testType="13cdc9d9-ddb5-4fa4-a97d-d965ccfc6d4b" outcome="Passed" testListId="8c84fa94-04c1-424b-9868-57a2d4851a1d" relativeResultsDirectory="d1c4d969-7eb4-4bfb-b14f-c894301a88dc" />
    <UnitTestResult executionId="d9345826-a285-4294-afca-d6db4bbb80c6" testId="21699abb-0ee0-4806-5a42-241bada9a29b" testName="Acme.Product.Tests.Operators.OperatorContractReconciliationTests.ImageAcquisition_Should_Load_From_FilePath_Contract" computerName="ROG16" duration="00:00:00.0200963" startTime="2026-04-13T11:57:52.8647348+08:00" endTime="2026-04-13T11:57:52.8647354+08:00" testType="13cdc9d9-ddb5-4fa4-a97d-d965ccfc6d4b" outcome="Passed" testListId="8c84fa94-04c1-424b-9868-57a2d4851a1d" relativeResultsDirectory="d9345826-a285-4294-afca-d6db4bbb80c6" />
    <UnitTestResult executionId="c20fcf62-90af-4d65-8c2e-fc4c06542558" testId="2380d16e-46b4-6a8c-d171-1c59af9f6837" testName="Acme.Product.Tests.Operators.PixelToWorldTransformOperatorTests.ExecuteAsync_WithoutCalibrationData_ShouldReturnFailure" computerName="ROG16" duration="00:00:00.0005798" startTime="2026-04-13T11:57:52.7753899+08:00" endTime="2026-04-13T11:57:52.7753900+08:00" testType="13cdc9d9-ddb5-4fa4-a97d-d965ccfc6d4b" outcome="Passed" testListId="8c84fa94-04c1-424b-9868-57a2d4851a1d" relativeResultsDirectory="c20fcf62-90af-4d65-8c2e-fc4c06542558" />
    <UnitTestResult executionId="96753d0e-6838-49eb-9deb-5650602c412b" testId="33a1d397-8523-669c-5f19-10abc22c33f9" testName="Acme.Product.Tests.Operators.PlanarMatchingOperatorTests.Metadata_ShouldNotExposeSiftOption" computerName="ROG16" duration="00:00:00.0013625" startTime="2026-04-13T11:57:53.9997738+08:00" endTime="2026-04-13T11:57:53.9997740+08:00" testType="13cdc9d9-ddb5-4fa4-a97d-d965ccfc6d4b" outcome="Passed" testListId="8c84fa94-04c1-424b-9868-57a2d4851a1d" relativeResultsDirectory="96753d0e-6838-49eb-9deb-5650602c412b" />
    <UnitTestResult executionId="150ff166-5fad-42b6-9daa-09bb26622bb7" testId="b36db049-562e-3bee-9857-ab3d6500bc55" testName="Acme.Product.Tests.Operators.Phase42RegionProcessingOperatorTests.RegionSkeleton_ShouldPreserveOriginalCoordinates" computerName="ROG16" duration="00:00:00.0178169" startTime="2026-04-13T11:57:52.8034957+08:00" endTime="2026-04-13T11:57:52.8034962+08:00" testType="13cdc9d9-ddb5-4fa4-a97d-d965ccfc6d4b" outcome="Passed" testListId="8c84fa94-04c1-424b-9868-57a2d4851a1d" relativeResultsDirectory="150ff166-5fad-42b6-9daa-09bb26622bb7" />
    <UnitTestResult executionId="669f7f37-ad8a-4924-b366-7cb628e5b81a" testId="78a50a2c-af72-6d4c-1ed5-53b9357bc06c" testName="Acme.Product.Tests.Operators.PlanarMatchingOperatorTests.ExecuteAsync_WithPerspectiveWarp_ShouldReturnConsistentVerificationFields" computerName="ROG16" duration="00:00:01.6556308" startTime="2026-04-13T11:57:53.9964982+08:00" endTime="2026-04-13T11:57:53.9964989+08:00" testType="13cdc9d9-ddb5-4fa4-a97d-d965ccfc6d4b" outcome="Passed" testListId="8c84fa94-04c1-424b-9868-57a2d4851a1d" relativeResultsDirectory="669f7f37-ad8a-4924-b366-7cb628e5b81a" />
    <UnitTestResult executionId="b2e3d0c5-526b-46e0-b162-36799aace712" testId="35129cac-d6ff-e4f1-1524-dee831f2476a" testName="Acme.Product.Tests.Operators.OperatorContractReconciliationTests.WidthMeasurement_Should_Apply_Custom_Direction_And_Expose_Image_Size_Separately" computerName="ROG16" duration="00:00:00.0028405" startTime="2026-04-13T11:57:52.9492108+08:00" endTime="2026-04-13T11:57:52.9492117+08:00" testType="13cdc9d9-ddb5-4fa4-a97d-d965ccfc6d4b" outcome="Passed" testListId="8c84fa94-04c1-424b-9868-57a2d4851a1d" relativeResultsDirectory="b2e3d0c5-526b-46e0-b162-36799aace712" />
    <UnitTestResult executionId="54d695ed-c142-422f-b868-b275095fa064" testId="3ad69470-a58f-b0ba-4f66-97d731f92301" testName="Acme.Product.Tests.Operators.Phase42RegionProcessingOperatorTests.RegionOpening_ShouldSuppressSmallNoise" computerName="ROG16" duration="00:00:00.0290928" startTime="2026-04-13T11:57:52.8444934+08:00" endTime="2026-04-13T11:57:52.8444934+08:00" testType="13cdc9d9-ddb5-4fa4-a97d-d965ccfc6d4b" outcome="Passed" testListId="8c84fa94-04c1-424b-9868-57a2d4851a1d" relativeResultsDirectory="54d695ed-c142-422f-b868-b275095fa064" />
    <UnitTestResult executionId="c1e30441-c579-421c-9aab-46aa372bc18c" testId="6ab7396a-272a-47a7-2fdc-a884c45547e6" testName="Acme.Product.Tests.Operators.PlanarMatchingOperatorTests.ExecuteAsync_WithRoiExcludingTarget_ShouldFailVerification" computerName="ROG16" duration="00:00:00.0076596" startTime="2026-04-13T11:57:54.1144844+08:00" endTime="2026-04-13T11:57:54.1144848+08:00" testType="13cdc9d9-ddb5-4fa4-a97d-d965ccfc6d4b" outcome="Passed" testListId="8c84fa94-04c1-424b-9868-57a2d4851a1d" relativeResultsDirectory="c1e30441-c579-421c-9aab-46aa372bc18c" />
    <UnitTestResult executionId="1b2b44a0-e3c0-473a-9e43-07705ca47b68" testId="f4e1b661-c413-66b2-ca53-ce783f10ad7c" testName="Acme.Product.Tests.Operators.Phase42RegionProcessingOperatorTests.RegionDilation_ShouldIncreaseArea" computerName="ROG16" duration="00:00:00.0024453" startTime="2026-04-13T11:57:52.8152793+08:00" endTime="2026-04-13T11:57:52.8152796+08:00" testType="13cdc9d9-ddb5-4fa4-a97d-d965ccfc6d4b" outcome="Passed" testListId="8c84fa94-04c1-424b-9868-57a2d4851a1d" relativeResultsDirectory="1b2b44a0-e3c0-473a-9e43-07705ca47b68" />
    <UnitTestResult executionId="e243f5aa-d47a-47b0-8452-4a62dacd4a84" testId="da639b05-7d34-1486-9295-b8808a02ad27" testName="Acme.Product.Tests.Operators.PlanarMatchingOperatorTests.ValidateParameters_WithRemovedOrUnknownDetector_ShouldBeInvalid(detectorType: &quot;SIFT&quot;)" computerName="ROG16" duration="00:00:00.0004086" startTime="2026-04-13T11:57:54.1064589+08:00" endTime="2026-04-13T11:57:54.1064598+08:00" testType="13cdc9d9-ddb5-4fa4-a97d-d965ccfc6d4b" outcome="Passed" testListId="8c84fa94-04c1-424b-9868-57a2d4851a1d" relativeResultsDirectory="e243f5aa-d47a-47b0-8452-4a62dacd4a84" />
    <UnitTestResult executionId="65858288-f34e-44af-8f8b-a192ab7e1ddb" testId="7918ba95-d2e1-ed39-b62b-5d6e90ea29d9" testName="Acme.Product.Tests.Operators.OperatorContractReconciliationTests.ResultOutput_Should_Honor_Format_And_SaveToFile" computerName="ROG16" duration="00:00:00.0051989" startTime="2026-04-13T11:57:52.9545734+08:00" endTime="2026-04-13T11:57:52.9545736+08:00" testType="13cdc9d9-ddb5-4fa4-a97d-d965ccfc6d4b" outcome="Passed" testListId="8c84fa94-04c1-424b-9868-57a2d4851a1d" relativeResultsDirectory="65858288-f34e-44af-8f8b-a192ab7e1ddb" />
    <UnitTestResult executionId="6e30358b-238f-4706-a64a-a9b124512432" testId="b5eea7d4-e443-fc95-3af2-e378c71d1073" testName="Acme.Product.Tests.Operators.PixelToWorldTransformOperatorTests.OperatorType_ShouldBePixelToWorldTransform" computerName="ROG16" duration="00:00:00.3432929" startTime="2026-04-13T11:57:52.6860469+08:00" endTime="2026-04-13T11:57:52.6860567+08:00" testType="13cdc9d9-ddb5-4fa4-a97d-d965ccfc6d4b" outcome="Passed" testListId="8c84fa94-04c1-424b-9868-57a2d4851a1d" relativeResultsDirectory="6e30358b-238f-4706-a64a-a9b124512432" />
    <UnitTestResult executionId="0929ff93-947c-4eea-afb1-64c6232b256d" testId="07bd0d80-6148-3b42-d387-0cbd0bb9011f" testName="Acme.Product.Tests.Operators.Phase42RegionProcessingOperatorTests.RegionErosion_ShouldReduceArea" computerName="ROG16" duration="00:00:00.0053369" startTime="2026-04-13T11:57:52.8500295+08:00" endTime="2026-04-13T11:57:52.8500298+08:00" testType="13cdc9d9-ddb5-4fa4-a97d-d965ccfc6d4b" outcome="Passed" testListId="8c84fa94-04c1-424b-9868-57a2d4851a1d" relativeResultsDirectory="0929ff93-947c-4eea-afb1-64c6232b256d" />
    <UnitTestResult executionId="8a195e5a-2df5-4ad9-bc1c-d19ff977c0dc" testId="63571c76-15c3-897f-e8a9-267d33fb7d87" testName="Acme.Product.Tests.Operators.PlanarMatchingOperatorTests.ValidateParameters_WithRemovedOrUnknownDetector_ShouldBeInvalid(detectorType: &quot;invalid-detector&quot;)" computerName="ROG16" duration="00:00:00.0002385" startTime="2026-04-13T11:57:54.1067221+08:00" endTime="2026-04-13T11:57:54.1067222+08:00" testType="13cdc9d9-ddb5-4fa4-a97d-d965ccfc6d4b" outcome="Passed" testListId="8c84fa94-04c1-424b-9868-57a2d4851a1d" relativeResultsDirectory="8a195e5a-2df5-4ad9-bc1c-d19ff977c0dc" />
    <UnitTestResult executionId="e5b67589-68a0-4864-a57e-b369c2eea152" testId="5e767188-b7c0-fc68-775f-ddb2d45acd3a" testName="Acme.Product.Tests.Operators.OperatorMetadataMigrationTests.AllOperatorTypes_ShouldHaveMetadataAfterMigration" computerName="ROG16" duration="00:00:00.0205888" startTime="2026-04-13T11:57:52.7624043+08:00" endTime="2026-04-13T11:57:52.7624043+08:00" testType="13cdc9d9-ddb5-4fa4-a97d-d965ccfc6d4b" outcome="Passed" testListId="8c84fa94-04c1-424b-9868-57a2d4851a1d" relativeResultsDirectory="e5b67589-68a0-4864-a57e-b369c2eea152" />
    <UnitTestResult executionId="612da5b3-b0c8-4cb3-831f-757c8b98e360" testId="ae96fae5-a6d7-9a15-eef0-3e7db8652575" testName="Acme.Product.Tests.Operators.LocalDeformableMatchingPhase42Tests.ExecuteAsync_WithRepeatedTemplate_ShouldNotEmitUnsafeFallbackMatches" computerName="ROG16" duration="00:00:01.6329404" startTime="2026-04-13T11:57:53.9760660+08:00" endTime="2026-04-13T11:57:53.9760667+08:00" testType="13cdc9d9-ddb5-4fa4-a97d-d965ccfc6d4b" outcome="Passed" testListId="8c84fa94-04c1-424b-9868-57a2d4851a1d" relativeResultsDirectory="612da5b3-b0c8-4cb3-831f-757c8b98e360" />
    <UnitTestResult executionId="70cc90f0-35ac-4896-8ee8-819b5b2eac25" testId="c7a707ec-b051-252c-3a4e-016080d6d42b" testName="Acme.Product.Tests.Operators.PlanarMatchingOperatorTests.ExecuteAsync_WithRemovedDetectorType_ShouldFailInsteadOfFallingBackToOrb" computerName="ROG16" duration="00:00:00.0012889" startTime="2026-04-13T11:57:54.0271455+08:00" endTime="2026-04-13T11:57:54.0271456+08:00" testType="13cdc9d9-ddb5-4fa4-a97d-d965ccfc6d4b" outcome="Passed" testListId="8c84fa94-04c1-424b-9868-57a2d4851a1d" relativeResultsDirectory="70cc90f0-35ac-4896-8ee8-819b5b2eac25" />
    <UnitTestResult executionId="0b4b4e26-8314-468b-bbb7-42309dad2642" testId="60029582-ffc7-682d-a354-47acffa3d153" testName="Acme.Product.Tests.Operators.PlanarMatchingOperatorTests.ExecuteAsync_WithNullInputs_ShouldReturnFailure" computerName="ROG16" duration="00:00:00.0004161" startTime="2026-04-13T11:57:54.0276162+08:00" endTime="2026-04-13T11:57:54.0276163+08:00" testType="13cdc9d9-ddb5-4fa4-a97d-d965ccfc6d4b" outcome="Passed" testListId="8c84fa94-04c1-424b-9868-57a2d4851a1d" relativeResultsDirectory="0b4b4e26-8314-468b-bbb7-42309dad2642" />
  </Results>
  <TestDefinitions>
    <UnitTest name="Acme.Product.Tests.Operators.OperatorContractReconciliationTests.Aggregator_Should_Expose_Stable_Keys_For_All_Modes" storage="c:\users\11234\desktop\clearvision\acme.product\tests\acme.product.tests\bin\debug\net8.0\acme.product.tests.dll" id="727e605d-44f2-192d-6d78-e552f0d10a68">
      <Execution id="ad141a72-0026-4cc5-897d-210601cdc384" />
      <TestMethod codeBase="C:\Users\11234\Desktop\ClearVision\Acme.Product\tests\Acme.Product.Tests\bin\Debug\net8.0\Acme.Product.Tests.dll" adapterTypeName="executor://xunit/VsTestRunner2/netcoreapp" className="Acme.Product.Tests.Operators.OperatorContractReconciliationTests" name="Aggregator_Should_Expose_Stable_Keys_For_All_Modes" />
    </UnitTest>
    <UnitTest name="Acme.Product.Tests.Operators.Phase42RegionProcessingOperatorTests.RegionDilation_WithEvenSizedKernel_ShouldMatchOpenCv" storage="c:\users\11234\desktop\clearvision\acme.product\tests\acme.product.tests\bin\debug\net8.0\acme.product.tests.dll" id="9b3efc09-cfa9-42ab-b40d-3026195a1dee">
      <Execution id="9273e794-0bff-4327-98d4-e01dc107af4f" />
      <TestMethod codeBase="C:\Users\11234\Desktop\ClearVision\Acme.Product\tests\Acme.Product.Tests\bin\Debug\net8.0\Acme.Product.Tests.dll" adapterTypeName="executor://xunit/VsTestRunner2/netcoreapp" className="Acme.Product.Tests.Operators.Phase42RegionProcessingOperatorTests" name="RegionDilation_WithEvenSizedKernel_ShouldMatchOpenCv" />
    </UnitTest>
    <UnitTest name="Acme.Product.Tests.Operators.OperatorContractReconciliationTests.ArrayIndexer_BackwardCompatibility_Should_Accept_Items_Key" storage="c:\users\11234\desktop\clearvision\acme.product\tests\acme.product.tests\bin\debug\net8.0\acme.product.tests.dll" id="d44ab99f-5384-34bd-2493-8a4d2841210e">
      <Execution id="24f7d0d8-6c2a-43b5-8108-80d0021cd412" />
      <TestMethod codeBase="C:\Users\11234\Desktop\ClearVision\Acme.Product\tests\Acme.Product.Tests\bin\Debug\net8.0\Acme.Product.Tests.dll" adapterTypeName="executor://xunit/VsTestRunner2/netcoreapp" className="Acme.Product.Tests.Operators.OperatorContractReconciliationTests" name="ArrayIndexer_BackwardCompatibility_Should_Accept_Items_Key" />
    </UnitTest>
    <UnitTest name="Acme.Product.Tests.Operators.ImageOutputLifecycleGuardTests.Operators_ShouldNotUseUsingScopedMatAsImageOutputSink" storage="c:\users\11234\desktop\clearvision\acme.product\tests\acme.product.tests\bin\debug\net8.0\acme.product.tests.dll" id="ad247c60-acd7-2d2b-b065-b3e2bacf66a2">
      <Execution id="6762e0cd-3592-493b-bbd5-2168af412ca4" />
      <TestMethod codeBase="C:\Users\11234\Desktop\ClearVision\Acme.Product\tests\Acme.Product.Tests\bin\Debug\net8.0\Acme.Product.Tests.dll" adapterTypeName="executor://xunit/VsTestRunner2/netcoreapp" className="Acme.Product.Tests.Operators.ImageOutputLifecycleGuardTests" name="Operators_ShouldNotUseUsingScopedMatAsImageOutputSink" />
    </UnitTest>
    <UnitTest name="Acme.Product.Tests.Operators.OperatorContractReconciliationTests.ColorDetection_Should_Emit_ColorInfo" storage="c:\users\11234\desktop\clearvision\acme.product\tests\acme.product.tests\bin\debug\net8.0\acme.product.tests.dll" id="7e237863-6a02-d6e8-fef1-952610f7c252">
      <Execution id="7625df6c-68a3-4aa2-87bc-501a2afdcbc7" />
      <TestMethod codeBase="C:\Users\11234\Desktop\ClearVision\Acme.Product\tests\Acme.Product.Tests\bin\Debug\net8.0\Acme.Product.Tests.dll" adapterTypeName="executor://xunit/VsTestRunner2/netcoreapp" className="Acme.Product.Tests.Operators.OperatorContractReconciliationTests" name="ColorDetection_Should_Emit_ColorInfo" />
    </UnitTest>
    <UnitTest name="Acme.Product.Tests.Operators.Phase42MeasurementAndSignalOperatorTests.ContourExtrema_ShouldReportMinAndMaxPoints" storage="c:\users\11234\desktop\clearvision\acme.product\tests\acme.product.tests\bin\debug\net8.0\acme.product.tests.dll" id="871ff87e-1a0e-6d3e-7586-e39658ea249a">
      <Execution id="fe6e218e-e629-4048-b22c-86c60f494192" />
      <TestMethod codeBase="C:\Users\11234\Desktop\ClearVision\Acme.Product\tests\Acme.Product.Tests\bin\Debug\net8.0\Acme.Product.Tests.dll" adapterTypeName="executor://xunit/VsTestRunner2/netcoreapp" className="Acme.Product.Tests.Operators.Phase42MeasurementAndSignalOperatorTests" name="ContourExtrema_ShouldReportMinAndMaxPoints" />
    </UnitTest>
    <UnitTest name="Acme.Product.Tests.Operators.OperatorContractReconciliationTests.TriggerModule_Should_Use_Signal_Input_Port_In_External_Mode" storage="c:\users\11234\desktop\clearvision\acme.product\tests\acme.product.tests\bin\debug\net8.0\acme.product.tests.dll" id="3177e814-5290-20be-97de-68101f055b30">
      <Execution id="12d69534-cfbb-4922-8155-b7feb2c97d3e" />
      <TestMethod codeBase="C:\Users\11234\Desktop\ClearVision\Acme.Product\tests\Acme.Product.Tests\bin\Debug\net8.0\Acme.Product.Tests.dll" adapterTypeName="executor://xunit/VsTestRunner2/netcoreapp" className="Acme.Product.Tests.Operators.OperatorContractReconciliationTests" name="TriggerModule_Should_Use_Signal_Input_Port_In_External_Mode" />
    </UnitTest>
    <UnitTest name="Acme.Product.Tests.Operators.PlanarMatchingOperatorTests.ExecuteAsync_WithDifferentFeatureLayout_ShouldRejectFalsePositive" storage="c:\users\11234\desktop\clearvision\acme.product\tests\acme.product.tests\bin\debug\net8.0\acme.product.tests.dll" id="24ecb87e-5e7c-4e84-30cb-f455e0bb4416">
      <Execution id="9e4e1e81-0e1c-446d-932a-6be9368e73d1" />
      <TestMethod codeBase="C:\Users\11234\Desktop\ClearVision\Acme.Product\tests\Acme.Product.Tests\bin\Debug\net8.0\Acme.Product.Tests.dll" adapterTypeName="executor://xunit/VsTestRunner2/netcoreapp" className="Acme.Product.Tests.Operators.PlanarMatchingOperatorTests" name="ExecuteAsync_WithDifferentFeatureLayout_ShouldRejectFalsePositive" />
    </UnitTest>
    <UnitTest name="Acme.Product.Tests.Operators.PlanarMatchingOperatorTests.ValidateParameters_WithInvalidMatchRatio_ShouldBeInvalid" storage="c:\users\11234\desktop\clearvision\acme.product\tests\acme.product.tests\bin\debug\net8.0\acme.product.tests.dll" id="62e1e7cc-d0d4-539f-9a27-3808bdaab58d">
      <Execution id="1bbdcac0-c1a9-4850-a99f-d2ce3b57ec72" />
      <TestMethod codeBase="C:\Users\11234\Desktop\ClearVision\Acme.Product\tests\Acme.Product.Tests\bin\Debug\net8.0\Acme.Product.Tests.dll" adapterTypeName="executor://xunit/VsTestRunner2/netcoreapp" className="Acme.Product.Tests.Operators.PlanarMatchingOperatorTests" name="ValidateParameters_WithInvalidMatchRatio_ShouldBeInvalid" />
    </UnitTest>
    <UnitTest name="Acme.Product.Tests.Operators.OperatorContractReconciliationTests.ArrayIndexer_Should_Use_List_Input_And_Item_Output" storage="c:\users\11234\desktop\clearvision\acme.product\tests\acme.product.tests\bin\debug\net8.0\acme.product.tests.dll" id="b64b21ac-8667-890a-a129-77d365d37aad">
      <Execution id="1225babf-c97f-475b-beab-33998222b4b0" />
      <TestMethod codeBase="C:\Users\11234\Desktop\ClearVision\Acme.Product\tests\Acme.Product.Tests\bin\Debug\net8.0\Acme.Product.Tests.dll" adapterTypeName="executor://xunit/VsTestRunner2/netcoreapp" className="Acme.Product.Tests.Operators.OperatorContractReconciliationTests" name="ArrayIndexer_Should_Use_List_Input_And_Item_Output" />
    </UnitTest>
    <UnitTest name="Acme.Product.Tests.Operators.OperatorContractReconciliationTests.CircleMeasurement_Should_Emit_Center_And_Circle" storage="c:\users\11234\desktop\clearvision\acme.product\tests\acme.product.tests\bin\debug\net8.0\acme.product.tests.dll" id="8be6c2c0-cf7e-d08a-87d7-2d9d69ddf0bb">
      <Execution id="c6fc2e0d-6b26-4718-a472-edf7e9ee3479" />
      <TestMethod codeBase="C:\Users\11234\Desktop\ClearVision\Acme.Product\tests\Acme.Product.Tests\bin\Debug\net8.0\Acme.Product.Tests.dll" adapterTypeName="executor://xunit/VsTestRunner2/netcoreapp" className="Acme.Product.Tests.Operators.OperatorContractReconciliationTests" name="CircleMeasurement_Should_Emit_Center_And_Circle" />
    </UnitTest>
    <UnitTest name="Acme.Product.Tests.Operators.PlanarMatchingOperatorTests.ExecuteAsync_WithoutTemplate_ShouldReturnFailure" storage="c:\users\11234\desktop\clearvision\acme.product\tests\acme.product.tests\bin\debug\net8.0\acme.product.tests.dll" id="81745f12-e9b3-912c-c63d-467fb4f0c43b">
      <Execution id="9162d374-2087-4edd-a7f2-2f53fbbbf987" />
      <TestMethod codeBase="C:\Users\11234\Desktop\ClearVision\Acme.Product\tests\Acme.Product.Tests\bin\Debug\net8.0\Acme.Product.Tests.dll" adapterTypeName="executor://xunit/VsTestRunner2/netcoreapp" className="Acme.Product.Tests.Operators.PlanarMatchingOperatorTests" name="ExecuteAsync_WithoutTemplate_ShouldReturnFailure" />
    </UnitTest>
    <UnitTest name="Acme.Product.Tests.Operators.PlanarMatchingOperatorTests.ExecuteAsync_WithDifferentDetectors_ShouldWork" storage="c:\users\11234\desktop\clearvision\acme.product\tests\acme.product.tests\bin\debug\net8.0\acme.product.tests.dll" id="5afd4148-2d99-756c-fc66-091c1e66d6f5">
      <Execution id="1bf9ca83-43c0-4946-b3ab-347a5a320f66" />
      <TestMethod codeBase="C:\Users\11234\Desktop\ClearVision\Acme.Product\tests\Acme.Product.Tests\bin\Debug\net8.0\Acme.Product.Tests.dll" adapterTypeName="executor://xunit/VsTestRunner2/netcoreapp" className="Acme.Product.Tests.Operators.PlanarMatchingOperatorTests" name="ExecuteAsync_WithDifferentDetectors_ShouldWork" />
    </UnitTest>
    <UnitTest name="Acme.Product.Tests.Operators.PlanarMatchingOperatorTests.OperatorType_ShouldBePlanarMatching" storage="c:\users\11234\desktop\clearvision\acme.product\tests\acme.product.tests\bin\debug\net8.0\acme.product.tests.dll" id="752ef8f8-ef68-d1b1-49ac-ccba4ea3b050">
      <Execution id="24cec401-77f2-406d-83f1-25e1d662abe5" />
      <TestMethod codeBase="C:\Users\11234\Desktop\ClearVision\Acme.Product\tests\Acme.Product.Tests\bin\Debug\net8.0\Acme.Product.Tests.dll" adapterTypeName="executor://xunit/VsTestRunner2/netcoreapp" className="Acme.Product.Tests.Operators.PlanarMatchingOperatorTests" name="OperatorType_ShouldBePlanarMatching" />
    </UnitTest>
    <UnitTest name="Acme.Product.Tests.Operators.Phase42RegionProcessingOperatorTests.RegionOpening_ShouldSuppressSmallNoise" storage="c:\users\11234\desktop\clearvision\acme.product\tests\acme.product.tests\bin\debug\net8.0\acme.product.tests.dll" id="3ad69470-a58f-b0ba-4f66-97d731f92301">
      <Execution id="54d695ed-c142-422f-b868-b275095fa064" />
      <TestMethod codeBase="C:\Users\11234\Desktop\ClearVision\Acme.Product\tests\Acme.Product.Tests\bin\Debug\net8.0\Acme.Product.Tests.dll" adapterTypeName="executor://xunit/VsTestRunner2/netcoreapp" className="Acme.Product.Tests.Operators.Phase42RegionProcessingOperatorTests" name="RegionOpening_ShouldSuppressSmallNoise" />
    </UnitTest>
    <UnitTest name="Acme.Product.Tests.Operators.Phase42MeasurementAndSignalOperatorTests.PhaseClosure_ShouldReturnUnwrappedPhaseOutputs" storage="c:\users\11234\desktop\clearvision\acme.product\tests\acme.product.tests\bin\debug\net8.0\acme.product.tests.dll" id="8d2fb42a-4384-90ee-45c5-259b8227dbad">
      <Execution id="249c7d95-e5e3-480d-80dc-8df0e31edec3" />
      <TestMethod codeBase="C:\Users\11234\Desktop\ClearVision\Acme.Product\tests\Acme.Product.Tests\bin\Debug\net8.0\Acme.Product.Tests.dll" adapterTypeName="executor://xunit/VsTestRunner2/netcoreapp" className="Acme.Product.Tests.Operators.Phase42MeasurementAndSignalOperatorTests" name="PhaseClosure_ShouldReturnUnwrappedPhaseOutputs" />
    </UnitTest>
    <UnitTest name="Acme.Product.Tests.Operators.PlanarMatchingOperatorTests.ValidateParameters_WithInvalidMinMatchCount_ShouldBeInvalid" storage="c:\users\11234\desktop\clearvision\acme.product\tests\acme.product.tests\bin\debug\net8.0\acme.product.tests.dll" id="175e6a6f-0360-f21a-9c13-06667f6d298b">
      <Execution id="d81a923d-b11f-45eb-8148-71a2551e6276" />
      <TestMethod codeBase="C:\Users\11234\Desktop\ClearVision\Acme.Product\tests\Acme.Product.Tests\bin\Debug\net8.0\Acme.Product.Tests.dll" adapterTypeName="executor://xunit/VsTestRunner2/netcoreapp" className="Acme.Product.Tests.Operators.PlanarMatchingOperatorTests" name="ValidateParameters_WithInvalidMinMatchCount_ShouldBeInvalid" />
    </UnitTest>
    <UnitTest name="Acme.Product.Tests.Operators.OperatorContractReconciliationTests.ResultOutput_Should_Honor_Format_And_SaveToFile" storage="c:\users\11234\desktop\clearvision\acme.product\tests\acme.product.tests\bin\debug\net8.0\acme.product.tests.dll" id="7918ba95-d2e1-ed39-b62b-5d6e90ea29d9">
      <Execution id="65858288-f34e-44af-8f8b-a192ab7e1ddb" />
      <TestMethod codeBase="C:\Users\11234\Desktop\ClearVision\Acme.Product\tests\Acme.Product.Tests\bin\Debug\net8.0\Acme.Product.Tests.dll" adapterTypeName="executor://xunit/VsTestRunner2/netcoreapp" className="Acme.Product.Tests.Operators.OperatorContractReconciliationTests" name="ResultOutput_Should_Honor_Format_And_SaveToFile" />
    </UnitTest>
    <UnitTest name="Acme.Product.Tests.Operators.OperatorContractReconciliationTests.ImageAcquisition_Should_Load_From_FilePath_Contract" storage="c:\users\11234\desktop\clearvision\acme.product\tests\acme.product.tests\bin\debug\net8.0\acme.product.tests.dll" id="21699abb-0ee0-4806-5a42-241bada9a29b">
      <Execution id="d9345826-a285-4294-afca-d6db4bbb80c6" />
      <TestMethod codeBase="C:\Users\11234\Desktop\ClearVision\Acme.Product\tests\Acme.Product.Tests\bin\Debug\net8.0\Acme.Product.Tests.dll" adapterTypeName="executor://xunit/VsTestRunner2/netcoreapp" className="Acme.Product.Tests.Operators.OperatorContractReconciliationTests" name="ImageAcquisition_Should_Load_From_FilePath_Contract" />
    </UnitTest>
    <UnitTest name="Acme.Product.Tests.Operators.OperatorMetadataMigrationTests.GetAllMetadata_ShouldExcludeLegacyAliasTypes" storage="c:\users\11234\desktop\clearvision\acme.product\tests\acme.product.tests\bin\debug\net8.0\acme.product.tests.dll" id="616b671d-4afd-73f9-8a59-f2bf145ec2a9">
      <Execution id="a6892a31-a116-4a92-b3ae-922b1298b0de" />
      <TestMethod codeBase="C:\Users\11234\Desktop\ClearVision\Acme.Product\tests\Acme.Product.Tests\bin\Debug\net8.0\Acme.Product.Tests.dll" adapterTypeName="executor://xunit/VsTestRunner2/netcoreapp" className="Acme.Product.Tests.Operators.OperatorMetadataMigrationTests" name="GetAllMetadata_ShouldExcludeLegacyAliasTypes" />
    </UnitTest>
    <UnitTest name="Acme.Product.Tests.Operators.OperatorContractReconciliationTests.GradientShapeMatch_Should_Limit_Cache_Size_To_Eight" storage="c:\users\11234\desktop\clearvision\acme.product\tests\acme.product.tests\bin\debug\net8.0\acme.product.tests.dll" id="6b082177-3994-c4a5-aaf0-2247925470f7">
      <Execution id="8ee613c8-ead1-46ac-9b96-46a12b8a8bc3" />
      <TestMethod codeBase="C:\Users\11234\Desktop\ClearVision\Acme.Product\tests\Acme.Product.Tests\bin\Debug\net8.0\Acme.Product.Tests.dll" adapterTypeName="executor://xunit/VsTestRunner2/netcoreapp" className="Acme.Product.Tests.Operators.OperatorContractReconciliationTests" name="GradientShapeMatch_Should_Limit_Cache_Size_To_Eight" />
    </UnitTest>
    <UnitTest name="Acme.Product.Tests.Operators.PlanarMatchingOperatorTests.ExecuteAsync_WithRemovedDetectorType_ShouldFailInsteadOfFallingBackToOrb" storage="c:\users\11234\desktop\clearvision\acme.product\tests\acme.product.tests\bin\debug\net8.0\acme.product.tests.dll" id="c7a707ec-b051-252c-3a4e-016080d6d42b">
      <Execution id="70cc90f0-35ac-4896-8ee8-819b5b2eac25" />
      <TestMethod codeBase="C:\Users\11234\Desktop\ClearVision\Acme.Product\tests\Acme.Product.Tests\bin\Debug\net8.0\Acme.Product.Tests.dll" adapterTypeName="executor://xunit/VsTestRunner2/netcoreapp" className="Acme.Product.Tests.Operators.PlanarMatchingOperatorTests" name="ExecuteAsync_WithRemovedDetectorType_ShouldFailInsteadOfFallingBackToOrb" />
    </UnitTest>
    <UnitTest name="Acme.Product.Tests.Operators.Phase42MeasurementAndSignalOperatorTests.MorphologicalOperation_ShouldSupportTopHatAndBlackHat" storage="c:\users\11234\desktop\clearvision\acme.product\tests\acme.product.tests\bin\debug\net8.0\acme.product.tests.dll" id="8c0f22dd-ebd0-f3e2-65ad-27b87151c3ff">
      <Execution id="c7379f7d-5324-43c7-b1c0-ac63acf6f855" />
      <TestMethod codeBase="C:\Users\11234\Desktop\ClearVision\Acme.Product\tests\Acme.Product.Tests\bin\Debug\net8.0\Acme.Product.Tests.dll" adapterTypeName="executor://xunit/VsTestRunner2/netcoreapp" className="Acme.Product.Tests.Operators.Phase42MeasurementAndSignalOperatorTests" name="MorphologicalOperation_ShouldSupportTopHatAndBlackHat" />
    </UnitTest>
    <UnitTest name="Acme.Product.Tests.Operators.PlanarMatchingOperatorTests.Metadata_ShouldNotExposeSiftOption" storage="c:\users\11234\desktop\clearvision\acme.product\tests\acme.product.tests\bin\debug\net8.0\acme.product.tests.dll" id="33a1d397-8523-669c-5f19-10abc22c33f9">
      <Execution id="96753d0e-6838-49eb-9deb-5650602c412b" />
      <TestMethod codeBase="C:\Users\11234\Desktop\ClearVision\Acme.Product\tests\Acme.Product.Tests\bin\Debug\net8.0\Acme.Product.Tests.dll" adapterTypeName="executor://xunit/VsTestRunner2/netcoreapp" className="Acme.Product.Tests.Operators.PlanarMatchingOperatorTests" name="Metadata_ShouldNotExposeSiftOption" />
    </UnitTest>
    <UnitTest name="Acme.Product.Tests.Operators.Phase42RegionProcessingOperatorTests.RegionDilation_ShouldIncreaseArea" storage="c:\users\11234\desktop\clearvision\acme.product\tests\acme.product.tests\bin\debug\net8.0\acme.product.tests.dll" id="f4e1b661-c413-66b2-ca53-ce783f10ad7c">
      <Execution id="1b2b44a0-e3c0-473a-9e43-07705ca47b68" />
      <TestMethod codeBase="C:\Users\11234\Desktop\ClearVision\Acme.Product\tests\Acme.Product.Tests\bin\Debug\net8.0\Acme.Product.Tests.dll" adapterTypeName="executor://xunit/VsTestRunner2/netcoreapp" className="Acme.Product.Tests.Operators.Phase42RegionProcessingOperatorTests" name="RegionDilation_ShouldIncreaseArea" />
    </UnitTest>
    <UnitTest name="Acme.Product.Tests.Operators.PlanarMatchingOperatorTests.ValidateParameters_WithRemovedOrUnknownDetector_ShouldBeInvalid(detectorType: &quot;SIFT&quot;)" storage="c:\users\11234\desktop\clearvision\acme.product\tests\acme.product.tests\bin\debug\net8.0\acme.product.tests.dll" id="da639b05-7d34-1486-9295-b8808a02ad27">
      <Execution id="e243f5aa-d47a-47b0-8452-4a62dacd4a84" />
      <TestMethod codeBase="C:\Users\11234\Desktop\ClearVision\Acme.Product\tests\Acme.Product.Tests\bin\Debug\net8.0\Acme.Product.Tests.dll" adapterTypeName="executor://xunit/VsTestRunner2/netcoreapp" className="Acme.Product.Tests.Operators.PlanarMatchingOperatorTests" name="ValidateParameters_WithRemovedOrUnknownDetector_ShouldBeInvalid" />
    </UnitTest>
    <UnitTest name="Acme.Product.Tests.Operators.OperatorContractReconciliationTests.Metadata_ShouldExpose_Reconciled_Params_And_Ports" storage="c:\users\11234\desktop\clearvision\acme.product\tests\acme.product.tests\bin\debug\net8.0\acme.product.tests.dll" id="64a87c09-85a4-299b-f477-aac13361f012">
      <Execution id="9f3975b7-730a-4a31-a195-71468407bb9e" />
      <TestMethod codeBase="C:\Users\11234\Desktop\ClearVision\Acme.Product\tests\Acme.Product.Tests\bin\Debug\net8.0\Acme.Product.Tests.dll" adapterTypeName="executor://xunit/VsTestRunner2/netcoreapp" className="Acme.Product.Tests.Operators.OperatorContractReconciliationTests" name="Metadata_ShouldExpose_Reconciled_Params_And_Ports" />
    </UnitTest>
    <UnitTest name="Acme.Product.Tests.Operators.LocalDeformableMatchingPhase42Tests.ExecuteAsync_WithRepeatedTemplate_ShouldNotEmitUnsafeFallbackMatches" storage="c:\users\11234\desktop\clearvision\acme.product\tests\acme.product.tests\bin\debug\net8.0\acme.product.tests.dll" id="ae96fae5-a6d7-9a15-eef0-3e7db8652575">
      <Execution id="612da5b3-b0c8-4cb3-831f-757c8b98e360" />
      <TestMethod codeBase="C:\Users\11234\Desktop\ClearVision\Acme.Product\tests\Acme.Product.Tests\bin\Debug\net8.0\Acme.Product.Tests.dll" adapterTypeName="executor://xunit/VsTestRunner2/netcoreapp" className="Acme.Product.Tests.Operators.LocalDeformableMatchingPhase42Tests" name="ExecuteAsync_WithRepeatedTemplate_ShouldNotEmitUnsafeFallbackMatches" />
    </UnitTest>
    <UnitTest name="Acme.Product.Tests.Operators.OperatorMetadataMigrationTests.MetadataCatalog_ShouldPreferChineseDisplayNameAndCategory" storage="c:\users\11234\desktop\clearvision\acme.product\tests\acme.product.tests\bin\debug\net8.0\acme.product.tests.dll" id="a87aff92-e972-8260-1bef-165d50dba23c">
      <Execution id="5eb1eccf-6d87-4f85-9c2e-442556353cc9" />
      <TestMethod codeBase="C:\Users\11234\Desktop\ClearVision\Acme.Product\tests\Acme.Product.Tests\bin\Debug\net8.0\Acme.Product.Tests.dll" adapterTypeName="executor://xunit/VsTestRunner2/netcoreapp" className="Acme.Product.Tests.Operators.OperatorMetadataMigrationTests" name="MetadataCatalog_ShouldPreferChineseDisplayNameAndCategory" />
    </UnitTest>
    <UnitTest name="Acme.Product.Tests.Operators.PixelToWorldTransformOperatorTests.ExecuteAsync_WithValidCalibration_ShouldReturnSuccess" storage="c:\users\11234\desktop\clearvision\acme.product\tests\acme.product.tests\bin\debug\net8.0\acme.product.tests.dll" id="20756320-525f-cf5a-cee6-a2c3c7b8a6e3">
      <Execution id="20fa7a76-f9ee-4933-b715-dae83ab5b655" />
      <TestMethod codeBase="C:\Users\11234\Desktop\ClearVision\Acme.Product\tests\Acme.Product.Tests\bin\Debug\net8.0\Acme.Product.Tests.dll" adapterTypeName="executor://xunit/VsTestRunner2/netcoreapp" className="Acme.Product.Tests.Operators.PixelToWorldTransformOperatorTests" name="ExecuteAsync_WithValidCalibration_ShouldReturnSuccess" />
    </UnitTest>
    <UnitTest name="Acme.Product.Tests.Operators.PlanarMatchingOperatorTests.ExecuteAsync_WithSameImageAsTemplate_ShouldMatch" storage="c:\users\11234\desktop\clearvision\acme.product\tests\acme.product.tests\bin\debug\net8.0\acme.product.tests.dll" id="09a975fb-46f6-7841-5534-93dda50cc65a">
      <Execution id="f40f65a3-b70c-41b1-a3cf-116fa2450e11" />
      <TestMethod codeBase="C:\Users\11234\Desktop\ClearVision\Acme.Product\tests\Acme.Product.Tests\bin\Debug\net8.0\Acme.Product.Tests.dll" adapterTypeName="executor://xunit/VsTestRunner2/netcoreapp" className="Acme.Product.Tests.Operators.PlanarMatchingOperatorTests" name="ExecuteAsync_WithSameImageAsTemplate_ShouldMatch" />
    </UnitTest>
    <UnitTest name="Acme.Product.Tests.Operators.PlanarMatchingOperatorTests.ExecuteAsync_WithRoiExcludingTarget_ShouldFailVerification" storage="c:\users\11234\desktop\clearvision\acme.product\tests\acme.product.tests\bin\debug\net8.0\acme.product.tests.dll" id="6ab7396a-272a-47a7-2fdc-a884c45547e6">
      <Execution id="c1e30441-c579-421c-9aab-46aa372bc18c" />
      <TestMethod codeBase="C:\Users\11234\Desktop\ClearVision\Acme.Product\tests\Acme.Product.Tests\bin\Debug\net8.0\Acme.Product.Tests.dll" adapterTypeName="executor://xunit/VsTestRunner2/netcoreapp" className="Acme.Product.Tests.Operators.PlanarMatchingOperatorTests" name="ExecuteAsync_WithRoiExcludingTarget_ShouldFailVerification" />
    </UnitTest>
    <UnitTest name="Acme.Product.Tests.Operators.Phase42RegionProcessingOperatorTests.RegionClosing_ShouldFillSmallHole" storage="c:\users\11234\desktop\clearvision\acme.product\tests\acme.product.tests\bin\debug\net8.0\acme.product.tests.dll" id="1220aea1-55d8-abae-d120-f44a0e8f29f9">
      <Execution id="bcf93208-f00f-4e9c-b456-680eaf0e7070" />
      <TestMethod codeBase="C:\Users\11234\Desktop\ClearVision\Acme.Product\tests\Acme.Product.Tests\bin\Debug\net8.0\Acme.Product.Tests.dll" adapterTypeName="executor://xunit/VsTestRunner2/netcoreapp" className="Acme.Product.Tests.Operators.Phase42RegionProcessingOperatorTests" name="RegionClosing_ShouldFillSmallHole" />
    </UnitTest>
    <UnitTest name="Acme.Product.Tests.Operators.OperatorContractReconciliationTests.TemplateMatch_Should_Support_Multiple_Matches_And_Center_Position" storage="c:\users\11234\desktop\clearvision\acme.product\tests\acme.product.tests\bin\debug\net8.0\acme.product.tests.dll" id="81e38fef-5228-2249-f93a-7c8336237db3">
      <Execution id="c2315459-7d2c-4d9b-9ad7-42b49c5c7433" />
      <TestMethod codeBase="C:\Users\11234\Desktop\ClearVision\Acme.Product\tests\Acme.Product.Tests\bin\Debug\net8.0\Acme.Product.Tests.dll" adapterTypeName="executor://xunit/VsTestRunner2/netcoreapp" className="Acme.Product.Tests.Operators.OperatorContractReconciliationTests" name="TemplateMatch_Should_Support_Multiple_Matches_And_Center_Position" />
    </UnitTest>
    <UnitTest name="Acme.Product.Tests.Operators.Phase42RegionProcessingOperatorTests.RegionErosion_ShouldReduceArea" storage="c:\users\11234\desktop\clearvision\acme.product\tests\acme.product.tests\bin\debug\net8.0\acme.product.tests.dll" id="07bd0d80-6148-3b42-d387-0cbd0bb9011f">
      <Execution id="0929ff93-947c-4eea-afb1-64c6232b256d" />
      <TestMethod codeBase="C:\Users\11234\Desktop\ClearVision\Acme.Product\tests\Acme.Product.Tests\bin\Debug\net8.0\Acme.Product.Tests.dll" adapterTypeName="executor://xunit/VsTestRunner2/netcoreapp" className="Acme.Product.Tests.Operators.Phase42RegionProcessingOperatorTests" name="RegionErosion_ShouldReduceArea" />
    </UnitTest>
    <UnitTest name="Acme.Product.Tests.Operators.Phase42RegionProcessingOperatorTests.RegionBooleanOperators_ShouldProduceConsistentAreas" storage="c:\users\11234\desktop\clearvision\acme.product\tests\acme.product.tests\bin\debug\net8.0\acme.product.tests.dll" id="b2d96869-c50a-5dee-3f1e-35ad14ad7841">
      <Execution id="76db9cdd-b7db-419f-80e0-ca79b5e280dc" />
      <TestMethod codeBase="C:\Users\11234\Desktop\ClearVision\Acme.Product\tests\Acme.Product.Tests\bin\Debug\net8.0\Acme.Product.Tests.dll" adapterTypeName="executor://xunit/VsTestRunner2/netcoreapp" className="Acme.Product.Tests.Operators.Phase42RegionProcessingOperatorTests" name="RegionBooleanOperators_ShouldProduceConsistentAreas" />
    </UnitTest>
    <UnitTest name="Acme.Product.Tests.Operators.PixelToWorldTransformOperatorTests.ValidateParameters_WithValidUnitScale_ShouldBeValid" storage="c:\users\11234\desktop\clearvision\acme.product\tests\acme.product.tests\bin\debug\net8.0\acme.product.tests.dll" id="73e80b7c-2722-1cef-8f00-1dc4ecf1982e">
      <Execution id="b26007f1-c2f2-4024-b844-8825fd85951c" />
      <TestMethod codeBase="C:\Users\11234\Desktop\ClearVision\Acme.Product\tests\Acme.Product.Tests\bin\Debug\net8.0\Acme.Product.Tests.dll" adapterTypeName="executor://xunit/VsTestRunner2/netcoreapp" className="Acme.Product.Tests.Operators.PixelToWorldTransformOperatorTests" name="ValidateParameters_WithValidUnitScale_ShouldBeValid" />
    </UnitTest>
    <UnitTest name="Acme.Product.Tests.Operators.PlanarMatchingOperatorTests.ExecuteAsync_WithPerspectiveWarp_ShouldReturnConsistentVerificationFields" storage="c:\users\11234\desktop\clearvision\acme.product\tests\acme.product.tests\bin\debug\net8.0\acme.product.tests.dll" id="78a50a2c-af72-6d4c-1ed5-53b9357bc06c">
      <Execution id="669f7f37-ad8a-4924-b366-7cb628e5b81a" />
      <TestMethod codeBase="C:\Users\11234\Desktop\ClearVision\Acme.Product\tests\Acme.Product.Tests\bin\Debug\net8.0\Acme.Product.Tests.dll" adapterTypeName="executor://xunit/VsTestRunner2/netcoreapp" className="Acme.Product.Tests.Operators.PlanarMatchingOperatorTests" name="ExecuteAsync_WithPerspectiveWarp_ShouldReturnConsistentVerificationFields" />
    </UnitTest>
    <UnitTest name="Acme.Product.Tests.Operators.Phase42MeasurementAndSignalOperatorTests.FftFilterAndInverseFft_ShouldPreserveSignalLength" storage="c:\users\11234\desktop\clearvision\acme.product\tests\acme.product.tests\bin\debug\net8.0\acme.product.tests.dll" id="a82ebe9e-1bd9-7397-6cc7-b6da8f12b971">
      <Execution id="e9f9cc8a-dc27-4857-8378-871df4402a19" />
      <TestMethod codeBase="C:\Users\11234\Desktop\ClearVision\Acme.Product\tests\Acme.Product.Tests\bin\Debug\net8.0\Acme.Product.Tests.dll" adapterTypeName="executor://xunit/VsTestRunner2/netcoreapp" className="Acme.Product.Tests.Operators.Phase42MeasurementAndSignalOperatorTests" name="FftFilterAndInverseFft_ShouldPreserveSignalLength" />
    </UnitTest>
    <UnitTest name="Acme.Product.Tests.Operators.Phase42MeasurementAndSignalOperatorTests.ArcCaliper_ShouldDetectArcEdges" storage="c:\users\11234\desktop\clearvision\acme.product\tests\acme.product.tests\bin\debug\net8.0\acme.product.tests.dll" id="45c2793c-8392-826f-03f8-75d3a0a88c42">
      <Execution id="d1c4d969-7eb4-4bfb-b14f-c894301a88dc" />
      <TestMethod codeBase="C:\Users\11234\Desktop\ClearVision\Acme.Product\tests\Acme.Product.Tests\bin\Debug\net8.0\Acme.Product.Tests.dll" adapterTypeName="executor://xunit/VsTestRunner2/netcoreapp" className="Acme.Product.Tests.Operators.Phase42MeasurementAndSignalOperatorTests" name="ArcCaliper_ShouldDetectArcEdges" />
    </UnitTest>
    <UnitTest name="Acme.Product.Tests.Operators.PlanarMatchingOperatorTests.ExecuteAsync_WithNullInputs_ShouldReturnFailure" storage="c:\users\11234\desktop\clearvision\acme.product\tests\acme.product.tests\bin\debug\net8.0\acme.product.tests.dll" id="60029582-ffc7-682d-a354-47acffa3d153">
      <Execution id="0b4b4e26-8314-468b-bbb7-42309dad2642" />
      <TestMethod codeBase="C:\Users\11234\Desktop\ClearVision\Acme.Product\tests\Acme.Product.Tests\bin\Debug\net8.0\Acme.Product.Tests.dll" adapterTypeName="executor://xunit/VsTestRunner2/netcoreapp" className="Acme.Product.Tests.Operators.PlanarMatchingOperatorTests" name="ExecuteAsync_WithNullInputs_ShouldReturnFailure" />
    </UnitTest>
    <UnitTest name="Acme.Product.Tests.Operators.PixelToWorldTransformOperatorTests.ExecuteAsync_WithWorldToPixelMode_ShouldTransformPoints" storage="c:\users\11234\desktop\clearvision\acme.product\tests\acme.product.tests\bin\debug\net8.0\acme.product.tests.dll" id="809f6112-8d31-7a0d-12d1-2dcecdbd7f29">
      <Execution id="f5d8b446-e384-4b0b-b1d7-8e1850501118" />
      <TestMethod codeBase="C:\Users\11234\Desktop\ClearVision\Acme.Product\tests\Acme.Product.Tests\bin\Debug\net8.0\Acme.Product.Tests.dll" adapterTypeName="executor://xunit/VsTestRunner2/netcoreapp" className="Acme.Product.Tests.Operators.PixelToWorldTransformOperatorTests" name="ExecuteAsync_WithWorldToPixelMode_ShouldTransformPoints" />
    </UnitTest>
    <UnitTest name="Acme.Product.Tests.Operators.PixelToWorldTransformOperatorTests.ValidateParameters_WithInvalidUnitScale_ShouldBeInvalid" storage="c:\users\11234\desktop\clearvision\acme.product\tests\acme.product.tests\bin\debug\net8.0\acme.product.tests.dll" id="fccd505d-4277-b4bf-8607-01936fe9f35c">
      <Execution id="9b0de35c-472c-4340-8a76-38b918013cfe" />
      <TestMethod codeBase="C:\Users\11234\Desktop\ClearVision\Acme.Product\tests\Acme.Product.Tests\bin\Debug\net8.0\Acme.Product.Tests.dll" adapterTypeName="executor://xunit/VsTestRunner2/netcoreapp" className="Acme.Product.Tests.Operators.PixelToWorldTransformOperatorTests" name="ValidateParameters_WithInvalidUnitScale_ShouldBeInvalid" />
    </UnitTest>
    <UnitTest name="Acme.Product.Tests.Operators.OperatorContractReconciliationTests.WidthMeasurement_Should_Use_SubpixelCaliper_When_ImageContainsEdges" storage="c:\users\11234\desktop\clearvision\acme.product\tests\acme.product.tests\bin\debug\net8.0\acme.product.tests.dll" id="4a496e68-9672-b8e2-438c-496c4c5d331a">
      <Execution id="01b1f568-d716-439f-8181-14e217c1fd96" />
      <TestMethod codeBase="C:\Users\11234\Desktop\ClearVision\Acme.Product\tests\Acme.Product.Tests\bin\Debug\net8.0\Acme.Product.Tests.dll" adapterTypeName="executor://xunit/VsTestRunner2/netcoreapp" className="Acme.Product.Tests.Operators.OperatorContractReconciliationTests" name="WidthMeasurement_Should_Use_SubpixelCaliper_When_ImageContainsEdges" />
    </UnitTest>
    <UnitTest name="Acme.Product.Tests.Operators.OperatorContractReconciliationTests.TypeConvert_Should_Reject_Legacy_Value_Key_When_Input_Is_Missing" storage="c:\users\11234\desktop\clearvision\acme.product\tests\acme.product.tests\bin\debug\net8.0\acme.product.tests.dll" id="842b735c-db91-df91-b4b9-d2efeb0f2dd5">
      <Execution id="4d4d7974-3a45-43c0-9d75-f8403d81cf98" />
      <TestMethod codeBase="C:\Users\11234\Desktop\ClearVision\Acme.Product\tests\Acme.Product.Tests\bin\Debug\net8.0\Acme.Product.Tests.dll" adapterTypeName="executor://xunit/VsTestRunner2/netcoreapp" className="Acme.Product.Tests.Operators.OperatorContractReconciliationTests" name="TypeConvert_Should_Reject_Legacy_Value_Key_When_Input_Is_Missing" />
    </UnitTest>
    <UnitTest name="Acme.Product.Tests.Operators.PlanarMatchingOperatorTests.ValidateParameters_WithRemovedOrUnknownDetector_ShouldBeInvalid(detectorType: &quot;invalid-detector&quot;)" storage="c:\users\11234\desktop\clearvision\acme.product\tests\acme.product.tests\bin\debug\net8.0\acme.product.tests.dll" id="63571c76-15c3-897f-e8a9-267d33fb7d87">
      <Execution id="8a195e5a-2df5-4ad9-bc1c-d19ff977c0dc" />
      <TestMethod codeBase="C:\Users\11234\Desktop\ClearVision\Acme.Product\tests\Acme.Product.Tests\bin\Debug\net8.0\Acme.Product.Tests.dll" adapterTypeName="executor://xunit/VsTestRunner2/netcoreapp" className="Acme.Product.Tests.Operators.PlanarMatchingOperatorTests" name="ValidateParameters_WithRemovedOrUnknownDetector_ShouldBeInvalid" />
    </UnitTest>
    <UnitTest name="Acme.Product.Tests.Operators.OperatorContractReconciliationTests.ShapeMatching_Should_Find_Scaled_Template" storage="c:\users\11234\desktop\clearvision\acme.product\tests\acme.product.tests\bin\debug\net8.0\acme.product.tests.dll" id="f8b5590e-6a8f-56bb-e9c7-f6566da653c5">
      <Execution id="182c119f-77d1-4d92-87bb-a424d2ff686a" />
      <TestMethod codeBase="C:\Users\11234\Desktop\ClearVision\Acme.Product\tests\Acme.Product.Tests\bin\Debug\net8.0\Acme.Product.Tests.dll" adapterTypeName="executor://xunit/VsTestRunner2/netcoreapp" className="Acme.Product.Tests.Operators.OperatorContractReconciliationTests" name="ShapeMatching_Should_Find_Scaled_Template" />
    </UnitTest>
    <UnitTest name="Acme.Product.Tests.Operators.PixelToWorldTransformOperatorTests.OperatorType_ShouldBePixelToWorldTransform" storage="c:\users\11234\desktop\clearvision\acme.product\tests\acme.product.tests\bin\debug\net8.0\acme.product.tests.dll" id="b5eea7d4-e443-fc95-3af2-e378c71d1073">
      <Execution id="6e30358b-238f-4706-a64a-a9b124512432" />
      <TestMethod codeBase="C:\Users\11234\Desktop\ClearVision\Acme.Product\tests\Acme.Product.Tests\bin\Debug\net8.0\Acme.Product.Tests.dll" adapterTypeName="executor://xunit/VsTestRunner2/netcoreapp" className="Acme.Product.Tests.Operators.PixelToWorldTransformOperatorTests" name="OperatorType_ShouldBePixelToWorldTransform" />
    </UnitTest>
    <UnitTest name="Acme.Product.Tests.Operators.OperatorMetadataMigrationTests.AllOperatorTypes_ShouldHaveMetadataAfterMigration" storage="c:\users\11234\desktop\clearvision\acme.product\tests\acme.product.tests\bin\debug\net8.0\acme.product.tests.dll" id="5e767188-b7c0-fc68-775f-ddb2d45acd3a">
      <Execution id="e5b67589-68a0-4864-a57e-b369c2eea152" />
      <TestMethod codeBase="C:\Users\11234\Desktop\ClearVision\Acme.Product\tests\Acme.Product.Tests\bin\Debug\net8.0\Acme.Product.Tests.dll" adapterTypeName="executor://xunit/VsTestRunner2/netcoreapp" className="Acme.Product.Tests.Operators.OperatorMetadataMigrationTests" name="AllOperatorTypes_ShouldHaveMetadataAfterMigration" />
    </UnitTest>
    <UnitTest name="Acme.Product.Tests.Operators.PixelToWorldTransformOperatorTests.ExecuteAsync_WithoutCalibrationData_ShouldReturnFailure" storage="c:\users\11234\desktop\clearvision\acme.product\tests\acme.product.tests\bin\debug\net8.0\acme.product.tests.dll" id="2380d16e-46b4-6a8c-d171-1c59af9f6837">
      <Execution id="c20fcf62-90af-4d65-8c2e-fc4c06542558" />
      <TestMethod codeBase="C:\Users\11234\Desktop\ClearVision\Acme.Product\tests\Acme.Product.Tests\bin\Debug\net8.0\Acme.Product.Tests.dll" adapterTypeName="executor://xunit/VsTestRunner2/netcoreapp" className="Acme.Product.Tests.Operators.PixelToWorldTransformOperatorTests" name="ExecuteAsync_WithoutCalibrationData_ShouldReturnFailure" />
    </UnitTest>
    <UnitTest name="Acme.Product.Tests.Operators.PlanarMatchingOperatorTests.ExecuteAsync_WithBlankSearchImage_ShouldFailVerification" storage="c:\users\11234\desktop\clearvision\acme.product\tests\acme.product.tests\bin\debug\net8.0\acme.product.tests.dll" id="199074a1-ae17-fa48-b285-3775e9311da3">
      <Execution id="bf9511ce-9ed0-45d1-8845-b9029923d8fa" />
      <TestMethod codeBase="C:\Users\11234\Desktop\ClearVision\Acme.Product\tests\Acme.Product.Tests\bin\Debug\net8.0\Acme.Product.Tests.dll" adapterTypeName="executor://xunit/VsTestRunner2/netcoreapp" className="Acme.Product.Tests.Operators.PlanarMatchingOperatorTests" name="ExecuteAsync_WithBlankSearchImage_ShouldFailVerification" />
    </UnitTest>
    <UnitTest name="Acme.Product.Tests.Operators.PixelToWorldTransformOperatorTests.ExecuteAsync_WithPixelToWorldMode_ShouldTransformPoints" storage="c:\users\11234\desktop\clearvision\acme.product\tests\acme.product.tests\bin\debug\net8.0\acme.product.tests.dll" id="ecd2ca23-8f1c-2328-d73e-79a232ccd815">
      <Execution id="4468d452-c9d7-4e6b-b1e3-e7ecdb88d476" />
      <TestMethod codeBase="C:\Users\11234\Desktop\ClearVision\Acme.Product\tests\Acme.Product.Tests\bin\Debug\net8.0\Acme.Product.Tests.dll" adapterTypeName="executor://xunit/VsTestRunner2/netcoreapp" className="Acme.Product.Tests.Operators.PixelToWorldTransformOperatorTests" name="ExecuteAsync_WithPixelToWorldMode_ShouldTransformPoints" />
    </UnitTest>
    <UnitTest name="Acme.Product.Tests.Operators.Phase42RegionProcessingOperatorTests.RegionSkeleton_ShouldProduceThinnerRegion" storage="c:\users\11234\desktop\clearvision\acme.product\tests\acme.product.tests\bin\debug\net8.0\acme.product.tests.dll" id="6c5ab3fc-503a-4807-3073-9fa8c98aedd9">
      <Execution id="c79c427b-ec85-44bc-87da-6f0a290cde46" />
      <TestMethod codeBase="C:\Users\11234\Desktop\ClearVision\Acme.Product\tests\Acme.Product.Tests\bin\Debug\net8.0\Acme.Product.Tests.dll" adapterTypeName="executor://xunit/VsTestRunner2/netcoreapp" className="Acme.Product.Tests.Operators.Phase42RegionProcessingOperatorTests" name="RegionSkeleton_ShouldProduceThinnerRegion" />
    </UnitTest>
    <UnitTest name="Acme.Product.Tests.Operators.Phase42RegionProcessingOperatorTests.RegionSkeleton_ShouldPreserveOriginalCoordinates" storage="c:\users\11234\desktop\clearvision\acme.product\tests\acme.product.tests\bin\debug\net8.0\acme.product.tests.dll" id="b36db049-562e-3bee-9857-ab3d6500bc55">
      <Execution id="150ff166-5fad-42b6-9daa-09bb26622bb7" />
      <TestMethod codeBase="C:\Users\11234\Desktop\ClearVision\Acme.Product\tests\Acme.Product.Tests\bin\Debug\net8.0\Acme.Product.Tests.dll" adapterTypeName="executor://xunit/VsTestRunner2/netcoreapp" className="Acme.Product.Tests.Operators.Phase42RegionProcessingOperatorTests" name="RegionSkeleton_ShouldPreserveOriginalCoordinates" />
    </UnitTest>
    <UnitTest name="Acme.Product.Tests.Operators.OperatorContractReconciliationTests.WidthMeasurement_Should_Apply_Custom_Direction_And_Expose_Image_Size_Separately" storage="c:\users\11234\desktop\clearvision\acme.product\tests\acme.product.tests\bin\debug\net8.0\acme.product.tests.dll" id="35129cac-d6ff-e4f1-1524-dee831f2476a">
      <Execution id="b2e3d0c5-526b-46e0-b162-36799aace712" />
      <TestMethod codeBase="C:\Users\11234\Desktop\ClearVision\Acme.Product\tests\Acme.Product.Tests\bin\Debug\net8.0\Acme.Product.Tests.dll" adapterTypeName="executor://xunit/VsTestRunner2/netcoreapp" className="Acme.Product.Tests.Operators.OperatorContractReconciliationTests" name="WidthMeasurement_Should_Apply_Custom_Direction_And_Expose_Image_Size_Separately" />
    </UnitTest>
    <UnitTest name="Acme.Product.Tests.Operators.PlanarMatchingOperatorTests.ValidateParameters_WithValidMatchRatio_ShouldBeValid" storage="c:\users\11234\desktop\clearvision\acme.product\tests\acme.product.tests\bin\debug\net8.0\acme.product.tests.dll" id="00bf1875-e738-8de8-0f13-cffaee79d992">
      <Execution id="5ff9649c-6980-455e-b22a-ec4db48dfe8e" />
      <TestMethod codeBase="C:\Users\11234\Desktop\ClearVision\Acme.Product\tests\Acme.Product.Tests\bin\Debug\net8.0\Acme.Product.Tests.dll" adapterTypeName="executor://xunit/VsTestRunner2/netcoreapp" className="Acme.Product.Tests.Operators.PlanarMatchingOperatorTests" name="ValidateParameters_WithValidMatchRatio_ShouldBeValid" />
    </UnitTest>
    <UnitTest name="Acme.Product.Tests.Operators.PlanarMatchingOperatorTests.ExecuteAsync_WithPerspectiveWarp_ShouldPassGeometryGate" storage="c:\users\11234\desktop\clearvision\acme.product\tests\acme.product.tests\bin\debug\net8.0\acme.product.tests.dll" id="efebc6d3-8717-4f58-51bb-e623bf641462">
      <Execution id="94f2e487-00e5-4920-86b9-fac13464ce9d" />
      <TestMethod codeBase="C:\Users\11234\Desktop\ClearVision\Acme.Product\tests\Acme.Product.Tests\bin\Debug\net8.0\Acme.Product.Tests.dll" adapterTypeName="executor://xunit/VsTestRunner2/netcoreapp" className="Acme.Product.Tests.Operators.PlanarMatchingOperatorTests" name="ExecuteAsync_WithPerspectiveWarp_ShouldPassGeometryGate" />
    </UnitTest>
  </TestDefinitions>
  <TestEntries>
    <TestEntry testId="199074a1-ae17-fa48-b285-3775e9311da3" executionId="bf9511ce-9ed0-45d1-8845-b9029923d8fa" testListId="8c84fa94-04c1-424b-9868-57a2d4851a1d" />
    <TestEntry testId="842b735c-db91-df91-b4b9-d2efeb0f2dd5" executionId="4d4d7974-3a45-43c0-9d75-f8403d81cf98" testListId="8c84fa94-04c1-424b-9868-57a2d4851a1d" />
    <TestEntry testId="24ecb87e-5e7c-4e84-30cb-f455e0bb4416" executionId="9e4e1e81-0e1c-446d-932a-6be9368e73d1" testListId="8c84fa94-04c1-424b-9868-57a2d4851a1d" />
    <TestEntry testId="3177e814-5290-20be-97de-68101f055b30" executionId="12d69534-cfbb-4922-8155-b7feb2c97d3e" testListId="8c84fa94-04c1-424b-9868-57a2d4851a1d" />
    <TestEntry testId="ecd2ca23-8f1c-2328-d73e-79a232ccd815" executionId="4468d452-c9d7-4e6b-b1e3-e7ecdb88d476" testListId="8c84fa94-04c1-424b-9868-57a2d4851a1d" />
    <TestEntry testId="efebc6d3-8717-4f58-51bb-e623bf641462" executionId="94f2e487-00e5-4920-86b9-fac13464ce9d" testListId="8c84fa94-04c1-424b-9868-57a2d4851a1d" />
    <TestEntry testId="616b671d-4afd-73f9-8a59-f2bf145ec2a9" executionId="a6892a31-a116-4a92-b3ae-922b1298b0de" testListId="8c84fa94-04c1-424b-9868-57a2d4851a1d" />
    <TestEntry testId="20756320-525f-cf5a-cee6-a2c3c7b8a6e3" executionId="20fa7a76-f9ee-4933-b715-dae83ab5b655" testListId="8c84fa94-04c1-424b-9868-57a2d4851a1d" />
    <TestEntry testId="ad247c60-acd7-2d2b-b065-b3e2bacf66a2" executionId="6762e0cd-3592-493b-bbd5-2168af412ca4" testListId="8c84fa94-04c1-424b-9868-57a2d4851a1d" />
    <TestEntry testId="62e1e7cc-d0d4-539f-9a27-3808bdaab58d" executionId="1bbdcac0-c1a9-4850-a99f-d2ce3b57ec72" testListId="8c84fa94-04c1-424b-9868-57a2d4851a1d" />
    <TestEntry testId="5afd4148-2d99-756c-fc66-091c1e66d6f5" executionId="1bf9ca83-43c0-4946-b3ab-347a5a320f66" testListId="8c84fa94-04c1-424b-9868-57a2d4851a1d" />
    <TestEntry testId="8c0f22dd-ebd0-f3e2-65ad-27b87151c3ff" executionId="c7379f7d-5324-43c7-b1c0-ac63acf6f855" testListId="8c84fa94-04c1-424b-9868-57a2d4851a1d" />
    <TestEntry testId="81e38fef-5228-2249-f93a-7c8336237db3" executionId="c2315459-7d2c-4d9b-9ad7-42b49c5c7433" testListId="8c84fa94-04c1-424b-9868-57a2d4851a1d" />
    <TestEntry testId="1220aea1-55d8-abae-d120-f44a0e8f29f9" executionId="bcf93208-f00f-4e9c-b456-680eaf0e7070" testListId="8c84fa94-04c1-424b-9868-57a2d4851a1d" />
    <TestEntry testId="175e6a6f-0360-f21a-9c13-06667f6d298b" executionId="d81a923d-b11f-45eb-8148-71a2551e6276" testListId="8c84fa94-04c1-424b-9868-57a2d4851a1d" />
    <TestEntry testId="73e80b7c-2722-1cef-8f00-1dc4ecf1982e" executionId="b26007f1-c2f2-4024-b844-8825fd85951c" testListId="8c84fa94-04c1-424b-9868-57a2d4851a1d" />
    <TestEntry testId="6b082177-3994-c4a5-aaf0-2247925470f7" executionId="8ee613c8-ead1-46ac-9b96-46a12b8a8bc3" testListId="8c84fa94-04c1-424b-9868-57a2d4851a1d" />
    <TestEntry testId="7e237863-6a02-d6e8-fef1-952610f7c252" executionId="7625df6c-68a3-4aa2-87bc-501a2afdcbc7" testListId="8c84fa94-04c1-424b-9868-57a2d4851a1d" />
    <TestEntry testId="809f6112-8d31-7a0d-12d1-2dcecdbd7f29" executionId="f5d8b446-e384-4b0b-b1d7-8e1850501118" testListId="8c84fa94-04c1-424b-9868-57a2d4851a1d" />
    <TestEntry testId="8be6c2c0-cf7e-d08a-87d7-2d9d69ddf0bb" executionId="c6fc2e0d-6b26-4718-a472-edf7e9ee3479" testListId="8c84fa94-04c1-424b-9868-57a2d4851a1d" />
    <TestEntry testId="6c5ab3fc-503a-4807-3073-9fa8c98aedd9" executionId="c79c427b-ec85-44bc-87da-6f0a290cde46" testListId="8c84fa94-04c1-424b-9868-57a2d4851a1d" />
    <TestEntry testId="64a87c09-85a4-299b-f477-aac13361f012" executionId="9f3975b7-730a-4a31-a195-71468407bb9e" testListId="8c84fa94-04c1-424b-9868-57a2d4851a1d" />
    <TestEntry testId="d44ab99f-5384-34bd-2493-8a4d2841210e" executionId="24f7d0d8-6c2a-43b5-8108-80d0021cd412" testListId="8c84fa94-04c1-424b-9868-57a2d4851a1d" />
    <TestEntry testId="752ef8f8-ef68-d1b1-49ac-ccba4ea3b050" executionId="24cec401-77f2-406d-83f1-25e1d662abe5" testListId="8c84fa94-04c1-424b-9868-57a2d4851a1d" />
    <TestEntry testId="09a975fb-46f6-7841-5534-93dda50cc65a" executionId="f40f65a3-b70c-41b1-a3cf-116fa2450e11" testListId="8c84fa94-04c1-424b-9868-57a2d4851a1d" />
    <TestEntry testId="9b3efc09-cfa9-42ab-b40d-3026195a1dee" executionId="9273e794-0bff-4327-98d4-e01dc107af4f" testListId="8c84fa94-04c1-424b-9868-57a2d4851a1d" />
    <TestEntry testId="00bf1875-e738-8de8-0f13-cffaee79d992" executionId="5ff9649c-6980-455e-b22a-ec4db48dfe8e" testListId="8c84fa94-04c1-424b-9868-57a2d4851a1d" />
    <TestEntry testId="f8b5590e-6a8f-56bb-e9c7-f6566da653c5" executionId="182c119f-77d1-4d92-87bb-a424d2ff686a" testListId="8c84fa94-04c1-424b-9868-57a2d4851a1d" />
    <TestEntry testId="fccd505d-4277-b4bf-8607-01936fe9f35c" executionId="9b0de35c-472c-4340-8a76-38b918013cfe" testListId="8c84fa94-04c1-424b-9868-57a2d4851a1d" />
    <TestEntry testId="b2d96869-c50a-5dee-3f1e-35ad14ad7841" executionId="76db9cdd-b7db-419f-80e0-ca79b5e280dc" testListId="8c84fa94-04c1-424b-9868-57a2d4851a1d" />
    <TestEntry testId="871ff87e-1a0e-6d3e-7586-e39658ea249a" executionId="fe6e218e-e629-4048-b22c-86c60f494192" testListId="8c84fa94-04c1-424b-9868-57a2d4851a1d" />
    <TestEntry testId="81745f12-e9b3-912c-c63d-467fb4f0c43b" executionId="9162d374-2087-4edd-a7f2-2f53fbbbf987" testListId="8c84fa94-04c1-424b-9868-57a2d4851a1d" />
    <TestEntry testId="a82ebe9e-1bd9-7397-6cc7-b6da8f12b971" executionId="e9f9cc8a-dc27-4857-8378-871df4402a19" testListId="8c84fa94-04c1-424b-9868-57a2d4851a1d" />
    <TestEntry testId="8d2fb42a-4384-90ee-45c5-259b8227dbad" executionId="249c7d95-e5e3-480d-80dc-8df0e31edec3" testListId="8c84fa94-04c1-424b-9868-57a2d4851a1d" />
    <TestEntry testId="a87aff92-e972-8260-1bef-165d50dba23c" executionId="5eb1eccf-6d87-4f85-9c2e-442556353cc9" testListId="8c84fa94-04c1-424b-9868-57a2d4851a1d" />
    <TestEntry testId="b64b21ac-8667-890a-a129-77d365d37aad" executionId="1225babf-c97f-475b-beab-33998222b4b0" testListId="8c84fa94-04c1-424b-9868-57a2d4851a1d" />
    <TestEntry testId="727e605d-44f2-192d-6d78-e552f0d10a68" executionId="ad141a72-0026-4cc5-897d-210601cdc384" testListId="8c84fa94-04c1-424b-9868-57a2d4851a1d" />
    <TestEntry testId="4a496e68-9672-b8e2-438c-496c4c5d331a" executionId="01b1f568-d716-439f-8181-14e217c1fd96" testListId="8c84fa94-04c1-424b-9868-57a2d4851a1d" />
    <TestEntry testId="45c2793c-8392-826f-03f8-75d3a0a88c42" executionId="d1c4d969-7eb4-4bfb-b14f-c894301a88dc" testListId="8c84fa94-04c1-424b-9868-57a2d4851a1d" />
    <TestEntry testId="21699abb-0ee0-4806-5a42-241bada9a29b" executionId="d9345826-a285-4294-afca-d6db4bbb80c6" testListId="8c84fa94-04c1-424b-9868-57a2d4851a1d" />
    <TestEntry testId="2380d16e-46b4-6a8c-d171-1c59af9f6837" executionId="c20fcf62-90af-4d65-8c2e-fc4c06542558" testListId="8c84fa94-04c1-424b-9868-57a2d4851a1d" />
    <TestEntry testId="33a1d397-8523-669c-5f19-10abc22c33f9" executionId="96753d0e-6838-49eb-9deb-5650602c412b" testListId="8c84fa94-04c1-424b-9868-57a2d4851a1d" />
    <TestEntry testId="b36db049-562e-3bee-9857-ab3d6500bc55" executionId="150ff166-5fad-42b6-9daa-09bb26622bb7" testListId="8c84fa94-04c1-424b-9868-57a2d4851a1d" />
    <TestEntry testId="78a50a2c-af72-6d4c-1ed5-53b9357bc06c" executionId="669f7f37-ad8a-4924-b366-7cb628e5b81a" testListId="8c84fa94-04c1-424b-9868-57a2d4851a1d" />
    <TestEntry testId="35129cac-d6ff-e4f1-1524-dee831f2476a" executionId="b2e3d0c5-526b-46e0-b162-36799aace712" testListId="8c84fa94-04c1-424b-9868-57a2d4851a1d" />
    <TestEntry testId="3ad69470-a58f-b0ba-4f66-97d731f92301" executionId="54d695ed-c142-422f-b868-b275095fa064" testListId="8c84fa94-04c1-424b-9868-57a2d4851a1d" />
    <TestEntry testId="6ab7396a-272a-47a7-2fdc-a884c45547e6" executionId="c1e30441-c579-421c-9aab-46aa372bc18c" testListId="8c84fa94-04c1-424b-9868-57a2d4851a1d" />
    <TestEntry testId="f4e1b661-c413-66b2-ca53-ce783f10ad7c" executionId="1b2b44a0-e3c0-473a-9e43-07705ca47b68" testListId="8c84fa94-04c1-424b-9868-57a2d4851a1d" />
    <TestEntry testId="da639b05-7d34-1486-9295-b8808a02ad27" executionId="e243f5aa-d47a-47b0-8452-4a62dacd4a84" testListId="8c84fa94-04c1-424b-9868-57a2d4851a1d" />
    <TestEntry testId="7918ba95-d2e1-ed39-b62b-5d6e90ea29d9" executionId="65858288-f34e-44af-8f8b-a192ab7e1ddb" testListId="8c84fa94-04c1-424b-9868-57a2d4851a1d" />
    <TestEntry testId="b5eea7d4-e443-fc95-3af2-e378c71d1073" executionId="6e30358b-238f-4706-a64a-a9b124512432" testListId="8c84fa94-04c1-424b-9868-57a2d4851a1d" />
    <TestEntry testId="07bd0d80-6148-3b42-d387-0cbd0bb9011f" executionId="0929ff93-947c-4eea-afb1-64c6232b256d" testListId="8c84fa94-04c1-424b-9868-57a2d4851a1d" />
    <TestEntry testId="63571c76-15c3-897f-e8a9-267d33fb7d87" executionId="8a195e5a-2df5-4ad9-bc1c-d19ff977c0dc" testListId="8c84fa94-04c1-424b-9868-57a2d4851a1d" />
    <TestEntry testId="5e767188-b7c0-fc68-775f-ddb2d45acd3a" executionId="e5b67589-68a0-4864-a57e-b369c2eea152" testListId="8c84fa94-04c1-424b-9868-57a2d4851a1d" />
    <TestEntry testId="ae96fae5-a6d7-9a15-eef0-3e7db8652575" executionId="612da5b3-b0c8-4cb3-831f-757c8b98e360" testListId="8c84fa94-04c1-424b-9868-57a2d4851a1d" />
    <TestEntry testId="c7a707ec-b051-252c-3a4e-016080d6d42b" executionId="70cc90f0-35ac-4896-8ee8-819b5b2eac25" testListId="8c84fa94-04c1-424b-9868-57a2d4851a1d" />
    <TestEntry testId="60029582-ffc7-682d-a354-47acffa3d153" executionId="0b4b4e26-8314-468b-bbb7-42309dad2642" testListId="8c84fa94-04c1-424b-9868-57a2d4851a1d" />
  </TestEntries>
  <TestLists>
    <TestList name="列表中未列出的结果" id="8c84fa94-04c1-424b-9868-57a2d4851a1d" />
    <TestList name="所有已加载的结果" id="19431567-8539-422a-85d7-44ee4e166bda" />
  </TestLists>
  <ResultSummary outcome="Completed">
    <Counters total="57" executed="57" passed="57" failed="0" error="0" timeout="0" aborted="0" inconclusive="0" passedButRunAborted="0" notRunnable="0" notExecuted="0" disconnected="0" warning="0" completed="0" inProgress="0" pending="0" />
    <Output>
      <StdOut>[xUnit.net 00:00:00.00] xUnit.net VSTest Adapter v2.5.7+8f2703126a (64-bit .NET 8.0.17)&#xD;
[xUnit.net 00:00:00.07]   Discovering: Acme.Product.Tests&#xD;
[xUnit.net 00:00:00.18]   Discovered:  Acme.Product.Tests&#xD;
[xUnit.net 00:00:00.18]   Starting:    Acme.Product.Tests&#xD;
[xUnit.net 00:00:04.27]   Finished:    Acme.Product.Tests&#xD;
</StdOut>
    </Output>
  </ResultSummary>
</TestRun>