<?xml version="1.0" encoding="utf-8"?>
<TestRun id="8f93d64d-2940-4ff1-a936-afb9e80b3006" name="11234@ROG16 2026-02-20 13:50:17" runUser="ROG16\11234" xmlns="http://microsoft.com/schemas/VisualStudio/TeamTest/2010">
  <Times creation="2026-02-20T13:50:17.2914319+08:00" queuing="2026-02-20T13:50:17.2914320+08:00" start="2026-02-20T13:50:16.4213925+08:00" finish="2026-02-20T13:50:18.2832213+08:00" />
  <TestSettings name="default" id="78da471e-a6d0-4b59-bfb9-07b479b81505">
    <Deployment runDeploymentRoot="11234_ROG16_2026-02-20_13_50_17" />
  </TestSettings>
  <Results>
    <UnitTestResult executionId="b9c2941e-beaf-45cd-8990-db8aa91fe569" testId="b500f3f0-9cdc-ea9d-3830-c7e69a7d6cec" testName="Acme.Product.Tests.Operators.LineMeasurementOperatorTests.ExecuteAsync_WithNullInputs_ShouldReturnFailure" computerName="ROG16" duration="00:00:00.0252614" startTime="2026-02-20T13:50:17.3503498+08:00" endTime="2026-02-20T13:50:17.3503500+08:00" testType="13cdc9d9-ddb5-4fa4-a97d-d965ccfc6d4b" outcome="Passed" testListId="8c84fa94-04c1-424b-9868-57a2d4851a1d" relativeResultsDirectory="b9c2941e-beaf-45cd-8990-db8aa91fe569" />
    <UnitTestResult executionId="bb18fa66-ace4-4db9-9303-37459e9985ac" testId="435e4a4b-a791-94ef-2db2-219be94b57fc" testName="Acme.Product.Tests.Operators.SubpixelEdgeDetectionOperatorTests.OperatorType_ShouldBeSubpixelEdgeDetection" computerName="ROG16" duration="00:00:00.0001368" startTime="2026-02-20T13:50:17.3447181+08:00" endTime="2026-02-20T13:50:17.3447181+08:00" testType="13cdc9d9-ddb5-4fa4-a97d-d965ccfc6d4b" outcome="Passed" testListId="8c84fa94-04c1-424b-9868-57a2d4851a1d" relativeResultsDirectory="bb18fa66-ace4-4db9-9303-37459e9985ac" />
    <UnitTestResult executionId="a5205162-4758-4287-8018-1d35680c7914" testId="31698780-4c97-9bb9-3ea4-ce9cd9656043" testName="Acme.Product.Tests.Integration.FlowExecutionServiceIntegrationTests.ValidateFlow_GaussianBlurWithInvalidKernelSize_ShouldFailValidation(kernelSize: -5)" computerName="ROG16" duration="00:00:00.0025870" startTime="2026-02-20T13:50:17.4218230+08:00" endTime="2026-02-20T13:50:17.4218231+08:00" testType="13cdc9d9-ddb5-4fa4-a97d-d965ccfc6d4b" outcome="Passed" testListId="8c84fa94-04c1-424b-9868-57a2d4851a1d" relativeResultsDirectory="a5205162-4758-4287-8018-1d35680c7914" />
    <UnitTestResult executionId="3ecaf297-949e-419f-93d7-5c0568ab00c6" testId="e86470d4-5e69-0021-145d-c7f4a1f31321" testName="Acme.Product.Tests.Services.Sprint4_FlowLinterTests.FlowLinter_PARAM_004_DivideByZeroDanger_ReturnsWarning" computerName="ROG16" duration="00:00:00.3008076" startTime="2026-02-20T13:50:17.3946018+08:00" endTime="2026-02-20T13:50:17.3946019+08:00" testType="13cdc9d9-ddb5-4fa4-a97d-d965ccfc6d4b" outcome="Passed" testListId="8c84fa94-04c1-424b-9868-57a2d4851a1d" relativeResultsDirectory="3ecaf297-949e-419f-93d7-5c0568ab00c6" />
    <UnitTestResult executionId="cf885f5f-756c-45c3-8d03-da6d4b09f949" testId="6d99a25c-b624-6f18-2e63-97d2af752b43" testName="Acme.Product.Tests.ImageProcessing.LineModShapeMatcherTests.Match_WithThreshold_ShouldFilterResults" computerName="ROG16" duration="00:00:00.0332799" startTime="2026-02-20T13:50:17.3801122+08:00" endTime="2026-02-20T13:50:17.3801123+08:00" testType="13cdc9d9-ddb5-4fa4-a97d-d965ccfc6d4b" outcome="Passed" testListId="8c84fa94-04c1-424b-9868-57a2d4851a1d" relativeResultsDirectory="cf885f5f-756c-45c3-8d03-da6d4b09f949" />
    <UnitTestResult executionId="26fc657a-270f-4ff5-a2ae-12355b69e8b3" testId="f3f53b88-2d09-9c36-0865-f5f8ddb3ae70" testName="Acme.Product.Tests.Operators.DeepLearningOperatorTests.ValidateParameters_WithVariousInputs_ShouldReturnExpectedResult(modelPath: &quot;&quot;, confidence: 0.5, version: &quot;YOLOv8&quot;, expectedValid: False)" computerName="ROG16" duration="00:00:00.0001728" startTime="2026-02-20T13:50:17.4055587+08:00" endTime="2026-02-20T13:50:17.4055591+08:00" testType="13cdc9d9-ddb5-4fa4-a97d-d965ccfc6d4b" outcome="Passed" testListId="8c84fa94-04c1-424b-9868-57a2d4851a1d" relativeResultsDirectory="26fc657a-270f-4ff5-a2ae-12355b69e8b3" />
    <UnitTestResult executionId="61ebfbcc-8328-4b1d-9da7-f870d23e73ce" testId="d4d82f46-3cf6-324a-24e8-ff0a479a07ff" testName="Acme.Product.Tests.Operators.ShapeMatchingOperatorTests.ExecuteAsync_WithEmptyInputs_ShouldReturnFailure" computerName="ROG16" duration="00:00:00.0036866" startTime="2026-02-20T13:50:17.3263121+08:00" endTime="2026-02-20T13:50:17.3263122+08:00" testType="13cdc9d9-ddb5-4fa4-a97d-d965ccfc6d4b" outcome="Passed" testListId="8c84fa94-04c1-424b-9868-57a2d4851a1d" relativeResultsDirectory="61ebfbcc-8328-4b1d-9da7-f870d23e73ce" />
    <UnitTestResult executionId="b652c760-5507-4aab-ad7d-c2ebdedc9554" testId="63bbb2c1-a9d2-4557-219e-8dc9db4affb0" testName="Acme.Product.Tests.Operators.DatabaseWriteOperatorTests.ValidateParameters_WithEmptyTableName_ShouldReturnInvalid" computerName="ROG16" duration="00:00:00.0007092" startTime="2026-02-20T13:50:17.3859643+08:00" endTime="2026-02-20T13:50:17.3859650+08:00" testType="13cdc9d9-ddb5-4fa4-a97d-d965ccfc6d4b" outcome="Passed" testListId="8c84fa94-04c1-424b-9868-57a2d4851a1d" relativeResultsDirectory="b652c760-5507-4aab-ad7d-c2ebdedc9554" />
    <UnitTestResult executionId="f3d951f0-62b8-4ac0-938b-5f276e5c9415" testId="f12e3269-136d-7264-b530-78d736509d0b" testName="Acme.Product.Tests.Integration.FlowExecutionServiceIntegrationTests.ExecuteFlowAsync_ShouldTrackExecutionStatus" computerName="ROG16" duration="00:00:00.0015259" startTime="2026-02-20T13:50:17.4589054+08:00" endTime="2026-02-20T13:50:17.4589055+08:00" testType="13cdc9d9-ddb5-4fa4-a97d-d965ccfc6d4b" outcome="Passed" testListId="8c84fa94-04c1-424b-9868-57a2d4851a1d" relativeResultsDirectory="f3d951f0-62b8-4ac0-938b-5f276e5c9415" />
    <UnitTestResult executionId="e79d3692-ca2b-47bb-b834-8e1e45208b1f" testId="d9c7827e-a21c-d1ab-d509-a3c578c0a44b" testName="Acme.Product.Tests.Memory.Sprint1_ValueObjectTests.DetectionList_AverageConfidence_EmptyList_ReturnsZero" computerName="ROG16" duration="00:00:00.0000511" startTime="2026-02-20T13:50:17.2884529+08:00" endTime="2026-02-20T13:50:17.2884530+08:00" testType="13cdc9d9-ddb5-4fa4-a97d-d965ccfc6d4b" outcome="Passed" testListId="8c84fa94-04c1-424b-9868-57a2d4851a1d" relativeResultsDirectory="e79d3692-ca2b-47bb-b834-8e1e45208b1f" />
    <UnitTestResult executionId="fa08f8d4-fdd9-483f-a94d-13d299cb3814" testId="578d36b8-05a1-7fa0-2867-ac9a1df1e44f" testName="Acme.Product.Tests.Integration.FlowExecutionServiceIntegrationTests.ValidateFlow_GaussianBlurWithInvalidKernelSize_ShouldFailValidation(kernelSize: 32)" computerName="ROG16" duration="00:00:00.0003591" startTime="2026-02-20T13:50:17.4232346+08:00" endTime="2026-02-20T13:50:17.4232347+08:00" testType="13cdc9d9-ddb5-4fa4-a97d-d965ccfc6d4b" outcome="Passed" testListId="8c84fa94-04c1-424b-9868-57a2d4851a1d" relativeResultsDirectory="fa08f8d4-fdd9-483f-a94d-13d299cb3814" />
    <UnitTestResult executionId="e86eba17-4e7a-4d18-ad3f-60b103db1c7d" testId="fe57480c-c741-14c7-90bd-1d64d37fcac7" testName="Acme.Product.Tests.Services.Sprint4_FlowLinterTests.FlowLinter_PARAM_002_NumericRangeCheck_ReturnsWarning" computerName="ROG16" duration="00:00:00.0003639" startTime="2026-02-20T13:50:17.4081675+08:00" endTime="2026-02-20T13:50:17.4081676+08:00" testType="13cdc9d9-ddb5-4fa4-a97d-d965ccfc6d4b" outcome="Passed" testListId="8c84fa94-04c1-424b-9868-57a2d4851a1d" relativeResultsDirectory="e86eba17-4e7a-4d18-ad3f-60b103db1c7d" />
    <UnitTestResult executionId="46713f82-cd78-45d9-8992-150d4197df38" testId="494198df-3ab6-51fd-3b07-0735401f9741" testName="Acme.Product.Tests.Operators.Sprint3_TypeConvertTests.TypeConvert_ToInteger_ReturnsCorrectInt(value: &quot;100&quot;, expected: 100)" computerName="ROG16" duration="00:00:00.0121036" startTime="2026-02-20T13:50:17.4450869+08:00" endTime="2026-02-20T13:50:17.4450870+08:00" testType="13cdc9d9-ddb5-4fa4-a97d-d965ccfc6d4b" outcome="Passed" testListId="8c84fa94-04c1-424b-9868-57a2d4851a1d" relativeResultsDirectory="46713f82-cd78-45d9-8992-150d4197df38" />
    <UnitTestResult executionId="6d077d60-4e90-4a5d-a2d4-5a7ca3cafc46" testId="136c5d5c-0fe3-9b76-f166-9a832aca8a3c" testName="Acme.Product.Tests.Operators.Sprint3_LogicGateTests.LogicGate_NonBooleanInputs_ConvertsCorrectly(a: 1, b: 1, op: &quot;AND&quot;, expected: True)" computerName="ROG16" duration="00:00:00.0000977" startTime="2026-02-20T13:50:17.4566840+08:00" endTime="2026-02-20T13:50:17.4566840+08:00" testType="13cdc9d9-ddb5-4fa4-a97d-d965ccfc6d4b" outcome="Passed" testListId="8c84fa94-04c1-424b-9868-57a2d4851a1d" relativeResultsDirectory="6d077d60-4e90-4a5d-a2d4-5a7ca3cafc46" />
    <UnitTestResult executionId="f4d6a6ff-dca5-4e90-98a5-c2b2a4b55c63" testId="96fffebd-4760-8b88-a00b-43b9bd69036e" testName="Acme.Product.Tests.Services.Sprint4_FlowLinterTests.FlowLinter_Struct_002_InvalidConnection_ReturnsError" computerName="ROG16" duration="00:00:00.0003928" startTime="2026-02-20T13:50:17.4069949+08:00" endTime="2026-02-20T13:50:17.4069949+08:00" testType="13cdc9d9-ddb5-4fa4-a97d-d965ccfc6d4b" outcome="Passed" testListId="8c84fa94-04c1-424b-9868-57a2d4851a1d" relativeResultsDirectory="f4d6a6ff-dca5-4e90-98a5-c2b2a4b55c63" />
    <UnitTestResult executionId="9499c910-21d1-4a3c-8ab9-bc0f31bd2cda" testId="ebb96641-c0a1-e5e8-eaf6-6cdbe2f6f8cb" testName="Acme.Product.Tests.Operators.DatabaseWriteOperatorTests.OperatorType_ShouldBeDatabaseWrite" computerName="ROG16" duration="00:00:00.0281440" startTime="2026-02-20T13:50:17.3855313+08:00" endTime="2026-02-20T13:50:17.3855313+08:00" testType="13cdc9d9-ddb5-4fa4-a97d-d965ccfc6d4b" outcome="Passed" testListId="8c84fa94-04c1-424b-9868-57a2d4851a1d" relativeResultsDirectory="9499c910-21d1-4a3c-8ab9-bc0f31bd2cda" />
    <UnitTestResult executionId="2543fa3a-1a39-4e8e-ada7-315381810a76" testId="59c1e55c-5fe4-8f66-fb91-581aa6b4871d" testName="Acme.Product.Tests.Operators.RoiManagerOperatorTests.ExecuteAsync_WithNullInputs_ShouldReturnFailure" computerName="ROG16" duration="00:00:00.0004406" startTime="2026-02-20T13:50:17.4114167+08:00" endTime="2026-02-20T13:50:17.4114168+08:00" testType="13cdc9d9-ddb5-4fa4-a97d-d965ccfc6d4b" outcome="Passed" testListId="8c84fa94-04c1-424b-9868-57a2d4851a1d" relativeResultsDirectory="2543fa3a-1a39-4e8e-ada7-315381810a76" />
    <UnitTestResult executionId="dc279c98-dda4-4a9c-9924-e499bc127b99" testId="95c10c6e-227f-32d9-d714-d8d97f38f3df" testName="Acme.Product.Tests.Operators.StatisticsOperatorTests.ExecuteAsync_WithCpkParams_CalculatesCpkCorrectly" computerName="ROG16" duration="00:00:00.0128396" startTime="2026-02-20T13:50:17.4228900+08:00" endTime="2026-02-20T13:50:17.4228901+08:00" testType="13cdc9d9-ddb5-4fa4-a97d-d965ccfc6d4b" outcome="Passed" testListId="8c84fa94-04c1-424b-9868-57a2d4851a1d" relativeResultsDirectory="dc279c98-dda4-4a9c-9924-e499bc127b99" />
    <UnitTestResult executionId="6d95c86d-ffed-41a4-95ec-6aa9702d49e9" testId="627a4e89-4a93-d3c9-e828-ba2bcb2e52fc" testName="Acme.Product.Tests.Operators.CameraCalibrationOperatorTests.ExecuteAsync_WithNullInputs_ShouldReturnFailure" computerName="ROG16" duration="00:00:00.0388290" startTime="2026-02-20T13:50:17.3750049+08:00" endTime="2026-02-20T13:50:17.3750050+08:00" testType="13cdc9d9-ddb5-4fa4-a97d-d965ccfc6d4b" outcome="Passed" testListId="8c84fa94-04c1-424b-9868-57a2d4851a1d" relativeResultsDirectory="6d95c86d-ffed-41a4-95ec-6aa9702d49e9" />
    <UnitTestResult executionId="58f5c9fe-90ed-4a91-b357-3339eadd2c33" testId="e7328ad4-9858-8834-700a-a85f5cd66f54" testName="Acme.Product.Tests.Memory.Sprint1_ValueObjectTests.DetectionList_GetMaxArea_ReturnsLargest" computerName="ROG16" duration="00:00:00.0011666" startTime="2026-02-20T13:50:17.2843545+08:00" endTime="2026-02-20T13:50:17.2843546+08:00" testType="13cdc9d9-ddb5-4fa4-a97d-d965ccfc6d4b" outcome="Passed" testListId="8c84fa94-04c1-424b-9868-57a2d4851a1d" relativeResultsDirectory="58f5c9fe-90ed-4a91-b357-3339eadd2c33" />
    <UnitTestResult executionId="9670490c-4168-4aeb-810c-2369169486ae" testId="45d78fc3-b33d-3e55-46b6-777a8087092e" testName="Acme.Product.Tests.Operators.UndistortOperatorTests.ValidateParameters_Default_ShouldBeValid" computerName="ROG16" duration="00:00:00.0002880" startTime="2026-02-20T13:50:17.4451515+08:00" endTime="2026-02-20T13:50:17.4451515+08:00" testType="13cdc9d9-ddb5-4fa4-a97d-d965ccfc6d4b" outcome="Passed" testListId="8c84fa94-04c1-424b-9868-57a2d4851a1d" relativeResultsDirectory="9670490c-4168-4aeb-810c-2369169486ae" />
    <UnitTestResult executionId="167ea342-4793-4823-83f5-57a3cc6e178d" testId="56eb1c23-02b3-b4aa-bd5f-54f4f2c10a4e" testName="Acme.Product.Tests.Integration.FlowExecutionServiceIntegrationTests.ValidateFlow_CannyEdgeWithInvalidThresholds_ShouldFailValidation(threshold1: -1, threshold2: 150)" computerName="ROG16" duration="00:00:00.0003934" startTime="2026-02-20T13:50:17.4538834+08:00" endTime="2026-02-20T13:50:17.4538834+08:00" testType="13cdc9d9-ddb5-4fa4-a97d-d965ccfc6d4b" outcome="Passed" testListId="8c84fa94-04c1-424b-9868-57a2d4851a1d" relativeResultsDirectory="167ea342-4793-4823-83f5-57a3cc6e178d" />
    <UnitTestResult executionId="3a4a6cc9-0fdf-4b5a-b5b2-db9c25f85da6" testId="102469f8-8ead-4a4f-9b62-2d65ba0cf699" testName="Acme.Product.Tests.Operators.Sprint3_LogicGateTests.LogicGate_NAND_ReturnsCorrectResult(a: True, b: False, op: &quot;NAND&quot;, expected: True)" computerName="ROG16" duration="00:00:00.0000617" startTime="2026-02-20T13:50:17.4574320+08:00" endTime="2026-02-20T13:50:17.4574321+08:00" testType="13cdc9d9-ddb5-4fa4-a97d-d965ccfc6d4b" outcome="Passed" testListId="8c84fa94-04c1-424b-9868-57a2d4851a1d" relativeResultsDirectory="3a4a6cc9-0fdf-4b5a-b5b2-db9c25f85da6" />
    <UnitTestResult executionId="d09bf8d1-3ac4-4106-95ed-134446908c14" testId="71830f46-9dcd-8227-c079-d13eb5763ba5" testName="Acme.Product.Tests.Integration.FlowExecutionServiceIntegrationTests.ExecuteFlowAsync_GaussianBlurWithValidKernelSize_ShouldSucceed(kernelSize: 1)" computerName="ROG16" duration="00:00:00.0044404" startTime="2026-02-20T13:50:17.4272626+08:00" endTime="2026-02-20T13:50:17.4272626+08:00" testType="13cdc9d9-ddb5-4fa4-a97d-d965ccfc6d4b" outcome="Passed" testListId="8c84fa94-04c1-424b-9868-57a2d4851a1d" relativeResultsDirectory="d09bf8d1-3ac4-4106-95ed-134446908c14" />
    <UnitTestResult executionId="8456e76b-9e3d-478e-b23d-a06d18dcf4a1" testId="33208e3b-7643-dc2d-d186-17b804fc98bb" testName="Acme.Product.Tests.Operators.Sprint3_TypeConvertTests.TypeConvert_ToBoolean_ReturnsCorrectBool(value: &quot;&quot;, expected: False)" computerName="ROG16" duration="00:00:00.0000474" startTime="2026-02-20T13:50:17.4287862+08:00" endTime="2026-02-20T13:50:17.4287862+08:00" testType="13cdc9d9-ddb5-4fa4-a97d-d965ccfc6d4b" outcome="Passed" testListId="8c84fa94-04c1-424b-9868-57a2d4851a1d" relativeResultsDirectory="8456e76b-9e3d-478e-b23d-a06d18dcf4a1" />
    <UnitTestResult executionId="08c3315c-dabe-4d3c-b6fa-25c535ae656a" testId="72929057-dda2-e61a-d678-8b6d9bee3a89" testName="Acme.Product.Tests.Operators.TemplateMatchOperatorTests.OperatorType_ShouldBeTemplateMatching" computerName="ROG16" duration="00:00:00.0001974" startTime="2026-02-20T13:50:17.3983300+08:00" endTime="2026-02-20T13:50:17.3983301+08:00" testType="13cdc9d9-ddb5-4fa4-a97d-d965ccfc6d4b" outcome="Passed" testListId="8c84fa94-04c1-424b-9868-57a2d4851a1d" relativeResultsDirectory="08c3315c-dabe-4d3c-b6fa-25c535ae656a" />
    <UnitTestResult executionId="14a7d197-17dc-4dbc-afbe-c7fdee32c7bd" testId="7b273b6f-9c00-25a3-3a27-529a50a974c1" testName="Acme.Product.Tests.Operators.Sprint2_ArrayIndexerTests.ArrayIndexer_MaxConfidenceMode_ReturnsHighest" computerName="ROG16" duration="00:00:00.0006102" startTime="2026-02-20T13:50:17.4218599+08:00" endTime="2026-02-20T13:50:17.4218599+08:00" testType="13cdc9d9-ddb5-4fa4-a97d-d965ccfc6d4b" outcome="Passed" testListId="8c84fa94-04c1-424b-9868-57a2d4851a1d" relativeResultsDirectory="14a7d197-17dc-4dbc-afbe-c7fdee32c7bd" />
    <UnitTestResult executionId="a64db9b4-63a8-4cdf-b95e-dba2a86cc3ce" testId="324f1e54-b8c4-3693-a2ab-50974d87e6b5" testName="Acme.Product.Tests.Operators.Sprint2_JsonExtractorTests.JsonExtractor_ExtractBoolean_ReturnsBool" computerName="ROG16" duration="00:00:00.0005138" startTime="2026-02-20T13:50:17.4156346+08:00" endTime="2026-02-20T13:50:17.4156346+08:00" testType="13cdc9d9-ddb5-4fa4-a97d-d965ccfc6d4b" outcome="Passed" testListId="8c84fa94-04c1-424b-9868-57a2d4851a1d" relativeResultsDirectory="a64db9b4-63a8-4cdf-b95e-dba2a86cc3ce" />
    <UnitTestResult executionId="527f18ae-e3f5-4b8f-afa9-6a3f898a19fa" testId="2255dc34-65a1-c9c6-53f2-031f704e0275" testName="Acme.Product.Tests.Operators.DeepLearningOperatorTests.ValidateParameters_WithVariousInputs_ShouldReturnExpectedResult(modelPath: &quot;model.onnx&quot;, confidence: -0.100000001, version: &quot;YOLOv8&quot;, expectedValid: False)" computerName="ROG16" duration="00:00:00.0088295" startTime="2026-02-20T13:50:17.4044335+08:00" endTime="2026-02-20T13:50:17.4044336+08:00" testType="13cdc9d9-ddb5-4fa4-a97d-d965ccfc6d4b" outcome="Passed" testListId="8c84fa94-04c1-424b-9868-57a2d4851a1d" relativeResultsDirectory="527f18ae-e3f5-4b8f-afa9-6a3f898a19fa" />
    <UnitTestResult executionId="60e701bc-dc76-421c-a04c-42ecc4786fb2" testId="b7d3fdd9-9933-0afc-ad06-ab19b9dba58b" testName="Acme.Product.Tests.Operators.MedianBlurOperatorTests.OperatorType_ShouldBeMedianBlur" computerName="ROG16" duration="00:00:00.0001229" startTime="2026-02-20T13:50:17.3260046+08:00" endTime="2026-02-20T13:50:17.3260047+08:00" testType="13cdc9d9-ddb5-4fa4-a97d-d965ccfc6d4b" outcome="Passed" testListId="8c84fa94-04c1-424b-9868-57a2d4851a1d" relativeResultsDirectory="60e701bc-dc76-421c-a04c-42ecc4786fb2" />
    <UnitTestResult executionId="df961c24-8877-4edd-9694-81f05e6cde78" testId="28d36430-106c-a8b0-a642-74f0343dbbb6" testName="Acme.Product.Tests.Operators.Sprint3_TypeConvertTests.TypeConvert_ToBoolean_ReturnsCorrectBool(value: 0, expected: False)" computerName="ROG16" duration="00:00:00.0004831" startTime="2026-02-20T13:50:17.4283172+08:00" endTime="2026-02-20T13:50:17.4283172+08:00" testType="13cdc9d9-ddb5-4fa4-a97d-d965ccfc6d4b" outcome="Passed" testListId="8c84fa94-04c1-424b-9868-57a2d4851a1d" relativeResultsDirectory="df961c24-8877-4edd-9694-81f05e6cde78" />
    <UnitTestResult executionId="c530fe8a-2ec5-4ea3-8bad-712d82700724" testId="49b19538-2879-0439-1ecc-6e0e297dc835" testName="Acme.Product.Tests.Operators.CodeRecognitionOperatorTests.ValidateParameters_Default_ShouldBeValid" computerName="ROG16" duration="00:00:00.0001695" startTime="2026-02-20T13:50:17.5300546+08:00" endTime="2026-02-20T13:50:17.5300547+08:00" testType="13cdc9d9-ddb5-4fa4-a97d-d965ccfc6d4b" outcome="Passed" testListId="8c84fa94-04c1-424b-9868-57a2d4851a1d" relativeResultsDirectory="c530fe8a-2ec5-4ea3-8bad-712d82700724" />
    <UnitTestResult executionId="218475c3-f29b-4b60-a3c6-7fac04e52b0c" testId="896bbe58-9de6-7279-63b3-0989517bde0e" testName="Acme.Product.Tests.Operators.StatisticsOperatorTests.ExecuteAsync_BasicStats_ReturnsCorrectResults" computerName="ROG16" duration="00:00:00.0032516" startTime="2026-02-20T13:50:17.4275870+08:00" endTime="2026-02-20T13:50:17.4275871+08:00" testType="13cdc9d9-ddb5-4fa4-a97d-d965ccfc6d4b" outcome="Passed" testListId="8c84fa94-04c1-424b-9868-57a2d4851a1d" relativeResultsDirectory="218475c3-f29b-4b60-a3c6-7fac04e52b0c" />
    <UnitTestResult executionId="de2ed263-6835-440c-a8c1-14669c766a61" testId="28f87800-2832-aec3-5634-2c57023cd9c0" testName="Acme.Product.Tests.Operators.AngleMeasurementOperatorTests.ExecuteAsync_WithValidImage_ShouldReturnSuccess" computerName="ROG16" duration="00:00:00.0011074" startTime="2026-02-20T13:50:17.4233585+08:00" endTime="2026-02-20T13:50:17.4233585+08:00" testType="13cdc9d9-ddb5-4fa4-a97d-d965ccfc6d4b" outcome="Passed" testListId="8c84fa94-04c1-424b-9868-57a2d4851a1d" relativeResultsDirectory="de2ed263-6835-440c-a8c1-14669c766a61" />
    <UnitTestResult executionId="543e984d-d593-4ee2-ad03-f796f27b0e44" testId="b252db35-d60b-5e3c-923d-d2ac2222c285" testName="Acme.Product.Tests.Memory.Sprint1_ValueObjectTests.DetectionResult_NotEqual_DifferentValues" computerName="ROG16" duration="00:00:00.0001706" startTime="2026-02-20T13:50:17.2915295+08:00" endTime="2026-02-20T13:50:17.2915295+08:00" testType="13cdc9d9-ddb5-4fa4-a97d-d965ccfc6d4b" outcome="Passed" testListId="8c84fa94-04c1-424b-9868-57a2d4851a1d" relativeResultsDirectory="543e984d-d593-4ee2-ad03-f796f27b0e44" />
    <UnitTestResult executionId="d00517d1-06de-47b3-a90b-be1f408f4255" testId="c5cd2545-9755-8ec1-f00d-c41a6c6986cc" testName="Acme.Product.Tests.Operators.Sprint2_JsonExtractorTests.JsonExtractor_PathNotFound_Required_ReturnsFailure" computerName="ROG16" duration="00:00:00.0004704" startTime="2026-02-20T13:50:17.4159321+08:00" endTime="2026-02-20T13:50:17.4159322+08:00" testType="13cdc9d9-ddb5-4fa4-a97d-d965ccfc6d4b" outcome="Passed" testListId="8c84fa94-04c1-424b-9868-57a2d4851a1d" relativeResultsDirectory="d00517d1-06de-47b3-a90b-be1f408f4255" />
    <UnitTestResult executionId="80845bad-de17-47b6-994c-fcbae5512d24" testId="1c92ccc5-9274-6c00-d953-fb26b6019f4f" testName="Acme.Product.Tests.Operators.Sprint3_TypeConvertTests.TypeConvert_ToBoolean_ReturnsCorrectBool(value: 1, expected: True)" computerName="ROG16" duration="00:00:00.0000349" startTime="2026-02-20T13:50:17.4288162+08:00" endTime="2026-02-20T13:50:17.4288163+08:00" testType="13cdc9d9-ddb5-4fa4-a97d-d965ccfc6d4b" outcome="Passed" testListId="8c84fa94-04c1-424b-9868-57a2d4851a1d" relativeResultsDirectory="80845bad-de17-47b6-994c-fcbae5512d24" />
    <UnitTestResult executionId="f13043c4-e0d6-4800-8d83-55160073feba" testId="7a2e32e3-d831-89bc-f9f9-afc3a2d71b91" testName="Acme.Product.Tests.Services.Sprint4_FlowLinterTests.FlowLinter_Struct_001_InvalidOperatorType_ReturnsError" computerName="ROG16" duration="00:00:00.0027722" startTime="2026-02-20T13:50:17.4062221+08:00" endTime="2026-02-20T13:50:17.4062222+08:00" testType="13cdc9d9-ddb5-4fa4-a97d-d965ccfc6d4b" outcome="Passed" testListId="8c84fa94-04c1-424b-9868-57a2d4851a1d" relativeResultsDirectory="f13043c4-e0d6-4800-8d83-55160073feba" />
    <UnitTestResult executionId="95934c34-5ba3-4393-a6a3-95b29df43c6c" testId="ca7e7c61-45ce-dee4-b351-c2773129e476" testName="Acme.Product.Tests.Entities.InspectionResultTests.AddDefect_ShouldAddDefectToList" computerName="ROG16" duration="00:00:00.1727753" startTime="2026-02-20T13:50:17.2683522+08:00" endTime="2026-02-20T13:50:17.2683527+08:00" testType="13cdc9d9-ddb5-4fa4-a97d-d965ccfc6d4b" outcome="Passed" testListId="8c84fa94-04c1-424b-9868-57a2d4851a1d" relativeResultsDirectory="95934c34-5ba3-4393-a6a3-95b29df43c6c" />
    <UnitTestResult executionId="d8c98461-7cfb-4676-923e-3ccacd871e27" testId="7dfc6b86-91b9-4682-4d39-766de609d6e3" testName="Acme.Product.Tests.Operators.RoiManagerOperatorTests.ExecuteAsync_WithEmptyInputs_ShouldReturnFailure" computerName="ROG16" duration="00:00:00.0022550" startTime="2026-02-20T13:50:17.4105457+08:00" endTime="2026-02-20T13:50:17.4105457+08:00" testType="13cdc9d9-ddb5-4fa4-a97d-d965ccfc6d4b" outcome="Passed" testListId="8c84fa94-04c1-424b-9868-57a2d4851a1d" relativeResultsDirectory="d8c98461-7cfb-4676-923e-3ccacd871e27" />
    <UnitTestResult executionId="443c0d66-01dc-4030-a830-2bd8198564e6" testId="a8f812fd-ef3a-810b-7945-74697210a929" testName="Acme.Product.Tests.Operators.ResultOutputOperatorTests.OperatorType_ShouldBeResultOutput" computerName="ROG16" duration="00:00:00.0003333" startTime="2026-02-20T13:50:17.3786379+08:00" endTime="2026-02-20T13:50:17.3786381+08:00" testType="13cdc9d9-ddb5-4fa4-a97d-d965ccfc6d4b" outcome="Passed" testListId="8c84fa94-04c1-424b-9868-57a2d4851a1d" relativeResultsDirectory="443c0d66-01dc-4030-a830-2bd8198564e6" />
    <UnitTestResult executionId="b331d0fc-a9b3-4890-a8dc-1fc53fa4cad8" testId="3933daff-9282-d00b-8753-343d746a5256" testName="Acme.Product.Tests.Operators.Sprint3_LogicGateTests.LogicGate_OR_ReturnsCorrectResult(a: False, b: True, op: &quot;OR&quot;, expected: True)" computerName="ROG16" duration="00:00:00.0000522" startTime="2026-02-20T13:50:17.4539237+08:00" endTime="2026-02-20T13:50:17.4539237+08:00" testType="13cdc9d9-ddb5-4fa4-a97d-d965ccfc6d4b" outcome="Passed" testListId="8c84fa94-04c1-424b-9868-57a2d4851a1d" relativeResultsDirectory="b331d0fc-a9b3-4890-a8dc-1fc53fa4cad8" />
    <UnitTestResult executionId="af0074bb-b6a5-48af-9935-461aaad69f9f" testId="0591014c-9c25-4f96-08c9-84ed474670f6" testName="Acme.Product.Tests.Operators.DeepLearningOperatorTests.ValidateParameters_WithVariousInputs_ShouldReturnExpectedResult(modelPath: &quot;model.onnx&quot;, confidence: 0.5, version: &quot;Auto&quot;, expectedValid: True)" computerName="ROG16" duration="00:00:00.0001771" startTime="2026-02-20T13:50:17.4062874+08:00" endTime="2026-02-20T13:50:17.4062875+08:00" testType="13cdc9d9-ddb5-4fa4-a97d-d965ccfc6d4b" outcome="Passed" testListId="8c84fa94-04c1-424b-9868-57a2d4851a1d" relativeResultsDirectory="af0074bb-b6a5-48af-9935-461aaad69f9f" />
    <UnitTestResult executionId="b546985a-b2cf-4a7e-b181-f91eaa2cf893" testId="e967c0a1-0084-b115-7076-06b98da04226" testName="Acme.Product.Tests.Operators.Sprint2_ForEachTests.ForEach_ValidateParameters_InvalidTimeout_ReturnsError(timeoutMs: 400000)" computerName="ROG16" duration="00:00:00.0002476" startTime="2026-02-20T13:50:17.8173676+08:00" endTime="2026-02-20T13:50:17.8173677+08:00" testType="13cdc9d9-ddb5-4fa4-a97d-d965ccfc6d4b" outcome="Passed" testListId="8c84fa94-04c1-424b-9868-57a2d4851a1d" relativeResultsDirectory="b546985a-b2cf-4a7e-b181-f91eaa2cf893" />
    <UnitTestResult executionId="10edbb88-ee2e-4151-9a55-52d3c9757147" testId="f957996d-fc02-3e27-8c19-d8e5c96983c4" testName="Acme.Product.Tests.Operators.AdaptiveThresholdOperatorTests.ExecuteAsync_WithNullInputs_ShouldReturnFailure" computerName="ROG16" duration="00:00:00.0003723" startTime="2026-02-20T13:50:17.4752348+08:00" endTime="2026-02-20T13:50:17.4752349+08:00" testType="13cdc9d9-ddb5-4fa4-a97d-d965ccfc6d4b" outcome="Passed" testListId="8c84fa94-04c1-424b-9868-57a2d4851a1d" relativeResultsDirectory="10edbb88-ee2e-4151-9a55-52d3c9757147" />
    <UnitTestResult executionId="f8c30349-3a22-47fc-86fc-1efafba4a293" testId="40b44b5e-663e-f31f-d97b-19e88aa65def" testName="Acme.Product.Tests.Operators.DeepLearningOperatorTests.ExecuteAsync_WithDifferentYoloVersions_ShouldAcceptAllFormats(version: &quot;v8&quot;)" computerName="ROG16" duration="00:00:00.0026624" startTime="2026-02-20T13:50:17.4093589+08:00" endTime="2026-02-20T13:50:17.4093590+08:00" testType="13cdc9d9-ddb5-4fa4-a97d-d965ccfc6d4b" outcome="Passed" testListId="8c84fa94-04c1-424b-9868-57a2d4851a1d" relativeResultsDirectory="f8c30349-3a22-47fc-86fc-1efafba4a293" />
    <UnitTestResult executionId="0a7b58fb-fbbd-4230-a5ce-d89ba485caf2" testId="21f41771-282b-e12b-eaa7-3785ebe4dd8a" testName="Acme.Product.Tests.Operators.Sprint2_ArrayIndexerTests.ArrayIndexer_MaxAreaMode_ReturnsLargest" computerName="ROG16" duration="00:00:00.0007711" startTime="2026-02-20T13:50:17.4208055+08:00" endTime="2026-02-20T13:50:17.4208055+08:00" testType="13cdc9d9-ddb5-4fa4-a97d-d965ccfc6d4b" outcome="Passed" testListId="8c84fa94-04c1-424b-9868-57a2d4851a1d" relativeResultsDirectory="0a7b58fb-fbbd-4230-a5ce-d89ba485caf2" />
    <UnitTestResult executionId="79a4dea2-3b80-437f-a447-ff1540965afd" testId="42eae393-9188-2589-f123-48310ee8c9d8" testName="Acme.Product.Tests.ImageProcessing.LineModShapeMatcherTests.Train_WithEmptyImage_ShouldThrowException" computerName="ROG16" duration="00:00:00.0013115" startTime="2026-02-20T13:50:17.2817999+08:00" endTime="2026-02-20T13:50:17.2818000+08:00" testType="13cdc9d9-ddb5-4fa4-a97d-d965ccfc6d4b" outcome="Passed" testListId="8c84fa94-04c1-424b-9868-57a2d4851a1d" relativeResultsDirectory="79a4dea2-3b80-437f-a447-ff1540965afd" />
    <UnitTestResult executionId="498e4aae-2de7-4cb1-bb24-9aa7e12eb4b2" testId="7ca41d6c-a703-70a9-f633-e2d1708aa517" testName="Acme.Product.Tests.Entities.ProjectTests.Constructor_WithInvalidName_ShouldThrowException(invalidName: &quot;&quot;)" computerName="ROG16" duration="00:00:00.0172596" startTime="2026-02-20T13:50:17.2862330+08:00" endTime="2026-02-20T13:50:17.2862335+08:00" testType="13cdc9d9-ddb5-4fa4-a97d-d965ccfc6d4b" outcome="Passed" testListId="8c84fa94-04c1-424b-9868-57a2d4851a1d" relativeResultsDirectory="498e4aae-2de7-4cb1-bb24-9aa7e12eb4b2" />
    <UnitTestResult executionId="10d96329-7c4a-4777-9461-d2c3138cd872" testId="60c1c4e9-f8c6-868a-9646-7d035c0b45bc" testName="Acme.Product.Tests.ImageProcessing.LineModShapeMatcherTests.Match_WithTranslatedImage_ShouldFindMatch" computerName="ROG16" duration="00:00:00.0649193" startTime="2026-02-20T13:50:17.3467954+08:00" endTime="2026-02-20T13:50:17.3467955+08:00" testType="13cdc9d9-ddb5-4fa4-a97d-d965ccfc6d4b" outcome="Passed" testListId="8c84fa94-04c1-424b-9868-57a2d4851a1d" relativeResultsDirectory="10d96329-7c4a-4777-9461-d2c3138cd872" />
    <UnitTestResult executionId="27c27325-1148-456f-9a31-d3926c59c0ed" testId="3efe7268-9ab1-9754-1d06-682167fd2968" testName="Acme.Product.Tests.ImageProcessing.LineModShapeMatcherTests.NumFeatures_SetValidValue_ShouldWork(numFeatures: 500)" computerName="ROG16" duration="00:00:00.0001323" startTime="2026-02-20T13:50:17.3958476+08:00" endTime="2026-02-20T13:50:17.3958476+08:00" testType="13cdc9d9-ddb5-4fa4-a97d-d965ccfc6d4b" outcome="Passed" testListId="8c84fa94-04c1-424b-9868-57a2d4851a1d" relativeResultsDirectory="27c27325-1148-456f-9a31-d3926c59c0ed" />
    <UnitTestResult executionId="aaaebe64-89b8-45fe-8db9-36cdc6a0b618" testId="7a74602d-6d92-a753-457d-5c0391dbe3ad" testName="Acme.Product.Tests.AI.Sprint4_DryRunTests.DryRunStubRegistry_RegisterMultipleResponses_CyclesThrough" computerName="ROG16" duration="00:00:00.0007747" startTime="2026-02-20T13:50:17.3355443+08:00" endTime="2026-02-20T13:50:17.3355445+08:00" testType="13cdc9d9-ddb5-4fa4-a97d-d965ccfc6d4b" outcome="Passed" testListId="8c84fa94-04c1-424b-9868-57a2d4851a1d" relativeResultsDirectory="aaaebe64-89b8-45fe-8db9-36cdc6a0b618" />
    <UnitTestResult executionId="f14fe014-402f-4933-bbe8-0314d89cba3e" testId="dd075a11-082e-dd64-fc21-b0bf290da3b8" testName="Acme.Product.Tests.Operators.ContourMeasurementOperatorTests.ExecuteAsync_WithNullInputs_ShouldReturnFailure" computerName="ROG16" duration="00:00:00.0007023" startTime="2026-02-20T13:50:17.4135396+08:00" endTime="2026-02-20T13:50:17.4135397+08:00" testType="13cdc9d9-ddb5-4fa4-a97d-d965ccfc6d4b" outcome="Passed" testListId="8c84fa94-04c1-424b-9868-57a2d4851a1d" relativeResultsDirectory="f14fe014-402f-4933-bbe8-0314d89cba3e" />
    <UnitTestResult executionId="57bb2045-934e-47fd-8147-551be4d400a5" testId="03a4040d-5a7b-bf3a-8e37-fb69bde23bda" testName="Acme.Product.Tests.Operators.ShapeMatchingOperatorTests.OperatorType_ShouldBeShapeMatching" computerName="ROG16" duration="00:00:00.2288037" startTime="2026-02-20T13:50:17.3225372+08:00" endTime="2026-02-20T13:50:17.3225373+08:00" testType="13cdc9d9-ddb5-4fa4-a97d-d965ccfc6d4b" outcome="Passed" testListId="8c84fa94-04c1-424b-9868-57a2d4851a1d" relativeResultsDirectory="57bb2045-934e-47fd-8147-551be4d400a5" />
    <UnitTestResult executionId="5d46cce3-51ad-4fef-b822-4af3c5644679" testId="2b6a3afa-cbef-654a-c834-b47ed6289e07" testName="Acme.Product.Tests.ImageProcessing.LineModShapeMatcherTests.NumFeatures_SetValidValue_ShouldWork(numFeatures: 150)" computerName="ROG16" duration="00:00:00.0000052" startTime="2026-02-20T13:50:17.3959241+08:00" endTime="2026-02-20T13:50:17.3959241+08:00" testType="13cdc9d9-ddb5-4fa4-a97d-d965ccfc6d4b" outcome="Passed" testListId="8c84fa94-04c1-424b-9868-57a2d4851a1d" relativeResultsDirectory="5d46cce3-51ad-4fef-b822-4af3c5644679" />
    <UnitTestResult executionId="01653eb2-2b6b-43b3-920c-930c145fbacb" testId="570b0f3d-d8be-9054-055c-e127a4bd7b4b" testName="Acme.Product.Tests.Memory.Sprint1_ValueObjectTests.DetectionList_CreateFromEnumerable_SetsDetections" computerName="ROG16" duration="00:00:00.0001234" startTime="2026-02-20T13:50:17.2885973+08:00" endTime="2026-02-20T13:50:17.2885974+08:00" testType="13cdc9d9-ddb5-4fa4-a97d-d965ccfc6d4b" outcome="Passed" testListId="8c84fa94-04c1-424b-9868-57a2d4851a1d" relativeResultsDirectory="01653eb2-2b6b-43b3-920c-930c145fbacb" />
    <UnitTestResult executionId="f4dc830f-640a-47f9-802d-746606d8623b" testId="1f67851b-4656-3584-8e98-39917b76fe26" testName="Acme.Product.Tests.Entities.OperatorTests.Constructor_WithValidData_ShouldCreateOperator" computerName="ROG16" duration="00:00:00.0009851" startTime="2026-02-20T13:50:17.2784947+08:00" endTime="2026-02-20T13:50:17.2784947+08:00" testType="13cdc9d9-ddb5-4fa4-a97d-d965ccfc6d4b" outcome="Passed" testListId="8c84fa94-04c1-424b-9868-57a2d4851a1d" relativeResultsDirectory="f4dc830f-640a-47f9-802d-746606d8623b" />
    <UnitTestResult executionId="d6b1930f-4ea5-4f9f-a8cc-368d0806acf8" testId="b90485ad-f3c4-249a-8d74-7af49ec2f5df" testName="Acme.Product.Tests.Operators.UndistortOperatorTests.OperatorType_ShouldBeUndistort" computerName="ROG16" duration="00:00:00.0003095" startTime="2026-02-20T13:50:17.4455078+08:00" endTime="2026-02-20T13:50:17.4455079+08:00" testType="13cdc9d9-ddb5-4fa4-a97d-d965ccfc6d4b" outcome="Passed" testListId="8c84fa94-04c1-424b-9868-57a2d4851a1d" relativeResultsDirectory="d6b1930f-4ea5-4f9f-a8cc-368d0806acf8" />
    <UnitTestResult executionId="0fe21beb-ad34-4366-a7b4-9a6a89e6385f" testId="2dfa772c-e3b3-4666-6508-e0fd85fddbc6" testName="Acme.Product.Tests.Entities.ProjectTests.Restore_ShouldSetIsDeletedToFalse" computerName="ROG16" duration="00:00:00.0000894" startTime="2026-02-20T13:50:17.2901098+08:00" endTime="2026-02-20T13:50:17.2901105+08:00" testType="13cdc9d9-ddb5-4fa4-a97d-d965ccfc6d4b" outcome="Passed" testListId="8c84fa94-04c1-424b-9868-57a2d4851a1d" relativeResultsDirectory="0fe21beb-ad34-4366-a7b4-9a6a89e6385f" />
    <UnitTestResult executionId="2e130f60-4798-4a01-9673-e458ff0b101d" testId="3b4a2c72-30c9-5372-2b69-518b134649ec" testName="Acme.Product.Tests.Entities.OperatorTests.MarkExecutionStarted_ShouldSetStatusToExecuting" computerName="ROG16" duration="00:00:00.0014090" startTime="2026-02-20T13:50:17.2765019+08:00" endTime="2026-02-20T13:50:17.2765019+08:00" testType="13cdc9d9-ddb5-4fa4-a97d-d965ccfc6d4b" outcome="Passed" testListId="8c84fa94-04c1-424b-9868-57a2d4851a1d" relativeResultsDirectory="2e130f60-4798-4a01-9673-e458ff0b101d" />
    <UnitTestResult executionId="76517a3c-235b-497a-8e62-1d9a6eecb927" testId="eb9c3f11-c33b-0de7-1397-f6ecc8b4318a" testName="Acme.Product.Tests.Operators.Sprint2_JsonExtractorTests.JsonExtractor_PathNotFound_ReturnsDefault" computerName="ROG16" duration="00:00:00.0116497" startTime="2026-02-20T13:50:17.4116072+08:00" endTime="2026-02-20T13:50:17.4116073+08:00" testType="13cdc9d9-ddb5-4fa4-a97d-d965ccfc6d4b" outcome="Passed" testListId="8c84fa94-04c1-424b-9868-57a2d4851a1d" relativeResultsDirectory="76517a3c-235b-497a-8e62-1d9a6eecb927" />
    <UnitTestResult executionId="2b0dfe43-0767-432d-8702-cac8fcd5f870" testId="4f95c025-6f09-bfe5-67ae-87261c9b18df" testName="Acme.Product.Tests.Operators.ImageAcquisitionOperatorTests.ExecuteAsync_WithEmptyInputs_ShouldReturnFailure" computerName="ROG16" duration="00:00:00.0024997" startTime="2026-02-20T13:50:17.3542256+08:00" endTime="2026-02-20T13:50:17.3542257+08:00" testType="13cdc9d9-ddb5-4fa4-a97d-d965ccfc6d4b" outcome="Passed" testListId="8c84fa94-04c1-424b-9868-57a2d4851a1d" relativeResultsDirectory="2b0dfe43-0767-432d-8702-cac8fcd5f870" />
    <UnitTestResult executionId="78cac270-b769-46ac-a793-5e5d486d6536" testId="6b65e034-4630-c374-6259-c32b2e871075" testName="Acme.Product.Tests.Operators.MorphologyOperatorTests.ExecuteAsync_WithValidImage_ShouldReturnSuccess" computerName="ROG16" duration="00:00:00.0044592" startTime="2026-02-20T13:50:17.4152063+08:00" endTime="2026-02-20T13:50:17.4152065+08:00" testType="13cdc9d9-ddb5-4fa4-a97d-d965ccfc6d4b" outcome="Passed" testListId="8c84fa94-04c1-424b-9868-57a2d4851a1d" relativeResultsDirectory="78cac270-b769-46ac-a793-5e5d486d6536" />
    <UnitTestResult executionId="c96cbb05-6ed6-46ff-bbd7-5c791545c4ae" testId="fe842c77-d1a5-88bd-e078-bfe432e2955c" testName="Acme.Product.Tests.Operators.DeepLearningOperatorTests.ValidateParameters_WithVariousInputs_ShouldReturnExpectedResult(modelPath: &quot;model.onnx&quot;, confidence: 0.5, version: &quot;YOLOv11&quot;, expectedValid: True)" computerName="ROG16" duration="00:00:00.0001235" startTime="2026-02-20T13:50:17.4070182+08:00" endTime="2026-02-20T13:50:17.4070182+08:00" testType="13cdc9d9-ddb5-4fa4-a97d-d965ccfc6d4b" outcome="Passed" testListId="8c84fa94-04c1-424b-9868-57a2d4851a1d" relativeResultsDirectory="c96cbb05-6ed6-46ff-bbd7-5c791545c4ae" />
    <UnitTestResult executionId="5e23b96b-1053-417a-a9c3-54201f3709c8" testId="aee8fef4-faa0-9e51-c707-5b22f553cbfe" testName="Acme.Product.Tests.Operators.TcpCommunicationOperatorTests.ValidateParameters_WithEmptyHost_ShouldReturnInvalid" computerName="ROG16" duration="00:00:00.0001963" startTime="2026-02-20T13:50:17.4114586+08:00" endTime="2026-02-20T13:50:17.4114586+08:00" testType="13cdc9d9-ddb5-4fa4-a97d-d965ccfc6d4b" outcome="Passed" testListId="8c84fa94-04c1-424b-9868-57a2d4851a1d" relativeResultsDirectory="5e23b96b-1053-417a-a9c3-54201f3709c8" />
    <UnitTestResult executionId="20633453-2f0b-43fa-a96a-63ab5de8b15b" testId="c02b507b-1c73-7886-a53a-6528da63b893" testName="Acme.Product.Tests.Operators.GeometricToleranceOperatorTests.ValidateParameters_Default_ShouldBeValid" computerName="ROG16" duration="00:00:00.0002705" startTime="2026-02-20T13:50:17.3830485+08:00" endTime="2026-02-20T13:50:17.3830485+08:00" testType="13cdc9d9-ddb5-4fa4-a97d-d965ccfc6d4b" outcome="Passed" testListId="8c84fa94-04c1-424b-9868-57a2d4851a1d" relativeResultsDirectory="20633453-2f0b-43fa-a96a-63ab5de8b15b" />
    <UnitTestResult executionId="7e06b54d-e0f8-4984-b520-e0d82ddd8257" testId="8f103c81-4edd-acf6-868b-6f0adaa66389" testName="Acme.Product.Tests.Operators.Sprint2_ArrayIndexerTests.ArrayIndexer_InvalidIndex_ReturnsFailure(index: -1)" computerName="ROG16" duration="00:00:00.0011424" startTime="2026-02-20T13:50:17.4214306+08:00" endTime="2026-02-20T13:50:17.4214306+08:00" testType="13cdc9d9-ddb5-4fa4-a97d-d965ccfc6d4b" outcome="Passed" testListId="8c84fa94-04c1-424b-9868-57a2d4851a1d" relativeResultsDirectory="7e06b54d-e0f8-4984-b520-e0d82ddd8257" />
    <UnitTestResult executionId="4979c06c-9c4d-4351-80e2-6eddae93caaf" testId="962194a3-e12a-89d1-1693-79e45cfa86cf" testName="Acme.Product.Tests.Operators.Sprint3_LogicGateTests.LogicGate_XOR_ReturnsCorrectResult(a: True, b: False, op: &quot;XOR&quot;, expected: True)" computerName="ROG16" duration="00:00:00.0001237" startTime="2026-02-20T13:50:17.4555441+08:00" endTime="2026-02-20T13:50:17.4555441+08:00" testType="13cdc9d9-ddb5-4fa4-a97d-d965ccfc6d4b" outcome="Passed" testListId="8c84fa94-04c1-424b-9868-57a2d4851a1d" relativeResultsDirectory="4979c06c-9c4d-4351-80e2-6eddae93caaf" />
    <UnitTestResult executionId="6241f08b-205c-4253-857f-5507028bdfd1" testId="bee05e76-ed47-8b7b-a935-a4d1428673de" testName="Acme.Product.Tests.Operators.Sprint2_ArrayIndexerTests.ArrayIndexer_InvalidIndex_ReturnsFailure(index: 10)" computerName="ROG16" duration="00:00:00.0005694" startTime="2026-02-20T13:50:17.4212849+08:00" endTime="2026-02-20T13:50:17.4212851+08:00" testType="13cdc9d9-ddb5-4fa4-a97d-d965ccfc6d4b" outcome="Passed" testListId="8c84fa94-04c1-424b-9868-57a2d4851a1d" relativeResultsDirectory="6241f08b-205c-4253-857f-5507028bdfd1" />
    <UnitTestResult executionId="69c3d21c-a8f3-4cd9-83f9-24b6ff857090" testId="3dafc2cf-fa38-094d-9f34-27c1afbe0326" testName="Acme.Product.Tests.Operators.Sprint3_MathOperationTests.MathOperation_DivideByZero_ReturnsFailure" computerName="ROG16" duration="00:00:00.0003691" startTime="2026-02-20T13:50:17.5075492+08:00" endTime="2026-02-20T13:50:17.5075494+08:00" testType="13cdc9d9-ddb5-4fa4-a97d-d965ccfc6d4b" outcome="Passed" testListId="8c84fa94-04c1-424b-9868-57a2d4851a1d" relativeResultsDirectory="69c3d21c-a8f3-4cd9-83f9-24b6ff857090" />
    <UnitTestResult executionId="eb5909ae-60db-4cfc-aa6f-9cb3acbdacef" testId="6d734c98-1bfc-4b84-1e40-f4e2b1a0119e" testName="Acme.Product.Tests.Integration.ColorDetectionIntegrationTests.ColorDetection_Flow_ShouldIdentifyColors" computerName="ROG16" duration="00:00:00.3843109" startTime="2026-02-20T13:50:17.4799402+08:00" endTime="2026-02-20T13:50:17.4799403+08:00" testType="13cdc9d9-ddb5-4fa4-a97d-d965ccfc6d4b" outcome="Passed" testListId="8c84fa94-04c1-424b-9868-57a2d4851a1d" relativeResultsDirectory="eb5909ae-60db-4cfc-aa6f-9cb3acbdacef" />
    <UnitTestResult executionId="25981b3b-2075-4d2e-922d-3f27955ea957" testId="68c22b83-4e82-a6ab-c329-7575e2055f55" testName="Acme.Product.Tests.Operators.CodeRecognitionOperatorTests.ExecuteAsync_WithValidImage_ShouldReturnSuccess" computerName="ROG16" duration="00:00:00.2375587" startTime="2026-02-20T13:50:17.5291361+08:00" endTime="2026-02-20T13:50:17.5291362+08:00" testType="13cdc9d9-ddb5-4fa4-a97d-d965ccfc6d4b" outcome="Passed" testListId="8c84fa94-04c1-424b-9868-57a2d4851a1d" relativeResultsDirectory="25981b3b-2075-4d2e-922d-3f27955ea957" />
    <UnitTestResult executionId="850d16ac-b672-4ca5-aae7-ccda257a9092" testId="e0485c16-acac-742d-dab6-b38047354a88" testName="Acme.Product.Tests.Operators.CodeRecognitionOperatorTests.OperatorType_ShouldBeCodeRecognition" computerName="ROG16" duration="00:00:00.0001607" startTime="2026-02-20T13:50:17.5293557+08:00" endTime="2026-02-20T13:50:17.5293558+08:00" testType="13cdc9d9-ddb5-4fa4-a97d-d965ccfc6d4b" outcome="Passed" testListId="8c84fa94-04c1-424b-9868-57a2d4851a1d" relativeResultsDirectory="850d16ac-b672-4ca5-aae7-ccda257a9092" />
    <UnitTestResult executionId="8abf0ba5-be0c-47cf-becc-857d09fcd633" testId="d3b02734-96fa-83ab-1a78-f520a9d5c12d" testName="Acme.Product.Tests.Operators.DeepLearningOperatorTests.ValidateParameters_WithVariousInputs_ShouldReturnExpectedResult(modelPath: &quot;model.onnx&quot;, confidence: 1.5, version: &quot;YOLOv8&quot;, expectedValid: False)" computerName="ROG16" duration="00:00:00.0007327" startTime="2026-02-20T13:50:17.4052807+08:00" endTime="2026-02-20T13:50:17.4052810+08:00" testType="13cdc9d9-ddb5-4fa4-a97d-d965ccfc6d4b" outcome="Passed" testListId="8c84fa94-04c1-424b-9868-57a2d4851a1d" relativeResultsDirectory="8abf0ba5-be0c-47cf-becc-857d09fcd633" />
    <UnitTestResult executionId="42a50945-ac3e-4a2d-bd85-f16d5573481c" testId="02255fc0-286b-f723-4198-eb650638ce9c" testName="Acme.Product.Tests.Integration.FlowExecutionServiceIntegrationTests.CancelExecutionAsync_DuringExecution_ShouldStop" computerName="ROG16" duration="00:00:00.0010000" startTime="2026-02-20T13:50:17.4479629+08:00" endTime="2026-02-20T13:50:17.4479629+08:00" testType="13cdc9d9-ddb5-4fa4-a97d-d965ccfc6d4b" outcome="NotExecuted" testListId="8c84fa94-04c1-424b-9868-57a2d4851a1d" relativeResultsDirectory="42a50945-ac3e-4a2d-bd85-f16d5573481c">
      <Output>
        <ErrorInfo>
          <Message>CancelExecutionAsync尚未完全实现</Message>
        </ErrorInfo>
      </Output>
    </UnitTestResult>
    <UnitTestResult executionId="10dfd6e1-0d82-4753-b979-53594b44105b" testId="ff1ec63d-81df-6002-ff7b-51076cc4a514" testName="Acme.Product.Tests.Operators.Sprint3_LogicGateTests.LogicGate_NOT_ReturnsCorrectResult(input: False, expected: True)" computerName="ROG16" duration="00:00:00.0005235" startTime="2026-02-20T13:50:17.4579972+08:00" endTime="2026-02-20T13:50:17.4579973+08:00" testType="13cdc9d9-ddb5-4fa4-a97d-d965ccfc6d4b" outcome="Passed" testListId="8c84fa94-04c1-424b-9868-57a2d4851a1d" relativeResultsDirectory="10dfd6e1-0d82-4753-b979-53594b44105b" />
    <UnitTestResult executionId="3675e705-092a-47f4-9f0c-b957caa54203" testId="dc3c0e75-1646-9c65-9ae1-08f45bc7a778" testName="Acme.Product.Tests.AI.Sprint4_DryRunTests.DryRunStubRegistry_TimeoutResponse_SimulatesTimeout" computerName="ROG16" duration="00:00:00.0001823" startTime="2026-02-20T13:50:17.3379402+08:00" endTime="2026-02-20T13:50:17.3379403+08:00" testType="13cdc9d9-ddb5-4fa4-a97d-d965ccfc6d4b" outcome="Passed" testListId="8c84fa94-04c1-424b-9868-57a2d4851a1d" relativeResultsDirectory="3675e705-092a-47f4-9f0c-b957caa54203" />
    <UnitTestResult executionId="7422a7ba-f2b3-41c9-ba3a-3828a5d33a84" testId="88fede5d-f668-b8e1-bb1e-d17909a205f5" testName="Acme.Product.Tests.Operators.TemplateMatchOperatorTests.ExecuteAsync_WithoutTemplate_ShouldReturnFailure" computerName="ROG16" duration="00:00:00.0027267" startTime="2026-02-20T13:50:17.3982807+08:00" endTime="2026-02-20T13:50:17.3982807+08:00" testType="13cdc9d9-ddb5-4fa4-a97d-d965ccfc6d4b" outcome="Passed" testListId="8c84fa94-04c1-424b-9868-57a2d4851a1d" relativeResultsDirectory="7422a7ba-f2b3-41c9-ba3a-3828a5d33a84" />
    <UnitTestResult executionId="26972fff-3b51-4c92-bc30-1e8d92ddaccc" testId="e77a0b72-efc5-b07f-6dca-7b7715c1c17c" testName="Acme.Product.Tests.Memory.Sprint1_ValueObjectTests.DetectionList_GetByLabel_NotFound_ReturnsNull" computerName="ROG16" duration="00:00:00.0001937" startTime="2026-02-20T13:50:17.2828893+08:00" endTime="2026-02-20T13:50:17.2828894+08:00" testType="13cdc9d9-ddb5-4fa4-a97d-d965ccfc6d4b" outcome="Passed" testListId="8c84fa94-04c1-424b-9868-57a2d4851a1d" relativeResultsDirectory="26972fff-3b51-4c92-bc30-1e8d92ddaccc" />
    <UnitTestResult executionId="f7feea5e-c21c-4f0b-a5f0-3018340727f8" testId="359470c1-d823-3d43-f75e-240d2846fdd8" testName="Acme.Product.Tests.Operators.DatabaseWriteOperatorTests.ValidateParameters_Default_ShouldBeValid" computerName="ROG16" duration="00:00:00.0091933" startTime="2026-02-20T13:50:17.3957431+08:00" endTime="2026-02-20T13:50:17.3957432+08:00" testType="13cdc9d9-ddb5-4fa4-a97d-d965ccfc6d4b" outcome="Passed" testListId="8c84fa94-04c1-424b-9868-57a2d4851a1d" relativeResultsDirectory="f7feea5e-c21c-4f0b-a5f0-3018340727f8" />
    <UnitTestResult executionId="ab4992c3-b152-4a50-88d3-6f0fb4c3a332" testId="7b8a4147-6fe2-0c78-c834-57d688999c67" testName="Acme.Product.Tests.Operators.DeepLearningOperatorTests.ExecuteAsync_WithDifferentYoloVersions_ShouldAcceptAllFormats(version: &quot;YOLOv6&quot;)" computerName="ROG16" duration="00:00:00.0004116" startTime="2026-02-20T13:50:17.4104740+08:00" endTime="2026-02-20T13:50:17.4104740+08:00" testType="13cdc9d9-ddb5-4fa4-a97d-d965ccfc6d4b" outcome="Passed" testListId="8c84fa94-04c1-424b-9868-57a2d4851a1d" relativeResultsDirectory="ab4992c3-b152-4a50-88d3-6f0fb4c3a332" />
    <UnitTestResult executionId="01e664c4-1283-4421-bfdc-d927b7582f5c" testId="342b9b88-08fc-38ce-d581-aead339d0e24" testName="Acme.Product.Tests.Services.Sprint4_FlowLinterTests.FlowLinter_PARAM_001_PixelSizeOutOfRange_ReturnsError" computerName="ROG16" duration="00:00:00.0004992" startTime="2026-02-20T13:50:17.4010362+08:00" endTime="2026-02-20T13:50:17.4010363+08:00" testType="13cdc9d9-ddb5-4fa4-a97d-d965ccfc6d4b" outcome="Passed" testListId="8c84fa94-04c1-424b-9868-57a2d4851a1d" relativeResultsDirectory="01e664c4-1283-4421-bfdc-d927b7582f5c" />
    <UnitTestResult executionId="29d056c4-3651-4502-99c7-b188ebe1e66b" testId="b11044b1-ab22-9561-8432-81732f39022c" testName="Acme.Product.Tests.Operators.Sprint3_TypeConvertTests.TypeConvert_ToInteger_ReturnsCorrectInt(value: 3.8999999999999999, expected: 3)" computerName="ROG16" duration="00:00:00.0005835" startTime="2026-02-20T13:50:17.4319129+08:00" endTime="2026-02-20T13:50:17.4319130+08:00" testType="13cdc9d9-ddb5-4fa4-a97d-d965ccfc6d4b" outcome="Passed" testListId="8c84fa94-04c1-424b-9868-57a2d4851a1d" relativeResultsDirectory="29d056c4-3651-4502-99c7-b188ebe1e66b" />
    <UnitTestResult executionId="dc194feb-427d-4b2d-8106-9abb47afe4ad" testId="17ec275a-1aca-f727-ad4f-d1e62aa7ba7c" testName="Acme.Product.Tests.Operators.Sprint3_TypeConvertTests.TypeConvert_ToInteger_ReturnsCorrectInt(value: &quot;42&quot;, expected: 42)" computerName="ROG16" duration="00:00:00.0001185" startTime="2026-02-20T13:50:17.4451081+08:00" endTime="2026-02-20T13:50:17.4451081+08:00" testType="13cdc9d9-ddb5-4fa4-a97d-d965ccfc6d4b" outcome="Passed" testListId="8c84fa94-04c1-424b-9868-57a2d4851a1d" relativeResultsDirectory="dc194feb-427d-4b2d-8106-9abb47afe4ad" />
    <UnitTestResult executionId="bf627604-08bd-4ab7-8291-a49ea00ebfac" testId="70ac0c1f-7a15-7c8a-155e-69e1baca1065" testName="Acme.Product.Tests.ImageProcessing.LineModShapeMatcherTests.NumFeatures_SetValidValue_ShouldWork(numFeatures: 50)" computerName="ROG16" duration="00:00:00.0001125" startTime="2026-02-20T13:50:17.3958000+08:00" endTime="2026-02-20T13:50:17.3958000+08:00" testType="13cdc9d9-ddb5-4fa4-a97d-d965ccfc6d4b" outcome="Passed" testListId="8c84fa94-04c1-424b-9868-57a2d4851a1d" relativeResultsDirectory="bf627604-08bd-4ab7-8291-a49ea00ebfac" />
    <UnitTestResult executionId="68f22685-b948-440c-b35f-458d9c00c3af" testId="e7c20121-f82a-98a1-dd5b-57a2ad195c9c" testName="Acme.Product.Tests.Operators.DeepLearningOperatorTests.ExecuteAsync_WithDifferentYoloVersions_ShouldAcceptAllFormats(version: &quot;YOLOv8&quot;)" computerName="ROG16" duration="00:00:00.0001763" startTime="2026-02-20T13:50:17.4124067+08:00" endTime="2026-02-20T13:50:17.4124068+08:00" testType="13cdc9d9-ddb5-4fa4-a97d-d965ccfc6d4b" outcome="Passed" testListId="8c84fa94-04c1-424b-9868-57a2d4851a1d" relativeResultsDirectory="68f22685-b948-440c-b35f-458d9c00c3af" />
    <UnitTestResult executionId="26c444cf-ee4e-4acc-8267-792579064965" testId="90652d7b-2849-8b84-39c4-557bd57bee93" testName="Acme.Product.Tests.Operators.Sprint3_MathOperationTests.MathOperation_AdvancedOperations_ReturnsCorrectResult(a: 10, b: 5, operation: &quot;Min&quot;, expected: 5)" computerName="ROG16" duration="00:00:00.0001718" startTime="2026-02-20T13:50:17.5047801+08:00" endTime="2026-02-20T13:50:17.5047801+08:00" testType="13cdc9d9-ddb5-4fa4-a97d-d965ccfc6d4b" outcome="Passed" testListId="8c84fa94-04c1-424b-9868-57a2d4851a1d" relativeResultsDirectory="26c444cf-ee4e-4acc-8267-792579064965" />
    <UnitTestResult executionId="0dec4392-0a94-41fe-9cfb-04c072061adb" testId="3f1a7ffc-8f57-e227-a03e-7a5806c4825a" testName="Acme.Product.Tests.Operators.DeepLearningOperatorTests.ValidateParameters_WithVariousInputs_ShouldReturnExpectedResult(modelPath: &quot;model.onnx&quot;, confidence: 0.5, version: &quot;YOLOv8&quot;, expectedValid: True)" computerName="ROG16" duration="00:00:00.0001334" startTime="2026-02-20T13:50:17.4061486+08:00" endTime="2026-02-20T13:50:17.4061487+08:00" testType="13cdc9d9-ddb5-4fa4-a97d-d965ccfc6d4b" outcome="Passed" testListId="8c84fa94-04c1-424b-9868-57a2d4851a1d" relativeResultsDirectory="0dec4392-0a94-41fe-9cfb-04c072061adb" />
    <UnitTestResult executionId="d5deecc2-108f-4d11-a315-f8e30a4a1062" testId="db4f53a3-e544-ce81-8823-ea167d123bbf" testName="Acme.Product.Tests.Operators.ImageRotateOperatorTests.ExecuteAsync_WithNullInputs_ShouldReturnFailure" computerName="ROG16" duration="00:00:00.0068049" startTime="2026-02-20T13:50:17.4299164+08:00" endTime="2026-02-20T13:50:17.4299165+08:00" testType="13cdc9d9-ddb5-4fa4-a97d-d965ccfc6d4b" outcome="Passed" testListId="8c84fa94-04c1-424b-9868-57a2d4851a1d" relativeResultsDirectory="d5deecc2-108f-4d11-a315-f8e30a4a1062" />
    <UnitTestResult executionId="1e28e59f-5b97-45b3-9098-5e1872927a05" testId="075472e2-b48c-368e-8fce-435cba7b4b0d" testName="Acme.Product.Tests.Operators.HistogramEqualizationOperatorTests.OperatorType_ShouldBeHistogramEqualization" computerName="ROG16" duration="00:00:00.0001096" startTime="2026-02-20T13:50:17.4289444+08:00" endTime="2026-02-20T13:50:17.4289444+08:00" testType="13cdc9d9-ddb5-4fa4-a97d-d965ccfc6d4b" outcome="Passed" testListId="8c84fa94-04c1-424b-9868-57a2d4851a1d" relativeResultsDirectory="1e28e59f-5b97-45b3-9098-5e1872927a05" />
    <UnitTestResult executionId="830e266b-0936-433d-b4db-7f2a8257e271" testId="0cdcb392-fe50-a0fc-b196-a070e1e91291" testName="Acme.Product.Tests.Operators.AngleMeasurementOperatorTests.ValidateParameters_Default_ShouldBeValid" computerName="ROG16" duration="00:00:00.0053128" startTime="2026-02-20T13:50:17.4209650+08:00" endTime="2026-02-20T13:50:17.4209651+08:00" testType="13cdc9d9-ddb5-4fa4-a97d-d965ccfc6d4b" outcome="Passed" testListId="8c84fa94-04c1-424b-9868-57a2d4851a1d" relativeResultsDirectory="830e266b-0936-433d-b4db-7f2a8257e271" />
    <UnitTestResult executionId="25746c41-13b6-4898-a35b-f970a4523679" testId="7e75eb3f-b029-ccf8-4e49-a61a4af0d1b2" testName="Acme.Product.Tests.Operators.ConditionalBranchOperatorTests.OperatorType_ShouldBeConditionalBranch" computerName="ROG16" duration="00:00:00.0133757" startTime="2026-02-20T13:50:17.3884170+08:00" endTime="2026-02-20T13:50:17.3884171+08:00" testType="13cdc9d9-ddb5-4fa4-a97d-d965ccfc6d4b" outcome="Passed" testListId="8c84fa94-04c1-424b-9868-57a2d4851a1d" relativeResultsDirectory="25746c41-13b6-4898-a35b-f970a4523679" />
    <UnitTestResult executionId="1c80033e-038e-4cd0-8909-f77470be4f22" testId="980d2bd6-b549-5d5c-bcfb-bd372f870939" testName="Acme.Product.Tests.Operators.MeasureDistanceOperatorTests.ValidateParameters_Default_ShouldBeValid" computerName="ROG16" duration="00:00:00.0003933" startTime="2026-02-20T13:50:17.4186410+08:00" endTime="2026-02-20T13:50:17.4186410+08:00" testType="13cdc9d9-ddb5-4fa4-a97d-d965ccfc6d4b" outcome="Passed" testListId="8c84fa94-04c1-424b-9868-57a2d4851a1d" relativeResultsDirectory="1c80033e-038e-4cd0-8909-f77470be4f22" />
    <UnitTestResult executionId="9a66e0da-2c63-43a6-b59d-139ca7f7534b" testId="3ac6803a-d1f9-25c3-e9dc-ea66c9369ed6" testName="Acme.Product.Tests.Operators.PerspectiveTransformOperatorTests.ValidateParameters_Default_ShouldBeValid" computerName="ROG16" duration="00:00:00.0003279" startTime="2026-02-20T13:50:17.3568830+08:00" endTime="2026-02-20T13:50:17.3568831+08:00" testType="13cdc9d9-ddb5-4fa4-a97d-d965ccfc6d4b" outcome="Passed" testListId="8c84fa94-04c1-424b-9868-57a2d4851a1d" relativeResultsDirectory="9a66e0da-2c63-43a6-b59d-139ca7f7534b" />
    <UnitTestResult executionId="c3b0677c-8bc5-4c7f-8df0-dc1f65f90257" testId="cfa8c797-7cd9-d085-923a-e2e62f003e41" testName="Acme.Product.Tests.Operators.Sprint3_MathOperationTests.MathOperation_AdvancedOperations_ReturnsCorrectResult(a: 2, b: 3, operation: &quot;Power&quot;, expected: 8)" computerName="ROG16" duration="00:00:00.0003438" startTime="2026-02-20T13:50:17.5045807+08:00" endTime="2026-02-20T13:50:17.5045808+08:00" testType="13cdc9d9-ddb5-4fa4-a97d-d965ccfc6d4b" outcome="Passed" testListId="8c84fa94-04c1-424b-9868-57a2d4851a1d" relativeResultsDirectory="c3b0677c-8bc5-4c7f-8df0-dc1f65f90257" />
    <UnitTestResult executionId="bb19285d-a074-4039-84d0-bb4c98fe6147" testId="023af56e-4abe-e71e-6349-ac4bbe7731cc" testName="Acme.Product.Tests.Operators.BlobDetectionOperatorTests.ExecuteAsync_WithValidImage_ShouldReturnSuccess" computerName="ROG16" duration="00:00:00.0085750" startTime="2026-02-20T13:50:17.3360066+08:00" endTime="2026-02-20T13:50:17.3360067+08:00" testType="13cdc9d9-ddb5-4fa4-a97d-d965ccfc6d4b" outcome="Passed" testListId="8c84fa94-04c1-424b-9868-57a2d4851a1d" relativeResultsDirectory="bb19285d-a074-4039-84d0-bb4c98fe6147" />
    <UnitTestResult executionId="59185c59-63d0-4ad6-b74f-f5f5002b37ff" testId="559fd486-1bcb-c20a-77ee-cb115f028da9" testName="Acme.Product.Tests.Integration.ResultAnalysisServiceIntegrationTests.GenerateReportAsync_ShouldIncludeAllSections" computerName="ROG16" duration="00:00:00.0114036" startTime="2026-02-20T13:50:17.3982079+08:00" endTime="2026-02-20T13:50:17.3982080+08:00" testType="13cdc9d9-ddb5-4fa4-a97d-d965ccfc6d4b" outcome="Passed" testListId="8c84fa94-04c1-424b-9868-57a2d4851a1d" relativeResultsDirectory="59185c59-63d0-4ad6-b74f-f5f5002b37ff" />
    <UnitTestResult executionId="4ed34021-ad6a-47be-b609-ad25388828a8" testId="ccc604c0-26b8-f08e-a93b-6efe3648fa19" testName="Acme.Product.Tests.Operators.Sprint3_LogicGateTests.LogicGate_XOR_ReturnsCorrectResult(a: True, b: True, op: &quot;XOR&quot;, expected: False)" computerName="ROG16" duration="00:00:00.0003691" startTime="2026-02-20T13:50:17.4554160+08:00" endTime="2026-02-20T13:50:17.4554161+08:00" testType="13cdc9d9-ddb5-4fa4-a97d-d965ccfc6d4b" outcome="Passed" testListId="8c84fa94-04c1-424b-9868-57a2d4851a1d" relativeResultsDirectory="4ed34021-ad6a-47be-b609-ad25388828a8" />
    <UnitTestResult executionId="cd847086-1f79-4673-85d6-c4ed79afdce7" testId="ef3dbf1e-8526-5fc2-8002-288b48c3e409" testName="Acme.Product.Tests.Memory.Sprint1_ValueObjectTests.LineData_Create_SetsProperties" computerName="ROG16" duration="00:00:00.0000966" startTime="2026-02-20T13:50:17.2871209+08:00" endTime="2026-02-20T13:50:17.2871211+08:00" testType="13cdc9d9-ddb5-4fa4-a97d-d965ccfc6d4b" outcome="Passed" testListId="8c84fa94-04c1-424b-9868-57a2d4851a1d" relativeResultsDirectory="cd847086-1f79-4673-85d6-c4ed79afdce7" />
    <UnitTestResult executionId="fc013df7-6776-4ad0-a43f-8cf24bb34fcb" testId="f68ee68b-71d8-9035-0d99-093dbe37c4ce" testName="Acme.Product.Tests.Memory.Sprint1_MemoryPoolTests.MatPool_DifferentSpecs_CreateDifferentBuckets" computerName="ROG16" duration="00:00:00.0009149" startTime="2026-02-20T13:50:17.4311813+08:00" endTime="2026-02-20T13:50:17.4311814+08:00" testType="13cdc9d9-ddb5-4fa4-a97d-d965ccfc6d4b" outcome="Passed" testListId="8c84fa94-04c1-424b-9868-57a2d4851a1d" relativeResultsDirectory="fc013df7-6776-4ad0-a43f-8cf24bb34fcb" />
    <UnitTestResult executionId="2da2f787-55b8-498f-a4ca-2a7ea00a0deb" testId="767762cb-b11a-3962-d568-94bf1c9f68c1" testName="Acme.Product.Tests.Operators.Sprint2_ArrayIndexerTests.ArrayIndexer_EmptyList_ReturnsNotFound" computerName="ROG16" duration="00:00:00.0045930" startTime="2026-02-20T13:50:17.4139639+08:00" endTime="2026-02-20T13:50:17.4139639+08:00" testType="13cdc9d9-ddb5-4fa4-a97d-d965ccfc6d4b" outcome="Passed" testListId="8c84fa94-04c1-424b-9868-57a2d4851a1d" relativeResultsDirectory="2da2f787-55b8-498f-a4ca-2a7ea00a0deb" />
    <UnitTestResult executionId="0765b0d9-994f-4beb-85b0-745d1b7eb57d" testId="2a597e35-f38f-8000-bd75-15cff25faed5" testName="Acme.Product.Tests.Operators.Sprint3_TypeConvertTests.TypeConvert_ToBoolean_ReturnsCorrectBool(value: &quot;true&quot;, expected: True)" computerName="ROG16" duration="00:00:00.0000865" startTime="2026-02-20T13:50:17.4284577+08:00" endTime="2026-02-20T13:50:17.4284578+08:00" testType="13cdc9d9-ddb5-4fa4-a97d-d965ccfc6d4b" outcome="Passed" testListId="8c84fa94-04c1-424b-9868-57a2d4851a1d" relativeResultsDirectory="0765b0d9-994f-4beb-85b0-745d1b7eb57d" />
    <UnitTestResult executionId="12c827cf-0d87-4293-b84c-2461db22e4c8" testId="d962e3de-e68d-c9e0-41cd-5c73c4192e39" testName="Acme.Product.Tests.Integration.DemoProjectServiceIntegrationTests.CreateDemoProjectAsync_ShouldCreateCompletePCBInspectionFlow" computerName="ROG16" duration="00:00:00.0037504" startTime="2026-02-20T13:50:17.3889991+08:00" endTime="2026-02-20T13:50:17.3889991+08:00" testType="13cdc9d9-ddb5-4fa4-a97d-d965ccfc6d4b" outcome="Passed" testListId="8c84fa94-04c1-424b-9868-57a2d4851a1d" relativeResultsDirectory="12c827cf-0d87-4293-b84c-2461db22e4c8" />
    <UnitTestResult executionId="73003d86-56b6-46b3-848d-a10eeef1ea5d" testId="ad0bb436-8ef8-7d68-d9bf-8c04dd05377c" testName="Acme.Product.Tests.Operators.CannyEdgeOperatorTests.ValidateParameters_WithValidThresholds_ShouldReturnValid" computerName="ROG16" duration="00:00:00.0002665" startTime="2026-02-20T13:50:17.3991838+08:00" endTime="2026-02-20T13:50:17.3991839+08:00" testType="13cdc9d9-ddb5-4fa4-a97d-d965ccfc6d4b" outcome="Passed" testListId="8c84fa94-04c1-424b-9868-57a2d4851a1d" relativeResultsDirectory="73003d86-56b6-46b3-848d-a10eeef1ea5d" />
    <UnitTestResult executionId="e5f12b22-f648-4d3b-ba7e-2ec3dba84a5a" testId="670debdc-47a4-a098-305f-fea77c146bd1" testName="Acme.Product.Tests.Integration.FlowExecutionServiceIntegrationTests.ExecuteFlowAsync_3OperatorLinearFlow_ShouldExecuteSuccessfully" computerName="ROG16" duration="00:00:00.0017843" startTime="2026-02-20T13:50:17.4757077+08:00" endTime="2026-02-20T13:50:17.4757079+08:00" testType="13cdc9d9-ddb5-4fa4-a97d-d965ccfc6d4b" outcome="Passed" testListId="8c84fa94-04c1-424b-9868-57a2d4851a1d" relativeResultsDirectory="e5f12b22-f648-4d3b-ba7e-2ec3dba84a5a" />
    <UnitTestResult executionId="9ca5c51c-2851-4479-81f4-acba88578a0c" testId="6497368e-bd16-2c5e-1fa6-2c84ef318f6f" testName="Acme.Product.Tests.Operators.Sprint3_LogicGateTests.LogicGate_XOR_ReturnsCorrectResult(a: False, b: False, op: &quot;XOR&quot;, expected: False)" computerName="ROG16" duration="00:00:00.0001342" startTime="2026-02-20T13:50:17.4554852+08:00" endTime="2026-02-20T13:50:17.4554853+08:00" testType="13cdc9d9-ddb5-4fa4-a97d-d965ccfc6d4b" outcome="Passed" testListId="8c84fa94-04c1-424b-9868-57a2d4851a1d" relativeResultsDirectory="9ca5c51c-2851-4479-81f4-acba88578a0c" />
    <UnitTestResult executionId="441f268c-f357-4ff9-a887-6b1c8f8523e2" testId="c12b757d-ecb2-99d5-4510-d1ebe6283c6c" testName="Acme.Product.Tests.Operators.DeepLearningOperatorTests.ExecuteAsync_WithDifferentYoloVersions_ShouldAcceptAllFormats(version: &quot;v11&quot;)" computerName="ROG16" duration="00:00:00.0001555" startTime="2026-02-20T13:50:17.4122787+08:00" endTime="2026-02-20T13:50:17.4122787+08:00" testType="13cdc9d9-ddb5-4fa4-a97d-d965ccfc6d4b" outcome="Passed" testListId="8c84fa94-04c1-424b-9868-57a2d4851a1d" relativeResultsDirectory="441f268c-f357-4ff9-a887-6b1c8f8523e2" />
    <UnitTestResult executionId="720b1050-5f6c-4cd3-b6bb-4af9ec98efcd" testId="9a169411-5203-2ab5-8dd6-6e80e3065364" testName="Acme.Product.Tests.Operators.ImageResizeOperatorTests.ValidateParameters_Default_ShouldBeValid" computerName="ROG16" duration="00:00:00.0002662" startTime="2026-02-20T13:50:17.5024839+08:00" endTime="2026-02-20T13:50:17.5024840+08:00" testType="13cdc9d9-ddb5-4fa4-a97d-d965ccfc6d4b" outcome="Passed" testListId="8c84fa94-04c1-424b-9868-57a2d4851a1d" relativeResultsDirectory="720b1050-5f6c-4cd3-b6bb-4af9ec98efcd" />
    <UnitTestResult executionId="a62340db-c6d9-4656-9147-9f16a83b3ff0" testId="8619693e-aaaf-a798-c90f-d297c0189dfe" testName="Acme.Product.Tests.Memory.Sprint1_ValueObjectTests.CircleData_Create_SetsProperties" computerName="ROG16" duration="00:00:00.0000786" startTime="2026-02-20T13:50:17.2885145+08:00" endTime="2026-02-20T13:50:17.2885145+08:00" testType="13cdc9d9-ddb5-4fa4-a97d-d965ccfc6d4b" outcome="Passed" testListId="8c84fa94-04c1-424b-9868-57a2d4851a1d" relativeResultsDirectory="a62340db-c6d9-4656-9147-9f16a83b3ff0" />
    <UnitTestResult executionId="158baa8c-b76a-430d-8703-37b9a7b53982" testId="4c041c7d-c6e8-5507-7a50-858afa243e49" testName="Acme.Product.Tests.Operators.CircleMeasurementOperatorTests.ValidateParameters_Default_ShouldBeValid" computerName="ROG16" duration="00:00:00.0003193" startTime="2026-02-20T13:50:17.3362452+08:00" endTime="2026-02-20T13:50:17.3362453+08:00" testType="13cdc9d9-ddb5-4fa4-a97d-d965ccfc6d4b" outcome="Passed" testListId="8c84fa94-04c1-424b-9868-57a2d4851a1d" relativeResultsDirectory="158baa8c-b76a-430d-8703-37b9a7b53982" />
    <UnitTestResult executionId="86e7340a-ccfb-41ab-8fa5-fdc3f3cd913a" testId="a0f975a9-42a1-89db-6b48-a7f99c909f8b" testName="AIPromptBuilder - 构建的提示词包含设计规则" computerName="ROG16" duration="00:00:00.0001628" startTime="2026-02-20T13:50:17.4246951+08:00" endTime="2026-02-20T13:50:17.4246952+08:00" testType="13cdc9d9-ddb5-4fa4-a97d-d965ccfc6d4b" outcome="Passed" testListId="8c84fa94-04c1-424b-9868-57a2d4851a1d" relativeResultsDirectory="86e7340a-ccfb-41ab-8fa5-fdc3f3cd913a" />
    <UnitTestResult executionId="ddb354f9-358b-4575-bda6-eb74c36ea7c7" testId="4accbf49-4d68-3969-91b5-18ade5d1edb1" testName="Acme.Product.Tests.Operators.ResultOutputOperatorTests.ExecuteAsync_WithNullInputs_ShouldReturnSuccess" computerName="ROG16" duration="00:00:00.0004320" startTime="2026-02-20T13:50:17.3791191+08:00" endTime="2026-02-20T13:50:17.3791192+08:00" testType="13cdc9d9-ddb5-4fa4-a97d-d965ccfc6d4b" outcome="Passed" testListId="8c84fa94-04c1-424b-9868-57a2d4851a1d" relativeResultsDirectory="ddb354f9-358b-4575-bda6-eb74c36ea7c7" />
    <UnitTestResult executionId="11a6da25-fb65-461d-bded-3766ec86be4c" testId="a715f832-7c4d-33e6-a481-1c2c1fd85b2c" testName="Acme.Product.Tests.Integration.ImageAcquisitionServiceIntegrationTests.LoadFromBase64Async_WithInvalidBase64_ShouldThrowException" computerName="ROG16" duration="00:00:00.0022809" startTime="2026-02-20T13:50:17.4474074+08:00" endTime="2026-02-20T13:50:17.4474076+08:00" testType="13cdc9d9-ddb5-4fa4-a97d-d965ccfc6d4b" outcome="Passed" testListId="8c84fa94-04c1-424b-9868-57a2d4851a1d" relativeResultsDirectory="11a6da25-fb65-461d-bded-3766ec86be4c" />
    <UnitTestResult executionId="eaaf7c6d-c086-44ae-a763-d981b4981b03" testId="fa78c48b-7e2c-eef1-6695-3a2451dedf91" testName="Acme.Product.Tests.Operators.Sprint3_LogicGateTests.LogicGate_NAND_ReturnsCorrectResult(a: False, b: False, op: &quot;NAND&quot;, expected: True)" computerName="ROG16" duration="00:00:00.0005432" startTime="2026-02-20T13:50:17.4569633+08:00" endTime="2026-02-20T13:50:17.4569634+08:00" testType="13cdc9d9-ddb5-4fa4-a97d-d965ccfc6d4b" outcome="Passed" testListId="8c84fa94-04c1-424b-9868-57a2d4851a1d" relativeResultsDirectory="eaaf7c6d-c086-44ae-a763-d981b4981b03" />
    <UnitTestResult executionId="bc8ea071-9d48-48bc-9ddd-a778f4472ee3" testId="7d6cfedc-f273-bbbc-51b8-755a25fa39f5" testName="Acme.Product.Tests.Operators.Sprint3_LogicGateTests.LogicGate_OR_ReturnsCorrectResult(a: True, b: False, op: &quot;OR&quot;, expected: True)" computerName="ROG16" duration="00:00:00.0000628" startTime="2026-02-20T13:50:17.4538474+08:00" endTime="2026-02-20T13:50:17.4538475+08:00" testType="13cdc9d9-ddb5-4fa4-a97d-d965ccfc6d4b" outcome="Passed" testListId="8c84fa94-04c1-424b-9868-57a2d4851a1d" relativeResultsDirectory="bc8ea071-9d48-48bc-9ddd-a778f4472ee3" />
    <UnitTestResult executionId="54ee6cc2-3948-45ac-89b1-2e1010d01919" testId="c405f687-6898-d24f-3d83-33cfe5647b81" testName="Acme.Product.Tests.Operators.ImageRotateOperatorTests.ValidateParameters_Default_ShouldBeValid" computerName="ROG16" duration="00:00:00.0003219" startTime="2026-02-20T13:50:17.4454984+08:00" endTime="2026-02-20T13:50:17.4454984+08:00" testType="13cdc9d9-ddb5-4fa4-a97d-d965ccfc6d4b" outcome="Passed" testListId="8c84fa94-04c1-424b-9868-57a2d4851a1d" relativeResultsDirectory="54ee6cc2-3948-45ac-89b1-2e1010d01919" />
    <UnitTestResult executionId="45fea613-3c7e-4640-9d9e-a9d8effeaa65" testId="e519e950-3abc-3a14-159c-ce3625d81687" testName="Acme.Product.Tests.Operators.DeepLearningOperatorTests.ExecuteAsync_WithEmptyModelPath_ShouldReturnFailure" computerName="ROG16" duration="00:00:00.0070827" startTime="2026-02-20T13:50:17.4213279+08:00" endTime="2026-02-20T13:50:17.4213280+08:00" testType="13cdc9d9-ddb5-4fa4-a97d-d965ccfc6d4b" outcome="Passed" testListId="8c84fa94-04c1-424b-9868-57a2d4851a1d" relativeResultsDirectory="45fea613-3c7e-4640-9d9e-a9d8effeaa65" />
    <UnitTestResult executionId="f3668394-6031-4d9a-845b-4efde3e64f23" testId="be65a8a0-65b9-eb78-aef3-2d8cf264a01a" testName="Acme.Product.Tests.Operators.SubpixelEdgeDetectionOperatorTests.ExecuteAsync_WithEmptyInputs_ShouldReturnFailure" computerName="ROG16" duration="00:00:00.0005754" startTime="2026-02-20T13:50:17.3445122+08:00" endTime="2026-02-20T13:50:17.3445123+08:00" testType="13cdc9d9-ddb5-4fa4-a97d-d965ccfc6d4b" outcome="Passed" testListId="8c84fa94-04c1-424b-9868-57a2d4851a1d" relativeResultsDirectory="f3668394-6031-4d9a-845b-4efde3e64f23" />
    <UnitTestResult executionId="ae8c8ecb-b42e-4ac9-acd8-5785c6472339" testId="1e5054a8-3cd3-9aa6-2faf-1578fac237f3" testName="FlowParser - 应能解析有效的 AI 生成 JSON" computerName="ROG16" duration="00:00:00.0002092" startTime="2026-02-20T13:50:17.4227630+08:00" endTime="2026-02-20T13:50:17.4227631+08:00" testType="13cdc9d9-ddb5-4fa4-a97d-d965ccfc6d4b" outcome="Passed" testListId="8c84fa94-04c1-424b-9868-57a2d4851a1d" relativeResultsDirectory="ae8c8ecb-b42e-4ac9-acd8-5785c6472339" />
    <UnitTestResult executionId="1efa4cdf-6773-441f-81d6-331394eeb98a" testId="c94d5f88-e9ca-0376-275a-8bec220b37d9" testName="Acme.Product.Tests.Operators.DeepLearningOperatorTests.ExecuteAsync_WithDifferentYoloVersions_ShouldAcceptAllFormats(version: &quot;6&quot;)" computerName="ROG16" duration="00:00:00.0001837" startTime="2026-02-20T13:50:17.4116825+08:00" endTime="2026-02-20T13:50:17.4116825+08:00" testType="13cdc9d9-ddb5-4fa4-a97d-d965ccfc6d4b" outcome="Passed" testListId="8c84fa94-04c1-424b-9868-57a2d4851a1d" relativeResultsDirectory="1efa4cdf-6773-441f-81d6-331394eeb98a" />
    <UnitTestResult executionId="8c6283b3-a6fd-4773-ba7d-fd98bafb2943" testId="6ae177df-6a2c-96ee-7d79-4d983e01f341" testName="Acme.Product.Tests.Entities.ProjectTests.UpdateInfo_WithValidData_ShouldUpdateProject" computerName="ROG16" duration="00:00:00.0003949" startTime="2026-02-20T13:50:17.2925805+08:00" endTime="2026-02-20T13:50:17.2925806+08:00" testType="13cdc9d9-ddb5-4fa4-a97d-d965ccfc6d4b" outcome="Passed" testListId="8c84fa94-04c1-424b-9868-57a2d4851a1d" relativeResultsDirectory="8c6283b3-a6fd-4773-ba7d-fd98bafb2943" />
    <UnitTestResult executionId="e33f65bc-9ac5-4126-9aed-ecf0ab7f1173" testId="7511ca3c-dd19-a505-35af-8ece945a5936" testName="Acme.Product.Tests.Operators.DeepLearningOperatorTests.ExecuteAsync_WithDifferentYoloVersions_ShouldAcceptAllFormats(version: &quot;11&quot;)" computerName="ROG16" duration="00:00:00.0001800" startTime="2026-02-20T13:50:17.4105139+08:00" endTime="2026-02-20T13:50:17.4105140+08:00" testType="13cdc9d9-ddb5-4fa4-a97d-d965ccfc6d4b" outcome="Passed" testListId="8c84fa94-04c1-424b-9868-57a2d4851a1d" relativeResultsDirectory="e33f65bc-9ac5-4126-9aed-ecf0ab7f1173" />
    <UnitTestResult executionId="7a1fec0c-b6a5-4e1e-b1e5-2933c9f070d7" testId="8fdf7f62-f479-60ee-243d-4ea16f176803" testName="Acme.Product.Tests.Integration.FlowExecutionServiceIntegrationTests.ValidateFlow_GaussianBlurWithInvalidKernelSize_ShouldFailValidation(kernelSize: 0)" computerName="ROG16" duration="00:00:00.0006087" startTime="2026-02-20T13:50:17.4222483+08:00" endTime="2026-02-20T13:50:17.4222484+08:00" testType="13cdc9d9-ddb5-4fa4-a97d-d965ccfc6d4b" outcome="Passed" testListId="8c84fa94-04c1-424b-9868-57a2d4851a1d" relativeResultsDirectory="7a1fec0c-b6a5-4e1e-b1e5-2933c9f070d7" />
    <UnitTestResult executionId="60a9a47f-2132-4929-86db-39a0bf1975b0" testId="dcb9af38-1265-2973-14d6-651ffadf9d42" testName="Acme.Product.Tests.AI.Sprint4_DryRunTests.DryRunStubRegistry_NoStubRegistered_ReturnsDefaultSuccess" computerName="ROG16" duration="00:00:00.0000288" startTime="2026-02-20T13:50:17.3409576+08:00" endTime="2026-02-20T13:50:17.3409576+08:00" testType="13cdc9d9-ddb5-4fa4-a97d-d965ccfc6d4b" outcome="Passed" testListId="8c84fa94-04c1-424b-9868-57a2d4851a1d" relativeResultsDirectory="60a9a47f-2132-4929-86db-39a0bf1975b0" />
    <UnitTestResult executionId="d88d6106-0e74-4963-a9d8-9c9448f53140" testId="a70b7506-01ba-38e7-ddfd-1bfbbdc0e03f" testName="Acme.Product.Tests.Operators.Sprint2_ArrayIndexerTests.ArrayIndexer_IndexMode_ReturnsCorrectItem" computerName="ROG16" duration="00:00:00.0006306" startTime="2026-02-20T13:50:17.4228182+08:00" endTime="2026-02-20T13:50:17.4228182+08:00" testType="13cdc9d9-ddb5-4fa4-a97d-d965ccfc6d4b" outcome="Passed" testListId="8c84fa94-04c1-424b-9868-57a2d4851a1d" relativeResultsDirectory="d88d6106-0e74-4963-a9d8-9c9448f53140" />
    <UnitTestResult executionId="1c2e0db6-3115-47bd-bb7d-f90f5b0f39bd" testId="c49d237a-16dd-be2b-c0f9-8fedd7aa4936" testName="Acme.Product.Tests.Operators.MorphologyOperatorTests.ExecuteAsync_WithNullInputs_ShouldReturnFailure" computerName="ROG16" duration="00:00:00.0006617" startTime="2026-02-20T13:50:17.4159911+08:00" endTime="2026-02-20T13:50:17.4159912+08:00" testType="13cdc9d9-ddb5-4fa4-a97d-d965ccfc6d4b" outcome="Passed" testListId="8c84fa94-04c1-424b-9868-57a2d4851a1d" relativeResultsDirectory="1c2e0db6-3115-47bd-bb7d-f90f5b0f39bd" />
    <UnitTestResult executionId="251f73a4-6f87-4775-9a79-348a7eafd1cd" testId="b12b67c5-633f-93ed-6bc2-9ee5cc61cf5e" testName="Acme.Product.Tests.Operators.CoordinateTransformOperatorTests.ValidateParameters_Default_ShouldBeValid" computerName="ROG16" duration="00:00:00.0004858" startTime="2026-02-20T13:50:17.3715309+08:00" endTime="2026-02-20T13:50:17.3715310+08:00" testType="13cdc9d9-ddb5-4fa4-a97d-d965ccfc6d4b" outcome="Passed" testListId="8c84fa94-04c1-424b-9868-57a2d4851a1d" relativeResultsDirectory="251f73a4-6f87-4775-9a79-348a7eafd1cd" />
    <UnitTestResult executionId="be9a656e-39a0-44bc-ac8e-1833a4c317a5" testId="b4c0d422-b695-1e07-bb18-4c0aab9ddf0b" testName="Acme.Product.Tests.Integration.ResultAnalysisServiceIntegrationTests.GetStatisticsAsync_WithResults_ShouldReturnCorrectStatistics" computerName="ROG16" duration="00:00:00.0013715" startTime="2026-02-20T13:50:17.3855770+08:00" endTime="2026-02-20T13:50:17.3855771+08:00" testType="13cdc9d9-ddb5-4fa4-a97d-d965ccfc6d4b" outcome="Passed" testListId="8c84fa94-04c1-424b-9868-57a2d4851a1d" relativeResultsDirectory="be9a656e-39a0-44bc-ac8e-1833a4c317a5" />
    <UnitTestResult executionId="cc595a11-2b9a-4cb1-a768-d6b209fdc493" testId="2c01242a-e04e-a3a3-5590-db1dc76bfc53" testName="Acme.Product.Tests.Operators.DeepLearningOperatorTests.ExecuteAsync_WithoutImage_ShouldReturnFailure" computerName="ROG16" duration="00:00:00.0005952" startTime="2026-02-20T13:50:17.4214711+08:00" endTime="2026-02-20T13:50:17.4214712+08:00" testType="13cdc9d9-ddb5-4fa4-a97d-d965ccfc6d4b" outcome="Passed" testListId="8c84fa94-04c1-424b-9868-57a2d4851a1d" relativeResultsDirectory="cc595a11-2b9a-4cb1-a768-d6b209fdc493" />
    <UnitTestResult executionId="b44667ab-724f-4557-970a-ef915394c2d8" testId="4b86fb0b-14cb-ce21-6171-4b15883d8083" testName="Acme.Product.Tests.Integration.ResultAnalysisServiceIntegrationTests.GetDefectHeatmapAsync_ShouldGenerateCorrectGrid" computerName="ROG16" duration="00:00:00.0407579" startTime="2026-02-20T13:50:17.3841325+08:00" endTime="2026-02-20T13:50:17.3841326+08:00" testType="13cdc9d9-ddb5-4fa4-a97d-d965ccfc6d4b" outcome="Passed" testListId="8c84fa94-04c1-424b-9868-57a2d4851a1d" relativeResultsDirectory="b44667ab-724f-4557-970a-ef915394c2d8" />
    <UnitTestResult executionId="fb1c38bf-6769-4431-9083-47b32de9efd0" testId="ba155b22-75df-05ab-eb60-d8403d00a4ad" testName="Acme.Product.Tests.Operators.Sprint3_TypeConvertTests.TypeConvert_ToFloat_ReturnsCorrectFloat(value: &quot;3.14&quot;, expected: 3.1400001)" computerName="ROG16" duration="00:00:00.0001147" startTime="2026-02-20T13:50:17.4295418+08:00" endTime="2026-02-20T13:50:17.4295419+08:00" testType="13cdc9d9-ddb5-4fa4-a97d-d965ccfc6d4b" outcome="Passed" testListId="8c84fa94-04c1-424b-9868-57a2d4851a1d" relativeResultsDirectory="fb1c38bf-6769-4431-9083-47b32de9efd0" />
    <UnitTestResult executionId="2b14639c-a07b-44d6-bb52-ec81428de7c9" testId="959badab-113e-9313-6951-cce5c9fae111" testName="Acme.Product.Tests.Operators.Sprint2_JsonExtractorTests.JsonExtractor_ValidateParameters_InvalidPath_ReturnsError" computerName="ROG16" duration="00:00:00.0004423" startTime="2026-02-20T13:50:17.4190467+08:00" endTime="2026-02-20T13:50:17.4190468+08:00" testType="13cdc9d9-ddb5-4fa4-a97d-d965ccfc6d4b" outcome="Passed" testListId="8c84fa94-04c1-424b-9868-57a2d4851a1d" relativeResultsDirectory="2b14639c-a07b-44d6-bb52-ec81428de7c9" />
    <UnitTestResult executionId="6ac3eaba-f8bf-4643-bf0b-194759903f0b" testId="1b7cbf3a-6e37-16f7-5b5b-52c9ae357dfb" testName="Acme.Product.Tests.Memory.Sprint1_MemoryPoolTests.MatPool_RentHitRate_AfterWarmup_ShouldBeHigh" computerName="ROG16" duration="00:00:00.0013849" startTime="2026-02-20T13:50:17.4272272+08:00" endTime="2026-02-20T13:50:17.4272272+08:00" testType="13cdc9d9-ddb5-4fa4-a97d-d965ccfc6d4b" outcome="Passed" testListId="8c84fa94-04c1-424b-9868-57a2d4851a1d" relativeResultsDirectory="6ac3eaba-f8bf-4643-bf0b-194759903f0b" />
    <UnitTestResult executionId="1316aca7-a186-48d8-b2ec-a9889b13205d" testId="c387a956-ecbb-0431-42ac-991c39884ffa" testName="Acme.Product.Tests.Operators.UndistortOperatorTests.ExecuteAsync_WithNullInputs_ShouldReturnFailure" computerName="ROG16" duration="00:00:00.0003986" startTime="2026-02-20T13:50:17.4456024+08:00" endTime="2026-02-20T13:50:17.4456025+08:00" testType="13cdc9d9-ddb5-4fa4-a97d-d965ccfc6d4b" outcome="Passed" testListId="8c84fa94-04c1-424b-9868-57a2d4851a1d" relativeResultsDirectory="1316aca7-a186-48d8-b2ec-a9889b13205d" />
    <UnitTestResult executionId="6e330ecf-d84f-406c-858b-3982bf46e619" testId="42922ff5-20c4-616a-e6cd-9ef9a7bd9bd3" testName="Acme.Product.Tests.Operators.ConditionalBranchOperatorTests.ValidateParameters_Default_ShouldBeValid" computerName="ROG16" duration="00:00:00.0002116" startTime="2026-02-20T13:50:17.5012042+08:00" endTime="2026-02-20T13:50:17.5012043+08:00" testType="13cdc9d9-ddb5-4fa4-a97d-d965ccfc6d4b" outcome="Passed" testListId="8c84fa94-04c1-424b-9868-57a2d4851a1d" relativeResultsDirectory="6e330ecf-d84f-406c-858b-3982bf46e619" />
    <UnitTestResult executionId="ac7cdec1-8b12-487a-8e38-7b00084bd3c3" testId="26cf9fdb-9f94-a7b3-2234-ff9027febbb1" testName="Acme.Product.Tests.Entities.OperatorTests.UpdatePosition_ShouldUpdateCoordinates" computerName="ROG16" duration="00:00:00.0022886" startTime="2026-02-20T13:50:17.2784330+08:00" endTime="2026-02-20T13:50:17.2784331+08:00" testType="13cdc9d9-ddb5-4fa4-a97d-d965ccfc6d4b" outcome="Passed" testListId="8c84fa94-04c1-424b-9868-57a2d4851a1d" relativeResultsDirectory="ac7cdec1-8b12-487a-8e38-7b00084bd3c3" />
    <UnitTestResult executionId="d5c651b0-2b5d-43ca-bf7b-751431d03f73" testId="7dfe993e-2d2b-35aa-0a5c-f53b313821c4" testName="Acme.Product.Tests.UI.FlowEditorTests.FlowEditor_DragOperator_ShouldCreateNode" computerName="ROG16" duration="00:00:00.0010000" startTime="2026-02-20T13:50:17.4202084+08:00" endTime="2026-02-20T13:50:17.4202085+08:00" testType="13cdc9d9-ddb5-4fa4-a97d-d965ccfc6d4b" outcome="NotExecuted" testListId="8c84fa94-04c1-424b-9868-57a2d4851a1d" relativeResultsDirectory="d5c651b0-2b5d-43ca-bf7b-751431d03f73">
      <Output>
        <ErrorInfo>
          <Message>需要运行中的应用程序</Message>
        </ErrorInfo>
      </Output>
    </UnitTestResult>
    <UnitTestResult executionId="8dc17ca8-86c4-4df5-86ef-417cd1b180d3" testId="6ad25aee-1975-2e38-75ad-44e872be2953" testName="AIPromptBuilder - 构建完整提示词包含系统提示" computerName="ROG16" duration="00:00:00.0001697" startTime="2026-02-20T13:50:17.4219798+08:00" endTime="2026-02-20T13:50:17.4219798+08:00" testType="13cdc9d9-ddb5-4fa4-a97d-d965ccfc6d4b" outcome="Passed" testListId="8c84fa94-04c1-424b-9868-57a2d4851a1d" relativeResultsDirectory="8dc17ca8-86c4-4df5-86ef-417cd1b180d3" />
    <UnitTestResult executionId="2f9bde01-2293-4e97-8feb-0f89b7d064cd" testId="24380ba5-b6fb-30ec-cd7b-19c04524a3e5" testName="Acme.Product.Tests.Operators.Sprint2_ForEachTests.ForEach_ValidateParameters_InvalidMaxParallelism_ReturnsError(maxParallelism: 0)" computerName="ROG16" duration="00:00:00.0001480" startTime="2026-02-20T13:50:17.5121793+08:00" endTime="2026-02-20T13:50:17.5121793+08:00" testType="13cdc9d9-ddb5-4fa4-a97d-d965ccfc6d4b" outcome="Passed" testListId="8c84fa94-04c1-424b-9868-57a2d4851a1d" relativeResultsDirectory="2f9bde01-2293-4e97-8feb-0f89b7d064cd" />
    <UnitTestResult executionId="c02c47e6-597b-4c88-b9a5-3c04b732d114" testId="a7812d8a-e155-1be3-ebb2-b0e6d6869dc8" testName="Acme.Product.Tests.Services.Sprint4_FlowLinterTests.FlowLinter_SAFETY_002_ForEachParallelWithCommOp_ReturnsWarning" computerName="ROG16" duration="00:00:00.0021525" startTime="2026-02-20T13:50:17.4037569+08:00" endTime="2026-02-20T13:50:17.4037570+08:00" testType="13cdc9d9-ddb5-4fa4-a97d-d965ccfc6d4b" outcome="Passed" testListId="8c84fa94-04c1-424b-9868-57a2d4851a1d" relativeResultsDirectory="c02c47e6-597b-4c88-b9a5-3c04b732d114" />
[...]
    <TestEntry testId="4f05f0bf-aa27-d8c2-cf3f-a1e2fb237da1" executionId="39452bde-15b7-4eeb-aa39-f1255f50f436" testListId="8c84fa94-04c1-424b-9868-57a2d4851a1d" />
    <TestEntry testId="75f30f68-81d3-7f42-dbf9-319d1e8e935a" executionId="af864d60-4273-4bd0-a9d7-a2e6913aa201" testListId="8c84fa94-04c1-424b-9868-57a2d4851a1d" />
    <TestEntry testId="30a22c86-a1e9-1bac-817c-0e04616eec08" executionId="08490cd5-125e-4b63-87da-4dddce690a9a" testListId="8c84fa94-04c1-424b-9868-57a2d4851a1d" />
    <TestEntry testId="8ea1a838-9c8f-d514-5708-3ce4a5dafe5b" executionId="d8c39b29-c2db-41d4-aaa0-a4b03cc9420b" testListId="8c84fa94-04c1-424b-9868-57a2d4851a1d" />
    <TestEntry testId="45949f17-2e01-d539-80ba-50534a343841" executionId="6781c445-5dc6-43fe-8033-79534d698eec" testListId="8c84fa94-04c1-424b-9868-57a2d4851a1d" />
    <TestEntry testId="47ed3435-b344-c32b-0605-3486a387f7c2" executionId="13cf5586-bbfc-445d-b2e5-ddd12e80faad" testListId="8c84fa94-04c1-424b-9868-57a2d4851a1d" />
    <TestEntry testId="132f77fe-f48c-2896-143b-4f3a33d0a8e4" executionId="51effe29-b066-41b1-bf94-c2e06857d5a0" testListId="8c84fa94-04c1-424b-9868-57a2d4851a1d" />
    <TestEntry testId="c87156e0-9cb2-d8b8-dd8b-30692ad4ea9f" executionId="f7ebb9b8-6f74-4958-8187-f7704d5aa161" testListId="8c84fa94-04c1-424b-9868-57a2d4851a1d" />
    <TestEntry testId="23f7ca54-980b-ee93-ea31-262aecfed7b2" executionId="b22287fa-f611-49d7-8e6a-d51be1a21b8d" testListId="8c84fa94-04c1-424b-9868-57a2d4851a1d" />
    <TestEntry testId="70d87184-397d-1785-8cbf-9dccaac9778c" executionId="b90ad24d-06e2-4c0d-8a72-d2f2ab075112" testListId="8c84fa94-04c1-424b-9868-57a2d4851a1d" />
    <TestEntry testId="70c2100e-39cb-94dc-0b4c-7961f007647f" executionId="83a6cf24-e7dc-4ab7-bd9d-720835801c31" testListId="8c84fa94-04c1-424b-9868-57a2d4851a1d" />
    <TestEntry testId="73832946-114e-0218-b970-b98a6689ca7e" executionId="ad9ed8c7-bd8d-4dc3-9d8b-12139701e07a" testListId="8c84fa94-04c1-424b-9868-57a2d4851a1d" />
    <TestEntry testId="3b3cb803-aeb1-4d04-4033-d236fb6c529d" executionId="8a2fb90e-ad3b-47ca-a89b-03a218eed7a8" testListId="8c84fa94-04c1-424b-9868-57a2d4851a1d" />
    <TestEntry testId="2d2800a5-a2ac-64dc-8ea9-832042428093" executionId="739a712e-f2f0-4d77-b784-7a534d25bf15" testListId="8c84fa94-04c1-424b-9868-57a2d4851a1d" />
    <TestEntry testId="8ae58dd4-d4c2-c96b-9ba9-05630e77de7b" executionId="b5923ab5-6806-48a8-91ad-c576d6d34df3" testListId="8c84fa94-04c1-424b-9868-57a2d4851a1d" />
    <TestEntry testId="5e0c0f1f-3ea8-8f89-3d7d-d29f54f63e2d" executionId="12e7a88d-3503-4f3f-886c-9684be9686e0" testListId="8c84fa94-04c1-424b-9868-57a2d4851a1d" />
    <TestEntry testId="87e34a23-c2d0-bd92-0636-12522120a622" executionId="7abe56b4-0c97-498b-874c-02a19c9984dc" testListId="8c84fa94-04c1-424b-9868-57a2d4851a1d" />
    <TestEntry testId="0089ce2a-5328-e5c2-6cf0-cebec212f140" executionId="6f432f13-8868-4c91-8a1a-54b25546f5d3" testListId="8c84fa94-04c1-424b-9868-57a2d4851a1d" />
    <TestEntry testId="fe2cfc94-c4a2-bff2-8ba1-7e6ed796a010" executionId="934e995b-7c29-4364-b3d6-4ab0ec6276c4" testListId="8c84fa94-04c1-424b-9868-57a2d4851a1d" />
    <TestEntry testId="8173df57-3414-bbb4-f60d-7b626f59b2a8" executionId="f70c5726-5230-42c9-a6cf-bd3b526d9739" testListId="8c84fa94-04c1-424b-9868-57a2d4851a1d" />
    <TestEntry testId="2046772b-93b6-392e-530b-de4b4da318c1" executionId="332564ad-fc17-4eac-b97a-a8d28dd64cc0" testListId="8c84fa94-04c1-424b-9868-57a2d4851a1d" />
    <TestEntry testId="6d51b5a5-a1e4-8713-cc23-8404fda4f69b" executionId="5ed1cbcb-0bac-49d0-871b-a0b05d22d5ca" testListId="8c84fa94-04c1-424b-9868-57a2d4851a1d" />
    <TestEntry testId="f46b25e0-8268-9236-e726-9817af3cfc58" executionId="2f1ba54c-a3e5-40b5-9dfc-5342c1846fcb" testListId="8c84fa94-04c1-424b-9868-57a2d4851a1d" />
    <TestEntry testId="f6a5c760-8ce0-6239-83fe-f886860feeb3" executionId="6fe6e2bd-aedb-4ac3-bd7d-d83ea92c18fd" testListId="8c84fa94-04c1-424b-9868-57a2d4851a1d" />
    <TestEntry testId="bbac88e1-15e3-1aa1-3430-fc3112f647a0" executionId="bb07d741-245c-41d5-b8e4-ba613b4897f1" testListId="8c84fa94-04c1-424b-9868-57a2d4851a1d" />
    <TestEntry testId="6dbc1f98-b15b-0958-4390-c9dbd1b58c4b" executionId="59bea7b2-3f13-421f-95eb-b9c6092edadc" testListId="8c84fa94-04c1-424b-9868-57a2d4851a1d" />
    <TestEntry testId="349772e7-340b-97ca-61d9-1c1ba2783777" executionId="4f3961c5-5e9a-4661-97c6-b3955a143182" testListId="8c84fa94-04c1-424b-9868-57a2d4851a1d" />
    <TestEntry testId="da0504ef-a233-f6ed-41d4-aef271df977c" executionId="d82811c8-dc7e-42a5-b8a9-ed45517ab34b" testListId="8c84fa94-04c1-424b-9868-57a2d4851a1d" />
    <TestEntry testId="ae0f2111-9278-b53c-a034-040593fe8257" executionId="b188f59f-c2be-4dbf-9ab3-c4d3c14c21ed" testListId="8c84fa94-04c1-424b-9868-57a2d4851a1d" />
    <TestEntry testId="66f86f92-05f8-1fe5-23e1-429da244b743" executionId="91600e59-ea5f-4377-a897-1a2d81113f8f" testListId="8c84fa94-04c1-424b-9868-57a2d4851a1d" />
    <TestEntry testId="c57461c0-0602-7baf-2555-ff6d4b85d5da" executionId="44395fcc-d3f2-4ea2-9c34-5f36d93944e8" testListId="8c84fa94-04c1-424b-9868-57a2d4851a1d" />
    <TestEntry testId="3e270b34-ab3b-baf3-71bd-b54710df46c3" executionId="22f2eee2-51aa-484c-afff-1bb12982b8a0" testListId="8c84fa94-04c1-424b-9868-57a2d4851a1d" />
    <TestEntry testId="f186dda7-ea49-e309-a06f-b99cd69454ce" executionId="4320210b-aa0b-474b-85e5-a1ebc58d31d1" testListId="8c84fa94-04c1-424b-9868-57a2d4851a1d" />
    <TestEntry testId="f3edc555-60a0-0a1e-6fe4-c054ac956454" executionId="2071ab1d-6de1-44e6-af82-5467350c376d" testListId="8c84fa94-04c1-424b-9868-57a2d4851a1d" />
    <TestEntry testId="c017dc3c-3922-9e4e-9510-d6758f6a62a4" executionId="70176ccd-c2f5-462a-8c45-f60e666bc96c" testListId="8c84fa94-04c1-424b-9868-57a2d4851a1d" />
    <TestEntry testId="4bccf3d1-7777-e1d4-4803-07f15c5e0e33" executionId="62b43d0a-c26e-4790-9ba5-86c8f19133c9" testListId="8c84fa94-04c1-424b-9868-57a2d4851a1d" />
    <TestEntry testId="c788144c-31f6-a709-20ad-8e21fcb9d2ef" executionId="66372f8b-c4f4-445d-898f-b856bf4c7ca7" testListId="8c84fa94-04c1-424b-9868-57a2d4851a1d" />
    <TestEntry testId="1fc0516c-401f-3583-dc65-56240fc92afe" executionId="6a48033b-58ff-41c9-9962-88a2436afb61" testListId="8c84fa94-04c1-424b-9868-57a2d4851a1d" />
    <TestEntry testId="dbda3dd3-ff08-2b02-bf37-efdd6b216d5a" executionId="352e5952-ee88-45e0-95c8-2419ea769b8b" testListId="8c84fa94-04c1-424b-9868-57a2d4851a1d" />
    <TestEntry testId="aaf13bad-4f8c-016c-5466-cd0705b15c39" executionId="298c9392-7d84-4552-babe-baaecb708f43" testListId="8c84fa94-04c1-424b-9868-57a2d4851a1d" />
    <TestEntry testId="4a2bda76-e9fd-7dea-e9b6-c6fcb10a9bec" executionId="b00b9d5d-162a-4bd0-b1f6-6ff58a8a0766" testListId="8c84fa94-04c1-424b-9868-57a2d4851a1d" />
    <TestEntry testId="88ccc057-175d-60d9-8dbb-5db4f8dc9b8c" executionId="3597a520-3d98-4109-b7d8-1943d4c02247" testListId="8c84fa94-04c1-424b-9868-57a2d4851a1d" />
    <TestEntry testId="e60c8f77-cda0-8e09-2e89-24ac7c16995b" executionId="78b8d22b-c285-43e4-9953-8778a8c699d8" testListId="8c84fa94-04c1-424b-9868-57a2d4851a1d" />
    <TestEntry testId="a8792a7d-cf20-8696-5d0c-811b474fd35c" executionId="2c03d32c-1edd-403d-b76b-c6ea88dd8691" testListId="8c84fa94-04c1-424b-9868-57a2d4851a1d" />
    <TestEntry testId="cf4c1ffb-32d5-2b74-577d-9e31c686cbb6" executionId="dcd4e58f-f445-45f9-a650-aba22240ccf3" testListId="8c84fa94-04c1-424b-9868-57a2d4851a1d" />
    <TestEntry testId="ff4573bc-a1b5-2967-3d1b-0acd062d3d28" executionId="21975603-1742-495d-a7d0-67fa6488d142" testListId="8c84fa94-04c1-424b-9868-57a2d4851a1d" />
    <TestEntry testId="8b479e84-63f4-b85a-d92e-2873007d5ba9" executionId="ea211285-a850-4529-8def-9c8d62c69513" testListId="8c84fa94-04c1-424b-9868-57a2d4851a1d" />
    <TestEntry testId="fbf75952-a08b-e2d2-65eb-47c52307c4cd" executionId="3b26c783-65cb-4327-8f47-a79bbbc2e03b" testListId="8c84fa94-04c1-424b-9868-57a2d4851a1d" />
    <TestEntry testId="8714e2c5-76c3-4c14-1648-f2ca64b40aff" executionId="fad606cc-27c5-4108-8c12-4c63166f9bcf" testListId="8c84fa94-04c1-424b-9868-57a2d4851a1d" />
    <TestEntry testId="c43d8494-60fa-8c40-25b7-900841b9e2e1" executionId="8d7d94ca-ed3d-4a4e-a9ae-ca7895d79210" testListId="8c84fa94-04c1-424b-9868-57a2d4851a1d" />
    <TestEntry testId="c82c6cd2-a15c-d0e7-e6bb-000fec4ab415" executionId="a3bd21d6-a439-4263-ba95-1bfaedc2f953" testListId="8c84fa94-04c1-424b-9868-57a2d4851a1d" />
    <TestEntry testId="22d8b1ef-2f4d-92af-913b-aad04a9d801e" executionId="66fe74f3-e7e5-4ddf-8f1b-f6305564abcb" testListId="8c84fa94-04c1-424b-9868-57a2d4851a1d" />
    <TestEntry testId="826bc678-6732-2b92-2a17-3deb78f821f4" executionId="f206bc46-a6f1-45fd-834c-cc8ca1e8caf9" testListId="8c84fa94-04c1-424b-9868-57a2d4851a1d" />
    <TestEntry testId="861f0a7a-0d61-a4a4-2a98-72064f400708" executionId="8cb96e42-3ab4-4a63-8b8f-29a5d2094251" testListId="8c84fa94-04c1-424b-9868-57a2d4851a1d" />
    <TestEntry testId="a373ef38-7826-8cb1-92fd-63f9f89f226a" executionId="ec4c2ca7-9cac-42fc-92bd-f20e355ce6b4" testListId="8c84fa94-04c1-424b-9868-57a2d4851a1d" />
    <TestEntry testId="80ec7443-b039-1cad-876e-ca8f943f540b" executionId="b5577c5c-b42a-4d4c-938f-8a096e25ff7f" testListId="8c84fa94-04c1-424b-9868-57a2d4851a1d" />
    <TestEntry testId="25eb7c1c-b045-92ab-29dd-36251ec05683" executionId="38dd860e-da50-4585-ae0f-e9a501283b45" testListId="8c84fa94-04c1-424b-9868-57a2d4851a1d" />
    <TestEntry testId="b2d0919d-53fa-6b90-949d-48e71582fd4b" executionId="5731fd04-2569-4f3d-9a1b-a2e5984fa61d" testListId="8c84fa94-04c1-424b-9868-57a2d4851a1d" />
    <TestEntry testId="211d85a4-9ea0-df22-efa5-c9af4c86c9fb" executionId="29c3ea50-3893-408d-bf21-c0711b346458" testListId="8c84fa94-04c1-424b-9868-57a2d4851a1d" />
    <TestEntry testId="d03edb97-ce69-1f9d-55a8-8fd5acae23d6" executionId="018d4791-95e6-4dd3-80f1-a26e7a21eb6b" testListId="8c84fa94-04c1-424b-9868-57a2d4851a1d" />
    <TestEntry testId="92138d9a-1dd7-09ed-ab5a-5a724dcfa1fb" executionId="7e9d8412-54ff-4e69-812e-fca9e0d644cb" testListId="8c84fa94-04c1-424b-9868-57a2d4851a1d" />
    <TestEntry testId="3fed8230-6f0a-fe22-20f7-3301b1986a1e" executionId="cbdd56d9-53f9-44f9-8e97-fdf1484e3d49" testListId="8c84fa94-04c1-424b-9868-57a2d4851a1d" />
    <TestEntry testId="d37924ce-9e61-0e5b-8c2a-484e76f6651b" executionId="a2fae3b9-3136-4523-90b4-48de442d0ff0" testListId="8c84fa94-04c1-424b-9868-57a2d4851a1d" />
    <TestEntry testId="28796205-a3e3-058c-16bf-cf25b6c51feb" executionId="00ee07c3-ffee-43f5-9dac-482add79028a" testListId="8c84fa94-04c1-424b-9868-57a2d4851a1d" />
    <TestEntry testId="bb7465b6-95c9-3e13-455a-c6383bae88d1" executionId="b60540a8-8a48-4178-8f43-dc8ff9b4b29e" testListId="8c84fa94-04c1-424b-9868-57a2d4851a1d" />
    <TestEntry testId="30366e2b-e454-b123-8f0e-ece2fda443c3" executionId="587b46be-520d-41a1-888e-0ec8c5d6b50b" testListId="8c84fa94-04c1-424b-9868-57a2d4851a1d" />
    <TestEntry testId="232c8706-867a-f500-ef83-bac2012ac529" executionId="24236080-fba3-444d-a155-4e127779dbb5" testListId="8c84fa94-04c1-424b-9868-57a2d4851a1d" />
    <TestEntry testId="02ff58cb-7d34-7d43-ad4f-73848c5e878e" executionId="60e8dffa-0153-4941-a990-59e76df04d06" testListId="8c84fa94-04c1-424b-9868-57a2d4851a1d" />
    <TestEntry testId="ac430daf-07e8-2f1b-e9db-35fe1aaa74ab" executionId="b6073ba7-c336-4986-ba56-fe10a6b4ef0b" testListId="8c84fa94-04c1-424b-9868-57a2d4851a1d" />
    <TestEntry testId="9e52950b-2f8c-52b9-fe55-472fbede063a" executionId="d4896a46-8394-4898-b93b-288c261e6762" testListId="8c84fa94-04c1-424b-9868-57a2d4851a1d" />
    <TestEntry testId="b9e63aca-c1d6-8741-e5d9-b3393ae2b620" executionId="35363141-a7fd-47ca-a40b-0c4bb4bffa4a" testListId="8c84fa94-04c1-424b-9868-57a2d4851a1d" />
    <TestEntry testId="13733eac-ed76-d43b-90fa-e87f3817b362" executionId="df2d0aeb-b264-410a-9c67-073fb423fd6b" testListId="8c84fa94-04c1-424b-9868-57a2d4851a1d" />
    <TestEntry testId="2b7ea45d-74d0-2864-cb3a-33fc3715621b" executionId="7b7f5ecd-7337-4f7f-bd14-b6920f67dce0" testListId="8c84fa94-04c1-424b-9868-57a2d4851a1d" />
    <TestEntry testId="5f388a27-07dc-f7a8-89ee-add992526345" executionId="72def62f-4c7f-4924-b43d-e1ad7908e5a9" testListId="8c84fa94-04c1-424b-9868-57a2d4851a1d" />
    <TestEntry testId="dd5b33ee-70e4-1e09-3c51-bea7ee3b7286" executionId="65d82d2a-80c6-41e6-87a5-2d9c1168e967" testListId="8c84fa94-04c1-424b-9868-57a2d4851a1d" />
    <TestEntry testId="887c9e8e-0f52-39a6-807a-c6d36aae59ec" executionId="d7584916-5805-4de4-8a03-949d52b4cfcd" testListId="8c84fa94-04c1-424b-9868-57a2d4851a1d" />
    <TestEntry testId="f4cf35f9-8e3e-9b40-bdbb-b39438527c9b" executionId="96b86466-a66e-417f-9970-ae7832ed397c" testListId="8c84fa94-04c1-424b-9868-57a2d4851a1d" />
    <TestEntry testId="f3654c8c-5339-6803-66ba-56f8a9d21c03" executionId="2086668c-b418-47e0-ae30-6f449be76075" testListId="8c84fa94-04c1-424b-9868-57a2d4851a1d" />
    <TestEntry testId="ac8837f0-8a17-72fb-afea-2850e1177694" executionId="13dd96ea-08e0-413c-a770-f5e7c57983a1" testListId="8c84fa94-04c1-424b-9868-57a2d4851a1d" />
    <TestEntry testId="b202a079-b524-641f-322a-7720f4dab83a" executionId="247a4773-72b2-41d7-8d82-8518c4d25771" testListId="8c84fa94-04c1-424b-9868-57a2d4851a1d" />
    <TestEntry testId="97ebc25f-6f20-42ee-f3fa-d2f760e5e483" executionId="2ca9067a-07c4-4a08-9260-89cde579393f" testListId="8c84fa94-04c1-424b-9868-57a2d4851a1d" />
    <TestEntry testId="1d2471a9-5ca7-46a6-cf7b-7e5d7b935844" executionId="040e9246-17f8-4e39-9b5f-973faeb11570" testListId="8c84fa94-04c1-424b-9868-57a2d4851a1d" />
    <TestEntry testId="f3374e09-34a1-23e8-bfe7-bfc22346dfb6" executionId="5e0e7040-3e52-4fdd-b1fe-f448ef74326f" testListId="8c84fa94-04c1-424b-9868-57a2d4851a1d" />
    <TestEntry testId="aed90d22-bd86-8809-daad-ae23e9fdd80b" executionId="57c5151e-1c85-4dd4-a895-db46419ebb56" testListId="8c84fa94-04c1-424b-9868-57a2d4851a1d" />
    <TestEntry testId="7d48df98-0db2-1ca3-3c24-33e00089e24f" executionId="c425dce8-5503-46a5-917a-d93d13a7a62c" testListId="8c84fa94-04c1-424b-9868-57a2d4851a1d" />
    <TestEntry testId="2c415af1-622a-718e-eeb5-76ffa4dfed4a" executionId="51e0cf30-9c86-487c-99f6-f68bddbd93ec" testListId="8c84fa94-04c1-424b-9868-57a2d4851a1d" />
    <TestEntry testId="a9392c1d-744d-ebd8-766b-8a63267e2212" executionId="6af6ecb1-6484-48fd-bb06-4c72f7a1c016" testListId="8c84fa94-04c1-424b-9868-57a2d4851a1d" />
    <TestEntry testId="dd8ba221-f574-f10c-f2e7-7f7aaca47cd2" executionId="09b9a000-fe98-4c0c-9077-97e50139a60b" testListId="8c84fa94-04c1-424b-9868-57a2d4851a1d" />
    <TestEntry testId="8571cf71-a4d2-313e-7624-66fe086a33f9" executionId="8086e665-797e-40e4-bf72-316ad9165d0d" testListId="8c84fa94-04c1-424b-9868-57a2d4851a1d" />
    <TestEntry testId="5dc80e76-e2bd-b2ac-c3d9-2466e23d786c" executionId="3f1ca655-9b17-4d25-b6ab-416a5079c4a8" testListId="8c84fa94-04c1-424b-9868-57a2d4851a1d" />
    <TestEntry testId="a438e815-c209-0b80-4a5c-93b34345adfa" executionId="49408f1f-e23d-4640-8188-0f28210dbd51" testListId="8c84fa94-04c1-424b-9868-57a2d4851a1d" />
    <TestEntry testId="58122280-b3d0-0343-084d-4fa6b4745e99" executionId="455d42ae-0acf-424e-b408-d889366675b1" testListId="8c84fa94-04c1-424b-9868-57a2d4851a1d" />
    <TestEntry testId="ad2e124b-acc8-c66a-c216-7db0e46de7ba" executionId="cb0a1154-ee60-4623-9990-535838a1a1db" testListId="8c84fa94-04c1-424b-9868-57a2d4851a1d" />
    <TestEntry testId="134701e4-308d-333e-5634-3779213ed476" executionId="978360c1-2a3a-4bc9-a675-cd2a8dc54354" testListId="8c84fa94-04c1-424b-9868-57a2d4851a1d" />
    <TestEntry testId="538fd9d1-b50a-5fb8-b335-53681f2f181a" executionId="c09961c9-9ba4-42c6-8028-f7c038a6656f" testListId="8c84fa94-04c1-424b-9868-57a2d4851a1d" />
    <TestEntry testId="247e1603-1e7a-4798-44bc-89f325f1926a" executionId="dfbfb64b-3823-49da-a186-12f4dffa247e" testListId="8c84fa94-04c1-424b-9868-57a2d4851a1d" />
    <TestEntry testId="b1f89954-ef15-8c80-6688-bc91456ea8fc" executionId="e3100d5e-d1da-4b27-a412-6decc10b7cd1" testListId="8c84fa94-04c1-424b-9868-57a2d4851a1d" />
  </TestEntries>
  <TestLists>
    <TestList name="列表中未列出的结果" id="8c84fa94-04c1-424b-9868-57a2d4851a1d" />
    <TestList name="所有已加载的结果" id="19431567-8539-422a-85d7-44ee4e166bda" />
  </TestLists>
  <ResultSummary outcome="Failed">
    <Counters total="423" executed="420" passed="418" failed="2" error="0" timeout="0" aborted="0" inconclusive="0" passedButRunAborted="0" notRunnable="0" notExecuted="0" disconnected="0" warning="0" completed="0" inProgress="0" pending="0" />
    <Output>
      <StdOut>[xUnit.net 00:00:00.00] xUnit.net VSTest Adapter v2.5.7+8f2703126a (64-bit .NET 8.0.17)&#xD;
[xUnit.net 00:00:00.07]   Discovering: Acme.Product.Tests&#xD;
[xUnit.net 00:00:00.14]   Discovered:  Acme.Product.Tests&#xD;
[xUnit.net 00:00:00.14]   Starting:    Acme.Product.Tests&#xD;
[xUnit.net 00:00:00.50]       需要运行中的应用程序&#xD;
[xUnit.net 00:00:00.50]       需要运行中的应用程序&#xD;
在测试运行中跳过测试“Acme.Product.Tests.UI.FlowEditorTests.FlowEditor_DragOperator_ShouldCreateNode”。&#xD;
在测试运行中跳过测试“Acme.Product.Tests.UI.FlowEditorTests.FlowEditor_PageLoad_ShouldDisplayCanvas”。&#xD;
[xUnit.net 00:00:00.52]       CancelExecutionAsync尚未完全实现&#xD;
在测试运行中跳过测试“Acme.Product.Tests.Integration.FlowExecutionServiceIntegrationTests.CancelExecutionAsync_DuringExecution_ShouldStop”。&#xD;
[xUnit.net 00:00:00.55]       流程执行失败: 流程执行异常: Cannot access a disposed object.&#xD;
[xUnit.net 00:00:00.55]       Object name: 'OpenCvSharp.Mat'.
算子错误:
&#xD;
[xUnit.net 00:00:00.55]       Stack Trace:&#xD;
[xUnit.net 00:00:00.55]         C:\Users\11234\Desktop\ClearVision\Acme.Product\tests\Acme.Product.Tests\Integration\FlowExecutionServiceTests.cs(142,0): at Acme.Product.Tests.Integration.FlowExecutionServiceIntegrationTests.ExecuteFlowAsync_5OperatorComplexFlow_ShouldExecuteSuccessfully()&#xD;
[xUnit.net 00:00:00.55]         --- End of stack trace from previous location ---&#xD;
[xUnit.net 00:00:00.55]       流程执行失败: 流程执行异常: Cannot access a disposed object.&#xD;
[xUnit.net 00:00:00.55]       Object name: 'OpenCvSharp.Mat'.
算子错误:
&#xD;
[xUnit.net 00:00:00.55]       Stack Trace:&#xD;
[xUnit.net 00:00:00.55]         C:\Users\11234\Desktop\ClearVision\Acme.Product\tests\Acme.Product.Tests\Integration\FlowExecutionServiceTests.cs(165,0): at Acme.Product.Tests.Integration.FlowExecutionServiceIntegrationTests.ExecuteFlowAsync_ComplexFlow_ShouldMaintainExecutionOrder()&#xD;
[xUnit.net 00:00:00.55]         --- End of stack trace from previous location ---&#xD;
[xUnit.net 00:00:01.32]   Finished:    Acme.Product.Tests&#xD;
</StdOut>
    </Output>
    <RunInfos>
      <RunInfo computerName="ROG16" outcome="Warning" timestamp="2026-02-20T13:50:17.4202521+08:00">
        <Text>[xUnit.net 00:00:00.50]     Acme.Product.Tests.UI.FlowEditorTests.FlowEditor_DragOperator_ShouldCreateNode [SKIP]</Text>
      </RunInfo>
      <RunInfo computerName="ROG16" outcome="Warning" timestamp="2026-02-20T13:50:17.4233052+08:00">
        <Text>[xUnit.net 00:00:00.50]     Acme.Product.Tests.UI.FlowEditorTests.FlowEditor_PageLoad_ShouldDisplayCanvas [SKIP]</Text>
      </RunInfo>
      <RunInfo computerName="ROG16" outcome="Warning" timestamp="2026-02-20T13:50:17.4495958+08:00">
        <Text>[xUnit.net 00:00:00.52]     Acme.Product.Tests.Integration.FlowExecutionServiceIntegrationTests.CancelExecutionAsync_DuringExecution_ShouldStop [SKIP]</Text>
      </RunInfo>
      <RunInfo computerName="ROG16" outcome="Error" timestamp="2026-02-20T13:50:17.4712178+08:00">
        <Text>[xUnit.net 00:00:00.55]     Acme.Product.Tests.Integration.FlowExecutionServiceIntegrationTests.ExecuteFlowAsync_5OperatorComplexFlow_ShouldExecuteSuccessfully [FAIL]</Text>
      </RunInfo>
      <RunInfo computerName="ROG16" outcome="Error" timestamp="2026-02-20T13:50:17.4732221+08:00">
        <Text>[xUnit.net 00:00:00.55]     Acme.Product.Tests.Integration.FlowExecutionServiceIntegrationTests.ExecuteFlowAsync_ComplexFlow_ShouldMaintainExecutionOrder [FAIL]</Text>
      </RunInfo>
    </RunInfos>
  </ResultSummary>
</TestRun>