<?xml version="1.0" encoding="utf-8"?>
<TestRun id="abd56844-5ddf-46b2-8b05-e18c97662d43" name="11234@ROG16 2026-02-20 13:56:24" runUser="ROG16\11234" xmlns="http://microsoft.com/schemas/VisualStudio/TeamTest/2010">
  <Times creation="2026-02-20T13:56:24.6496405+08:00" queuing="2026-02-20T13:56:24.6496409+08:00" start="2026-02-20T13:56:24.0669977+08:00" finish="2026-02-20T13:56:25.6093983+08:00" />
  <TestSettings name="default" id="3cc0675b-059a-40ea-b695-9225124c1034">
    <Deployment runDeploymentRoot="11234_ROG16_2026-02-20_13_56_24" />
  </TestSettings>
  <Results>
    <UnitTestResult executionId="16ece620-4071-40a7-b321-83b5134d26b5" testId="6d51b5a5-a1e4-8713-cc23-8404fda4f69b" testName="Acme.Product.Tests.Services.Sprint4_FlowLinterTests.FlowLinter_Struct_003_CycleDetected_ReturnsError" computerName="ROG16" duration="00:00:00.0003413" startTime="2026-02-20T13:56:24.7532678+08:00" endTime="2026-02-20T13:56:24.7532679+08:00" testType="13cdc9d9-ddb5-4fa4-a97d-d965ccfc6d4b" outcome="Passed" testListId="8c84fa94-04c1-424b-9868-57a2d4851a1d" relativeResultsDirectory="16ece620-4071-40a7-b321-83b5134d26b5" />
    <UnitTestResult executionId="965315c0-81ac-4203-9c00-78a3ebb4968f" testId="cfa8c797-7cd9-d085-923a-e2e62f003e41" testName="Acme.Product.Tests.Operators.Sprint3_MathOperationTests.MathOperation_AdvancedOperations_ReturnsCorrectResult(a: 2, b: 3, operation: &quot;Power&quot;, expected: 8)" computerName="ROG16" duration="00:00:00.0004512" startTime="2026-02-20T13:56:24.7839187+08:00" endTime="2026-02-20T13:56:24.7839188+08:00" testType="13cdc9d9-ddb5-4fa4-a97d-d965ccfc6d4b" outcome="Passed" testListId="8c84fa94-04c1-424b-9868-57a2d4851a1d" relativeResultsDirectory="965315c0-81ac-4203-9c00-78a3ebb4968f" />
    <UnitTestResult executionId="ceb69970-ba45-4af2-8161-f5afd270aa37" testId="8efffe50-2f19-8f6c-9010-c46dd4a781d1" testName="Acme.Product.Tests.Operators.ThresholdOperatorTests.ValidateParameters_WithNegativeThreshold_ShouldReturnInvalid" computerName="ROG16" duration="00:00:00.0010750" startTime="2026-02-20T13:56:24.6548417+08:00" endTime="2026-02-20T13:56:24.6548419+08:00" testType="13cdc9d9-ddb5-4fa4-a97d-d965ccfc6d4b" outcome="Passed" testListId="8c84fa94-04c1-424b-9868-57a2d4851a1d" relativeResultsDirectory="ceb69970-ba45-4af2-8161-f5afd270aa37" />
    <UnitTestResult executionId="cc684097-582c-4837-b3ce-a0fc33f10bda" testId="42922ff5-20c4-616a-e6cd-9ef9a7bd9bd3" testName="Acme.Product.Tests.Operators.ConditionalBranchOperatorTests.ValidateParameters_Default_ShouldBeValid" computerName="ROG16" duration="00:00:00.0002973" startTime="2026-02-20T13:56:24.7778235+08:00" endTime="2026-02-20T13:56:24.7778236+08:00" testType="13cdc9d9-ddb5-4fa4-a97d-d965ccfc6d4b" outcome="Passed" testListId="8c84fa94-04c1-424b-9868-57a2d4851a1d" relativeResultsDirectory="cc684097-582c-4837-b3ce-a0fc33f10bda" />
    <UnitTestResult executionId="2e8752bc-593b-4f96-b037-970026f20240" testId="ef3dbf1e-8526-5fc2-8002-288b48c3e409" testName="Acme.Product.Tests.Memory.Sprint1_ValueObjectTests.LineData_Create_SetsProperties" computerName="ROG16" duration="00:00:00.0000966" startTime="2026-02-20T13:56:24.7226582+08:00" endTime="2026-02-20T13:56:24.7226582+08:00" testType="13cdc9d9-ddb5-4fa4-a97d-d965ccfc6d4b" outcome="Passed" testListId="8c84fa94-04c1-424b-9868-57a2d4851a1d" relativeResultsDirectory="2e8752bc-593b-4f96-b037-970026f20240" />
    <UnitTestResult executionId="6efad273-8bd6-40ea-9652-6e860d592d8d" testId="776e555e-453f-6e91-e4e9-9d8b41ddb372" testName="Acme.Product.Tests.Services.Sprint4_FlowLinterTests.FlowLinter_SAFETY_003_CoordTransformEmptyFile_ReturnsError" computerName="ROG16" duration="00:00:00.0002440" startTime="2026-02-20T13:56:24.7531913+08:00" endTime="2026-02-20T13:56:24.7531913+08:00" testType="13cdc9d9-ddb5-4fa4-a97d-d965ccfc6d4b" outcome="Passed" testListId="8c84fa94-04c1-424b-9868-57a2d4851a1d" relativeResultsDirectory="6efad273-8bd6-40ea-9652-6e860d592d8d" />
    <UnitTestResult executionId="28acb3e5-47e4-47ba-a090-25a7c9b15a35" testId="a4fa1081-e047-90d3-ea51-d4d771673a29" testName="Acme.Product.Tests.Operators.TemplateMatchOperatorTests.ExecuteAsync_WithNullInputs_ShouldReturnFailure" computerName="ROG16" duration="00:00:00.0004068" startTime="2026-02-20T13:56:24.7464249+08:00" endTime="2026-02-20T13:56:24.7464250+08:00" testType="13cdc9d9-ddb5-4fa4-a97d-d965ccfc6d4b" outcome="Passed" testListId="8c84fa94-04c1-424b-9868-57a2d4851a1d" relativeResultsDirectory="28acb3e5-47e4-47ba-a090-25a7c9b15a35" />
    <UnitTestResult executionId="ead70a54-096c-48d1-acc6-bb8c5b9aa908" testId="132f77fe-f48c-2896-143b-4f3a33d0a8e4" testName="Acme.Product.Tests.Operators.CircleMeasurementOperatorTests.ExecuteAsync_WithNullInputs_ShouldReturnFailure" computerName="ROG16" duration="00:00:00.0005232" startTime="2026-02-20T13:56:24.7186397+08:00" endTime="2026-02-20T13:56:24.7186398+08:00" testType="13cdc9d9-ddb5-4fa4-a97d-d965ccfc6d4b" outcome="Passed" testListId="8c84fa94-04c1-424b-9868-57a2d4851a1d" relativeResultsDirectory="ead70a54-096c-48d1-acc6-bb8c5b9aa908" />
    <UnitTestResult executionId="08f38ea1-85f0-4f3f-82ec-fd873326daec" testId="7cacc395-694f-624f-251b-11da9cf1766e" testName="Acme.Product.Tests.Operators.Sprint3_LogicGateTests.LogicGate_NAND_ReturnsCorrectResult(a: True, b: True, op: &quot;NAND&quot;, expected: False)" computerName="ROG16" duration="00:00:00.0002933" startTime="2026-02-20T13:56:24.8626249+08:00" endTime="2026-02-20T13:56:24.8626250+08:00" testType="13cdc9d9-ddb5-4fa4-a97d-d965ccfc6d4b" outcome="Passed" testListId="8c84fa94-04c1-424b-9868-57a2d4851a1d" relativeResultsDirectory="08f38ea1-85f0-4f3f-82ec-fd873326daec" />
    <UnitTestResult executionId="6d0cfe6e-c5d1-4638-ac44-8b2043bda9dc" testId="8f103c81-4edd-acf6-868b-6f0adaa66389" testName="Acme.Product.Tests.Operators.Sprint2_ArrayIndexerTests.ArrayIndexer_InvalidIndex_ReturnsFailure(index: -1)" computerName="ROG16" duration="00:00:00.0004826" startTime="2026-02-20T13:56:24.8326860+08:00" endTime="2026-02-20T13:56:24.8326861+08:00" testType="13cdc9d9-ddb5-4fa4-a97d-d965ccfc6d4b" outcome="Passed" testListId="8c84fa94-04c1-424b-9868-57a2d4851a1d" relativeResultsDirectory="6d0cfe6e-c5d1-4638-ac44-8b2043bda9dc" />
    <UnitTestResult executionId="b66bfb7e-8de6-4bb5-936f-e6235e04ba7d" testId="2a597e35-f38f-8000-bd75-15cff25faed5" testName="Acme.Product.Tests.Operators.Sprint3_TypeConvertTests.TypeConvert_ToBoolean_ReturnsCorrectBool(value: &quot;true&quot;, expected: True)" computerName="ROG16" duration="00:00:00.0000469" startTime="2026-02-20T13:56:24.6685471+08:00" endTime="2026-02-20T13:56:24.6685472+08:00" testType="13cdc9d9-ddb5-4fa4-a97d-d965ccfc6d4b" outcome="Passed" testListId="8c84fa94-04c1-424b-9868-57a2d4851a1d" relativeResultsDirectory="b66bfb7e-8de6-4bb5-936f-e6235e04ba7d" />
    <UnitTestResult executionId="f366295e-1af2-435c-a7fb-151c8c24aae2" testId="8ea1a838-9c8f-d514-5708-3ce4a5dafe5b" testName="Acme.Product.Tests.Integration.FlowExecutionServiceIntegrationTests.ExecuteFlowAsync_MultipleFlows_Concurrent" computerName="ROG16" duration="00:00:00.0057871" startTime="2026-02-20T13:56:24.7717104+08:00" endTime="2026-02-20T13:56:24.7717104+08:00" testType="13cdc9d9-ddb5-4fa4-a97d-d965ccfc6d4b" outcome="Passed" testListId="8c84fa94-04c1-424b-9868-57a2d4851a1d" relativeResultsDirectory="f366295e-1af2-435c-a7fb-151c8c24aae2" />
    <UnitTestResult executionId="a02f3776-3902-4f00-b9b8-b0a0627de7e0" testId="ae0f2111-9278-b53c-a034-040593fe8257" testName="Acme.Product.Tests.Integration.DemoProjectServiceIntegrationTests.CreateSimpleDemoProjectAsync_ShouldCreateMinimalFlow" computerName="ROG16" duration="00:00:00.0046936" startTime="2026-02-20T13:56:24.7446253+08:00" endTime="2026-02-20T13:56:24.7446254+08:00" testType="13cdc9d9-ddb5-4fa4-a97d-d965ccfc6d4b" outcome="Passed" testListId="8c84fa94-04c1-424b-9868-57a2d4851a1d" relativeResultsDirectory="a02f3776-3902-4f00-b9b8-b0a0627de7e0" />
    <UnitTestResult executionId="8db40c6a-70ec-493e-9534-0f175f822632" testId="47ed3435-b344-c32b-0605-3486a387f7c2" testName="Acme.Product.Tests.Entities.InspectionResultTests.SetResult_WithOKStatus_ShouldUpdateStatus" computerName="ROG16" duration="00:00:00.0008950" startTime="2026-02-20T13:56:24.6778573+08:00" endTime="2026-02-20T13:56:24.6778575+08:00" testType="13cdc9d9-ddb5-4fa4-a97d-d965ccfc6d4b" outcome="Passed" testListId="8c84fa94-04c1-424b-9868-57a2d4851a1d" relativeResultsDirectory="8db40c6a-70ec-493e-9534-0f175f822632" />
    <UnitTestResult executionId="e5e9373f-fe5f-45cf-8f05-9d2f72dbd3f0" testId="87e34a23-c2d0-bd92-0636-12522120a622" testName="Acme.Product.Tests.Operators.GeometricFittingOperatorTests.ExecuteAsync_WithNullInputs_ShouldReturnFailure" computerName="ROG16" duration="00:00:00.0019610" startTime="2026-02-20T13:56:24.7831328+08:00" endTime="2026-02-20T13:56:24.7831329+08:00" testType="13cdc9d9-ddb5-4fa4-a97d-d965ccfc6d4b" outcome="Passed" testListId="8c84fa94-04c1-424b-9868-57a2d4851a1d" relativeResultsDirectory="e5e9373f-fe5f-45cf-8f05-9d2f72dbd3f0" />
    <UnitTestResult executionId="ebb1eb25-f319-42cf-bbfd-ec00ca0587fa" testId="1fc0516c-401f-3583-dc65-56240fc92afe" testName="Acme.Product.Tests.Memory.Sprint1_MemoryPoolTests.MatPool_MaxPerBucket_ExcessShouldBeDisposed" computerName="ROG16" duration="00:00:00.1803041" startTime="2026-02-20T13:56:24.6219647+08:00" endTime="2026-02-20T13:56:24.6219875+08:00" testType="13cdc9d9-ddb5-4fa4-a97d-d965ccfc6d4b" outcome="Passed" testListId="8c84fa94-04c1-424b-9868-57a2d4851a1d" relativeResultsDirectory="ebb1eb25-f319-42cf-bbfd-ec00ca0587fa" />
    <UnitTestResult executionId="a7e558a1-692b-40e4-bee1-c8b9ef7dc2c1" testId="0ccfbfe0-1d9a-407d-666e-cecaf9f808ec" testName="Acme.Product.Tests.Operators.DeepLearningOperatorTests.OperatorType_ShouldReturnDeepLearning" computerName="ROG16" duration="00:00:00.0001134" startTime="2026-02-20T13:56:24.7982076+08:00" endTime="2026-02-20T13:56:24.7982077+08:00" testType="13cdc9d9-ddb5-4fa4-a97d-d965ccfc6d4b" outcome="Passed" testListId="8c84fa94-04c1-424b-9868-57a2d4851a1d" relativeResultsDirectory="a7e558a1-692b-40e4-bee1-c8b9ef7dc2c1" />
    <UnitTestResult executionId="7d2028ad-76ff-4c5e-a6a8-92655ffa4005" testId="92138d9a-1dd7-09ed-ab5a-5a724dcfa1fb" testName="Acme.Product.Tests.Memory.Sprint1_ValueObjectTests.CircleData_Equal_SameValues_AreEqual" computerName="ROG16" duration="00:00:00.0004124" startTime="2026-02-20T13:56:24.7230597+08:00" endTime="2026-02-20T13:56:24.7230598+08:00" testType="13cdc9d9-ddb5-4fa4-a97d-d965ccfc6d4b" outcome="Passed" testListId="8c84fa94-04c1-424b-9868-57a2d4851a1d" relativeResultsDirectory="7d2028ad-76ff-4c5e-a6a8-92655ffa4005" />
    <UnitTestResult executionId="da6396b1-66f6-44ec-b5fb-749939b0d9ae" testId="023af56e-4abe-e71e-6349-ac4bbe7731cc" testName="Acme.Product.Tests.Operators.BlobDetectionOperatorTests.ExecuteAsync_WithValidImage_ShouldReturnSuccess" computerName="ROG16" duration="00:00:00.0029592" startTime="2026-02-20T13:56:24.7639212+08:00" endTime="2026-02-20T13:56:24.7639215+08:00" testType="13cdc9d9-ddb5-4fa4-a97d-d965ccfc6d4b" outcome="Passed" testListId="8c84fa94-04c1-424b-9868-57a2d4851a1d" relativeResultsDirectory="da6396b1-66f6-44ec-b5fb-749939b0d9ae" />
    <UnitTestResult executionId="60b34843-310f-4b6c-b763-22878192a360" testId="67c4651e-16c8-f530-539c-d230b791ac81" testName="Acme.Product.Tests.Operators.Sprint3_MathOperationTests.MathOperation_IsPositive_ReturnsCorrectValue(value: -5, expected: False)" computerName="ROG16" duration="00:00:00.0000730" startTime="2026-02-20T13:56:24.7862716+08:00" endTime="2026-02-20T13:56:24.7862716+08:00" testType="13cdc9d9-ddb5-4fa4-a97d-d965ccfc6d4b" outcome="Passed" testListId="8c84fa94-04c1-424b-9868-57a2d4851a1d" relativeResultsDirectory="60b34843-310f-4b6c-b763-22878192a360" />
    <UnitTestResult executionId="cb022489-4515-4bc7-8372-4061f101460c" testId="0591014c-9c25-4f96-08c9-84ed474670f6" testName="Acme.Product.Tests.Operators.DeepLearningOperatorTests.ValidateParameters_WithVariousInputs_ShouldReturnExpectedResult(modelPath: &quot;model.onnx&quot;, confidence: 0.5, version: &quot;Auto&quot;, expectedValid: True)" computerName="ROG16" duration="00:00:00.0000176" startTime="2026-02-20T13:56:24.6631280+08:00" endTime="2026-02-20T13:56:24.6631280+08:00" testType="13cdc9d9-ddb5-4fa4-a97d-d965ccfc6d4b" outcome="Passed" testListId="8c84fa94-04c1-424b-9868-57a2d4851a1d" relativeResultsDirectory="cb022489-4515-4bc7-8372-4061f101460c" />
    <UnitTestResult executionId="101bf9b1-33df-4af1-909b-4d4880511fbb" testId="d03edb97-ce69-1f9d-55a8-8fd5acae23d6" testName="Acme.Product.Tests.Entities.InspectionResultTests.IsOK_WithNoDefectsAndOKStatus_ShouldReturnTrue" computerName="ROG16" duration="00:00:00.0002855" startTime="2026-02-20T13:56:24.6761310+08:00" endTime="2026-02-20T13:56:24.6761312+08:00" testType="13cdc9d9-ddb5-4fa4-a97d-d965ccfc6d4b" outcome="Passed" testListId="8c84fa94-04c1-424b-9868-57a2d4851a1d" relativeResultsDirectory="101bf9b1-33df-4af1-909b-4d4880511fbb" />
    <UnitTestResult executionId="2a81cbdb-d567-436a-a5a5-291be0397e93" testId="73b5758f-e3bd-3531-5d0a-0e26058bebc5" testName="Acme.Product.Tests.Memory.Sprint1_ValueObjectTests.LineData_Equal_SameValues_AreEqual" computerName="ROG16" duration="00:00:00.0000696" startTime="2026-02-20T13:56:24.7227133+08:00" endTime="2026-02-20T13:56:24.7227133+08:00" testType="13cdc9d9-ddb5-4fa4-a97d-d965ccfc6d4b" outcome="Passed" testListId="8c84fa94-04c1-424b-9868-57a2d4851a1d" relativeResultsDirectory="2a81cbdb-d567-436a-a5a5-291be0397e93" />
    <UnitTestResult executionId="289f91db-d9f8-4412-9e60-e90a2eab07f9" testId="bbac88e1-15e3-1aa1-3430-fc3112f647a0" testName="Acme.Product.Tests.ImageProcessing.LineModShapeMatcherTests.Match_WithSameImage_ShouldFindHighScoreMatch" computerName="ROG16" duration="00:00:00.0147017" startTime="2026-02-20T13:56:24.8143168+08:00" endTime="2026-02-20T13:56:24.8143173+08:00" testType="13cdc9d9-ddb5-4fa4-a97d-d965ccfc6d4b" outcome="Passed" testListId="8c84fa94-04c1-424b-9868-57a2d4851a1d" relativeResultsDirectory="289f91db-d9f8-4412-9e60-e90a2eab07f9" />
    <UnitTestResult executionId="59f3e37f-c1c9-40c1-818e-d498e6488540" testId="a7812d8a-e155-1be3-ebb2-b0e6d6869dc8" testName="Acme.Product.Tests.Services.Sprint4_FlowLinterTests.FlowLinter_SAFETY_002_ForEachParallelWithCommOp_ReturnsWarning" computerName="ROG16" duration="00:00:00.0014284" startTime="2026-02-20T13:56:24.7486226+08:00" endTime="2026-02-20T13:56:24.7486227+08:00" testType="13cdc9d9-ddb5-4fa4-a97d-d965ccfc6d4b" outcome="Passed" testListId="8c84fa94-04c1-424b-9868-57a2d4851a1d" relativeResultsDirectory="59f3e37f-c1c9-40c1-818e-d498e6488540" />
    <UnitTestResult executionId="87b591f2-1f66-4c8f-9941-e21bc20de5e8" testId="f68ee68b-71d8-9035-0d99-093dbe37c4ce" testName="Acme.Product.Tests.Memory.Sprint1_MemoryPoolTests.MatPool_DifferentSpecs_CreateDifferentBuckets" computerName="ROG16" duration="00:00:00.0002476" startTime="2026-02-20T13:56:24.6295714+08:00" endTime="2026-02-20T13:56:24.6295716+08:00" testType="13cdc9d9-ddb5-4fa4-a97d-d965ccfc6d4b" outcome="Passed" testListId="8c84fa94-04c1-424b-9868-57a2d4851a1d" relativeResultsDirectory="87b591f2-1f66-4c8f-9941-e21bc20de5e8" />
    <UnitTestResult executionId="29499645-1971-486a-be05-848cf0d6ae8b" testId="ba249261-2e55-a1a6-fe59-0c018ca67270" testName="Acme.Product.Tests.Operators.Sprint3_MathOperationTests.MathOperation_SingleOperand_ReturnsCorrectResult(a: -10, operation: &quot;Abs&quot;, expected: 10)" computerName="ROG16" duration="00:00:00.0004896" startTime="2026-02-20T13:56:24.7868190+08:00" endTime="2026-02-20T13:56:24.7868191+08:00" testType="13cdc9d9-ddb5-4fa4-a97d-d965ccfc6d4b" outcome="Passed" testListId="8c84fa94-04c1-424b-9868-57a2d4851a1d" relativeResultsDirectory="29499645-1971-486a-be05-848cf0d6ae8b" />
    <UnitTestResult executionId="f8c38b11-ac94-4ea7-8029-49bb4ce29999" testId="b252db35-d60b-5e3c-923d-d2ac2222c285" testName="Acme.Product.Tests.Memory.Sprint1_ValueObjectTests.DetectionResult_NotEqual_DifferentValues" computerName="ROG16" duration="00:00:00.0001044" startTime="2026-02-20T13:56:24.7272729+08:00" endTime="2026-02-20T13:56:24.7272730+08:00" testType="13cdc9d9-ddb5-4fa4-a97d-d965ccfc6d4b" outcome="Passed" testListId="8c84fa94-04c1-424b-9868-57a2d4851a1d" relativeResultsDirectory="f8c38b11-ac94-4ea7-8029-49bb4ce29999" />
    <UnitTestResult executionId="2814bc35-8dca-48af-a7bf-60bfe4f911f9" testId="ff04bd89-f50b-7d28-9ffb-0c7e2a7a7a7d" testName="AIPromptBuilder - 构建的提示词包含算子库" computerName="ROG16" duration="00:00:00.0001241" startTime="2026-02-20T13:56:24.8559711+08:00" endTime="2026-02-20T13:56:24.8559712+08:00" testType="13cdc9d9-ddb5-4fa4-a97d-d965ccfc6d4b" outcome="Passed" testListId="8c84fa94-04c1-424b-9868-57a2d4851a1d" relativeResultsDirectory="2814bc35-8dca-48af-a7bf-60bfe4f911f9" />
    <UnitTestResult executionId="cef3a6b3-47d2-452e-9ca7-1fe9ec2d4f65" testId="18111f71-9faa-965e-e9ab-b13318e34f3e" testName="Acme.Product.Tests.Operators.Sprint3_TypeConvertTests.TypeConvert_ToFloat_ReturnsCorrectFloat(value: &quot;42&quot;, expected: 42)" computerName="ROG16" duration="00:00:00.0000752" startTime="2026-02-20T13:56:24.6698953+08:00" endTime="2026-02-20T13:56:24.6698954+08:00" testType="13cdc9d9-ddb5-4fa4-a97d-d965ccfc6d4b" outcome="Passed" testListId="8c84fa94-04c1-424b-9868-57a2d4851a1d" relativeResultsDirectory="cef3a6b3-47d2-452e-9ca7-1fe9ec2d4f65" />
    <UnitTestResult executionId="d2726a67-48b5-4db6-98de-32ea0133db7a" testId="d3b02734-96fa-83ab-1a78-f520a9d5c12d" testName="Acme.Product.Tests.Operators.DeepLearningOperatorTests.ValidateParameters_WithVariousInputs_ShouldReturnExpectedResult(modelPath: &quot;model.onnx&quot;, confidence: 1.5, version: &quot;YOLOv8&quot;, expectedValid: False)" computerName="ROG16" duration="00:00:00.0003989" startTime="2026-02-20T13:56:24.6620808+08:00" endTime="2026-02-20T13:56:24.6620810+08:00" testType="13cdc9d9-ddb5-4fa4-a97d-d965ccfc6d4b" outcome="Passed" testListId="8c84fa94-04c1-424b-9868-57a2d4851a1d" relativeResultsDirectory="d2726a67-48b5-4db6-98de-32ea0133db7a" />
    <UnitTestResult executionId="5614b814-9748-4f7d-8505-f5bec644613a" testId="4accbf49-4d68-3969-91b5-18ade5d1edb1" testName="Acme.Product.Tests.Operators.ResultOutputOperatorTests.ExecuteAsync_WithNullInputs_ShouldReturnSuccess" computerName="ROG16" duration="00:00:00.0004746" startTime="2026-02-20T13:56:24.6702133+08:00" endTime="2026-02-20T13:56:24.6702134+08:00" testType="13cdc9d9-ddb5-4fa4-a97d-d965ccfc6d4b" outcome="Passed" testListId="8c84fa94-04c1-424b-9868-57a2d4851a1d" relativeResultsDirectory="5614b814-9748-4f7d-8505-f5bec644613a" />
    <UnitTestResult executionId="17478b79-87ff-4eb5-94d4-09430ab52cd5" testId="aed90d22-bd86-8809-daad-ae23e9fdd80b" testName="Acme.Product.Tests.Memory.Sprint1_ValueObjectTests.DetectionList_ToString_ContainsCount" computerName="ROG16" duration="00:00:00.0001669" startTime="2026-02-20T13:56:24.7217555+08:00" endTime="2026-02-20T13:56:24.7217555+08:00" testType="13cdc9d9-ddb5-4fa4-a97d-d965ccfc6d4b" outcome="Passed" testListId="8c84fa94-04c1-424b-9868-57a2d4851a1d" relativeResultsDirectory="17478b79-87ff-4eb5-94d4-09430ab52cd5" />
    <UnitTestResult executionId="00aca7b7-f615-4008-b61b-47a285c65878" testId="8775a4b8-e86d-9f8a-79a2-6f0d5d3a21ec" testName="Acme.Product.Tests.Operators.ModbusCommunicationOperatorTests.ValidateParameters_WithInvalidPort_ShouldReturnInvalid" computerName="ROG16" duration="00:00:00.0003493" startTime="2026-02-20T13:56:24.7061557+08:00" endTime="2026-02-20T13:56:24.7061559+08:00" testType="13cdc9d9-ddb5-4fa4-a97d-d965ccfc6d4b" outcome="Passed" testListId="8c84fa94-04c1-424b-9868-57a2d4851a1d" relativeResultsDirectory="00aca7b7-f615-4008-b61b-47a285c65878" />
    <UnitTestResult executionId="59d6cfa6-98f8-49c8-995c-b487b5145226" testId="4f95c025-6f09-bfe5-67ae-87261c9b18df" testName="Acme.Product.Tests.Operators.ImageAcquisitionOperatorTests.ExecuteAsync_WithEmptyInputs_ShouldReturnFailure" computerName="ROG16" duration="00:00:00.0005460" startTime="2026-02-20T13:56:24.7186564+08:00" endTime="2026-02-20T13:56:24.7186564+08:00" testType="13cdc9d9-ddb5-4fa4-a97d-d965ccfc6d4b" outcome="Passed" testListId="8c84fa94-04c1-424b-9868-57a2d4851a1d" relativeResultsDirectory="59d6cfa6-98f8-49c8-995c-b487b5145226" />
    <UnitTestResult executionId="89e50a2e-2121-4d8b-8b9e-356ea15b9ec5" testId="d9a86a73-7d4e-d87b-3d68-62de13bd456b" testName="Acme.Product.Tests.Entities.OperatorTests.MarkExecutionCompleted_ShouldSetStatusToSuccess" computerName="ROG16" duration="00:00:00.0009813" startTime="2026-02-20T13:56:24.6708664+08:00" endTime="2026-02-20T13:56:24.6708665+08:00" testType="13cdc9d9-ddb5-4fa4-a97d-d965ccfc6d4b" outcome="Passed" testListId="8c84fa94-04c1-424b-9868-57a2d4851a1d" relativeResultsDirectory="89e50a2e-2121-4d8b-8b9e-356ea15b9ec5" />
    <UnitTestResult executionId="8e060534-8778-4896-838f-0670c38d2e19" testId="13733eac-ed76-d43b-90fa-e87f3817b362" testName="Acme.Product.Tests.Operators.Sprint3_TypeConvertTests.TypeConvert_ToFloat_ReturnsCorrectFloat(value: 100, expected: 100)" computerName="ROG16" duration="00:00:00.0002592" startTime="2026-02-20T13:56:24.6694158+08:00" endTime="2026-02-20T13:56:24.6694159+08:00" testType="13cdc9d9-ddb5-4fa4-a97d-d965ccfc6d4b" outcome="Passed" testListId="8c84fa94-04c1-424b-9868-57a2d4851a1d" relativeResultsDirectory="8e060534-8778-4896-838f-0670c38d2e19" />
    <UnitTestResult executionId="65b55b55-2f35-4f6a-a809-6cd676a4fce3" testId="dc7f003a-9a6f-ede5-5750-866cca3e3348" testName="Acme.Product.Tests.Operators.CircleMeasurementOperatorTests.ExecuteAsync_WithValidImage_ShouldReturnSuccess" computerName="ROG16" duration="00:00:00.0379622" startTime="2026-02-20T13:56:24.7180759+08:00" endTime="2026-02-20T13:56:24.7180760+08:00" testType="13cdc9d9-ddb5-4fa4-a97d-d965ccfc6d4b" outcome="Passed" testListId="8c84fa94-04c1-424b-9868-57a2d4851a1d" relativeResultsDirectory="65b55b55-2f35-4f6a-a809-6cd676a4fce3" />
    <UnitTestResult executionId="d844bab4-cc22-4e91-83f2-ae9b897a2c45" testId="1f67851b-4656-3584-8e98-39917b76fe26" testName="Acme.Product.Tests.Entities.OperatorTests.Constructor_WithValidData_ShouldCreateOperator" computerName="ROG16" duration="00:00:00.0002296" startTime="2026-02-20T13:56:24.6723896+08:00" endTime="2026-02-20T13:56:24.6723897+08:00" testType="13cdc9d9-ddb5-4fa4-a97d-d965ccfc6d4b" outcome="Passed" testListId="8c84fa94-04c1-424b-9868-57a2d4851a1d" relativeResultsDirectory="d844bab4-cc22-4e91-83f2-ae9b897a2c45" />
    <UnitTestResult executionId="17154272-ef8e-4700-b610-80f3dc14ce90" testId="68a9b4d0-a9cd-f900-6a1b-2c0e61d5119e" testName="Acme.Product.Tests.AI.Sprint4_DryRunTests.DryRunStubRegistry_HasStub_ReturnsCorrectValue" computerName="ROG16" duration="00:00:00.0001528" startTime="2026-02-20T13:56:24.7740946+08:00" endTime="2026-02-20T13:56:24.7740947+08:00" testType="13cdc9d9-ddb5-4fa4-a97d-d965ccfc6d4b" outcome="Passed" testListId="8c84fa94-04c1-424b-9868-57a2d4851a1d" relativeResultsDirectory="17154272-ef8e-4700-b610-80f3dc14ce90" />
    <UnitTestResult executionId="d84fd9fa-5eb5-4cd7-a2e4-4165a10d6f7f" testId="b12b67c5-633f-93ed-6bc2-9ee5cc61cf5e" testName="Acme.Product.Tests.Operators.CoordinateTransformOperatorTests.ValidateParameters_Default_ShouldBeValid" computerName="ROG16" duration="00:00:00.0004763" startTime="2026-02-20T13:56:24.7317094+08:00" endTime="2026-02-20T13:56:24.7317095+08:00" testType="13cdc9d9-ddb5-4fa4-a97d-d965ccfc6d4b" outcome="Passed" testListId="8c84fa94-04c1-424b-9868-57a2d4851a1d" relativeResultsDirectory="d84fd9fa-5eb5-4cd7-a2e4-4165a10d6f7f" />
    <UnitTestResult executionId="0634497a-df13-43bf-a58d-a4f7175df9b7" testId="3f1a7ffc-8f57-e227-a03e-7a5806c4825a" testName="Acme.Product.Tests.Operators.DeepLearningOperatorTests.ValidateParameters_WithVariousInputs_ShouldReturnExpectedResult(modelPath: &quot;model.onnx&quot;, confidence: 0.5, version: &quot;YOLOv8&quot;, expectedValid: True)" computerName="ROG16" duration="00:00:00.0000575" startTime="2026-02-20T13:56:24.6630124+08:00" endTime="2026-02-20T13:56:24.6630125+08:00" testType="13cdc9d9-ddb5-4fa4-a97d-d965ccfc6d4b" outcome="Passed" testListId="8c84fa94-04c1-424b-9868-57a2d4851a1d" relativeResultsDirectory="0634497a-df13-43bf-a58d-a4f7175df9b7" />
    <UnitTestResult executionId="90da08f0-19da-48e1-8ccb-5eaee7922ea6" testId="b952ef01-d8da-6c45-624a-ba282652ba5a" testName="Acme.Product.Tests.Integration.DemoProjectServiceIntegrationTests.CreateDemoProjectAsync_ShouldSetGlobalSettings" computerName="ROG16" duration="00:00:00.0009813" startTime="2026-02-20T13:56:24.7454352+08:00" endTime="2026-02-20T13:56:24.7454352+08:00" testType="13cdc9d9-ddb5-4fa4-a97d-d965ccfc6d4b" outcome="Passed" testListId="8c84fa94-04c1-424b-9868-57a2d4851a1d" relativeResultsDirectory="90da08f0-19da-48e1-8ccb-5eaee7922ea6" />
    <UnitTestResult executionId="07a802cc-8e83-405a-8b96-0aca5b02e6a1" testId="e30741b9-042c-131e-a3fb-11038ab7b6b7" testName="Acme.Product.Tests.Operators.ImageCropOperatorTests.ExecuteAsync_WithNullInputs_ShouldReturnFailure" computerName="ROG16" duration="00:00:00.0004331" startTime="2026-02-20T13:56:24.7819887+08:00" endTime="2026-02-20T13:56:24.7819888+08:00" testType="13cdc9d9-ddb5-4fa4-a97d-d965ccfc6d4b" outcome="Passed" testListId="8c84fa94-04c1-424b-9868-57a2d4851a1d" relativeResultsDirectory="07a802cc-8e83-405a-8b96-0aca5b02e6a1" />
    <UnitTestResult executionId="866eef54-3481-4983-b653-6519792ed320" testId="56eb1c23-02b3-b4aa-bd5f-54f4f2c10a4e" testName="Acme.Product.Tests.Integration.FlowExecutionServiceIntegrationTests.ValidateFlow_CannyEdgeWithInvalidThresholds_ShouldFailValidation(threshold1: -1, threshold2: 150)" computerName="ROG16" duration="00:00:00.0003821" startTime="2026-02-20T13:56:24.7511979+08:00" endTime="2026-02-20T13:56:24.7511980+08:00" testType="13cdc9d9-ddb5-4fa4-a97d-d965ccfc6d4b" outcome="Passed" testListId="8c84fa94-04c1-424b-9868-57a2d4851a1d" relativeResultsDirectory="866eef54-3481-4983-b653-6519792ed320" />
    <UnitTestResult executionId="e9c81ae2-ae77-46ef-b44a-6c5df71f4907" testId="3b3cb803-aeb1-4d04-4033-d236fb6c529d" testName="Acme.Product.Tests.Operators.CannyEdgeOperatorTests.ValidateParameters_WithInvalidThreshold1_ShouldReturnInvalid" computerName="ROG16" duration="00:00:00.2160921" startTime="2026-02-20T13:56:24.6544097+08:00" endTime="2026-02-20T13:56:24.6544098+08:00" testType="13cdc9d9-ddb5-4fa4-a97d-d965ccfc6d4b" outcome="Passed" testListId="8c84fa94-04c1-424b-9868-57a2d4851a1d" relativeResultsDirectory="e9c81ae2-ae77-46ef-b44a-6c5df71f4907" />
    <UnitTestResult executionId="cc569058-01f9-456c-b5cf-a6b5cf338db2" testId="2cd9a194-4e0e-0501-e450-673233b0e2a3" testName="Acme.Product.Tests.Integration.ResultAnalysisServiceIntegrationTests.ComparePeriodsAsync_WithStatistics_ShouldReturnComparison" computerName="ROG16" duration="00:00:00.0056511" startTime="2026-02-20T13:56:24.7273844+08:00" endTime="2026-02-20T13:56:24.7273845+08:00" testType="13cdc9d9-ddb5-4fa4-a97d-d965ccfc6d4b" outcome="Passed" testListId="8c84fa94-04c1-424b-9868-57a2d4851a1d" relativeResultsDirectory="cc569058-01f9-456c-b5cf-a6b5cf338db2" />
    <UnitTestResult executionId="964d5f9d-bb5d-4b33-9f32-8fb647f1f78c" testId="70d87184-397d-1785-8cbf-9dccaac9778c" testName="Acme.Product.Tests.Memory.Sprint1_MemoryPoolTests.ImageWrapper_RefCount_ThreeConsumers_CorrectLifecycle" computerName="ROG16" duration="00:00:00.0029847" startTime="2026-02-20T13:56:24.6247262+08:00" endTime="2026-02-20T13:56:24.6247263+08:00" testType="13cdc9d9-ddb5-4fa4-a97d-d965ccfc6d4b" outcome="Passed" testListId="8c84fa94-04c1-424b-9868-57a2d4851a1d" relativeResultsDirectory="964d5f9d-bb5d-4b33-9f32-8fb647f1f78c" />
    <UnitTestResult executionId="2cc258dd-e691-42d0-8e18-d7430d4ba768" testId="962194a3-e12a-89d1-1693-79e45cfa86cf" testName="Acme.Product.Tests.Operators.Sprint3_LogicGateTests.LogicGate_XOR_ReturnsCorrectResult(a: True, b: False, op: &quot;XOR&quot;, expected: True)" computerName="ROG16" duration="00:00:00.0000463" startTime="2026-02-20T13:56:24.8613907+08:00" endTime="2026-02-20T13:56:24.8613907+08:00" testType="13cdc9d9-ddb5-4fa4-a97d-d965ccfc6d4b" outcome="Passed" testListId="8c84fa94-04c1-424b-9868-57a2d4851a1d" relativeResultsDirectory="2cc258dd-e691-42d0-8e18-d7430d4ba768" />
    <UnitTestResult executionId="8a540f0d-6a72-4fbc-84f2-a0727b0a3582" testId="b2d0919d-53fa-6b90-949d-48e71582fd4b" testName="Acme.Product.Tests.Operators.ModbusCommunicationOperatorTests.ValidateParameters_WithInvalidSlaveId_ShouldReturnInvalid" computerName="ROG16" duration="00:00:00.0331117" startTime="2026-02-20T13:56:24.7057358+08:00" endTime="2026-02-20T13:56:24.7057360+08:00" testType="13cdc9d9-ddb5-4fa4-a97d-d965ccfc6d4b" outcome="Passed" testListId="8c84fa94-04c1-424b-9868-57a2d4851a1d" relativeResultsDirectory="8a540f0d-6a72-4fbc-84f2-a0727b0a3582" />
    <UnitTestResult executionId="3f25ccaa-86be-43cc-9d2c-05a95583c82a" testId="342b9b88-08fc-38ce-d581-aead339d0e24" testName="Acme.Product.Tests.Services.Sprint4_FlowLinterTests.FlowLinter_PARAM_001_PixelSizeOutOfRange_ReturnsError" computerName="ROG16" duration="00:00:00.0006891" startTime="2026-02-20T13:56:24.7462605+08:00" endTime="2026-02-20T13:56:24.7462606+08:00" testType="13cdc9d9-ddb5-4fa4-a97d-d965ccfc6d4b" outcome="Passed" testListId="8c84fa94-04c1-424b-9868-57a2d4851a1d" relativeResultsDirectory="3f25ccaa-86be-43cc-9d2c-05a95583c82a" />
    <UnitTestResult executionId="ca345d73-4554-4b6c-9253-9ff5d89728ed" testId="bb7465b6-95c9-3e13-455a-c6383bae88d1" testName="Acme.Product.Tests.Operators.DeepLearningOperatorTests.ExecuteAsync_WithDifferentYoloVersions_ShouldAcceptAllFormats(version: &quot;5&quot;)" computerName="ROG16" duration="00:00:00.0001295" startTime="2026-02-20T13:56:24.6650141+08:00" endTime="2026-02-20T13:56:24.6650141+08:00" testType="13cdc9d9-ddb5-4fa4-a97d-d965ccfc6d4b" outcome="Passed" testListId="8c84fa94-04c1-424b-9868-57a2d4851a1d" relativeResultsDirectory="ca345d73-4554-4b6c-9253-9ff5d89728ed" />
    <UnitTestResult executionId="ba5ffa28-ee51-4dc3-a9ca-6333e1a4cf5e" testId="e942a696-96e8-763c-9219-1ddf37bad5ef" testName="Acme.Product.Tests.Operators.ColorConversionOperatorTests.ExecuteAsync_WithValidImage_ShouldReturnSuccess" computerName="ROG16" duration="00:00:00.0016277" startTime="2026-02-20T13:56:24.8442599+08:00" endTime="2026-02-20T13:56:24.8442602+08:00" testType="13cdc9d9-ddb5-4fa4-a97d-d965ccfc6d4b" outcome="Passed" testListId="8c84fa94-04c1-424b-9868-57a2d4851a1d" relativeResultsDirectory="ba5ffa28-ee51-4dc3-a9ca-6333e1a4cf5e" />
    <UnitTestResult executionId="4ca4be60-10fe-4ee0-a509-a91dcbcbf4ed" testId="5b83c90a-00e9-ea6e-862d-0a9d5c997d82" testName="Acme.Product.Tests.Integration.FlowExecutionServiceIntegrationTests.ExecuteFlowAsync_3OperatorFlow_ShouldPassDataBetweenOperators" computerName="ROG16" duration="00:00:00.0015827" startTime="2026-02-20T13:56:24.7596769+08:00" endTime="2026-02-20T13:56:24.7596770+08:00" testType="13cdc9d9-ddb5-4fa4-a97d-d965ccfc6d4b" outcome="Passed" testListId="8c84fa94-04c1-424b-9868-57a2d4851a1d" relativeResultsDirectory="4ca4be60-10fe-4ee0-a509-a91dcbcbf4ed" />
    <UnitTestResult executionId="a504600b-de6c-4926-a4dc-7ab0a5257a93" testId="5fc8c610-5284-d328-8479-3a7fc15784a8" testName="Acme.Product.Tests.Operators.Sprint2_ForEachTests.ForEach_SequentialMode_ExecutesSequentially" computerName="ROG16" duration="00:00:00.2963139" startTime="2026-02-20T13:56:25.1399330+08:00" endTime="2026-02-20T13:56:25.1399333+08:00" testType="13cdc9d9-ddb5-4fa4-a97d-d965ccfc6d4b" outcome="Passed" testListId="8c84fa94-04c1-424b-9868-57a2d4851a1d" relativeResultsDirectory="a504600b-de6c-4926-a4dc-7ab0a5257a93" />
    <UnitTestResult executionId="802d21ef-9dd5-4896-b147-f96ce602944b" testId="ad2e124b-acc8-c66a-c216-7db0e46de7ba" testName="Acme.Product.Tests.Integration.FlowExecutionServiceIntegrationTests.ExecuteFlowAsync_CircularDependency_ShouldBeDetected" computerName="ROG16" duration="00:00:00.0004548" startTime="2026-02-20T13:56:24.7410063+08:00" endTime="2026-02-20T13:56:24.7410063+08:00" testType="13cdc9d9-ddb5-4fa4-a97d-d965ccfc6d4b" outcome="Passed" testListId="8c84fa94-04c1-424b-9868-57a2d4851a1d" relativeResultsDirectory="802d21ef-9dd5-4896-b147-f96ce602944b" />
    <UnitTestResult executionId="e6102a11-ff01-4e23-b56d-3ca0fed3ebbe" testId="d9c7827e-a21c-d1ab-d509-a3c578c0a44b" testName="Acme.Product.Tests.Memory.Sprint1_ValueObjectTests.DetectionList_AverageConfidence_EmptyList_ReturnsZero" computerName="ROG16" duration="00:00:00.0000645" startTime="2026-02-20T13:56:24.7231822+08:00" endTime="2026-02-20T13:56:24.7231822+08:00" testType="13cdc9d9-ddb5-4fa4-a97d-d965ccfc6d4b" outcome="Passed" testListId="8c84fa94-04c1-424b-9868-57a2d4851a1d" relativeResultsDirectory="e6102a11-ff01-4e23-b56d-3ca0fed3ebbe" />
    <UnitTestResult executionId="6185ba3b-fe5d-4d31-accb-2418e6f06278" testId="6ae177df-6a2c-96ee-7d79-4d983e01f341" testName="Acme.Product.Tests.Entities.ProjectTests.UpdateInfo_WithValidData_ShouldUpdateProject" computerName="ROG16" duration="00:00:00.0002929" startTime="2026-02-20T13:56:24.7698396+08:00" endTime="2026-02-20T13:56:24.7698397+08:00" testType="13cdc9d9-ddb5-4fa4-a97d-d965ccfc6d4b" outcome="Passed" testListId="8c84fa94-04c1-424b-9868-57a2d4851a1d" relativeResultsDirectory="6185ba3b-fe5d-4d31-accb-2418e6f06278" />
    <UnitTestResult executionId="972a9447-4363-4698-a520-8b1febcc0f52" testId="30366e2b-e454-b123-8f0e-ece2fda443c3" testName="Acme.Product.Tests.Entities.ProjectTests.Constructor_WithInvalidName_ShouldThrowException(invalidName: &quot;   &quot;)" computerName="ROG16" duration="00:00:00.0004413" startTime="2026-02-20T13:56:24.7675254+08:00" endTime="2026-02-20T13:56:24.7675255+08:00" testType="13cdc9d9-ddb5-4fa4-a97d-d965ccfc6d4b" outcome="Passed" testListId="8c84fa94-04c1-424b-9868-57a2d4851a1d" relativeResultsDirectory="972a9447-4363-4698-a520-8b1febcc0f52" />
    <UnitTestResult executionId="1f39780f-db58-473d-aa90-69faf710c3ed" testId="f73954f8-fe51-3bdc-713b-8e83e996d728" testName="Acme.Product.Tests.Operators.Sprint3_LogicGateTests.LogicGate_AND_ReturnsCorrectResult(a: False, b: False, op: &quot;AND&quot;, expected: False)" computerName="ROG16" duration="00:00:00.1232556" startTime="2026-02-20T13:56:24.8578621+08:00" endTime="2026-02-20T13:56:24.8578622+08:00" testType="13cdc9d9-ddb5-4fa4-a97d-d965ccfc6d4b" outcome="Passed" testListId="8c84fa94-04c1-424b-9868-57a2d4851a1d" relativeResultsDirectory="1f39780f-db58-473d-aa90-69faf710c3ed" />
    <UnitTestResult executionId="a083ac83-0f9b-4690-ac67-5dc4730ac383" testId="d20a5173-4826-2689-8dda-a6a982f76b35" testName="Acme.Product.Tests.Integration.FlowExecutionServiceIntegrationTests.ValidateFlow_InvalidOperatorParameter_ShouldReturnValidationError" computerName="ROG16" duration="00:00:00.0005971" startTime="2026-02-20T13:56:24.7531518+08:00" endTime="2026-02-20T13:56:24.7531519+08:00" testType="13cdc9d9-ddb5-4fa4-a97d-d965ccfc6d4b" outcome="Passed" testListId="8c84fa94-04c1-424b-9868-57a2d4851a1d" relativeResultsDirectory="a083ac83-0f9b-4690-ac67-5dc4730ac383" />
    <UnitTestResult executionId="e2c3c91e-61c7-4a23-8e4b-d25544cd630a" testId="547909b1-0264-79d2-0149-cd7c44929708" testName="Acme.Product.Tests.ImageProcessing.LineModShapeMatcherTests.PyramidLevels_SetValidValue_ShouldWork(levels: 3)" computerName="ROG16" duration="00:00:00.0000056" startTime="2026-02-20T13:56:24.7997528+08:00" endTime="2026-02-20T13:56:24.7997528+08:00" testType="13cdc9d9-ddb5-4fa4-a97d-d965ccfc6d4b" outcome="Passed" testListId="8c84fa94-04c1-424b-9868-57a2d4851a1d" relativeResultsDirectory="e2c3c91e-61c7-4a23-8e4b-d25544cd630a" />
    <UnitTestResult executionId="b171c55a-bb16-41f3-b7f1-373f8a19d91d" testId="a242d4db-f7a2-8f8d-f059-63eb4f2b4b79" testName="Acme.Product.Tests.Memory.Sprint1_ValueObjectTests.LineData_Angle_Horizontal_ReturnsZero" computerName="ROG16" duration="00:00:00.0004376" startTime="2026-02-20T13:56:24.7070731+08:00" endTime="2026-02-20T13:56:24.7070732+08:00" testType="13cdc9d9-ddb5-4fa4-a97d-d965ccfc6d4b" outcome="Passed" testListId="8c84fa94-04c1-424b-9868-57a2d4851a1d" relativeResultsDirectory="b171c55a-bb16-41f3-b7f1-373f8a19d91d" />
    <UnitTestResult executionId="821699a1-3910-409c-b80e-765d3f293c83" testId="d0d88bb4-b334-ab8f-3ae9-4b40b53f7a05" testName="Acme.Product.Tests.Operators.ColorConversionOperatorTests.ExecuteAsync_WithNullInputs_ShouldReturnFailure" computerName="ROG16" duration="00:00:00.0005259" startTime="2026-02-20T13:56:24.8448587+08:00" endTime="2026-02-20T13:56:24.8448589+08:00" testType="13cdc9d9-ddb5-4fa4-a97d-d965ccfc6d4b" outcome="Passed" testListId="8c84fa94-04c1-424b-9868-57a2d4851a1d" relativeResultsDirectory="821699a1-3910-409c-b80e-765d3f293c83" />
    <UnitTestResult executionId="56354b9d-8cd2-4baa-98dd-511f775ff648" testId="3ac6803a-d1f9-25c3-e9dc-ea66c9369ed6" testName="Acme.Product.Tests.Operators.PerspectiveTransformOperatorTests.ValidateParameters_Default_ShouldBeValid" computerName="ROG16" duration="00:00:00.0002302" startTime="2026-02-20T13:56:24.7578992+08:00" endTime="2026-02-20T13:56:24.7578993+08:00" testType="13cdc9d9-ddb5-4fa4-a97d-d965ccfc6d4b" outcome="Passed" testListId="8c84fa94-04c1-424b-9868-57a2d4851a1d" relativeResultsDirectory="56354b9d-8cd2-4baa-98dd-511f775ff648" />
    <UnitTestResult executionId="f8a97c8c-7820-4d04-be3c-2c5123759392" testId="10f51d44-921b-9f07-4957-f9c5d25c1c5f" testName="Acme.Product.Tests.Entities.InspectionResultTests.Constructor_ShouldCreateResultWithDefaultValues" computerName="ROG16" duration="00:00:00.0020141" startTime="2026-02-20T13:56:24.6799282+08:00" endTime="2026-02-20T13:56:24.6799283+08:00" testType="13cdc9d9-ddb5-4fa4-a97d-d965ccfc6d4b" outcome="Passed" testListId="8c84fa94-04c1-424b-9868-57a2d4851a1d" relativeResultsDirectory="f8a97c8c-7820-4d04-be3c-2c5123759392" />
    <UnitTestResult executionId="f6a3e360-644e-4470-92ea-8292d0b00929" testId="0317ccb5-b1bf-65b2-2ad6-dc6ab1b082c2" testName="Acme.Product.Tests.Operators.ThresholdOperatorTests.ValidateParameters_WithValidThreshold_ShouldReturnValid" computerName="ROG16" duration="00:00:00.2153796" startTime="2026-02-20T13:56:24.6537052+08:00" endTime="2026-02-20T13:56:24.6537055+08:00" testType="13cdc9d9-ddb5-4fa4-a97d-d965ccfc6d4b" outcome="Passed" testListId="8c84fa94-04c1-424b-9868-57a2d4851a1d" relativeResultsDirectory="f6a3e360-644e-4470-92ea-8292d0b00929" />
    <UnitTestResult executionId="49dd63fe-653b-450b-940b-06c8fdd1485f" testId="effbef32-4914-dc17-2d35-3cf8580fe219" testName="Acme.Product.Tests.Operators.DualModalVotingOperatorTests.Execute_WithDetectionResultObjects_ShouldVoteCorrectly" computerName="ROG16" duration="00:00:00.0008696" startTime="2026-02-20T13:56:24.6660615+08:00" endTime="2026-02-20T13:56:24.6660615+08:00" testType="13cdc9d9-ddb5-4fa4-a97d-d965ccfc6d4b" outcome="Passed" testListId="8c84fa94-04c1-424b-9868-57a2d4851a1d" relativeResultsDirectory="49dd63fe-653b-450b-940b-06c8fdd1485f" />
    <UnitTestResult executionId="474e3839-9d6f-45b5-b6b6-e5e5a802d68c" testId="861f0a7a-0d61-a4a4-2a98-72064f400708" testName="Acme.Product.Tests.Operators.BlobDetectionOperatorTests.ExecuteAsync_WithNullInputs_ShouldReturnFailure" computerName="ROG16" duration="00:00:00.0016061" startTime="2026-02-20T13:56:24.7604598+08:00" endTime="2026-02-20T13:56:24.7604599+08:00" testType="13cdc9d9-ddb5-4fa4-a97d-d965ccfc6d4b" outcome="Passed" testListId="8c84fa94-04c1-424b-9868-57a2d4851a1d" relativeResultsDirectory="474e3839-9d6f-45b5-b6b6-e5e5a802d68c" />
    <UnitTestResult executionId="3725ff0f-c65c-41ca-b1e3-5e0ff74934ab" testId="a715f832-7c4d-33e6-a481-1c2c1fd85b2c" testName="Acme.Product.Tests.Integration.ImageAcquisitionServiceIntegrationTests.LoadFromBase64Async_WithInvalidBase64_ShouldThrowException" computerName="ROG16" duration="00:00:00.0021233" startTime="2026-02-20T13:56:24.8027920+08:00" endTime="2026-02-20T13:56:24.8027921+08:00" testType="13cdc9d9-ddb5-4fa4-a97d-d965ccfc6d4b" outcome="Passed" testListId="8c84fa94-04c1-424b-9868-57a2d4851a1d" relativeResultsDirectory="3725ff0f-c65c-41ca-b1e3-5e0ff74934ab" />
    <UnitTestResult executionId="ce0b14ed-e9c7-4e7f-b0f2-d7426ef85853" testId="ba155b22-75df-05ab-eb60-d8403d00a4ad" testName="Acme.Product.Tests.Operators.Sprint3_TypeConvertTests.TypeConvert_ToFloat_ReturnsCorrectFloat(value: &quot;3.14&quot;, expected: 3.1400001)" computerName="ROG16" duration="00:00:00.0005480" startTime="2026-02-20T13:56:24.6698374+08:00" endTime="2026-02-20T13:56:24.6698375+08:00" testType="13cdc9d9-ddb5-4fa4-a97d-d965ccfc6d4b" outcome="Passed" testListId="8c84fa94-04c1-424b-9868-57a2d4851a1d" relativeResultsDirectory="ce0b14ed-e9c7-4e7f-b0f2-d7426ef85853" />
    <UnitTestResult executionId="6eaca42c-ee89-464b-9bad-7c3ebf06f63c" testId="7d6cfedc-f273-bbbc-51b8-755a25fa39f5" testName="Acme.Product.Tests.Operators.Sprint3_LogicGateTests.LogicGate_OR_ReturnsCorrectResult(a: True, b: False, op: &quot;OR&quot;, expected: True)" computerName="ROG16" duration="00:00:00.0000716" startTime="2026-02-20T13:56:24.8595906+08:00" endTime="2026-02-20T13:56:24.8595907+08:00" testType="13cdc9d9-ddb5-4fa4-a97d-d965ccfc6d4b" outcome="Passed" testListId="8c84fa94-04c1-424b-9868-57a2d4851a1d" relativeResultsDirectory="6eaca42c-ee89-464b-9bad-7c3ebf06f63c" />
    <UnitTestResult executionId="e873e5c1-d068-44ee-ba20-32a8424d40da" testId="0d1319d4-051c-c27c-d70c-0850bd4efc8e" testName="Acme.Product.Tests.Memory.Sprint1_ValueObjectTests.LineData_NotEqual_DifferentValues" computerName="ROG16" duration="00:00:00.0017709" startTime="2026-02-20T13:56:24.7090424+08:00" endTime="2026-02-20T13:56:24.7090425+08:00" testType="13cdc9d9-ddb5-4fa4-a97d-d965ccfc6d4b" outcome="Passed" testListId="8c84fa94-04c1-424b-9868-57a2d4851a1d" relativeResultsDirectory="e873e5c1-d068-44ee-ba20-32a8424d40da" />
    <UnitTestResult executionId="667b6f63-5015-4d58-8dd2-83d2415ab4fa" testId="de7f9f62-7b97-0d56-efc4-c7cb302039d9" testName="Acme.Product.Tests.Operators.Sprint3_TypeConvertTests.TypeConvert_NumberWithFormat_ReturnsFormattedString" computerName="ROG16" duration="00:00:00.0008828" startTime="2026-02-20T13:56:24.6735400+08:00" endTime="2026-02-20T13:56:24.6735401+08:00" testType="13cdc9d9-ddb5-4fa4-a97d-d965ccfc6d4b" outcome="Passed" testListId="8c84fa94-04c1-424b-9868-57a2d4851a1d" relativeResultsDirectory="667b6f63-5015-4d58-8dd2-83d2415ab4fa" />
    <UnitTestResult executionId="460fa875-f28d-4fa4-a0b6-135b9ce2bc0c" testId="d94a7241-7a95-6cee-ccc9-1eb478f44f55" testName="Acme.Product.Tests.Operators.HistogramEqualizationOperatorTests.ExecuteAsync_WithValidImage_ShouldReturnSuccess" computerName="ROG16" duration="00:00:00.1518103" startTime="2026-02-20T13:56:24.8558305+08:00" endTime="2026-02-20T13:56:24.8558306+08:00" testType="13cdc9d9-ddb5-4fa4-a97d-d965ccfc6d4b" outcome="Passed" testListId="8c84fa94-04c1-424b-9868-57a2d4851a1d" relativeResultsDirectory="460fa875-f28d-4fa4-a0b6-135b9ce2bc0c" />
    <UnitTestResult executionId="cdbb2bf7-6dce-45d0-8cea-89bbc0ac8a63" testId="a0f975a9-42a1-89db-6b48-a7f99c909f8b" testName="AIPromptBuilder - 构建的提示词包含设计规则" computerName="ROG16" duration="00:00:00.0000949" startTime="2026-02-20T13:56:24.8536626+08:00" endTime="2026-02-20T13:56:24.8536627+08:00" testType="13cdc9d9-ddb5-4fa4-a97d-d965ccfc6d4b" outcome="Passed" testListId="8c84fa94-04c1-424b-9868-57a2d4851a1d" relativeResultsDirectory="cdbb2bf7-6dce-45d0-8cea-89bbc0ac8a63" />
    <UnitTestResult executionId="811183a0-d88d-468d-86a6-a67cdd9d905b" testId="2b7ea45d-74d0-2864-cb3a-33fc3715621b" testName="Acme.Product.Tests.Operators.CameraCalibrationOperatorTests.ValidateParameters_Default_ShouldBeValid" computerName="ROG16" duration="00:00:00.0006447" startTime="2026-02-20T13:56:24.7005689+08:00" endTime="2026-02-20T13:56:24.7005691+08:00" testType="13cdc9d9-ddb5-4fa4-a97d-d965ccfc6d4b" outcome="Passed" testListId="8c84fa94-04c1-424b-9868-57a2d4851a1d" relativeResultsDirectory="811183a0-d88d-468d-86a6-a67cdd9d905b" />
    <UnitTestResult executionId="83876570-60aa-4cf3-b279-2512ee285f8c" testId="ac815279-a298-36d6-8643-9183344f6aed" testName="Acme.Product.Tests.ImageProcessing.LineModShapeMatcherTests.PyramidLevels_SetValidValue_ShouldWork(levels: 1)" computerName="ROG16" duration="00:00:00.0000822" startTime="2026-02-20T13:56:24.7992930+08:00" endTime="2026-02-20T13:56:24.7992931+08:00" testType="13cdc9d9-ddb5-4fa4-a97d-d965ccfc6d4b" outcome="Passed" testListId="8c84fa94-04c1-424b-9868-57a2d4851a1d" relativeResultsDirectory="83876570-60aa-4cf3-b279-2512ee285f8c" />
    <UnitTestResult executionId="28ae17d9-021a-40cf-817b-69ac0068a032" testId="7bfce891-1b6f-0658-9d06-8329b0d512d7" testName="Acme.Product.Tests.Operators.Sprint3_TypeConvertTests.TypeConvert_ToBoolean_ReturnsCorrectBool(value: &quot;hello&quot;, expected: True)" computerName="ROG16" duration="00:00:00.0000976" startTime="2026-02-20T13:56:24.6684916+08:00" endTime="2026-02-20T13:56:24.6684917+08:00" testType="13cdc9d9-ddb5-4fa4-a97d-d965ccfc6d4b" outcome="Passed" testListId="8c84fa94-04c1-424b-9868-57a2d4851a1d" relativeResultsDirectory="28ae17d9-021a-40cf-817b-69ac0068a032" />
    <UnitTestResult executionId="b002d7ea-350a-4920-9dac-1e9adfa0b10d" testId="c25f7003-4abb-17be-1116-2bbe54f50557" testName="Acme.Product.Tests.Operators.DeepLearningOperatorTests.ExecuteAsync_WithDifferentYoloVersions_ShouldAcceptAllFormats(version: &quot;Auto&quot;)" computerName="ROG16" duration="00:00:00.0001603" startTime="2026-02-20T13:56:24.6652307+08:00" endTime="2026-02-20T13:56:24.6652309+08:00" testType="13cdc9d9-ddb5-4fa4-a97d-d965ccfc6d4b" outcome="Passed" testListId="8c84fa94-04c1-424b-9868-57a2d4851a1d" relativeResultsDirectory="b002d7ea-350a-4920-9dac-1e9adfa0b10d" />
    <UnitTestResult executionId="d55d5cc6-d6bc-4b93-81d2-9f539efd651c" testId="f3b62a6a-1244-c134-f134-5098e6fbbe2b" testName="Acme.Product.Tests.Operators.TemplateMatchOperatorTests.ValidateParameters_Default_ShouldBeValid" computerName="ROG16" duration="00:00:00.0096270" startTime="2026-02-20T13:56:24.7435183+08:00" endTime="2026-02-20T13:56:24.7435185+08:00" testType="13cdc9d9-ddb5-4fa4-a97d-d965ccfc6d4b" outcome="Passed" testListId="8c84fa94-04c1-424b-9868-57a2d4851a1d" relativeResultsDirectory="d55d5cc6-d6bc-4b93-81d2-9f539efd651c" />
    <UnitTestResult executionId="6b1e1356-5997-457b-a12a-f1f56e5cf873" testId="440b722f-03b6-7d0c-f3e6-d4c382238dcb" testName="Acme.Product.Tests.Operators.ConditionalBranchOperatorTests.ExecuteAsync_WithValidValue_ShouldReturnSuccess" computerName="ROG16" duration="00:00:00.0013825" startTime="2026-02-20T13:56:24.7749143+08:00" endTime="2026-02-20T13:56:24.7749144+08:00" testType="13cdc9d9-ddb5-4fa4-a97d-d965ccfc6d4b" outcome="Passed" testListId="8c84fa94-04c1-424b-9868-57a2d4851a1d" relativeResultsDirectory="6b1e1356-5997-457b-a12a-f1f56e5cf873" />
    <UnitTestResult executionId="12814468-295a-4013-ad90-24d564cb70aa" testId="7b273b6f-9c00-25a3-3a27-529a50a974c1" testName="Acme.Product.Tests.Operators.Sprint2_ArrayIndexerTests.ArrayIndexer_MaxConfidenceMode_ReturnsHighest" computerName="ROG16" duration="00:00:00.0004240" startTime="2026-02-20T13:56:24.8334178+08:00" endTime="2026-02-20T13:56:24.8334179+08:00" testType="13cdc9d9-ddb5-4fa4-a97d-d965ccfc6d4b" outcome="Passed" testListId="8c84fa94-04c1-424b-9868-57a2d4851a1d" relativeResultsDirectory="12814468-295a-4013-ad90-24d564cb70aa" />
    <UnitTestResult executionId="26cf7069-fce7-4294-afcd-e06b34590a07" testId="a438e815-c209-0b80-4a5c-93b34345adfa" testName="Acme.Product.Tests.Integration.DemoProjectServiceIntegrationTests.CreateDemoProjectAsync_ShouldConfigureOperatorParameters" computerName="ROG16" duration="00:00:00.0328822" startTime="2026-02-20T13:56:24.7396282+08:00" endTime="2026-02-20T13:56:24.7396282+08:00" testType="13cdc9d9-ddb5-4fa4-a97d-d965ccfc6d4b" outcome="Passed" testListId="8c84fa94-04c1-424b-9868-57a2d4851a1d" relativeResultsDirectory="26cf7069-fce7-4294-afcd-e06b34590a07" />
    <UnitTestResult executionId="56970050-b4d6-4ef7-ab40-6a2a896b2aa0" testId="ead4023e-e2f9-5829-97c8-98d54335a4f5" testName="Acme.Product.Tests.AI.Sprint4_DryRunTests.DryRunStubRegistry_RegisterSingleResponse_ReturnsCorrectResponse" computerName="ROG16" duration="00:00:00.0000885" startTime="2026-02-20T13:56:24.7742170+08:00" endTime="2026-02-20T13:56:24.7742170+08:00" testType="13cdc9d9-ddb5-4fa4-a97d-d965ccfc6d4b" outcome="Passed" testListId="8c84fa94-04c1-424b-9868-57a2d4851a1d" relativeResultsDirectory="56970050-b4d6-4ef7-ab40-6a2a896b2aa0" />
    <UnitTestResult executionId="9cb5a47c-56d4-4fba-9341-da5c783359d3" testId="7d48df98-0db2-1ca3-3c24-33e00089e24f" testName="AIPromptBuilder - CreateFullPrompt 方法应生成完整提示词" computerName="ROG16" duration="00:00:00.0041792" startTime="2026-02-20T13:56:24.8503909+08:00" endTime="2026-02-20T13:56:24.8503913+08:00" testType="13cdc9d9-ddb5-4fa4-a97d-d965ccfc6d4b" outcome="Passed" testListId="8c84fa94-04c1-424b-9868-57a2d4851a1d" relativeResultsDirectory="9cb5a47c-56d4-4fba-9341-da5c783359d3" />
    <UnitTestResult executionId="5b313b4b-f50c-49a1-8435-f2db6f71202a" testId="72929057-dda2-e61a-d678-8b6d9bee3a89" testName="Acme.Product.Tests.Operators.TemplateMatchOperatorTests.OperatorType_ShouldBeTemplateMatching" computerName="ROG16" duration="00:00:00.0001252" startTime="2026-02-20T13:56:24.7459590+08:00" endTime="2026-02-20T13:56:24.7459591+08:00" testType="13cdc9d9-ddb5-4fa4-a97d-d965ccfc6d4b" outcome="Passed" testListId="8c84fa94-04c1-424b-9868-57a2d4851a1d" relativeResultsDirectory="5b313b4b-f50c-49a1-8435-f2db6f71202a" />
    <UnitTestResult executionId="9ae4cd42-42a5-4d28-a76a-92b4e62351ea" testId="8537e966-188e-7d07-64fa-e19e31b34040" testName="Acme.Product.Tests.Operators.MedianBlurOperatorTests.ExecuteAsync_WithNullInputs_ShouldReturnFailure" computerName="ROG16" duration="00:00:00.0009996" startTime="2026-02-20T13:56:24.7676605+08:00" endTime="2026-02-20T13:56:24.7676607+08:00" testType="13cdc9d9-ddb5-4fa4-a97d-d965ccfc6d4b" outcome="Passed" testListId="8c84fa94-04c1-424b-9868-57a2d4851a1d" relativeResultsDirectory="9ae4cd42-42a5-4d28-a76a-92b4e62351ea" />
    <UnitTestResult executionId="bc6bc931-854d-47bd-9804-669058fe0af8" testId="7b8a4147-6fe2-0c78-c834-57d688999c67" testName="Acme.Product.Tests.Operators.DeepLearningOperatorTests.ExecuteAsync_WithDifferentYoloVersions_ShouldAcceptAllFormats(version: &quot;YOLOv6&quot;)" computerName="ROG16" duration="00:00:00.0003695" startTime="2026-02-20T13:56:24.6647371+08:00" endTime="2026-02-20T13:56:24.6647372+08:00" testType="13cdc9d9-ddb5-4fa4-a97d-d965ccfc6d4b" outcome="Passed" testListId="8c84fa94-04c1-424b-9868-57a2d4851a1d" relativeResultsDirectory="bc6bc931-854d-47bd-9804-669058fe0af8" />
    <UnitTestResult executionId="df2ceabb-e1f0-4a3b-9a57-d8161af37054" testId="f722be4b-174c-12dc-77ad-e52b64391d8c" testName="Acme.Product.Tests.Operators.Sprint2_ForEachTests.ForEach_ValidateParameters_InvalidIoMode_ReturnsError" computerName="ROG16" duration="00:00:00.0002821" startTime="2026-02-20T13:56:24.8439010+08:00" endTime="2026-02-20T13:56:24.8439010+08:00" testType="13cdc9d9-ddb5-4fa4-a97d-d965ccfc6d4b" outcome="Passed" testListId="8c84fa94-04c1-424b-9868-57a2d4851a1d" relativeResultsDirectory="df2ceabb-e1f0-4a3b-9a57-d8161af37054" />
    <UnitTestResult executionId="ed41077d-761b-4920-8321-77d62a68fd28" testId="d6eb37f6-4946-fcf7-8396-21835f96dbb4" testName="Acme.Product.Tests.Operators.Sprint2_JsonExtractorTests.JsonExtractor_NestedObject_ReturnsValue" computerName="ROG16" duration="00:00:00.0005983" startTime="2026-02-20T13:56:24.8543462+08:00" endTime="2026-02-20T13:56:24.8543463+08:00" testType="13cdc9d9-ddb5-4fa4-a97d-d965ccfc6d4b" outcome="Passed" testListId="8c84fa94-04c1-424b-9868-57a2d4851a1d" relativeResultsDirectory="ed41077d-761b-4920-8321-77d62a68fd28" />
    <UnitTestResult executionId="fe8420cb-9086-48e7-beba-ca1226fa69d2" testId="1b7cbf3a-6e37-16f7-5b5b-52c9ae357dfb" testName="Acme.Product.Tests.Memory.Sprint1_MemoryPoolTests.MatPool_RentHitRate_AfterWarmup_ShouldBeHigh" computerName="ROG16" duration="00:00:00.0010437" startTime="2026-02-20T13:56:24.6275902+08:00" endTime="2026-02-20T13:56:24.6275904+08:00" testType="13cdc9d9-ddb5-4fa4-a97d-d965ccfc6d4b" outcome="Passed" testListId="8c84fa94-04c1-424b-9868-57a2d4851a1d" relativeResultsDirectory="fe8420cb-9086-48e7-beba-ca1226fa69d2" />
    <UnitTestResult executionId="e9772cde-a004-4c76-9cb6-fdbf9ebf3a94" testId="2eb14bcb-3e3c-0b35-6d08-89ee77b0782d" testName="Acme.Product.Tests.Operators.ImageCropOperatorTests.ExecuteAsync_WithValidImage_ShouldReturnSuccess" computerName="ROG16" duration="00:00:00.0028171" startTime="2026-02-20T13:56:24.7807914+08:00" endTime="2026-02-20T13:56:24.7807916+08:00" testType="13cdc9d9-ddb5-4fa4-a97d-d965ccfc6d4b" outcome="Passed" testListId="8c84fa94-04c1-424b-9868-57a2d4851a1d" relativeResultsDirectory="e9772cde-a004-4c76-9cb6-fdbf9ebf3a94" />
    <UnitTestResult executionId="46b99cc1-8740-407b-a5ed-a7e405264ddc" testId="e51c3064-9c7b-afa9-46d9-8e7eaf4fbf14" testName="Acme.Product.Tests.Operators.DeepLearningOperatorTests.ValidateParameters_WithVariousInputs_ShouldReturnExpectedResult(modelPath: &quot;model.onnx&quot;, confidence: 0.5, version: &quot;YOLOv6&quot;, expectedValid: True)" computerName="ROG16" duration="00:00:00.0000166" startTime="2026-02-20T13:56:24.6631775+08:00" endTime="2026-02-20T13:56:24.6631775+08:00" testType="13cdc9d9-ddb5-4fa4-a97d-d965ccfc6d4b" outcome="Passed" testListId="8c84fa94-04c1-424b-9868-57a2d4851a1d" relativeResultsDirectory="46b99cc1-8740-407b-a5ed-a7e405264ddc" />
    <UnitTestResult executionId="29bbd1cd-4a92-4c08-bcb5-fde37aafa534" testId="d55f1748-dd7c-a0e1-5bb8-dda886992729" testName="StubRegistryBuilder - BuildForFlow 应返回配置的注册表" computerName="ROG16" duration="00:00:00.0020632" startTime="2026-02-20T13:56:24.8536063+08:00" endTime="2026-02-20T13:56:24.8536064+08:00" testType="13cdc9d9-ddb5-4fa4-a97d-d965ccfc6d4b" outcome="Passed" testListId="8c84fa94-04c1-424b-9868-57a2d4851a1d" relativeResultsDirectory="29bbd1cd-4a92-4c08-bcb5-fde37aafa534" />
    <UnitTestResult executionId="a5382c55-0f27-4467-bcd2-a13816e3d1ab" testId="b38eca11-494d-4682-6e1b-dcf9c2b53279" testName="Acme.Product.Tests.Integration.FlowExecutionServiceIntegrationTests.ExecuteFlowAsync_GaussianBlurWithValidKernelSize_ShouldSucceed(kernelSize: 31)" computerName="ROG16" duration="00:00:00.0004401" startTime="2026-02-20T13:56:24.7400803+08:00" endTime="2026-02-20T13:56:24.7400804+08:00" testType="13cdc9d9-ddb5-4fa4-a97d-d965ccfc6d4b" outcome="Passed" testListId="8c84fa94-04c1-424b-9868-57a2d4851a1d" relativeResultsDirectory="a5382c55-0f27-4467-bcd2-a13816e3d1ab" />
    <UnitTestResult executionId="c7218b6a-0142-4e5b-a864-04375d157912" testId="7ca41d6c-a703-70a9-f633-e2d1708aa517" testName="Acme.Product.Tests.Entities.ProjectTests.Constructor_WithInvalidName_ShouldThrowException(invalidName: &quot;&quot;)" computerName="ROG16" duration="00:00:00.0087907" startTime="2026-02-20T13:56:24.7670271+08:00" endTime="2026-02-20T13:56:24.7670272+08:00" testType="13cdc9d9-ddb5-4fa4-a97d-d965ccfc6d4b" outcome="Passed" testListId="8c84fa94-04c1-424b-9868-57a2d4851a1d" relativeResultsDirectory="c7218b6a-0142-4e5b-a864-04375d157912" />
    <UnitTestResult executionId="13327f18-0475-4523-9f36-3276df20741e" testId="1c92ccc5-9274-6c00-d953-fb26b6019f4f" testName="Acme.Product.Tests.Operators.Sprint3_TypeConvertTests.TypeConvert_ToBoolean_ReturnsCorrectBool(value: 1, expected: True)" computerName="ROG16" duration="00:00:00.0000260" startTime="2026-02-20T13:56:24.6686350+08:00" endTime="2026-02-20T13:56:24.6686350+08:00" testType="13cdc9d9-ddb5-4fa4-a97d-d965ccfc6d4b" outcome="Passed" testListId="8c84fa94-04c1-424b-9868-57a2d4851a1d" relativeResultsDirectory="13327f18-0475-4523-9f36-3276df20741e" />
    <UnitTestResult executionId="d64319f1-8695-48f6-b5d6-ff3c1fba0327" testId="96fffebd-4760-8b88-a00b-43b9bd69036e" testName="Acme.Product.Tests.Services.Sprint4_FlowLinterTests.FlowLinter_Struct_002_InvalidConnection_ReturnsError" computerName="ROG16" duration="00:00:00.0003399" startTime="2026-02-20T13:56:24.7517014+08:00" endTime="2026-02-20T13:56:24.7517014+08:00" testType="13cdc9d9-ddb5-4fa4-a97d-d965ccfc6d4b" outcome="Passed" testListId="8c84fa94-04c1-424b-9868-57a2d4851a1d" relativeResultsDirectory="d64319f1-8695-48f6-b5d6-ff3c1fba0327" />
    <UnitTestResult executionId="3cef5e6d-5326-4844-b55b-5cf57b9c669b" testId="88fede5d-f668-b8e1-bb1e-d17909a205f5" testName="Acme.Product.Tests.Operators.TemplateMatchOperatorTests.ExecuteAsync_WithoutTemplate_ShouldReturnFailure" computerName="ROG16" duration="00:00:00.0021774" startTime="2026-02-20T13:56:24.7457569+08:00" endTime="2026-02-20T13:56:24.7457570+08:00" testType="13cdc9d9-ddb5-4fa4-a97d-d965ccfc6d4b" outcome="Passed" testListId="8c84fa94-04c1-424b-9868-57a2d4851a1d" relativeResultsDirectory="3cef5e6d-5326-4844-b55b-5cf57b9c669b" />
    <UnitTestResult executionId="7f6d0737-b250-479d-b815-1bb03b56b6e8" testId="98a13ae6-2b21-d8bb-db85-190cd6c412b2" testName="Acme.Product.Tests.Operators.AdaptiveThresholdOperatorTests.OperatorType_ShouldBeAdaptiveThreshold" computerName="ROG16" duration="00:00:00.0002421" startTime="2026-02-20T13:56:24.8594721+08:00" endTime="2026-02-20T13:56:24.8594722+08:00" testType="13cdc9d9-ddb5-4fa4-a97d-d965ccfc6d4b" outcome="Passed" testListId="8c84fa94-04c1-424b-9868-57a2d4851a1d" relativeResultsDirectory="7f6d0737-b250-479d-b815-1bb03b56b6e8" />
    <UnitTestResult executionId="9c46da17-a3ee-4fbb-99f4-4e1d037a21f2" testId="b686e1e8-09f6-7bc2-59b9-80d5c0cc250d" testName="Acme.Product.Tests.Memory.Sprint1_ValueObjectTests.CircleData_ToString_ContainsCenterAndRadius" computerName="ROG16" duration="00:00:00.0002088" startTime="2026-02-20T13:56:24.7272119+08:00" endTime="2026-02-20T13:56:24.7272120+08:00" testType="13cdc9d9-ddb5-4fa4-a97d-d965ccfc6d4b" outcome="Passed" testListId="8c84fa94-04c1-424b-9868-57a2d4851a1d" relativeResultsDirectory="9c46da17-a3ee-4fbb-99f4-4e1d037a21f2" />
    <UnitTestResult executionId="9327b176-7273-4319-9748-a6b888459b4a" testId="a0921e7c-556b-f2e8-f326-81cc1b9fd64a" testName="Acme.Product.Tests.Operators.GeometricToleranceOperatorTests.OperatorType_ShouldBeGeometricTolerance" computerName="ROG16" duration="00:00:00.2210333" startTime="2026-02-20T13:56:24.6593918+08:00" endTime="2026-02-20T13:56:24.6593919+08:00" testType="13cdc9d9-ddb5-4fa4-a97d-d965ccfc6d4b" outcome="Passed" testListId="8c84fa94-04c1-424b-9868-57a2d4851a1d" relativeResultsDirectory="9327b176-7273-4319-9748-a6b888459b4a" />
    <UnitTestResult executionId="10932ac0-af5c-41b1-b7c7-e7e74e0b8030" testId="66367b66-e745-d528-e274-ff459fcbb712" testName="Acme.Product.Tests.Operators.ImageAcquisitionOperatorTests.OperatorType_ShouldBeImageAcquisition" computerName="ROG16" duration="00:00:00.0003331" startTime="2026-02-20T13:56:24.7123441+08:00" endTime="2026-02-20T13:56:24.7123442+08:00" testType="13cdc9d9-ddb5-4fa4-a97d-d965ccfc6d4b" outcome="Passed" testListId="8c84fa94-04c1-424b-9868-57a2d4851a1d" relativeResultsDirectory="10932ac0-af5c-41b1-b7c7-e7e74e0b8030" />
    <UnitTestResult executionId="baa15230-d227-4c5c-9c63-97906625753a" testId="f1cbe976-3d6f-5157-5d36-bc6c86ca7d98" testName="Acme.Product.Tests.Memory.Sprint1_ValueObjectTests.DetectionResult_ToString_ContainsKeyInfo" computerName="ROG16" duration="00:00:00.0077410" startTime="2026-02-20T13:56:24.7177022+08:00" endTime="2026-02-20T13:56:24.7177026+08:00" testType="13cdc9d9-ddb5-4fa4-a97d-d965ccfc6d4b" outcome="Passed" testListId="8c84fa94-04c1-424b-9868-57a2d4851a1d" relativeResultsDirectory="baa15230-d227-4c5c-9c63-97906625753a" />
    <UnitTestResult executionId="745fdb43-3932-4d3c-ac63-23a0af960ba4" testId="dd8ba221-f574-f10c-f2e7-7f7aaca47cd2" testName="Acme.Product.Tests.Operators.Sprint3_TypeConvertTests.TypeConvert_ToString_ReturnsCorrectString(value: 42, expected: &quot;42&quot;)" computerName="ROG16" duration="00:00:00.0002529" startTime="2026-02-20T13:56:24.6707875+08:00" endTime="2026-02-20T13:56:24.6707876+08:00" testType="13cdc9d9-ddb5-4fa4-a97d-d965ccfc6d4b" outcome="Passed" testListId="8c84fa94-04c1-424b-9868-57a2d4851a1d" relativeResultsDirectory="745fdb43-3932-4d3c-ac63-23a0af960ba4" />
    <UnitTestResult executionId="99e6ca5e-b9eb-4390-81bd-13f3df0aa202" testId="8fdf7f62-f479-60ee-243d-4ea16f176803" testName="Acme.Product.Tests.Integration.FlowExecutionServiceIntegrationTests.ValidateFlow_GaussianBlurWithInvalidKernelSize_ShouldFailValidation(kernelSize: 0)" computerName="ROG16" duration="00:00:00.0006400" startTime="2026-02-20T13:56:24.7356076+08:00" endTime="2026-02-20T13:56:24.7356077+08:00" testType="13cdc9d9-ddb5-4fa4-a97d-d965ccfc6d4b" outcome="Passed" testListId="8c84fa94-04c1-424b-9868-57a2d4851a1d" relativeResultsDirectory="99e6ca5e-b9eb-4390-81bd-13f3df0aa202" />
    <UnitTestResult executionId="22539611-89d7-4797-b3d1-1aff765e5123" testId="c5cd2545-9755-8ec1-f00d-c41a6c6986cc" testName="Acme.Product.Tests.Operators.Sprint2_JsonExtractorTests.JsonExtractor_PathNotFound_Required_ReturnsFailure" computerName="ROG16" duration="00:00:00.0005573" startTime="2026-02-20T13:56:24.8556595+08:00" endTime="2026-02-20T13:56:24.8556597+08:00" testType="13cdc9d9-ddb5-4fa4-a97d-d965ccfc6d4b" outcome="Passed" testListId="8c84fa94-04c1-424b-9868-57a2d4851a1d" relativeResultsDirectory="22539611-89d7-4797-b3d1-1aff765e5123" />
    <UnitTestResult executionId="687e36db-0855-46ef-8802-1e4ca90633de" testId="60c1c4e9-f8c6-868a-9646-7d035c0b45bc" testName="Acme.Product.Tests.ImageProcessing.LineModShapeMatcherTests.Match_WithTranslatedImage_ShouldFindMatch" computerName="ROG16" duration="00:00:00.0676534" startTime="2026-02-20T13:56:24.7025194+08:00" endTime="2026-02-20T13:56:24.7025196+08:00" testType="13cdc9d9-ddb5-4fa4-a97d-d965ccfc6d4b" outcome="Passed" testListId="8c84fa94-04c1-424b-9868-57a2d4851a1d" relativeResultsDirectory="687e36db-0855-46ef-8802-1e4ca90633de" />
    <UnitTestResult executionId="8e744159-10b8-4d85-a5fd-7438e921cd85" testId="f3ecc577-da13-e8c4-fcbd-b43cdeb52ee7" testName="Acme.Product.Tests.Operators.CameraCalibrationOperatorTests.ExecuteAsync_WithValidImage_ShouldReturnSuccess" computerName="ROG16" duration="00:00:00.0023340" startTime="2026-02-20T13:56:24.7030996+08:00" endTime="2026-02-20T13:56:24.7030997+08:00" testType="13cdc9d9-ddb5-4fa4-a97d-d965ccfc6d4b" outcome="Passed" testListId="8c84fa94-04c1-424b-9868-57a2d4851a1d" relativeResultsDirectory="8e744159-10b8-4d85-a5fd-7438e921cd85" />
    <UnitTestResult executionId="6e780fc6-8d9c-4cdf-a831-b91a4f1e1eee" testId="fa78c48b-7e2c-eef1-6695-3a2451dedf91" testName="Acme.Product.Tests.Operators.Sprint3_LogicGateTests.LogicGate_NAND_ReturnsCorrectResult(a: False, b: False, op: &quot;NAND&quot;, expected: True)" computerName="ROG16" duration="00:00:00.0005125" startTime="2026-02-20T13:56:24.8623365+08:00" endTime="2026-02-20T13:56:24.8623366+08:00" testType="13cdc9d9-ddb5-4fa4-a97d-d965ccfc6d4b" outcome="Passed" testListId="8c84fa94-04c1-424b-9868-57a2d4851a1d" relativeResultsDirectory="6e780fc6-8d9c-4cdf-a831-b91a4f1e1eee" />
    <UnitTestResult executionId="594933d1-ce22-4866-a999-cd8952d8d2cd" testId="b500f3f0-9cdc-ea9d-3830-c7e69a7d6cec" testName="Acme.Product.Tests.Operators.LineMeasurementOperatorTests.ExecuteAsync_WithNullInputs_ShouldReturnFailure" computerName="ROG16" duration="00:00:00.2400441" startTime="2026-02-20T13:56:24.6784924+08:00" endTime="2026-02-20T13:56:24.6784926+08:00" testType="13cdc9d9-ddb5-4fa4-a97d-d965ccfc6d4b" outcome="Passed" testListId="8c84fa94-04c1-424b-9868-57a2d4851a1d" relativeResultsDirectory="594933d1-ce22-4866-a999-cd8952d8d2cd" />
    <UnitTestResult executionId="64232667-a2e5-48dd-b88b-2d70ed6c1767" testId="c387a956-ecbb-0431-42ac-991c39884ffa" testName="Acme.Product.Tests.Operators.UndistortOperatorTests.ExecuteAsync_WithNullInputs_ShouldReturnFailure" computerName="ROG16" duration="00:00:00.0003481" startTime="2026-02-20T13:56:24.7231077+08:00" endTime="2026-02-20T13:56:24.7231077+08:00" testType="13cdc9d9-ddb5-4fa4-a97d-d965ccfc6d4b" outcome="Passed" testListId="8c84fa94-04c1-424b-9868-57a2d4851a1d" relativeResultsDirectory="64232667-a2e5-48dd-b88b-2d70ed6c1767" />
    <UnitTestResult executionId="a67c684c-4d43-4a05-8bef-12c82d1e2f0c" testId="578d36b8-05a1-7fa0-2867-ac9a1df1e44f" testName="Acme.Product.Tests.Integration.FlowExecutionServiceIntegrationTests.ValidateFlow_GaussianBlurWithInvalidKernelSize_ShouldFailValidation(kernelSize: 32)" computerName="ROG16" duration="00:00:00.0002690" startTime="2026-02-20T13:56:24.7360482+08:00" endTime="2026-02-20T13:56:24.7360483+08:00" testType="13cdc9d9-ddb5-4fa4-a97d-d965ccfc6d4b" outcome="Passed" testListId="8c84fa94-04c1-424b-9868-57a2d4851a1d" relativeResultsDirectory="a67c684c-4d43-4a05-8bef-12c82d1e2f0c" />
    <UnitTestResult executionId="98e90b4a-63a4-4432-96ee-417ce17f8adc" testId="ed389be8-1642-fe55-6c04-1f006b2d5d9d" testName="Acme.Product.Tests.Operators.Sprint3_MathOperationTests.MathOperation_BasicOperations_ReturnsCorrectResult(a: 10, b: 5, operation: &quot;Multiply&quot;, expected: 50)" computerName="ROG16" duration="00:00:00.0000629" startTime="2026-02-20T13:56:24.7853010+08:00" endTime="2026-02-20T13:56:24.7853010+08:00" testType="13cdc9d9-ddb5-4fa4-a97d-d965ccfc6d4b" outcome="Passed" testListId="8c84fa94-04c1-424b-9868-57a2d4851a1d" relativeResultsDirectory="98e90b4a-63a4-4432-96ee-417ce17f8adc" />
    <UnitTestResult executionId="95975e92-1157-48da-8dc0-2fe01514fcc5" testId="35890207-1b1f-a87a-d1df-97115261352c" testName="Acme.Product.Tests.Integration.FlowExecutionServiceIntegrationTests.ExecuteFlowAsync_CannyEdgeWithValidThresholds_ShouldSucceed(threshold1: 100, threshold2: 200)" computerName="ROG16" duration="00:00:00.0003121" startTime="2026-02-20T13:56:24.7439228+08:00" endTime="2026-02-20T13:56:24.7439229+08:00" testType="13cdc9d9-ddb5-4fa4-a97d-d965ccfc6d4b" outcome="Passed" testListId="8c84fa94-04c1-424b-9868-57a2d4851a1d" relativeResultsDirectory="95975e92-1157-48da-8dc0-2fe01514fcc5" />
    <UnitTestResult executionId="f7ecb911-5aaa-42ec-8498-340d42241e11" testId="b865d4b3-bb1b-c38d-f3a9-07291c02a568" testName="Acme.Product.Tests.Memory.Sprint1_MemoryPoolTests.ImageWrapper_DoubleRelease_ThrowsException" computerName="ROG16" duration="00:00:00.0003959" startTime="2026-02-20T13:56:24.6300079+08:00" endTime="2026-02-20T13:56:24.6300080+08:00" testType="13cdc9d9-ddb5-4fa4-a97d-d965ccfc6d4b" outcome="Passed" testListId="8c84fa94-04c1-424b-9868-57a2d4851a1d" relativeResultsDirectory="f7ecb911-5aaa-42ec-8498-340d42241e11" />
    <UnitTestResult executionId="616af23b-9c00-4e8e-a8e4-41ace3733bfd" testId="c82c6cd2-a15c-d0e7-e6bb-000fec4ab415" testName="Acme.Product.Tests.Operators.CoordinateTransformOperatorTests.ExecuteAsync_WithValidImage_ShouldReturnSuccess" computerName="ROG16" duration="00:00:00.0007848" startTime="2026-02-20T13:56:24.7342821+08:00" endTime="2026-02-20T13:56:24.7342822+08:00" testType="13cdc9d9-ddb5-4fa4-a97d-d965ccfc6d4b" outcome="Passed" testListId="8c84fa94-04c1-424b-9868-57a2d4851a1d" relativeResultsDirectory="616af23b-9c00-4e8e-a8e4-41ace3733bfd" />
    <UnitTestResult executionId="e2677392-3fb0-47fa-9612-0c29d078f4a2" testId="ad0bb436-8ef8-7d68-d9bf-8c04dd05377c" testName="Acme.Product.Tests.Operators.CannyEdgeOperatorTests.ValidateParameters_WithValidThresholds_ShouldReturnValid" computerName="ROG16" duration="00:00:00.0002122" startTime="2026-02-20T13:56:24.6554667+08:00" endTime="2026-02-20T13:56:24.6554668+08:00" testType="13cdc9d9-ddb5-4fa4-a97d-d965ccfc6d4b" outcome="Passed" testListId="8c84fa94-04c1-424b-9868-57a2d4851a1d" relativeResultsDirectory="e2677392-3fb0-47fa-9612-0c29d078f4a2" />
    <UnitTestResult executionId="e22cbb18-2d9c-4bf0-bcae-86b2c151479f" testId="0c7f4edd-8509-6788-68ef-def2e8a78811" testName="Acme.Product.Tests.Operators.ImageResizeOperatorTests.ExecuteAsync_WithValidImage_ShouldReturnSuccess" computerName="ROG16" duration="00:00:00.3667618" startTime="2026-02-20T13:56:24.8051203+08:00" endTime="2026-02-20T13:56:24.8051205+08:00" testType="13cdc9d9-ddb5-4fa4-a97d-d965ccfc6d4b" outcome="Passed" testListId="8c84fa94-04c1-424b-9868-57a2d4851a1d" relativeResultsDirectory="e22cbb18-2d9c-4bf0-bcae-86b2c151479f" />
    <UnitTestResult executionId="9cf65dc9-7938-44d3-ac55-3f540ba91905" testId="c8773a13-3ace-c008-1ebd-a6ab059492ab" testName="Acme.Product.Tests.Operators.GaussianBlurOperatorTests.ValidateParameters_WithInvalidKernelSize_ShouldReturnInvalid" computerName="ROG16" duration="00:00:00.0002282" startTime="2026-02-20T13:56:24.6667332+08:00" endTime="2026-02-20T13:56:24.6667333+08:00" testType="13cdc9d9-ddb5-4fa4-a97d-d965ccfc6d4b" outcome="Passed" testListId="8c84fa94-04c1-424b-9868-57a2d4851a1d" relativeResultsDirectory="9cf65dc9-7938-44d3-ac55-3f540ba91905" />
    <UnitTestResult executionId="a55838fe-e01c-48a6-9631-b0a91e28c0eb" testId="92df4dba-d025-f2a9-66ea-444c76ca9acb" testName="FlowParser - 解析完整流程应正确映射端口类型" computerName="ROG16" duration="00:00:00.1686707" startTime="2026-02-20T13:56:24.8461253+08:00" endTime="2026-02-20T13:56:24.8461255+08:00" testType="13cdc9d9-ddb5-4fa4-a97d-d965ccfc6d4b" outcome="Passed" testListId="8c84fa94-04c1-424b-9868-57a2d4851a1d" relativeResultsDirectory="a55838fe-e01c-48a6-9631-b0a91e28c0eb" />
    <UnitTestResult executionId="5cf88ee2-135a-4d06-a329-ee32eaf3e98d" testId="c7201152-957a-0e28-b4dd-cdb48fc4a623" testName="Acme.Product.Tests.Operators.CoordinateTransformOperatorTests.OperatorType_ShouldBeCoordinateTransform" computerName="ROG16" duration="00:00:00.0107911" startTime="2026-02-20T13:56:24.7311313+08:00" endTime="2026-02-20T13:56:24.7311316+08:00" testType="13cdc9d9-ddb5-4fa4-a97d-d965ccfc6d4b" outcome="Passed" testListId="8c84fa94-04c1-424b-9868-57a2d4851a1d" relativeResultsDirectory="5cf88ee2-135a-4d06-a329-ee32eaf3e98d" />
    <UnitTestResult executionId="dc318279-f9c3-4212-b62b-63e6a01c8753" testId="c02b507b-1c73-7886-a53a-6528da63b893" testName="Acme.Product.Tests.Operators.GeometricToleranceOperatorTests.ValidateParameters_Default_ShouldBeValid" computerName="ROG16" duration="00:00:00.0002233" startTime="2026-02-20T13:56:24.6659832+08:00" endTime="2026-02-20T13:56:24.6659833+08:00" testType="13cdc9d9-ddb5-4fa4-a97d-d965ccfc6d4b" outcome="Passed" testListId="8c84fa94-04c1-424b-9868-57a2d4851a1d" relativeResultsDirectory="dc318279-f9c3-4212-b62b-63e6a01c8753" />
    <UnitTestResult executionId="dd479854-0f6c-4f29-a1bd-6a28f7acb0ea" testId="423d5ed8-43d0-5b9a-e50c-6a77d4500b95" testName="Acme.Product.Tests.Operators.Sprint3_LogicGateTests.LogicGate_XOR_ReturnsCorrectResult(a: False, b: True, op: &quot;XOR&quot;, expected: True)" computerName="ROG16" duration="00:00:00.0005327" startTime="2026-02-20T13:56:24.8602592+08:00" endTime="2026-02-20T13:56:24.8602593+08:00" testType="13cdc9d9-ddb5-4fa4-a97d-d965ccfc6d4b" outcome="Passed" testListId="8c84fa94-04c1-424b-9868-57a2d4851a1d" relativeResultsDirectory="dd479854-0f6c-4f29-a1bd-6a28f7acb0ea" />
    <UnitTestResult executionId="a09691a7-be69-490d-9e28-20d3602f9d11" testId="6ac6c96f-75ba-b05e-acf9-31b609fbb69a" testName="Acme.Product.Tests.Operators.ImageAcquisitionOperatorTests.ExecuteAsync_WithNullInputs_ShouldReturnFailure" computerName="ROG16" duration="00:00:00.0040705" startTime="2026-02-20T13:56:24.7180408+08:00" endTime="2026-02-20T13:56:24.7180409+08:00" testType="13cdc9d9-ddb5-4fa4-a97d-d965ccfc6d4b" outcome="Passed" testListId="8c84fa94-04c1-424b-9868-57a2d4851a1d" relativeResultsDirectory="a09691a7-be69-490d-9e28-20d3602f9d11" />
    <UnitTestResult executionId="a8ac8ab2-907c-4b8b-aede-14196b2e85a1" testId="134701e4-308d-333e-5634-3779213ed476" testName="Acme.Product.Tests.Integration.ImageAcquisitionServiceIntegrationTests.LoadFromBase64Async_WithValidBase64_ShouldReturnImageDto" computerName="ROG16" duration="00:00:00.2204194" startTime="2026-02-20T13:56:24.6587299+08:00" endTime="2026-02-20T13:56:24.6587301+08:00" testType="13cdc9d9-ddb5-4fa4-a97d-d965ccfc6d4b" outcome="Passed" testListId="8c84fa94-04c1-424b-9868-57a2d4851a1d" relativeResultsDirectory="a8ac8ab2-907c-4b8b-aede-14196b2e85a1" />
    <UnitTestResult executionId="e7889a2d-98f5-45e9-a0c6-e7a9445e66a1" testId="3edc9d74-f056-3638-ca86-2e395763038c" testName="Acme.Product.Tests.Operators.GaussianBlurOperatorTests.ExecuteAsync_WithoutImageInput_ShouldReturnFailure" computerName="ROG16" duration="00:00:00.0011191" startTime="2026-02-20T13:56:24.6666659+08:00" endTime="2026-02-20T13:56:24.6666659+08:00" testType="13cdc9d9-ddb5-4fa4-a97d-d965ccfc6d4b" outcome="Passed" testListId="8c84fa94-04c1-424b-9868-57a2d4851a1d" relativeResultsDirectory="e7889a2d-98f5-45e9-a0c6-e7a9445e66a1" />
    <UnitTestResult executionId="84a28ecb-fb1f-4938-b02d-3bc7ac508612" testId="6afb9ab7-6428-b3b9-0b13-7b55c3295c74" testName="Acme.Product.Tests.Operators.CannyEdgeOperatorTests.OperatorType_ShouldBeEdgeDetection" computerName="ROG16" duration="00:00:00.0007221" startTime="2026-02-20T13:56:24.6552123+08:00" endTime="2026-02-20T13:56:24.6552124+08:00" testType="13cdc9d9-ddb5-4fa4-a97d-d965ccfc6d4b" outcome="Passed" testListId="8c84fa94-04c1-424b-9868-57a2d4851a1d" relativeResultsDirectory="84a28ecb-fb1f-4938-b02d-3bc7ac508612" />
    <UnitTestResult executionId="56146c8c-befa-4e51-afeb-2bebbdde4fdf" testId="e15670f1-0d10-ee49-493e-ae72138d2512" testName="Acme.Product.Tests.Operators.Sprint3_MathOperationTests.MathOperation_BasicOperations_ReturnsCorrectResult(a: 10, b: 5, operation: &quot;Add&quot;, expected: 15)" computerName="ROG16" duration="00:00:00.0003147" startTime="2026-02-20T13:56:24.7850963+08:00" endTime="2026-02-20T13:56:24.7850964+08:00" testType="13cdc9d9-ddb5-4fa4-a97d-d965ccfc6d4b" outcome="Passed" testListId="8c84fa94-04c1-424b-9868-57a2d4851a1d" relativeResultsDirectory="56146c8c-befa-4e51-afeb-2bebbdde4fdf" />
    <UnitTestResult executionId="22b2f648-a9e6-4812-807f-620078233145" testId="7a74602d-6d92-a753-457d-5c0391dbe3ad" testName="Acme.Product.Tests.AI.Sprint4_DryRunTests.DryRunStubRegistry_RegisterMultipleResponses_CyclesThrough" computerName="ROG16" duration="00:00:00.0005124" startTime="2026-02-20T13:56:24.7704969+08:00" endTime="2026-02-20T13:56:24.7704970+08:00" testType="13cdc9d9-ddb5-4fa4-a97d-d965ccfc6d4b" outcome="Passed" testListId="8c84fa94-04c1-424b-9868-57a2d4851a1d" relativeResultsDirectory="22b2f648-a9e6-4812-807f-620078233145" />
    <UnitTestResult executionId="4fc1ac9b-425f-4481-9ee8-d7e891619df4" testId="3efe7268-9ab1-9754-1d06-682167fd2968" testName="Acme.Product.Tests.ImageProcessing.LineModShapeMatcherTests.NumFeatures_SetValidValue_ShouldWork(numFeatures: 500)" computerName="ROG16" duration="00:00:00.0001491" startTime="2026-02-20T13:56:24.8147263+08:00" endTime="2026-02-20T13:56:24.8147265+08:00" testType="13cdc9d9-ddb5-4fa4-a97d-d965ccfc6d4b" outcome="Passed" testListId="8c84fa94-04c1-424b-9868-57a2d4851a1d" relativeResultsDirectory="4fc1ac9b-425f-4481-9ee8-d7e891619df4" />
    <UnitTestResult executionId="03391158-f4d9-4cbd-a0c8-ca954be110d4" testId="f3edc555-60a0-0a1e-6fe4-c054ac956454" testName="Acme.Product.Tests.Integration.ImageAcquisitionServiceIntegrationTests.LoadFromFileAsync_WithInvalidPath_ShouldThrowException" computerName="ROG16" duration="00:00:00.0008147" startTime="2026-02-20T13:56:24.8081887+08:00" endTime="2026-02-20T13:56:24.8081888+08:00" testType="13cdc9d9-ddb5-4fa4-a97d-d965ccfc6d4b" outcome="Passed" testListId="8c84fa94-04c1-424b-9868-57a2d4851a1d" relativeResultsDirectory="03391158-f4d9-4cbd-a0c8-ca954be110d4" />
    <UnitTestResult executionId="a1dfce1c-9540-4af2-be92-5e774260756e" testId="aee8fef4-faa0-9e51-c707-5b22f553cbfe" testName="Acme.Product.Tests.Operators.TcpCommunicationOperatorTests.ValidateParameters_WithEmptyHost_ShouldReturnInvalid" computerName="ROG16" duration="00:00:00.0001918" startTime="2026-02-20T13:56:24.6739034+08:00" endTime="2026-02-20T13:56:24.6739034+08:00" testType="13cdc9d9-ddb5-4fa4-a97d-d965ccfc6d4b" outcome="Passed" testListId="8c84fa94-04c1-424b-9868-57a2d4851a1d" relativeResultsDirectory="a1dfce1c-9540-4af2-be92-5e774260756e" />
    <UnitTestResult executionId="c3e83c5e-e5b2-4093-b597-695676421a27" testId="670debdc-47a4-a098-305f-fea77c146bd1" testName="Acme.Product.Tests.Integration.FlowExecutionServiceIntegrationTests.ExecuteFlowAsync_3OperatorLinearFlow_ShouldExecuteSuccessfully" computerName="ROG16" duration="00:00:00.0032602" startTime="2026-02-20T13:56:24.7658745+08:00" endTime="2026-02-20T13:56:24.7658747+08:00" testType="13cdc9d9-ddb5-4fa4-a97d-d965ccfc6d4b" outcome="Passed" testListId="8c84fa94-04c1-424b-9868-57a2d4851a1d" relativeResultsDirectory="c3e83c5e-e5b2-4093-b597-695676421a27" />
    <UnitTestResult executionId="cdcb0f8d-4b6b-467e-b93d-851fcea991b2" testId="1d2471a9-5ca7-46a6-cf7b-7e5d7b935844" testName="Acme.Product.Tests.Memory.Sprint1_ValueObjectTests.DetectionList_AverageConfidence_CalculatesCorrectly" computerName="ROG16" duration="00:00:00.0019952" startTime="2026-02-20T13:56:24.7197701+08:00" endTime="2026-02-20T13:56:24.7197702+08:00" testType="13cdc9d9-ddb5-4fa4-a97d-d965ccfc6d4b" outcome="Passed" testListId="8c84fa94-04c1-424b-9868-57a2d4851a1d" relativeResultsDirectory="cdcb0f8d-4b6b-467e-b93d-851fcea991b2" />
    <UnitTestResult executionId="a201c5c5-2055-4b6f-8342-4be4af157f95" testId="0de986b8-2ae7-c676-6f87-dd5bc9f89aae" testName="Acme.Product.Tests.Operators.ImageCropOperatorTests.ValidateParameters_Default_ShouldBeValid" computerName="ROG16" duration="00:00:00.0003108" startTime="2026-02-20T13:56:24.7815113+08:00" endTime="2026-02-20T13:56:24.7815114+08:00" testType="13cdc9d9-ddb5-4fa4-a97d-d965ccfc6d4b" outcome="Passed" testListId="8c84fa94-04c1-424b-9868-57a2d4851a1d" relativeResultsDirectory="a201c5c5-2055-4b6f-8342-4be4af157f95" />
    <UnitTestResult executionId="f9bebc27-9684-41f9-9229-33722c9dbd49" testId="dbda3dd3-ff08-2b02-bf37-efdd6b216d5a" testName="Acme.Product.Tests.Entities.ProjectTests.Constructor_WithInvalidName_ShouldThrowException(invalidName: null)" computerName="ROG16" duration="00:00:00.0002500" startTime="2026-02-20T13:56:24.7678108+08:00" endTime="2026-02-20T13:56:24.7678109+08:00" testType="13cdc9d9-ddb5-4fa4-a97d-d965ccfc6d4b" outcome="Passed" testListId="8c84fa94-04c1-424b-9868-57a2d4851a1d" relativeResultsDirectory="f9bebc27-9684-41f9-9229-33722c9dbd49" />
    <UnitTestResult executionId="44a4d640-e5c3-447c-a188-05c812462d17" testId="c017dc3c-3922-9e4e-9510-d6758f6a62a4" testName="Acme.Product.Tests.Operators.DeepLearningOperatorTests.ExecuteAsync_WithDifferentYoloVersions_ShouldAcceptAllFormats(version: &quot;YOLOv5&quot;)" computerName="ROG16" duration="00:00:00.0001232" startTime="2026-02-20T13:56:24.6660890+08:00" endTime="2026-02-20T13:56:24.6660890+08:00" testType="13cdc9d9-ddb5-4fa4-a97d-d965ccfc6d4b" outcome="Passed" testListId="8c84fa94-04c1-424b-9868-57a2d4851a1d" relativeResultsDirectory="44a4d640-e5c3-447c-a188-05c812462d17" />
    <UnitTestResult executionId="f276a895-6b9e-4a87-a3ec-1a23e73e86d0" testId="0abca8c6-367a-ef64-54a3-0dbb6849d293" testName="Acme.Product.Tests.ImageProcessing.LineModShapeMatcherTests.PyramidLevels_SetValidValue_ShouldWork(levels: 5)" computerName="ROG16" duration="00:00:00.0001547" startTime="2026-02-20T13:56:24.7997220+08:00" endTime="2026-02-20T13:56:24.7997221+08:00" testType="13cdc9d9-ddb5-4fa4-a97d-d965ccfc6d4b" outcome="Passed" testListId="8c84fa94-04c1-424b-9868-57a2d4851a1d" relativeResultsDirectory="f276a895-6b9e-4a87-a3ec-1a23e73e86d0" />
    <UnitTestResult executionId="bd047944-58d4-4ce4-b981-4bfd04d7ec2b" testId="22d8b1ef-2f4d-92af-913b-aad04a9d801e" testName="Acme.Product.Tests.Operators.Sprint3_MathOperationTests.MathOperation_AdvancedOperations_ReturnsCorrectResult(a: 17, b: 5, operation: &quot;Modulo&quot;, expected: 2)" computerName="ROG16" duration="00:00:00.0000676" startTime="2026-02-20T13:56:24.7841419+08:00" endTime="2026-02-20T13:56:24.7841419+08:00" testType="13cdc9d9-ddb5-4fa4-a97d-d965ccfc6d4b" outcome="Passed" testListId="8c84fa94-04c1-424b-9868-57a2d4851a1d" relativeResultsDirectory="bd047944-58d4-4ce4-b981-4bfd04d7ec2b" />
[...]
    <TestEntry testId="d5598600-cb6e-d091-8690-1a064b739000" executionId="4a5da38a-6dab-41d6-a07a-ec4d46e02dd4" testListId="8c84fa94-04c1-424b-9868-57a2d4851a1d" />
    <TestEntry testId="ed2a2eb5-2a31-4195-0acf-0bfdb23ae87d" executionId="fad3187a-c69e-4f43-9638-7c3d7740c986" testListId="8c84fa94-04c1-424b-9868-57a2d4851a1d" />
    <TestEntry testId="7511ca3c-dd19-a505-35af-8ece945a5936" executionId="3811a7d3-f8c3-4cfd-8693-4566436e5791" testListId="8c84fa94-04c1-424b-9868-57a2d4851a1d" />
    <TestEntry testId="9c78a952-053b-91b2-2391-3dff98e32a8b" executionId="49c75811-21ec-4d9c-8fd4-fb73332b7a6d" testListId="8c84fa94-04c1-424b-9868-57a2d4851a1d" />
    <TestEntry testId="6497368e-bd16-2c5e-1fa6-2c84ef318f6f" executionId="afa92f68-3e90-496b-81e2-0c2cf7328978" testListId="8c84fa94-04c1-424b-9868-57a2d4851a1d" />
    <TestEntry testId="66f86f92-05f8-1fe5-23e1-429da244b743" executionId="8f3c8f35-f6cc-4989-8149-783e94e42df1" testListId="8c84fa94-04c1-424b-9868-57a2d4851a1d" />
    <TestEntry testId="64668181-a70a-e0d9-8dca-31b4041bafb0" executionId="c641816b-7014-4886-a63e-47ead5729caa" testListId="8c84fa94-04c1-424b-9868-57a2d4851a1d" />
    <TestEntry testId="51f48bcf-90b5-1cad-0a6b-e12bc3800e8e" executionId="5aea2721-d93d-4435-a6b7-de528a3ea586" testListId="8c84fa94-04c1-424b-9868-57a2d4851a1d" />
    <TestEntry testId="ca7e7c61-45ce-dee4-b351-c2773129e476" executionId="1b09e853-1379-40ba-85c0-f649bfbb6161" testListId="8c84fa94-04c1-424b-9868-57a2d4851a1d" />
    <TestEntry testId="b9e63aca-c1d6-8741-e5d9-b3393ae2b620" executionId="9d8ad8bd-cbe4-4f5a-922f-96c6edf9acad" testListId="8c84fa94-04c1-424b-9868-57a2d4851a1d" />
    <TestEntry testId="d13ce4ba-e12a-b56a-5da7-b6e16b9e68ba" executionId="8674d8fa-333a-4187-83ab-0b555ab6e484" testListId="8c84fa94-04c1-424b-9868-57a2d4851a1d" />
    <TestEntry testId="c49d237a-16dd-be2b-c0f9-8fedd7aa4936" executionId="4ce9cb3a-c73b-40ed-95c5-fd84efdfb3cf" testListId="8c84fa94-04c1-424b-9868-57a2d4851a1d" />
    <TestEntry testId="3adc5e05-f15f-7833-9a38-d2bff3b61284" executionId="2ca15709-70a6-4272-af30-b24e50d2ff08" testListId="8c84fa94-04c1-424b-9868-57a2d4851a1d" />
    <TestEntry testId="102469f8-8ead-4a4f-9b62-2d65ba0cf699" executionId="24e7cc63-ff1d-437c-a211-5d49f409bae7" testListId="8c84fa94-04c1-424b-9868-57a2d4851a1d" />
    <TestEntry testId="b0adeea3-e6ea-77a1-702b-ceb7dbc56a30" executionId="e4ca2669-847b-4f00-82c9-36d06aca05dc" testListId="8c84fa94-04c1-424b-9868-57a2d4851a1d" />
    <TestEntry testId="81fb6da1-a62f-4376-e273-c0b478ee5216" executionId="27e56c8c-d42c-46f4-abe5-de5d1d133fc6" testListId="8c84fa94-04c1-424b-9868-57a2d4851a1d" />
    <TestEntry testId="9db74f11-80a9-1106-91b5-3d07244f2ff0" executionId="7bb2bf15-c5c1-4850-bdfa-1e73c10c099e" testListId="8c84fa94-04c1-424b-9868-57a2d4851a1d" />
    <TestEntry testId="b7d3fdd9-9933-0afc-ad06-ab19b9dba58b" executionId="8087ada5-e9bb-454e-9873-ed1858da6155" testListId="8c84fa94-04c1-424b-9868-57a2d4851a1d" />
    <TestEntry testId="b11044b1-ab22-9561-8432-81732f39022c" executionId="3e8f417b-2df6-445a-b7c8-2e6b44fc957b" testListId="8c84fa94-04c1-424b-9868-57a2d4851a1d" />
    <TestEntry testId="f12e3269-136d-7264-b530-78d736509d0b" executionId="1c824133-800b-44b1-b0eb-ac49778f03f6" testListId="8c84fa94-04c1-424b-9868-57a2d4851a1d" />
    <TestEntry testId="a8792a7d-cf20-8696-5d0c-811b474fd35c" executionId="60d45c6b-ca1a-4e8d-a9ab-dc35092cff58" testListId="8c84fa94-04c1-424b-9868-57a2d4851a1d" />
    <TestEntry testId="f3654c8c-5339-6803-66ba-56f8a9d21c03" executionId="2b96283d-728d-4e5d-a18c-82e60aa19301" testListId="8c84fa94-04c1-424b-9868-57a2d4851a1d" />
    <TestEntry testId="2c415af1-622a-718e-eeb5-76ffa4dfed4a" executionId="0ba59348-4e18-44d8-b571-29271b8e27bb" testListId="8c84fa94-04c1-424b-9868-57a2d4851a1d" />
    <TestEntry testId="63bbb2c1-a9d2-4557-219e-8dc9db4affb0" executionId="6a0a9f0b-9853-4d09-b2fc-55a89412a2a0" testListId="8c84fa94-04c1-424b-9868-57a2d4851a1d" />
    <TestEntry testId="f7d2bbe5-dc14-43b2-5995-efedeb203ee6" executionId="ce35639f-3dc5-473c-b017-2dd8b9e5f5a8" testListId="8c84fa94-04c1-424b-9868-57a2d4851a1d" />
    <TestEntry testId="c03b3547-4529-01f6-c5af-512a4cd6f035" executionId="41f9fb99-a142-47bb-85f0-f24f1ee4dffe" testListId="8c84fa94-04c1-424b-9868-57a2d4851a1d" />
    <TestEntry testId="2255dc34-65a1-c9c6-53f2-031f704e0275" executionId="a2cd016f-c469-4560-9ba5-242959cba5cc" testListId="8c84fa94-04c1-424b-9868-57a2d4851a1d" />
    <TestEntry testId="3e270b34-ab3b-baf3-71bd-b54710df46c3" executionId="9a11cf3a-826e-446e-8bcd-9a6a8c978329" testListId="8c84fa94-04c1-424b-9868-57a2d4851a1d" />
    <TestEntry testId="743dd9e4-88f1-d652-d0c2-a94527c9d170" executionId="7873be9a-2bc3-45e6-8f92-d3f8447ae05b" testListId="8c84fa94-04c1-424b-9868-57a2d4851a1d" />
    <TestEntry testId="f836c991-babd-1fce-c958-8a81a1edc88f" executionId="af3f1b3f-e09a-4d53-82ac-8f6e0f841b54" testListId="8c84fa94-04c1-424b-9868-57a2d4851a1d" />
    <TestEntry testId="f3f53b88-2d09-9c36-0865-f5f8ddb3ae70" executionId="cc37db74-54a0-443b-b5d1-4c99230e68c6" testListId="8c84fa94-04c1-424b-9868-57a2d4851a1d" />
    <TestEntry testId="57606c9b-9648-f4fb-478b-9562fe4c587f" executionId="09c49b00-5b96-4b05-9bc1-0532ea57defc" testListId="8c84fa94-04c1-424b-9868-57a2d4851a1d" />
    <TestEntry testId="42eae393-9188-2589-f123-48310ee8c9d8" executionId="d772eeec-a9bf-45f4-a96c-b1bab460981c" testListId="8c84fa94-04c1-424b-9868-57a2d4851a1d" />
    <TestEntry testId="40b44b5e-663e-f31f-d97b-19e88aa65def" executionId="b4de2cec-7e14-4f76-96d3-132d98dd9eae" testListId="8c84fa94-04c1-424b-9868-57a2d4851a1d" />
    <TestEntry testId="4b86fb0b-14cb-ce21-6171-4b15883d8083" executionId="cc1e9aff-72b8-413b-98af-110d5b8e697c" testListId="8c84fa94-04c1-424b-9868-57a2d4851a1d" />
    <TestEntry testId="91bcc2db-5954-1bfd-0da1-abc0b571db1f" executionId="d92d042e-5f97-498c-8960-40f2665c7e0f" testListId="8c84fa94-04c1-424b-9868-57a2d4851a1d" />
    <TestEntry testId="b43576af-e2c4-607d-3869-5c8d94a85fb9" executionId="e6620088-6d26-43bf-87a3-86a8841aae3a" testListId="8c84fa94-04c1-424b-9868-57a2d4851a1d" />
    <TestEntry testId="ccc604c0-26b8-f08e-a93b-6efe3648fa19" executionId="8af9ab16-3109-49b9-95b0-3b460362d0cd" testListId="8c84fa94-04c1-424b-9868-57a2d4851a1d" />
    <TestEntry testId="cf10fc70-748f-b15f-51ff-5d1677cd9824" executionId="53ccc786-e5a6-479b-8021-3ddfdf4e50f5" testListId="8c84fa94-04c1-424b-9868-57a2d4851a1d" />
    <TestEntry testId="2b6a3afa-cbef-654a-c834-b47ed6289e07" executionId="95bc6021-0a2f-47f4-a6d2-69c24d7fc783" testListId="8c84fa94-04c1-424b-9868-57a2d4851a1d" />
    <TestEntry testId="02ff58cb-7d34-7d43-ad4f-73848c5e878e" executionId="8f1400f8-5111-4110-ba8c-229779ebcd10" testListId="8c84fa94-04c1-424b-9868-57a2d4851a1d" />
    <TestEntry testId="8869525a-1b91-d5e0-a63d-7e402f674496" executionId="112f62b5-8c21-4669-87c8-07cdc4544dfc" testListId="8c84fa94-04c1-424b-9868-57a2d4851a1d" />
    <TestEntry testId="fb5e7ca5-f57b-f6ea-c1ea-9bf4e99ac353" executionId="07e0c40e-93d5-4409-abb3-62af8ddc8705" testListId="8c84fa94-04c1-424b-9868-57a2d4851a1d" />
    <TestEntry testId="14639ba3-f39f-e843-274b-df417aa7b416" executionId="bea5f1b9-df91-45cf-b16e-9973bf111b40" testListId="8c84fa94-04c1-424b-9868-57a2d4851a1d" />
    <TestEntry testId="5d33437b-40ea-ef8b-d6fe-ee177595a4d8" executionId="360527d2-fd95-49c0-987b-4d697f24be12" testListId="8c84fa94-04c1-424b-9868-57a2d4851a1d" />
    <TestEntry testId="6e2ed47a-0fd8-53c5-7cc6-a0c99c9016e2" executionId="96e8a156-3475-4d87-a5f3-e9cc7235fe08" testListId="8c84fa94-04c1-424b-9868-57a2d4851a1d" />
    <TestEntry testId="5825e941-d948-5093-3058-d5d17718f9f3" executionId="e6c5e5d8-0d2c-4ca1-9804-187860a4eae3" testListId="8c84fa94-04c1-424b-9868-57a2d4851a1d" />
    <TestEntry testId="40bf1086-9853-7f34-534f-e3acc5b85d5a" executionId="d69a4363-1d72-445a-84b7-e02c9765988a" testListId="8c84fa94-04c1-424b-9868-57a2d4851a1d" />
    <TestEntry testId="96470fa6-ef9b-e8e6-faa9-161764c86ef4" executionId="cbe8eb02-6d9a-432b-ac47-57c8c5771b5d" testListId="8c84fa94-04c1-424b-9868-57a2d4851a1d" />
    <TestEntry testId="078677da-5579-fbed-028f-5389b1982f9b" executionId="76e6d6de-fcf5-4e47-9918-f06961e220ab" testListId="8c84fa94-04c1-424b-9868-57a2d4851a1d" />
    <TestEntry testId="03a4040d-5a7b-bf3a-8e37-fb69bde23bda" executionId="37002db5-9143-491a-ae5c-af8701eec2bd" testListId="8c84fa94-04c1-424b-9868-57a2d4851a1d" />
    <TestEntry testId="fe842c77-d1a5-88bd-e078-bfe432e2955c" executionId="c0bd404b-c7b2-4bdd-92fd-deae4ad3c8d3" testListId="8c84fa94-04c1-424b-9868-57a2d4851a1d" />
    <TestEntry testId="30a22c86-a1e9-1bac-817c-0e04616eec08" executionId="dcb2dbf9-237a-499d-908f-16ab2eb799d1" testListId="8c84fa94-04c1-424b-9868-57a2d4851a1d" />
    <TestEntry testId="28f87800-2832-aec3-5634-2c57023cd9c0" executionId="cce5256c-b8f3-4a91-96f5-9453eaffdc1b" testListId="8c84fa94-04c1-424b-9868-57a2d4851a1d" />
    <TestEntry testId="03fc6912-a363-5dd6-6c18-6c1c49e22133" executionId="769f5aab-25ef-4a73-b2f8-5e8a056986fc" testListId="8c84fa94-04c1-424b-9868-57a2d4851a1d" />
    <TestEntry testId="324f1e54-b8c4-3693-a2ab-50974d87e6b5" executionId="bc901b25-ccc9-4c20-bdaa-7be10a51c3d2" testListId="8c84fa94-04c1-424b-9868-57a2d4851a1d" />
    <TestEntry testId="601bd625-222c-59b5-0a68-7d06570a0aef" executionId="392fd41f-ce80-407a-8531-baa392f84f0d" testListId="8c84fa94-04c1-424b-9868-57a2d4851a1d" />
    <TestEntry testId="6d734c98-1bfc-4b84-1e40-f4e2b1a0119e" executionId="d46041dc-df6b-414e-8508-5f488002a2b5" testListId="8c84fa94-04c1-424b-9868-57a2d4851a1d" />
    <TestEntry testId="6c7de35a-6d72-40a0-abda-3ab54559217b" executionId="573e7825-9ec0-483f-9c6e-5c1c99cff8f8" testListId="8c84fa94-04c1-424b-9868-57a2d4851a1d" />
    <TestEntry testId="99fe8b1e-bdb3-dd21-5e5f-490cf648bf11" executionId="c6a4150b-d490-4e17-b8ad-591bf533c42f" testListId="8c84fa94-04c1-424b-9868-57a2d4851a1d" />
    <TestEntry testId="db4f53a3-e544-ce81-8823-ea167d123bbf" executionId="4611ed7e-abd9-4202-8956-6fba3c857e33" testListId="8c84fa94-04c1-424b-9868-57a2d4851a1d" />
    <TestEntry testId="627a4e89-4a93-d3c9-e828-ba2bcb2e52fc" executionId="089d5921-f3da-4bf8-8ebc-90be2f279299" testListId="8c84fa94-04c1-424b-9868-57a2d4851a1d" />
    <TestEntry testId="f3374e09-34a1-23e8-bfe7-bfc22346dfb6" executionId="851d447e-5880-4082-b3f7-931ec314a461" testListId="8c84fa94-04c1-424b-9868-57a2d4851a1d" />
    <TestEntry testId="88754786-7fdb-43ca-c150-a272f16416f9" executionId="132865ca-8b98-4227-a012-44d6a41c865d" testListId="8c84fa94-04c1-424b-9868-57a2d4851a1d" />
    <TestEntry testId="da0504ef-a233-f6ed-41d4-aef271df977c" executionId="9fa283b4-8206-4273-a220-0cf2d6096da2" testListId="8c84fa94-04c1-424b-9868-57a2d4851a1d" />
    <TestEntry testId="ac8837f0-8a17-72fb-afea-2850e1177694" executionId="e219265f-9677-40e5-b336-b071fe79282e" testListId="8c84fa94-04c1-424b-9868-57a2d4851a1d" />
    <TestEntry testId="bee05e76-ed47-8b7b-a935-a4d1428673de" executionId="0f708df8-ee26-40a1-9f80-f45757c0f597" testListId="8c84fa94-04c1-424b-9868-57a2d4851a1d" />
    <TestEntry testId="acfd91d4-8500-8878-3afd-83a9b3427684" executionId="16511fec-4be4-4c2e-81e8-0487a88c50db" testListId="8c84fa94-04c1-424b-9868-57a2d4851a1d" />
    <TestEntry testId="3b4a2c72-30c9-5372-2b69-518b134649ec" executionId="50b24c99-1bc0-4483-b22a-5d7ccedadcdd" testListId="8c84fa94-04c1-424b-9868-57a2d4851a1d" />
    <TestEntry testId="8f57ab7c-9b49-bd3f-367d-f39a57cf684f" executionId="bc33d0c5-aa1f-4036-ab47-143925ac22ea" testListId="8c84fa94-04c1-424b-9868-57a2d4851a1d" />
    <TestEntry testId="b7f30daa-acee-55ba-1694-d62adf8640b3" executionId="260eb69c-d52f-4f34-9dc4-3a8f1688f489" testListId="8c84fa94-04c1-424b-9868-57a2d4851a1d" />
    <TestEntry testId="4decf5c7-1db8-1659-bfbd-16540ff0e686" executionId="5d1be42d-73d2-4780-b2bd-715b6cde9506" testListId="8c84fa94-04c1-424b-9868-57a2d4851a1d" />
    <TestEntry testId="b489fc02-82b4-5c46-5532-e9461d7793ba" executionId="f1879f6a-f4bb-4e9b-b8b8-4a0d0e791386" testListId="8c84fa94-04c1-424b-9868-57a2d4851a1d" />
    <TestEntry testId="e0485c16-acac-742d-dab6-b38047354a88" executionId="8d213711-1b7c-4762-962d-1af2af96bf1f" testListId="8c84fa94-04c1-424b-9868-57a2d4851a1d" />
    <TestEntry testId="02255fc0-286b-f723-4198-eb650638ce9c" executionId="dca5bc17-1a87-4491-a94b-190821d70686" testListId="8c84fa94-04c1-424b-9868-57a2d4851a1d" />
    <TestEntry testId="c2eb565d-43d4-e6a5-86b8-06ed94a7740f" executionId="aff1ed1d-bbe6-4d94-a733-500048b46e9a" testListId="8c84fa94-04c1-424b-9868-57a2d4851a1d" />
    <TestEntry testId="3a88d58a-8c9f-d9db-0f8c-c9e3ce802a01" executionId="fd977952-3406-4fe9-b148-78477365efad" testListId="8c84fa94-04c1-424b-9868-57a2d4851a1d" />
    <TestEntry testId="ac4535e9-9b09-6637-23f7-346682c98ac8" executionId="146f6838-8767-4d7f-a321-a4f77db11e6e" testListId="8c84fa94-04c1-424b-9868-57a2d4851a1d" />
    <TestEntry testId="37e60c15-d019-d006-d29c-deaa1e3259df" executionId="66a4aa6e-3c38-447a-a625-0a9a0639f2c3" testListId="8c84fa94-04c1-424b-9868-57a2d4851a1d" />
    <TestEntry testId="5e770496-cd3c-1270-e400-cf7d9941f630" executionId="38c99663-f413-4f61-a334-b47bc677988c" testListId="8c84fa94-04c1-424b-9868-57a2d4851a1d" />
    <TestEntry testId="5040f42f-1425-74e5-367f-8cc4c0c0bd0b" executionId="bcde78b8-586e-4ac7-8e3c-54d168092d9b" testListId="8c84fa94-04c1-424b-9868-57a2d4851a1d" />
    <TestEntry testId="83b9fea2-db40-3ecf-f827-838a15bea1ff" executionId="8d91dcda-6bb6-4918-988d-a895586a4204" testListId="8c84fa94-04c1-424b-9868-57a2d4851a1d" />
    <TestEntry testId="5e0c0f1f-3ea8-8f89-3d7d-d29f54f63e2d" executionId="d82dfdd3-71f3-45e3-8b95-f7fac4b32c7c" testListId="8c84fa94-04c1-424b-9868-57a2d4851a1d" />
    <TestEntry testId="08d57b51-02db-f499-65d8-e77e562d8a6f" executionId="64bfa48b-8cd2-418d-a668-cd314e02cd5b" testListId="8c84fa94-04c1-424b-9868-57a2d4851a1d" />
    <TestEntry testId="211d85a4-9ea0-df22-efa5-c9af4c86c9fb" executionId="c51f0791-2abb-439e-8cba-c14e9efe346b" testListId="8c84fa94-04c1-424b-9868-57a2d4851a1d" />
    <TestEntry testId="abd9b9de-c4d0-21b3-abfb-b3a5506e5a3e" executionId="1c9bc217-7ac1-4f81-ba5f-853729ae7802" testListId="8c84fa94-04c1-424b-9868-57a2d4851a1d" />
    <TestEntry testId="7dfe993e-2d2b-35aa-0a5c-f53b313821c4" executionId="878af1f4-2895-4553-baf3-e15c52ac879b" testListId="8c84fa94-04c1-424b-9868-57a2d4851a1d" />
    <TestEntry testId="7dfc6b86-91b9-4682-4d39-766de609d6e3" executionId="0306b608-aaba-4d32-9e6e-943371f5beb9" testListId="8c84fa94-04c1-424b-9868-57a2d4851a1d" />
    <TestEntry testId="f201d709-c36b-e2ef-ef6b-192539319612" executionId="1c7d877d-ee07-490d-8f2e-5aead3bd857c" testListId="8c84fa94-04c1-424b-9868-57a2d4851a1d" />
    <TestEntry testId="435e4a4b-a791-94ef-2db2-219be94b57fc" executionId="e58167b6-b821-4589-a173-2c47da46ae03" testListId="8c84fa94-04c1-424b-9868-57a2d4851a1d" />
    <TestEntry testId="9d0fec94-c387-eeea-8e8c-7406241ef638" executionId="bcf74104-11fe-40b2-ad57-4d2d736be99b" testListId="8c84fa94-04c1-424b-9868-57a2d4851a1d" />
    <TestEntry testId="4bccf3d1-7777-e1d4-4803-07f15c5e0e33" executionId="a35c6c82-ed9b-4591-9491-69d0ae3bd209" testListId="8c84fa94-04c1-424b-9868-57a2d4851a1d" />
    <TestEntry testId="a9392c1d-744d-ebd8-766b-8a63267e2212" executionId="6d7430fc-8c23-43ab-9a54-eff86e334df0" testListId="8c84fa94-04c1-424b-9868-57a2d4851a1d" />
    <TestEntry testId="f186dda7-ea49-e309-a06f-b99cd69454ce" executionId="e3846989-f163-41f2-badf-42e77f69d4a7" testListId="8c84fa94-04c1-424b-9868-57a2d4851a1d" />
    <TestEntry testId="70ac0c1f-7a15-7c8a-155e-69e1baca1065" executionId="2ca2fa86-1888-4501-8ac9-fcf0338e89c3" testListId="8c84fa94-04c1-424b-9868-57a2d4851a1d" />
    <TestEntry testId="5590e1ae-23e9-18d2-ab8a-8116a66fe0fa" executionId="7982d17d-54f1-464e-9603-a7918f6e3115" testListId="8c84fa94-04c1-424b-9868-57a2d4851a1d" />
    <TestEntry testId="30fa5929-6677-6682-96e1-6944631b10a8" executionId="a3cef190-6172-4f81-b91a-7ba2cb8660b5" testListId="8c84fa94-04c1-424b-9868-57a2d4851a1d" />
    <TestEntry testId="80ec7443-b039-1cad-876e-ca8f943f540b" executionId="e1def25d-7038-4d83-a69b-11282fc6d1c7" testListId="8c84fa94-04c1-424b-9868-57a2d4851a1d" />
    <TestEntry testId="28d36430-106c-a8b0-a642-74f0343dbbb6" executionId="77d6e507-77ae-4dd8-8e63-36ac9f604756" testListId="8c84fa94-04c1-424b-9868-57a2d4851a1d" />
    <TestEntry testId="f37a110a-b635-7dd7-7265-804d5c956dac" executionId="547370e2-2292-48d4-abbd-4cf69d016af0" testListId="8c84fa94-04c1-424b-9868-57a2d4851a1d" />
    <TestEntry testId="232c8706-867a-f500-ef83-bac2012ac529" executionId="3f7d3aae-4de9-4106-8f4a-c67e4d8cda94" testListId="8c84fa94-04c1-424b-9868-57a2d4851a1d" />
    <TestEntry testId="9e52950b-2f8c-52b9-fe55-472fbede063a" executionId="d9adde76-d545-4363-9a3b-dbf54bd030dd" testListId="8c84fa94-04c1-424b-9868-57a2d4851a1d" />
    <TestEntry testId="8b479e84-63f4-b85a-d92e-2873007d5ba9" executionId="bf9c1e35-3b97-4b63-9b97-2b3d320eb5ba" testListId="8c84fa94-04c1-424b-9868-57a2d4851a1d" />
    <TestEntry testId="e7328ad4-9858-8834-700a-a85f5cd66f54" executionId="7096aca5-052a-4246-bf94-ce0dbc12710e" testListId="8c84fa94-04c1-424b-9868-57a2d4851a1d" />
    <TestEntry testId="0089ce2a-5328-e5c2-6cf0-cebec212f140" executionId="3c4f4f17-0872-4ab3-8f4f-8b6a0ff5e660" testListId="8c84fa94-04c1-424b-9868-57a2d4851a1d" />
    <TestEntry testId="1afab2ab-f65a-aa7d-2544-3ddd391aaa9d" executionId="353eb6d2-e72a-4f80-86d5-2956c60ccf1a" testListId="8c84fa94-04c1-424b-9868-57a2d4851a1d" />
    <TestEntry testId="ab1fb9d3-1248-be75-f152-51e7d5b2c0d6" executionId="b266328e-384d-4caf-9922-4b9eaaf28825" testListId="8c84fa94-04c1-424b-9868-57a2d4851a1d" />
  </TestEntries>
  <TestLists>
    <TestList name="列表中未列出的结果" id="8c84fa94-04c1-424b-9868-57a2d4851a1d" />
    <TestList name="所有已加载的结果" id="19431567-8539-422a-85d7-44ee4e166bda" />
  </TestLists>
  <ResultSummary outcome="Completed">
    <Counters total="423" executed="420" passed="420" failed="0" error="0" timeout="0" aborted="0" inconclusive="0" passedButRunAborted="0" notRunnable="0" notExecuted="0" disconnected="0" warning="0" completed="0" inProgress="0" pending="0" />
    <Output>
      <StdOut>[xUnit.net 00:00:00.00] xUnit.net VSTest Adapter v2.5.7+8f2703126a (64-bit .NET 8.0.17)&#xD;
[xUnit.net 00:00:00.04]   Discovering: Acme.Product.Tests&#xD;
[xUnit.net 00:00:00.10]   Discovered:  Acme.Product.Tests&#xD;
[xUnit.net 00:00:00.10]   Starting:    Acme.Product.Tests&#xD;
[xUnit.net 00:00:00.39]       需要运行中的应用程序&#xD;
[xUnit.net 00:00:00.40]       需要运行中的应用程序&#xD;
在测试运行中跳过测试“Acme.Product.Tests.UI.FlowEditorTests.FlowEditor_DragOperator_ShouldCreateNode”。&#xD;
在测试运行中跳过测试“Acme.Product.Tests.UI.FlowEditorTests.FlowEditor_PageLoad_ShouldDisplayCanvas”。&#xD;
[xUnit.net 00:00:00.43]       CancelExecutionAsync尚未完全实现&#xD;
在测试运行中跳过测试“Acme.Product.Tests.Integration.FlowExecutionServiceIntegrationTests.CancelExecutionAsync_DuringExecution_ShouldStop”。&#xD;
[xUnit.net 00:00:01.25]   Finished:    Acme.Product.Tests&#xD;
</StdOut>
    </Output>
    <RunInfos>
      <RunInfo computerName="ROG16" outcome="Warning" timestamp="2026-02-20T13:56:24.7107673+08:00">
        <Text>[xUnit.net 00:00:00.39]     Acme.Product.Tests.UI.FlowEditorTests.FlowEditor_DragOperator_ShouldCreateNode [SKIP]</Text>
      </RunInfo>
      <RunInfo computerName="ROG16" outcome="Warning" timestamp="2026-02-20T13:56:24.7174945+08:00">
        <Text>[xUnit.net 00:00:00.40]     Acme.Product.Tests.UI.FlowEditorTests.FlowEditor_PageLoad_ShouldDisplayCanvas [SKIP]</Text>
      </RunInfo>
      <RunInfo computerName="ROG16" outcome="Warning" timestamp="2026-02-20T13:56:24.7768021+08:00">
        <Text>[xUnit.net 00:00:00.43]     Acme.Product.Tests.Integration.FlowExecutionServiceIntegrationTests.CancelExecutionAsync_DuringExecution_ShouldStop [SKIP]</Text>
      </RunInfo>
    </RunInfos>
  </ResultSummary>
</TestRun>