<?xml version="1.0" encoding="utf-8"?>
<TestRun id="6cf51001-87de-4764-a8bc-4ed0b54cd596" name="11234@ROG16 2026-04-13 14:46:05" runUser="ROG16\CodexSandboxOnline" xmlns="http://microsoft.com/schemas/VisualStudio/TeamTest/2010">
  <Times creation="2026-04-13T14:46:05.8914260+08:00" queuing="2026-04-13T14:46:05.8914268+08:00" start="2026-04-13T14:46:05.3442240+08:00" finish="2026-04-13T14:46:05.9194329+08:00" />
  <TestSettings name="default" id="bd2a0026-4b53-44c4-a766-e87fe6b639fa">
    <Deployment runDeploymentRoot="11234_ROG16_2026-04-13_14_46_05" />
  </TestSettings>
  <Results>
    <UnitTestResult executionId="4d03ef5b-a651-49fa-89ed-3ffc0eb8fcb7" testId="f07e1f6a-0a1e-e342-0ead-65d66103a1f4" testName="Acme.Product.Tests.Operators.EdgeDetectionOperatorTests.ExecuteAsync_WithAutoThreshold_ShouldExposeThresholdsUsed" computerName="ROG16" duration="00:00:00.0086800" startTime="2026-04-13T14:46:05.8606938+08:00" endTime="2026-04-13T14:46:05.8606938+08:00" testType="13cdc9d9-ddb5-4fa4-a97d-d965ccfc6d4b" outcome="Passed" testListId="8c84fa94-04c1-424b-9868-57a2d4851a1d" relativeResultsDirectory="4d03ef5b-a651-49fa-89ed-3ffc0eb8fcb7" />
    <UnitTestResult executionId="73c77c73-f5fa-4aa0-957d-272ab198776a" testId="4930eb4d-2f8f-1755-1193-a5d1286e0780" testName="Acme.Product.Tests.Operators.EdgeDetectionOperatorTests.ExecuteAsync_WithoutImage_ShouldReturnFailure" computerName="ROG16" duration="00:00:00.0006375" startTime="2026-04-13T14:46:05.8606481+08:00" endTime="2026-04-13T14:46:05.8606481+08:00" testType="13cdc9d9-ddb5-4fa4-a97d-d965ccfc6d4b" outcome="Passed" testListId="8c84fa94-04c1-424b-9868-57a2d4851a1d" relativeResultsDirectory="73c77c73-f5fa-4aa0-957d-272ab198776a" />
    <UnitTestResult executionId="d2fb734e-35e9-4ba5-b555-2b9ef0d19ff0" testId="f12e4a42-a7a7-1db8-a0a2-9503f027924b" testName="Acme.Product.Tests.Operators.ShadingCorrectionOperatorTests.OperatorType_ShouldBeShadingCorrection" computerName="ROG16" duration="00:00:00.0001332" startTime="2026-04-13T14:46:05.8598961+08:00" endTime="2026-04-13T14:46:05.8598961+08:00" testType="13cdc9d9-ddb5-4fa4-a97d-d965ccfc6d4b" outcome="Passed" testListId="8c84fa94-04c1-424b-9868-57a2d4851a1d" relativeResultsDirectory="d2fb734e-35e9-4ba5-b555-2b9ef0d19ff0" />
    <UnitTestResult executionId="53de3a1b-baaa-46d4-b4eb-240c0c49c192" testId="100153ee-90e6-0cc4-346d-9752b9b2d94a" testName="Acme.Product.Tests.Operators.EdgeDetectionOperatorTests.OperatorType_ShouldMapToEdgeDetection" computerName="ROG16" duration="00:00:00.0001462" startTime="2026-04-13T14:46:05.8607098+08:00" endTime="2026-04-13T14:46:05.8607098+08:00" testType="13cdc9d9-ddb5-4fa4-a97d-d965ccfc6d4b" outcome="Passed" testListId="8c84fa94-04c1-424b-9868-57a2d4851a1d" relativeResultsDirectory="53de3a1b-baaa-46d4-b4eb-240c0c49c192" />
    <UnitTestResult executionId="9d42415b-ce61-4a7b-b38b-087ce32fe0ab" testId="6d320f0e-3d58-50b3-4bb1-810160656bb0" testName="Acme.Product.Tests.Operators.EdgeIntersectionOperatorTests.ExecuteAsync_WithCrossLines_ShouldReturnIntersection" computerName="ROG16" duration="00:00:00.0012330" startTime="2026-04-13T14:46:05.8353066+08:00" endTime="2026-04-13T14:46:05.8353068+08:00" testType="13cdc9d9-ddb5-4fa4-a97d-d965ccfc6d4b" outcome="Passed" testListId="8c84fa94-04c1-424b-9868-57a2d4851a1d" relativeResultsDirectory="9d42415b-ce61-4a7b-b38b-087ce32fe0ab" />
    <UnitTestResult executionId="1f633be5-1c64-4bf4-8008-4f4a35d41f63" testId="985cf6bc-6b92-24ba-73ea-037573730538" testName="Acme.Product.Tests.Operators.EdgeDetectionOperatorTests.ExecuteAsync_WithShapeImage_ShouldReturnEdgeOutputs" computerName="ROG16" duration="00:00:00.0566464" startTime="2026-04-13T14:46:05.8599218+08:00" endTime="2026-04-13T14:46:05.8599219+08:00" testType="13cdc9d9-ddb5-4fa4-a97d-d965ccfc6d4b" outcome="Passed" testListId="8c84fa94-04c1-424b-9868-57a2d4851a1d" relativeResultsDirectory="1f633be5-1c64-4bf4-8008-4f4a35d41f63" />
    <UnitTestResult executionId="3e00bd2b-164c-4723-ae98-d0e2a72dbb52" testId="668ae01a-192b-8500-b4d4-57e6c6845118" testName="Acme.Product.Tests.Operators.ShadingCorrectionOperatorTests.ExecuteAsync_DivideByBackgroundWithoutBackground_ShouldReturnFailure" computerName="ROG16" duration="00:00:00.0512729" startTime="2026-04-13T14:46:05.8598609+08:00" endTime="2026-04-13T14:46:05.8598609+08:00" testType="13cdc9d9-ddb5-4fa4-a97d-d965ccfc6d4b" outcome="Passed" testListId="8c84fa94-04c1-424b-9868-57a2d4851a1d" relativeResultsDirectory="3e00bd2b-164c-4723-ae98-d0e2a72dbb52" />
    <UnitTestResult executionId="78b4fa34-2d21-43eb-84d0-28f4ccb9af9e" testId="fcf5c121-e4c4-c8d3-ed17-2f9ccb9f02c3" testName="Acme.Product.Tests.Operators.SubpixelEdgeDetectionOperatorTests.ExecuteAsync_WithGradientInterp_ShouldReturnEdges" computerName="ROG16" duration="00:00:00.0133254" startTime="2026-04-13T14:46:05.8606842+08:00" endTime="2026-04-13T14:46:05.8606843+08:00" testType="13cdc9d9-ddb5-4fa4-a97d-d965ccfc6d4b" outcome="Passed" testListId="8c84fa94-04c1-424b-9868-57a2d4851a1d" relativeResultsDirectory="78b4fa34-2d21-43eb-84d0-28f4ccb9af9e" />
    <UnitTestResult executionId="ecb202eb-a447-44d4-8b0a-7b7cbb22e811" testId="435e4a4b-a791-94ef-2db2-219be94b57fc" testName="Acme.Product.Tests.Operators.SubpixelEdgeDetectionOperatorTests.OperatorType_ShouldBeSubpixelEdgeDetection" computerName="ROG16" duration="00:00:00.0004393" startTime="2026-04-13T14:46:05.8597265+08:00" endTime="2026-04-13T14:46:05.8597265+08:00" testType="13cdc9d9-ddb5-4fa4-a97d-d965ccfc6d4b" outcome="Passed" testListId="8c84fa94-04c1-424b-9868-57a2d4851a1d" relativeResultsDirectory="ecb202eb-a447-44d4-8b0a-7b7cbb22e811" />
    <UnitTestResult executionId="bfcece5e-aa3f-43f3-9298-6ab1a57b2ff4" testId="dd9778db-29b4-07a0-df4a-a0e0abe6f3c1" testName="Acme.Product.Tests.Operators.ParallelLineFindOperatorTests.ValidateParameters_WithInvalidDistanceRange_ShouldReturnInvalid" computerName="ROG16" duration="00:00:00.0099554" startTime="2026-04-13T14:46:05.8598412+08:00" endTime="2026-04-13T14:46:05.8598412+08:00" testType="13cdc9d9-ddb5-4fa4-a97d-d965ccfc6d4b" outcome="Passed" testListId="8c84fa94-04c1-424b-9868-57a2d4851a1d" relativeResultsDirectory="bfcece5e-aa3f-43f3-9298-6ab1a57b2ff4" />
    <UnitTestResult executionId="5b363a99-d1ea-4c20-92cb-d19f64ddc298" testId="d512d634-fde2-ddcd-e81d-7c15f2ecc9dc" testName="Acme.Product.Tests.Operators.ShadingCorrectionOperatorTests.ExecuteAsync_WithGaussianModel_ShouldReturnCorrectedImage" computerName="ROG16" duration="00:00:00.0079002" startTime="2026-04-13T14:46:05.8606713+08:00" endTime="2026-04-13T14:46:05.8606713+08:00" testType="13cdc9d9-ddb5-4fa4-a97d-d965ccfc6d4b" outcome="Passed" testListId="8c84fa94-04c1-424b-9868-57a2d4851a1d" relativeResultsDirectory="5b363a99-d1ea-4c20-92cb-d19f64ddc298" />
    <UnitTestResult executionId="098d8889-a30e-4f3d-9824-6f8340890436" testId="5f4371ea-0eea-97ab-4773-8d8f931b722b" testName="Acme.Product.Tests.Operators.ShadingCorrectionOperatorTests.ValidateParameters_WithInvalidMethod_ShouldReturnInvalid" computerName="ROG16" duration="00:00:00.0006114" startTime="2026-04-13T14:46:05.8598755+08:00" endTime="2026-04-13T14:46:05.8598755+08:00" testType="13cdc9d9-ddb5-4fa4-a97d-d965ccfc6d4b" outcome="Passed" testListId="8c84fa94-04c1-424b-9868-57a2d4851a1d" relativeResultsDirectory="098d8889-a30e-4f3d-9824-6f8340890436" />
    <UnitTestResult executionId="1bf61496-0b27-4344-8cf1-17ee478756fb" testId="be65a8a0-65b9-eb78-aef3-2d8cf264a01a" testName="Acme.Product.Tests.Operators.SubpixelEdgeDetectionOperatorTests.ExecuteAsync_WithEmptyInputs_ShouldReturnFailure" computerName="ROG16" duration="00:00:00.0005282" startTime="2026-04-13T14:46:05.8377410+08:00" endTime="2026-04-13T14:46:05.8377411+08:00" testType="13cdc9d9-ddb5-4fa4-a97d-d965ccfc6d4b" outcome="Passed" testListId="8c84fa94-04c1-424b-9868-57a2d4851a1d" relativeResultsDirectory="1bf61496-0b27-4344-8cf1-17ee478756fb" />
    <UnitTestResult executionId="ff60c6c2-24aa-40b9-8ee6-0650df2f75a0" testId="9db74f11-80a9-1106-91b5-3d07244f2ff0" testName="Acme.Product.Tests.Operators.SubpixelEdgeDetectionOperatorTests.ExecuteAsync_WithNullInputs_ShouldReturnFailure" computerName="ROG16" duration="00:00:00.0463340" startTime="2026-04-13T14:46:05.8370093+08:00" endTime="2026-04-13T14:46:05.8370096+08:00" testType="13cdc9d9-ddb5-4fa4-a97d-d965ccfc6d4b" outcome="Passed" testListId="8c84fa94-04c1-424b-9868-57a2d4851a1d" relativeResultsDirectory="ff60c6c2-24aa-40b9-8ee6-0650df2f75a0" />
    <UnitTestResult executionId="ba9413b3-095f-4d51-8ee3-fd63bd83afc5" testId="0f2026ab-0979-80e6-2266-f9406bc538f0" testName="Acme.Product.Tests.Operators.ParallelLineFindOperatorTests.OperatorType_ShouldBeParallelLineFind" computerName="ROG16" duration="00:00:00.0354489" startTime="2026-04-13T14:46:05.8297930+08:00" endTime="2026-04-13T14:46:05.8298021+08:00" testType="13cdc9d9-ddb5-4fa4-a97d-d965ccfc6d4b" outcome="Passed" testListId="8c84fa94-04c1-424b-9868-57a2d4851a1d" relativeResultsDirectory="ba9413b3-095f-4d51-8ee3-fd63bd83afc5" />
    <UnitTestResult executionId="098f6926-274a-42a6-beb2-d4e1caa5305c" testId="782031b5-f46a-fa1a-1672-1513ab060b20" testName="Acme.Product.Tests.Operators.ParallelLineFindOperatorTests.ExecuteAsync_WithTwoParallelEdges_ShouldReturnPair" computerName="ROG16" duration="00:00:00.0059614" startTime="2026-04-13T14:46:05.8599107+08:00" endTime="2026-04-13T14:46:05.8599107+08:00" testType="13cdc9d9-ddb5-4fa4-a97d-d965ccfc6d4b" outcome="Passed" testListId="8c84fa94-04c1-424b-9868-57a2d4851a1d" relativeResultsDirectory="098f6926-274a-42a6-beb2-d4e1caa5305c" />
    <UnitTestResult executionId="7da29d5c-e11f-40f4-b4e3-2eb3026b18de" testId="9480b023-1d6f-d226-9bd8-47477074e97d" testName="Acme.Product.Tests.Operators.EdgeIntersectionOperatorTests.ExecuteAsync_WithParallelLines_ShouldReturnNoIntersection" computerName="ROG16" duration="00:00:00.0413626" startTime="2026-04-13T14:46:05.8337735+08:00" endTime="2026-04-13T14:46:05.8337736+08:00" testType="13cdc9d9-ddb5-4fa4-a97d-d965ccfc6d4b" outcome="Passed" testListId="8c84fa94-04c1-424b-9868-57a2d4851a1d" relativeResultsDirectory="7da29d5c-e11f-40f4-b4e3-2eb3026b18de" />
    <UnitTestResult executionId="651a80f9-790f-4eef-ac19-c44b620e2c4b" testId="d5bc295a-3f7a-e2a5-e1b3-916ecc46ad37" testName="Acme.Product.Tests.Operators.EdgeIntersectionOperatorTests.OperatorType_ShouldBeEdgeIntersection" computerName="ROG16" duration="00:00:00.0001023" startTime="2026-04-13T14:46:05.8353564+08:00" endTime="2026-04-13T14:46:05.8353565+08:00" testType="13cdc9d9-ddb5-4fa4-a97d-d965ccfc6d4b" outcome="Passed" testListId="8c84fa94-04c1-424b-9868-57a2d4851a1d" relativeResultsDirectory="651a80f9-790f-4eef-ac19-c44b620e2c4b" />
  </Results>
  <TestDefinitions>
    <UnitTest name="Acme.Product.Tests.Operators.EdgeDetectionOperatorTests.ExecuteAsync_WithoutImage_ShouldReturnFailure" storage="c:\users\11234\desktop\clearvision\acme.product\tests\acme.product.tests\bin\debug\net8.0\acme.product.tests.dll" id="4930eb4d-2f8f-1755-1193-a5d1286e0780">
      <Execution id="73c77c73-f5fa-4aa0-957d-272ab198776a" />
      <TestMethod codeBase="C:\Users\11234\Desktop\ClearVision\Acme.Product\tests\Acme.Product.Tests\bin\Debug\net8.0\Acme.Product.Tests.dll" adapterTypeName="executor://xunit/VsTestRunner2/netcoreapp" className="Acme.Product.Tests.Operators.EdgeDetectionOperatorTests" name="ExecuteAsync_WithoutImage_ShouldReturnFailure" />
    </UnitTest>
    <UnitTest name="Acme.Product.Tests.Operators.ParallelLineFindOperatorTests.ExecuteAsync_WithTwoParallelEdges_ShouldReturnPair" storage="c:\users\11234\desktop\clearvision\acme.product\tests\acme.product.tests\bin\debug\net8.0\acme.product.tests.dll" id="782031b5-f46a-fa1a-1672-1513ab060b20">
      <Execution id="098f6926-274a-42a6-beb2-d4e1caa5305c" />
      <TestMethod codeBase="C:\Users\11234\Desktop\ClearVision\Acme.Product\tests\Acme.Product.Tests\bin\Debug\net8.0\Acme.Product.Tests.dll" adapterTypeName="executor://xunit/VsTestRunner2/netcoreapp" className="Acme.Product.Tests.Operators.ParallelLineFindOperatorTests" name="ExecuteAsync_WithTwoParallelEdges_ShouldReturnPair" />
    </UnitTest>
    <UnitTest name="Acme.Product.Tests.Operators.ShadingCorrectionOperatorTests.ExecuteAsync_WithGaussianModel_ShouldReturnCorrectedImage" storage="c:\users\11234\desktop\clearvision\acme.product\tests\acme.product.tests\bin\debug\net8.0\acme.product.tests.dll" id="d512d634-fde2-ddcd-e81d-7c15f2ecc9dc">
      <Execution id="5b363a99-d1ea-4c20-92cb-d19f64ddc298" />
      <TestMethod codeBase="C:\Users\11234\Desktop\ClearVision\Acme.Product\tests\Acme.Product.Tests\bin\Debug\net8.0\Acme.Product.Tests.dll" adapterTypeName="executor://xunit/VsTestRunner2/netcoreapp" className="Acme.Product.Tests.Operators.ShadingCorrectionOperatorTests" name="ExecuteAsync_WithGaussianModel_ShouldReturnCorrectedImage" />
    </UnitTest>
    <UnitTest name="Acme.Product.Tests.Operators.EdgeDetectionOperatorTests.OperatorType_ShouldMapToEdgeDetection" storage="c:\users\11234\desktop\clearvision\acme.product\tests\acme.product.tests\bin\debug\net8.0\acme.product.tests.dll" id="100153ee-90e6-0cc4-346d-9752b9b2d94a">
      <Execution id="53de3a1b-baaa-46d4-b4eb-240c0c49c192" />
      <TestMethod codeBase="C:\Users\11234\Desktop\ClearVision\Acme.Product\tests\Acme.Product.Tests\bin\Debug\net8.0\Acme.Product.Tests.dll" adapterTypeName="executor://xunit/VsTestRunner2/netcoreapp" className="Acme.Product.Tests.Operators.EdgeDetectionOperatorTests" name="OperatorType_ShouldMapToEdgeDetection" />
    </UnitTest>
    <UnitTest name="Acme.Product.Tests.Operators.SubpixelEdgeDetectionOperatorTests.ExecuteAsync_WithEmptyInputs_ShouldReturnFailure" storage="c:\users\11234\desktop\clearvision\acme.product\tests\acme.product.tests\bin\debug\net8.0\acme.product.tests.dll" id="be65a8a0-65b9-eb78-aef3-2d8cf264a01a">
      <Execution id="1bf61496-0b27-4344-8cf1-17ee478756fb" />
      <TestMethod codeBase="C:\Users\11234\Desktop\ClearVision\Acme.Product\tests\Acme.Product.Tests\bin\Debug\net8.0\Acme.Product.Tests.dll" adapterTypeName="executor://xunit/VsTestRunner2/netcoreapp" className="Acme.Product.Tests.Operators.SubpixelEdgeDetectionOperatorTests" name="ExecuteAsync_WithEmptyInputs_ShouldReturnFailure" />
    </UnitTest>
    <UnitTest name="Acme.Product.Tests.Operators.EdgeIntersectionOperatorTests.ExecuteAsync_WithParallelLines_ShouldReturnNoIntersection" storage="c:\users\11234\desktop\clearvision\acme.product\tests\acme.product.tests\bin\debug\net8.0\acme.product.tests.dll" id="9480b023-1d6f-d226-9bd8-47477074e97d">
      <Execution id="7da29d5c-e11f-40f4-b4e3-2eb3026b18de" />
      <TestMethod codeBase="C:\Users\11234\Desktop\ClearVision\Acme.Product\tests\Acme.Product.Tests\bin\Debug\net8.0\Acme.Product.Tests.dll" adapterTypeName="executor://xunit/VsTestRunner2/netcoreapp" className="Acme.Product.Tests.Operators.EdgeIntersectionOperatorTests" name="ExecuteAsync_WithParallelLines_ShouldReturnNoIntersection" />
    </UnitTest>
    <UnitTest name="Acme.Product.Tests.Operators.ParallelLineFindOperatorTests.ValidateParameters_WithInvalidDistanceRange_ShouldReturnInvalid" storage="c:\users\11234\desktop\clearvision\acme.product\tests\acme.product.tests\bin\debug\net8.0\acme.product.tests.dll" id="dd9778db-29b4-07a0-df4a-a0e0abe6f3c1">
      <Execution id="bfcece5e-aa3f-43f3-9298-6ab1a57b2ff4" />
      <TestMethod codeBase="C:\Users\11234\Desktop\ClearVision\Acme.Product\tests\Acme.Product.Tests\bin\Debug\net8.0\Acme.Product.Tests.dll" adapterTypeName="executor://xunit/VsTestRunner2/netcoreapp" className="Acme.Product.Tests.Operators.ParallelLineFindOperatorTests" name="ValidateParameters_WithInvalidDistanceRange_ShouldReturnInvalid" />
    </UnitTest>
    <UnitTest name="Acme.Product.Tests.Operators.SubpixelEdgeDetectionOperatorTests.OperatorType_ShouldBeSubpixelEdgeDetection" storage="c:\users\11234\desktop\clearvision\acme.product\tests\acme.product.tests\bin\debug\net8.0\acme.product.tests.dll" id="435e4a4b-a791-94ef-2db2-219be94b57fc">
      <Execution id="ecb202eb-a447-44d4-8b0a-7b7cbb22e811" />
      <TestMethod codeBase="C:\Users\11234\Desktop\ClearVision\Acme.Product\tests\Acme.Product.Tests\bin\Debug\net8.0\Acme.Product.Tests.dll" adapterTypeName="executor://xunit/VsTestRunner2/netcoreapp" className="Acme.Product.Tests.Operators.SubpixelEdgeDetectionOperatorTests" name="OperatorType_ShouldBeSubpixelEdgeDetection" />
    </UnitTest>
    <UnitTest name="Acme.Product.Tests.Operators.EdgeIntersectionOperatorTests.OperatorType_ShouldBeEdgeIntersection" storage="c:\users\11234\desktop\clearvision\acme.product\tests\acme.product.tests\bin\debug\net8.0\acme.product.tests.dll" id="d5bc295a-3f7a-e2a5-e1b3-916ecc46ad37">
      <Execution id="651a80f9-790f-4eef-ac19-c44b620e2c4b" />
      <TestMethod codeBase="C:\Users\11234\Desktop\ClearVision\Acme.Product\tests\Acme.Product.Tests\bin\Debug\net8.0\Acme.Product.Tests.dll" adapterTypeName="executor://xunit/VsTestRunner2/netcoreapp" className="Acme.Product.Tests.Operators.EdgeIntersectionOperatorTests" name="OperatorType_ShouldBeEdgeIntersection" />
    </UnitTest>
    <UnitTest name="Acme.Product.Tests.Operators.EdgeDetectionOperatorTests.ExecuteAsync_WithShapeImage_ShouldReturnEdgeOutputs" storage="c:\users\11234\desktop\clearvision\acme.product\tests\acme.product.tests\bin\debug\net8.0\acme.product.tests.dll" id="985cf6bc-6b92-24ba-73ea-037573730538">
      <Execution id="1f633be5-1c64-4bf4-8008-4f4a35d41f63" />
      <TestMethod codeBase="C:\Users\11234\Desktop\ClearVision\Acme.Product\tests\Acme.Product.Tests\bin\Debug\net8.0\Acme.Product.Tests.dll" adapterTypeName="executor://xunit/VsTestRunner2/netcoreapp" className="Acme.Product.Tests.Operators.EdgeDetectionOperatorTests" name="ExecuteAsync_WithShapeImage_ShouldReturnEdgeOutputs" />
    </UnitTest>
    <UnitTest name="Acme.Product.Tests.Operators.ShadingCorrectionOperatorTests.ExecuteAsync_DivideByBackgroundWithoutBackground_ShouldReturnFailure" storage="c:\users\11234\desktop\clearvision\acme.product\tests\acme.product.tests\bin\debug\net8.0\acme.product.tests.dll" id="668ae01a-192b-8500-b4d4-57e6c6845118">
      <Execution id="3e00bd2b-164c-4723-ae98-d0e2a72dbb52" />
      <TestMethod codeBase="C:\Users\11234\Desktop\ClearVision\Acme.Product\tests\Acme.Product.Tests\bin\Debug\net8.0\Acme.Product.Tests.dll" adapterTypeName="executor://xunit/VsTestRunner2/netcoreapp" className="Acme.Product.Tests.Operators.ShadingCorrectionOperatorTests" name="ExecuteAsync_DivideByBackgroundWithoutBackground_ShouldReturnFailure" />
    </UnitTest>
    <UnitTest name="Acme.Product.Tests.Operators.EdgeDetectionOperatorTests.ExecuteAsync_WithAutoThreshold_ShouldExposeThresholdsUsed" storage="c:\users\11234\desktop\clearvision\acme.product\tests\acme.product.tests\bin\debug\net8.0\acme.product.tests.dll" id="f07e1f6a-0a1e-e342-0ead-65d66103a1f4">
      <Execution id="4d03ef5b-a651-49fa-89ed-3ffc0eb8fcb7" />
      <TestMethod codeBase="C:\Users\11234\Desktop\ClearVision\Acme.Product\tests\Acme.Product.Tests\bin\Debug\net8.0\Acme.Product.Tests.dll" adapterTypeName="executor://xunit/VsTestRunner2/netcoreapp" className="Acme.Product.Tests.Operators.EdgeDetectionOperatorTests" name="ExecuteAsync_WithAutoThreshold_ShouldExposeThresholdsUsed" />
    </UnitTest>
    <UnitTest name="Acme.Product.Tests.Operators.SubpixelEdgeDetectionOperatorTests.ExecuteAsync_WithGradientInterp_ShouldReturnEdges" storage="c:\users\11234\desktop\clearvision\acme.product\tests\acme.product.tests\bin\debug\net8.0\acme.product.tests.dll" id="fcf5c121-e4c4-c8d3-ed17-2f9ccb9f02c3">
      <Execution id="78b4fa34-2d21-43eb-84d0-28f4ccb9af9e" />
      <TestMethod codeBase="C:\Users\11234\Desktop\ClearVision\Acme.Product\tests\Acme.Product.Tests\bin\Debug\net8.0\Acme.Product.Tests.dll" adapterTypeName="executor://xunit/VsTestRunner2/netcoreapp" className="Acme.Product.Tests.Operators.SubpixelEdgeDetectionOperatorTests" name="ExecuteAsync_WithGradientInterp_ShouldReturnEdges" />
    </UnitTest>
    <UnitTest name="Acme.Product.Tests.Operators.ShadingCorrectionOperatorTests.ValidateParameters_WithInvalidMethod_ShouldReturnInvalid" storage="c:\users\11234\desktop\clearvision\acme.product\tests\acme.product.tests\bin\debug\net8.0\acme.product.tests.dll" id="5f4371ea-0eea-97ab-4773-8d8f931b722b">
      <Execution id="098d8889-a30e-4f3d-9824-6f8340890436" />
      <TestMethod codeBase="C:\Users\11234\Desktop\ClearVision\Acme.Product\tests\Acme.Product.Tests\bin\Debug\net8.0\Acme.Product.Tests.dll" adapterTypeName="executor://xunit/VsTestRunner2/netcoreapp" className="Acme.Product.Tests.Operators.ShadingCorrectionOperatorTests" name="ValidateParameters_WithInvalidMethod_ShouldReturnInvalid" />
    </UnitTest>
    <UnitTest name="Acme.Product.Tests.Operators.ShadingCorrectionOperatorTests.OperatorType_ShouldBeShadingCorrection" storage="c:\users\11234\desktop\clearvision\acme.product\tests\acme.product.tests\bin\debug\net8.0\acme.product.tests.dll" id="f12e4a42-a7a7-1db8-a0a2-9503f027924b">
      <Execution id="d2fb734e-35e9-4ba5-b555-2b9ef0d19ff0" />
      <TestMethod codeBase="C:\Users\11234\Desktop\ClearVision\Acme.Product\tests\Acme.Product.Tests\bin\Debug\net8.0\Acme.Product.Tests.dll" adapterTypeName="executor://xunit/VsTestRunner2/netcoreapp" className="Acme.Product.Tests.Operators.ShadingCorrectionOperatorTests" name="OperatorType_ShouldBeShadingCorrection" />
    </UnitTest>
    <UnitTest name="Acme.Product.Tests.Operators.SubpixelEdgeDetectionOperatorTests.ExecuteAsync_WithNullInputs_ShouldReturnFailure" storage="c:\users\11234\desktop\clearvision\acme.product\tests\acme.product.tests\bin\debug\net8.0\acme.product.tests.dll" id="9db74f11-80a9-1106-91b5-3d07244f2ff0">
      <Execution id="ff60c6c2-24aa-40b9-8ee6-0650df2f75a0" />
      <TestMethod codeBase="C:\Users\11234\Desktop\ClearVision\Acme.Product\tests\Acme.Product.Tests\bin\Debug\net8.0\Acme.Product.Tests.dll" adapterTypeName="executor://xunit/VsTestRunner2/netcoreapp" className="Acme.Product.Tests.Operators.SubpixelEdgeDetectionOperatorTests" name="ExecuteAsync_WithNullInputs_ShouldReturnFailure" />
    </UnitTest>
    <UnitTest name="Acme.Product.Tests.Operators.EdgeIntersectionOperatorTests.ExecuteAsync_WithCrossLines_ShouldReturnIntersection" storage="c:\users\11234\desktop\clearvision\acme.product\tests\acme.product.tests\bin\debug\net8.0\acme.product.tests.dll" id="6d320f0e-3d58-50b3-4bb1-810160656bb0">
      <Execution id="9d42415b-ce61-4a7b-b38b-087ce32fe0ab" />
      <TestMethod codeBase="C:\Users\11234\Desktop\ClearVision\Acme.Product\tests\Acme.Product.Tests\bin\Debug\net8.0\Acme.Product.Tests.dll" adapterTypeName="executor://xunit/VsTestRunner2/netcoreapp" className="Acme.Product.Tests.Operators.EdgeIntersectionOperatorTests" name="ExecuteAsync_WithCrossLines_ShouldReturnIntersection" />
    </UnitTest>
    <UnitTest name="Acme.Product.Tests.Operators.ParallelLineFindOperatorTests.OperatorType_ShouldBeParallelLineFind" storage="c:\users\11234\desktop\clearvision\acme.product\tests\acme.product.tests\bin\debug\net8.0\acme.product.tests.dll" id="0f2026ab-0979-80e6-2266-f9406bc538f0">
      <Execution id="ba9413b3-095f-4d51-8ee3-fd63bd83afc5" />
      <TestMethod codeBase="C:\Users\11234\Desktop\ClearVision\Acme.Product\tests\Acme.Product.Tests\bin\Debug\net8.0\Acme.Product.Tests.dll" adapterTypeName="executor://xunit/VsTestRunner2/netcoreapp" className="Acme.Product.Tests.Operators.ParallelLineFindOperatorTests" name="OperatorType_ShouldBeParallelLineFind" />
    </UnitTest>
  </TestDefinitions>
  <TestEntries>
    <TestEntry testId="f07e1f6a-0a1e-e342-0ead-65d66103a1f4" executionId="4d03ef5b-a651-49fa-89ed-3ffc0eb8fcb7" testListId="8c84fa94-04c1-424b-9868-57a2d4851a1d" />
    <TestEntry testId="4930eb4d-2f8f-1755-1193-a5d1286e0780" executionId="73c77c73-f5fa-4aa0-957d-272ab198776a" testListId="8c84fa94-04c1-424b-9868-57a2d4851a1d" />
    <TestEntry testId="f12e4a42-a7a7-1db8-a0a2-9503f027924b" executionId="d2fb734e-35e9-4ba5-b555-2b9ef0d19ff0" testListId="8c84fa94-04c1-424b-9868-57a2d4851a1d" />
    <TestEntry testId="100153ee-90e6-0cc4-346d-9752b9b2d94a" executionId="53de3a1b-baaa-46d4-b4eb-240c0c49c192" testListId="8c84fa94-04c1-424b-9868-57a2d4851a1d" />
    <TestEntry testId="6d320f0e-3d58-50b3-4bb1-810160656bb0" executionId="9d42415b-ce61-4a7b-b38b-087ce32fe0ab" testListId="8c84fa94-04c1-424b-9868-57a2d4851a1d" />
    <TestEntry testId="985cf6bc-6b92-24ba-73ea-037573730538" executionId="1f633be5-1c64-4bf4-8008-4f4a35d41f63" testListId="8c84fa94-04c1-424b-9868-57a2d4851a1d" />
    <TestEntry testId="668ae01a-192b-8500-b4d4-57e6c6845118" executionId="3e00bd2b-164c-4723-ae98-d0e2a72dbb52" testListId="8c84fa94-04c1-424b-9868-57a2d4851a1d" />
    <TestEntry testId="fcf5c121-e4c4-c8d3-ed17-2f9ccb9f02c3" executionId="78b4fa34-2d21-43eb-84d0-28f4ccb9af9e" testListId="8c84fa94-04c1-424b-9868-57a2d4851a1d" />
    <TestEntry testId="435e4a4b-a791-94ef-2db2-219be94b57fc" executionId="ecb202eb-a447-44d4-8b0a-7b7cbb22e811" testListId="8c84fa94-04c1-424b-9868-57a2d4851a1d" />
    <TestEntry testId="dd9778db-29b4-07a0-df4a-a0e0abe6f3c1" executionId="bfcece5e-aa3f-43f3-9298-6ab1a57b2ff4" testListId="8c84fa94-04c1-424b-9868-57a2d4851a1d" />
    <TestEntry testId="d512d634-fde2-ddcd-e81d-7c15f2ecc9dc" executionId="5b363a99-d1ea-4c20-92cb-d19f64ddc298" testListId="8c84fa94-04c1-424b-9868-57a2d4851a1d" />
    <TestEntry testId="5f4371ea-0eea-97ab-4773-8d8f931b722b" executionId="098d8889-a30e-4f3d-9824-6f8340890436" testListId="8c84fa94-04c1-424b-9868-57a2d4851a1d" />
    <TestEntry testId="be65a8a0-65b9-eb78-aef3-2d8cf264a01a" executionId="1bf61496-0b27-4344-8cf1-17ee478756fb" testListId="8c84fa94-04c1-424b-9868-57a2d4851a1d" />
    <TestEntry testId="9db74f11-80a9-1106-91b5-3d07244f2ff0" executionId="ff60c6c2-24aa-40b9-8ee6-0650df2f75a0" testListId="8c84fa94-04c1-424b-9868-57a2d4851a1d" />
    <TestEntry testId="0f2026ab-0979-80e6-2266-f9406bc538f0" executionId="ba9413b3-095f-4d51-8ee3-fd63bd83afc5" testListId="8c84fa94-04c1-424b-9868-57a2d4851a1d" />
    <TestEntry testId="782031b5-f46a-fa1a-1672-1513ab060b20" executionId="098f6926-274a-42a6-beb2-d4e1caa5305c" testListId="8c84fa94-04c1-424b-9868-57a2d4851a1d" />
    <TestEntry testId="9480b023-1d6f-d226-9bd8-47477074e97d" executionId="7da29d5c-e11f-40f4-b4e3-2eb3026b18de" testListId="8c84fa94-04c1-424b-9868-57a2d4851a1d" />
    <TestEntry testId="d5bc295a-3f7a-e2a5-e1b3-916ecc46ad37" executionId="651a80f9-790f-4eef-ac19-c44b620e2c4b" testListId="8c84fa94-04c1-424b-9868-57a2d4851a1d" />
  </TestEntries>
  <TestLists>
    <TestList name="列表中未列出的结果" id="8c84fa94-04c1-424b-9868-57a2d4851a1d" />
    <TestList name="所有已加载的结果" id="19431567-8539-422a-85d7-44ee4e166bda" />
  </TestLists>
  <ResultSummary outcome="Completed">
    <Counters total="18" executed="18" passed="18" failed="0" error="0" timeout="0" aborted="0" inconclusive="0" passedButRunAborted="0" notRunnable="0" notExecuted="0" disconnected="0" warning="0" completed="0" inProgress="0" pending="0" />
    <Output>
      <StdOut>[xUnit.net 00:00:00.00] xUnit.net VSTest Adapter v2.5.7+8f2703126a (64-bit .NET 8.0.17)&#xD;
[xUnit.net 00:00:00.06]   Discovering: Acme.Product.Tests&#xD;
[xUnit.net 00:00:00.16]   Discovered:  Acme.Product.Tests&#xD;
[xUnit.net 00:00:00.16]   Starting:    Acme.Product.Tests&#xD;
[xUnit.net 00:00:00.26]   Finished:    Acme.Product.Tests&#xD;
</StdOut>
    </Output>
  </ResultSummary>
</TestRun>